TpTrace Verbose: 0 : 59988, 1, 2022/09/12, 09:45:55.212, 27149935948076, vstest.console.dll, Version: 17.2.0-release-20220408-11 Current process architecture: X64
TpTrace Information: 0 : 59988, 1, 2022/09/12, 09:45:55.217, 27149936000330, vstest.console.dll, FilePatternParser: The given file C:\Users\shish\source\repos\Kloudscript.Quiz\Tests\Kloudscript.Quiz.Url.Shortening.Test\bin\Debug\netcoreapp3.1\fine-code-coverage\build-output\Kloudscript.Quiz.Url.Shortening.Test.dll is a full path.
TpTrace Verbose: 0 : 59988, 1, 2022/09/12, 09:45:55.221, 27149936035726, vstest.console.dll, TestPluginCache.DiscoverTestExtensions: finding test extensions in assemblies ends with: RuntimeProvider.dll TPluginInfo: Microsoft.VisualStudio.TestPlatform.Common.ExtensionFramework.Utilities.TestRuntimePluginInformation TExtension: Microsoft.VisualStudio.TestPlatform.ObjectModel.Host.ITestRuntimeProvider
TpTrace Verbose: 0 : 59988, 1, 2022/09/12, 09:45:55.222, 27149936042538, vstest.console.dll, TestPluginCache.GetExtensionPaths: Filtered extension paths: 
TpTrace Verbose: 0 : 59988, 1, 2022/09/12, 09:45:55.222, 27149936043492, vstest.console.dll, TestPluginCache.GetExtensionPaths: Added default extension paths: C:\Program Files\dotnet\sdk\6.0.301\Extensions\DumpMinitool.exe
C:\Program Files\dotnet\sdk\6.0.301\Extensions\DumpMinitool.x86.exe
C:\Program Files\dotnet\sdk\6.0.301\Extensions\Microsoft.Diagnostics.NETCore.Client.dll
C:\Program Files\dotnet\sdk\6.0.301\Extensions\Microsoft.TestPlatform.Extensions.BlameDataCollector.dll
C:\Program Files\dotnet\sdk\6.0.301\Extensions\Microsoft.TestPlatform.Extensions.EventLogCollector.dll
C:\Program Files\dotnet\sdk\6.0.301\Extensions\Microsoft.TestPlatform.TestHostRuntimeProvider.dll
C:\Program Files\dotnet\sdk\6.0.301\Extensions\Microsoft.VisualStudio.TestPlatform.Extensions.Html.TestLogger.dll
C:\Program Files\dotnet\sdk\6.0.301\Extensions\Microsoft.VisualStudio.TestPlatform.Extensions.Trx.TestLogger.dll
TpTrace Verbose: 0 : 59988, 1, 2022/09/12, 09:45:55.222, 27149936044041, vstest.console.dll, TestPluginCache.GetExtensionPaths: Added unfilterableExtensionPaths: 
TpTrace Information: 0 : 59988, 1, 2022/09/12, 09:45:55.222, 27149936050211, vstest.console.dll, AssemblyResolver.ctor: Creating AssemblyResolver with searchDirectories C:\Program Files\dotnet\sdk\6.0.301\Extensions,C:\Program Files\dotnet\sdk\6.0.301
TpTrace Verbose: 0 : 59988, 1, 2022/09/12, 09:45:55.223, 27149936057095, vstest.console.dll, TestPluginCache.DiscoverTestExtensions: Discovering the extensions using extension path.
TpTrace Verbose: 0 : 59988, 1, 2022/09/12, 09:45:55.223, 27149936057954, vstest.console.dll, TestPluginCache.GetExtensionPaths: Filtered extension paths: 
TpTrace Verbose: 0 : 59988, 1, 2022/09/12, 09:45:55.223, 27149936058309, vstest.console.dll, TestPluginCache.GetExtensionPaths: Added default extension paths: C:\Program Files\dotnet\sdk\6.0.301\Extensions\DumpMinitool.exe
C:\Program Files\dotnet\sdk\6.0.301\Extensions\DumpMinitool.x86.exe
C:\Program Files\dotnet\sdk\6.0.301\Extensions\Microsoft.Diagnostics.NETCore.Client.dll
C:\Program Files\dotnet\sdk\6.0.301\Extensions\Microsoft.TestPlatform.Extensions.BlameDataCollector.dll
C:\Program Files\dotnet\sdk\6.0.301\Extensions\Microsoft.TestPlatform.Extensions.EventLogCollector.dll
C:\Program Files\dotnet\sdk\6.0.301\Extensions\Microsoft.TestPlatform.TestHostRuntimeProvider.dll
C:\Program Files\dotnet\sdk\6.0.301\Extensions\Microsoft.VisualStudio.TestPlatform.Extensions.Html.TestLogger.dll
C:\Program Files\dotnet\sdk\6.0.301\Extensions\Microsoft.VisualStudio.TestPlatform.Extensions.Trx.TestLogger.dll
TpTrace Verbose: 0 : 59988, 1, 2022/09/12, 09:45:55.223, 27149936058571, vstest.console.dll, TestPluginCache.GetExtensionPaths: Added unfilterableExtensionPaths: 
TpTrace Verbose: 0 : 59988, 1, 2022/09/12, 09:45:55.223, 27149936059052, vstest.console.dll, TestPluginCache.DiscoverTestExtensions: Discovering the extensions using allExtensionPaths: C:\Program Files\dotnet\sdk\6.0.301\Extensions\DumpMinitool.exe
C:\Program Files\dotnet\sdk\6.0.301\Extensions\DumpMinitool.x86.exe
C:\Program Files\dotnet\sdk\6.0.301\Extensions\Microsoft.Diagnostics.NETCore.Client.dll
C:\Program Files\dotnet\sdk\6.0.301\Extensions\Microsoft.TestPlatform.Extensions.BlameDataCollector.dll
C:\Program Files\dotnet\sdk\6.0.301\Extensions\Microsoft.TestPlatform.Extensions.EventLogCollector.dll
C:\Program Files\dotnet\sdk\6.0.301\Extensions\Microsoft.TestPlatform.TestHostRuntimeProvider.dll
C:\Program Files\dotnet\sdk\6.0.301\Extensions\Microsoft.VisualStudio.TestPlatform.Extensions.Html.TestLogger.dll
C:\Program Files\dotnet\sdk\6.0.301\Extensions\Microsoft.VisualStudio.TestPlatform.Extensions.Trx.TestLogger.dll
TpTrace Information: 0 : 59988, 1, 2022/09/12, 09:45:55.223, 27149936060177, vstest.console.dll, AssemblyResolver.AddSearchDirectories: Adding more searchDirectories C:\Program Files\dotnet\sdk\6.0.301\Extensions,C:\Program Files\dotnet\sdk\6.0.301
TpTrace Information: 0 : 59988, 1, 2022/09/12, 09:45:55.223, 27149936060611, vstest.console.dll, AssemblyResolver.AddSearchDirectories: Adding more searchDirectories C:\Program Files\dotnet\sdk\6.0.301\Extensions,C:\Program Files\dotnet\sdk\6.0.301
TpTrace Information: 0 : 59988, 1, 2022/09/12, 09:45:55.223, 27149936060887, vstest.console.dll, AssemblyResolver.AddSearchDirectories: Adding more searchDirectories C:\Program Files\dotnet\sdk\6.0.301\Extensions,C:\Program Files\dotnet\sdk\6.0.301
TpTrace Information: 0 : 59988, 1, 2022/09/12, 09:45:55.223, 27149936061127, vstest.console.dll, AssemblyResolver.AddSearchDirectories: Adding more searchDirectories C:\Program Files\dotnet\sdk\6.0.301\Extensions,C:\Program Files\dotnet\sdk\6.0.301
TpTrace Information: 0 : 59988, 1, 2022/09/12, 09:45:55.224, 27149936061410, vstest.console.dll, AssemblyResolver.AddSearchDirectories: Adding more searchDirectories C:\Program Files\dotnet\sdk\6.0.301\Extensions,C:\Program Files\dotnet\sdk\6.0.301
TpTrace Information: 0 : 59988, 1, 2022/09/12, 09:45:55.224, 27149936061674, vstest.console.dll, AssemblyResolver.AddSearchDirectories: Adding more searchDirectories C:\Program Files\dotnet\sdk\6.0.301\Extensions,C:\Program Files\dotnet\sdk\6.0.301
TpTrace Information: 0 : 59988, 1, 2022/09/12, 09:45:55.224, 27149936061906, vstest.console.dll, AssemblyResolver.AddSearchDirectories: Adding more searchDirectories C:\Program Files\dotnet\sdk\6.0.301\Extensions,C:\Program Files\dotnet\sdk\6.0.301
TpTrace Information: 0 : 59988, 1, 2022/09/12, 09:45:55.224, 27149936062138, vstest.console.dll, AssemblyResolver.AddSearchDirectories: Adding more searchDirectories C:\Program Files\dotnet\sdk\6.0.301\Extensions,C:\Program Files\dotnet\sdk\6.0.301
TpTrace Information: 0 : 59988, 1, 2022/09/12, 09:45:55.224, 27149936064476, vstest.console.dll, AssemblyResolver.OnResolve: DumpMinitool: Resolving assembly.
TpTrace Information: 0 : 59988, 1, 2022/09/12, 09:45:55.224, 27149936064960, vstest.console.dll, AssemblyResolver.OnResolve: DumpMinitool: Searching in: 'C:\Program Files\dotnet\sdk\6.0.301\Extensions'.
TpTrace Information: 0 : 59988, 1, 2022/09/12, 09:45:55.224, 27149936065653, vstest.console.dll, AssemblyResolver.OnResolve: DumpMinitool: Assembly path does not exist: 'C:\Program Files\dotnet\sdk\6.0.301\Extensions\DumpMinitool.dll', returning.
TpTrace Information: 0 : 59988, 1, 2022/09/12, 09:45:55.224, 27149936067999, vstest.console.dll, AssemblyResolver.OnResolve: DumpMinitool: Loading assembly 'C:\Program Files\dotnet\sdk\6.0.301\Extensions\DumpMinitool.exe'.
TpTrace Information: 0 : 59988, 1, 2022/09/12, 09:45:55.225, 27149936071404, vstest.console.dll, AssemblyResolver.OnResolve: Resolved assembly: DumpMinitool, from path: C:\Program Files\dotnet\sdk\6.0.301\Extensions\DumpMinitool.exe
TpTrace Verbose: 0 : 59988, 1, 2022/09/12, 09:45:55.228, 27149936103850, vstest.console.dll, MetadataReaderExtensionsHelper: Discovering extensions inside assembly 'DumpMinitool, Version=15.0.0.0, Culture=neutral, PublicKeyToken=b03f5f7f11d50a3a' file path 'C:\Program Files\dotnet\sdk\6.0.301\Extensions\DumpMinitool.exe'
TpTrace Information: 0 : 59988, 1, 2022/09/12, 09:45:55.232, 27149936147018, vstest.console.dll, AssemblyResolver.OnResolve: DumpMinitool.x86: Resolving assembly.
TpTrace Information: 0 : 59988, 1, 2022/09/12, 09:45:55.232, 27149936147734, vstest.console.dll, AssemblyResolver.OnResolve: DumpMinitool.x86: Searching in: 'C:\Program Files\dotnet\sdk\6.0.301\Extensions'.
TpTrace Information: 0 : 59988, 1, 2022/09/12, 09:45:55.232, 27149936148297, vstest.console.dll, AssemblyResolver.OnResolve: DumpMinitool.x86: Assembly path does not exist: 'C:\Program Files\dotnet\sdk\6.0.301\Extensions\DumpMinitool.x86.dll', returning.
TpTrace Information: 0 : 59988, 1, 2022/09/12, 09:45:55.232, 27149936149849, vstest.console.dll, AssemblyResolver.OnResolve: DumpMinitool.x86: Loading assembly 'C:\Program Files\dotnet\sdk\6.0.301\Extensions\DumpMinitool.x86.exe'.
TpTrace Information: 0 : 59988, 1, 2022/09/12, 09:45:55.233, 27149936152591, vstest.console.dll, AssemblyResolver.OnResolve: Resolved assembly: DumpMinitool.x86, from path: C:\Program Files\dotnet\sdk\6.0.301\Extensions\DumpMinitool.x86.exe
TpTrace Verbose: 0 : 59988, 1, 2022/09/12, 09:45:55.233, 27149936153089, vstest.console.dll, MetadataReaderExtensionsHelper: Discovering extensions inside assembly 'DumpMinitool.x86, Version=15.0.0.0, Culture=neutral, PublicKeyToken=b03f5f7f11d50a3a' file path 'C:\Program Files\dotnet\sdk\6.0.301\Extensions\DumpMinitool.x86.exe'
TpTrace Information: 0 : 59988, 1, 2022/09/12, 09:45:55.233, 27149936156143, vstest.console.dll, AssemblyResolver.OnResolve: Microsoft.Diagnostics.NETCore.Client: Resolving assembly.
TpTrace Information: 0 : 59988, 1, 2022/09/12, 09:45:55.233, 27149936156574, vstest.console.dll, AssemblyResolver.OnResolve: Microsoft.Diagnostics.NETCore.Client: Searching in: 'C:\Program Files\dotnet\sdk\6.0.301\Extensions'.
TpTrace Information: 0 : 59988, 1, 2022/09/12, 09:45:55.233, 27149936158104, vstest.console.dll, AssemblyResolver.OnResolve: Microsoft.Diagnostics.NETCore.Client: Loading assembly 'C:\Program Files\dotnet\sdk\6.0.301\Extensions\Microsoft.Diagnostics.NETCore.Client.dll'.
TpTrace Information: 0 : 59988, 1, 2022/09/12, 09:45:55.233, 27149936161126, vstest.console.dll, AssemblyResolver.OnResolve: Resolved assembly: Microsoft.Diagnostics.NETCore.Client, from path: C:\Program Files\dotnet\sdk\6.0.301\Extensions\Microsoft.Diagnostics.NETCore.Client.dll
TpTrace Verbose: 0 : 59988, 1, 2022/09/12, 09:45:55.234, 27149936161604, vstest.console.dll, MetadataReaderExtensionsHelper: Discovering extensions inside assembly 'Microsoft.Diagnostics.NETCore.Client, Version=0.2.5.801, Culture=neutral, PublicKeyToken=31bf3856ad364e35' file path 'C:\Program Files\dotnet\sdk\6.0.301\Extensions\Microsoft.Diagnostics.NETCore.Client.dll'
TpTrace Information: 0 : 59988, 1, 2022/09/12, 09:45:55.237, 27149936199980, vstest.console.dll, AssemblyResolver.OnResolve: Microsoft.Bcl.AsyncInterfaces: Resolving assembly.
TpTrace Information: 0 : 59988, 1, 2022/09/12, 09:45:55.237, 27149936200455, vstest.console.dll, AssemblyResolver.OnResolve: Microsoft.Bcl.AsyncInterfaces: Searching in: 'C:\Program Files\dotnet\sdk\6.0.301\Extensions'.
TpTrace Information: 0 : 59988, 1, 2022/09/12, 09:45:55.237, 27149936201028, vstest.console.dll, AssemblyResolver.OnResolve: Microsoft.Bcl.AsyncInterfaces: Assembly path does not exist: 'C:\Program Files\dotnet\sdk\6.0.301\Extensions\Microsoft.Bcl.AsyncInterfaces.dll', returning.
TpTrace Information: 0 : 59988, 1, 2022/09/12, 09:45:55.238, 27149936201515, vstest.console.dll, AssemblyResolver.OnResolve: Microsoft.Bcl.AsyncInterfaces: Assembly path does not exist: 'C:\Program Files\dotnet\sdk\6.0.301\Extensions\Microsoft.Bcl.AsyncInterfaces.exe', returning.
TpTrace Information: 0 : 59988, 1, 2022/09/12, 09:45:55.238, 27149936201771, vstest.console.dll, AssemblyResolver.OnResolve: Microsoft.Bcl.AsyncInterfaces: Searching in: 'C:\Program Files\dotnet\sdk\6.0.301'.
TpTrace Information: 0 : 59988, 1, 2022/09/12, 09:45:55.238, 27149936202189, vstest.console.dll, AssemblyResolver.OnResolve: Microsoft.Bcl.AsyncInterfaces: Assembly path does not exist: 'C:\Program Files\dotnet\sdk\6.0.301\Microsoft.Bcl.AsyncInterfaces.dll', returning.
TpTrace Information: 0 : 59988, 1, 2022/09/12, 09:45:55.238, 27149936202693, vstest.console.dll, AssemblyResolver.OnResolve: Microsoft.Bcl.AsyncInterfaces: Assembly path does not exist: 'C:\Program Files\dotnet\sdk\6.0.301\Microsoft.Bcl.AsyncInterfaces.exe', returning.
TpTrace Information: 0 : 59988, 1, 2022/09/12, 09:45:55.238, 27149936202958, vstest.console.dll, AssemblyResolver.OnResolve: Microsoft.Bcl.AsyncInterfaces: Failed to load assembly.
TpTrace Verbose: 0 : 59988, 1, 2022/09/12, 09:45:55.238, 27149936203255, vstest.console.dll, CurrentDomainAssemblyResolve: Resolving assembly 'Microsoft.Bcl.AsyncInterfaces'.
TpTrace Information: 0 : 59988, 1, 2022/09/12, 09:45:55.238, 27149936203656, vstest.console.dll, AssemblyResolver.OnResolve: Microsoft.Bcl.AsyncInterfaces: Resolving assembly.
TpTrace Information: 0 : 59988, 1, 2022/09/12, 09:45:55.238, 27149936203952, vstest.console.dll, AssemblyResolver.OnResolve: Microsoft.Bcl.AsyncInterfaces: Resolved from cache.
TpTrace Verbose: 0 : 59988, 1, 2022/09/12, 09:45:55.238, 27149936204232, vstest.console.dll, CurrentDomainAssemblyResolve: Resolving assembly 'Microsoft.Bcl.AsyncInterfaces'.
TpTrace Verbose: 0 : 59988, 1, 2022/09/12, 09:45:55.238, 27149936204518, vstest.console.dll, CurrentDomainAssemblyResolve: Failed to resolve assembly 'Microsoft.Bcl.AsyncInterfaces'.
TpTrace Verbose: 0 : 59988, 1, 2022/09/12, 09:45:55.238, 27149936207398, vstest.console.dll, CurrentDomainAssemblyResolve: Failed to resolve assembly 'Microsoft.Bcl.AsyncInterfaces'.
TpTrace Warning: 0 : 59988, 1, 2022/09/12, 09:45:55.245, 27149936272795, vstest.console.dll, TestPluginDiscoverer: Failed to get types from assembly 'Microsoft.Diagnostics.NETCore.Client, Version=0.2.5.801, Culture=neutral, PublicKeyToken=31bf3856ad364e35'. Error: System.Reflection.ReflectionTypeLoadException: Unable to load one or more of the requested types.
Could not load file or assembly 'Microsoft.Bcl.AsyncInterfaces, Version=1.0.0.0, Culture=neutral, PublicKeyToken=cc7b13ffcd2ddd51'. The system cannot find the file specified.
   at System.Reflection.RuntimeModule.GetTypes(RuntimeModule module)
   at System.Reflection.Assembly.GetTypes()
   at Microsoft.VisualStudio.TestPlatform.Common.ExtensionFramework.TestPluginDiscoverer.GetTestExtensionsFromAssembly[TPluginInfo,TExtension](Assembly assembly, Dictionary`2 pluginInfos, String filePath)
System.IO.FileNotFoundException: Could not load file or assembly 'Microsoft.Bcl.AsyncInterfaces, Version=1.0.0.0, Culture=neutral, PublicKeyToken=cc7b13ffcd2ddd51'. The system cannot find the file specified.
File name: 'Microsoft.Bcl.AsyncInterfaces, Version=1.0.0.0, Culture=neutral, PublicKeyToken=cc7b13ffcd2ddd51'
 ---> System.IO.FileNotFoundException: Could not load file or assembly 'Microsoft.Bcl.AsyncInterfaces, Culture=neutral, PublicKeyToken=null'. The system cannot find the file specified.
File name: 'Microsoft.Bcl.AsyncInterfaces, Culture=neutral, PublicKeyToken=null'
   at System.Reflection.RuntimeAssembly.InternalLoad(ObjectHandleOnStack assemblyName, ObjectHandleOnStack requestingAssembly, StackCrawlMarkHandle stackMark, Boolean throwOnFileNotFound, ObjectHandleOnStack assemblyLoadContext, ObjectHandleOnStack retAssembly)
   at System.Reflection.RuntimeAssembly.InternalLoad(AssemblyName assemblyName, RuntimeAssembly requestingAssembly, StackCrawlMark& stackMark, Boolean throwOnFileNotFound, AssemblyLoadContext assemblyLoadContext)
   at System.Reflection.Assembly.Load(AssemblyName assemblyRef)
   at Microsoft.VisualStudio.TestPlatform.Common.ExtensionFramework.TestPluginCache.CurrentDomainAssemblyResolve(Object sender, AssemblyResolveEventArgs args)
   at Microsoft.VisualStudio.TestPlatform.PlatformAbstractions.PlatformAssemblyResolver.AssemblyResolverEvent(Object sender, Object eventArgs)
   at System.Runtime.Loader.AssemblyLoadContext.GetFirstResolvedAssemblyFromResolvingEvent(AssemblyName assemblyName)
   at System.Runtime.Loader.AssemblyLoadContext.ResolveUsingEvent(AssemblyName assemblyName)
   at System.Runtime.Loader.AssemblyLoadContext.ResolveUsingResolvingEvent(IntPtr gchManagedAssemblyLoadContext, AssemblyName assemblyName)
TpTrace Warning: 0 : 59988, 1, 2022/09/12, 09:45:55.245, 27149936274638, vstest.console.dll, LoaderExceptions: System.IO.FileNotFoundException: Could not load file or assembly 'Microsoft.Bcl.AsyncInterfaces, Version=1.0.0.0, Culture=neutral, PublicKeyToken=cc7b13ffcd2ddd51'. The system cannot find the file specified.
File name: 'Microsoft.Bcl.AsyncInterfaces, Version=1.0.0.0, Culture=neutral, PublicKeyToken=cc7b13ffcd2ddd51'
 ---> System.IO.FileNotFoundException: Could not load file or assembly 'Microsoft.Bcl.AsyncInterfaces, Culture=neutral, PublicKeyToken=null'. The system cannot find the file specified.
File name: 'Microsoft.Bcl.AsyncInterfaces, Culture=neutral, PublicKeyToken=null'
   at System.Reflection.RuntimeAssembly.InternalLoad(ObjectHandleOnStack assemblyName, ObjectHandleOnStack requestingAssembly, StackCrawlMarkHandle stackMark, Boolean throwOnFileNotFound, ObjectHandleOnStack assemblyLoadContext, ObjectHandleOnStack retAssembly)
   at System.Reflection.RuntimeAssembly.InternalLoad(AssemblyName assemblyName, RuntimeAssembly requestingAssembly, StackCrawlMark& stackMark, Boolean throwOnFileNotFound, AssemblyLoadContext assemblyLoadContext)
   at System.Reflection.Assembly.Load(AssemblyName assemblyRef)
   at Microsoft.VisualStudio.TestPlatform.Common.ExtensionFramework.TestPluginCache.CurrentDomainAssemblyResolve(Object sender, AssemblyResolveEventArgs args)
   at Microsoft.VisualStudio.TestPlatform.PlatformAbstractions.PlatformAssemblyResolver.AssemblyResolverEvent(Object sender, Object eventArgs)
   at System.Runtime.Loader.AssemblyLoadContext.GetFirstResolvedAssemblyFromResolvingEvent(AssemblyName assemblyName)
   at System.Runtime.Loader.AssemblyLoadContext.ResolveUsingEvent(AssemblyName assemblyName)
   at System.Runtime.Loader.AssemblyLoadContext.ResolveUsingResolvingEvent(IntPtr gchManagedAssemblyLoadContext, AssemblyName assemblyName)
TpTrace Information: 0 : 59988, 1, 2022/09/12, 09:45:55.245, 27149936275436, vstest.console.dll, AssemblyResolver.OnResolve: Microsoft.TestPlatform.Extensions.BlameDataCollector: Resolving assembly.
TpTrace Information: 0 : 59988, 1, 2022/09/12, 09:45:55.245, 27149936275757, vstest.console.dll, AssemblyResolver.OnResolve: Microsoft.TestPlatform.Extensions.BlameDataCollector: Searching in: 'C:\Program Files\dotnet\sdk\6.0.301\Extensions'.
TpTrace Information: 0 : 59988, 1, 2022/09/12, 09:45:55.245, 27149936277347, vstest.console.dll, AssemblyResolver.OnResolve: Microsoft.TestPlatform.Extensions.BlameDataCollector: Loading assembly 'C:\Program Files\dotnet\sdk\6.0.301\Extensions\Microsoft.TestPlatform.Extensions.BlameDataCollector.dll'.
TpTrace Information: 0 : 59988, 1, 2022/09/12, 09:45:55.245, 27149936280500, vstest.console.dll, AssemblyResolver.OnResolve: Resolved assembly: Microsoft.TestPlatform.Extensions.BlameDataCollector, from path: C:\Program Files\dotnet\sdk\6.0.301\Extensions\Microsoft.TestPlatform.Extensions.BlameDataCollector.dll
TpTrace Verbose: 0 : 59988, 1, 2022/09/12, 09:45:55.245, 27149936280981, vstest.console.dll, MetadataReaderExtensionsHelper: Discovering extensions inside assembly 'Microsoft.TestPlatform.Extensions.BlameDataCollector, Version=15.0.0.0, Culture=neutral, PublicKeyToken=b03f5f7f11d50a3a' file path 'C:\Program Files\dotnet\sdk\6.0.301\Extensions\Microsoft.TestPlatform.Extensions.BlameDataCollector.dll'
TpTrace Information: 0 : 59988, 1, 2022/09/12, 09:45:55.246, 27149936287516, vstest.console.dll, AssemblyResolver.OnResolve: Microsoft.TestPlatform.Extensions.EventLogCollector: Resolving assembly.
TpTrace Information: 0 : 59988, 1, 2022/09/12, 09:45:55.246, 27149936287935, vstest.console.dll, AssemblyResolver.OnResolve: Microsoft.TestPlatform.Extensions.EventLogCollector: Searching in: 'C:\Program Files\dotnet\sdk\6.0.301\Extensions'.
TpTrace Information: 0 : 59988, 1, 2022/09/12, 09:45:55.246, 27149936289477, vstest.console.dll, AssemblyResolver.OnResolve: Microsoft.TestPlatform.Extensions.EventLogCollector: Loading assembly 'C:\Program Files\dotnet\sdk\6.0.301\Extensions\Microsoft.TestPlatform.Extensions.EventLogCollector.dll'.
TpTrace Information: 0 : 59988, 1, 2022/09/12, 09:45:55.247, 27149936292211, vstest.console.dll, AssemblyResolver.OnResolve: Resolved assembly: Microsoft.TestPlatform.Extensions.EventLogCollector, from path: C:\Program Files\dotnet\sdk\6.0.301\Extensions\Microsoft.TestPlatform.Extensions.EventLogCollector.dll
TpTrace Verbose: 0 : 59988, 1, 2022/09/12, 09:45:55.247, 27149936292694, vstest.console.dll, MetadataReaderExtensionsHelper: Discovering extensions inside assembly 'Microsoft.TestPlatform.Extensions.EventLogCollector, Version=15.0.0.0, Culture=neutral, PublicKeyToken=b03f5f7f11d50a3a' file path 'C:\Program Files\dotnet\sdk\6.0.301\Extensions\Microsoft.TestPlatform.Extensions.EventLogCollector.dll'
TpTrace Information: 0 : 59988, 1, 2022/09/12, 09:45:55.247, 27149936299134, vstest.console.dll, AssemblyResolver.OnResolve: Microsoft.TestPlatform.TestHostRuntimeProvider: Resolving assembly.
TpTrace Information: 0 : 59988, 1, 2022/09/12, 09:45:55.247, 27149936299548, vstest.console.dll, AssemblyResolver.OnResolve: Microsoft.TestPlatform.TestHostRuntimeProvider: Searching in: 'C:\Program Files\dotnet\sdk\6.0.301\Extensions'.
TpTrace Information: 0 : 59988, 1, 2022/09/12, 09:45:55.247, 27149936301067, vstest.console.dll, AssemblyResolver.OnResolve: Microsoft.TestPlatform.TestHostRuntimeProvider: Loading assembly 'C:\Program Files\dotnet\sdk\6.0.301\Extensions\Microsoft.TestPlatform.TestHostRuntimeProvider.dll'.
TpTrace Information: 0 : 59988, 1, 2022/09/12, 09:45:55.248, 27149936304124, vstest.console.dll, AssemblyResolver.OnResolve: Resolved assembly: Microsoft.TestPlatform.TestHostRuntimeProvider, from path: C:\Program Files\dotnet\sdk\6.0.301\Extensions\Microsoft.TestPlatform.TestHostRuntimeProvider.dll
TpTrace Verbose: 0 : 59988, 1, 2022/09/12, 09:45:55.248, 27149936304601, vstest.console.dll, MetadataReaderExtensionsHelper: Discovering extensions inside assembly 'Microsoft.TestPlatform.TestHostRuntimeProvider, Version=15.0.0.0, Culture=neutral, PublicKeyToken=b03f5f7f11d50a3a' file path 'C:\Program Files\dotnet\sdk\6.0.301\Extensions\Microsoft.TestPlatform.TestHostRuntimeProvider.dll'
TpTrace Information: 0 : 59988, 1, 2022/09/12, 09:45:55.249, 27149936315071, vstest.console.dll, GetTestExtensionFromType: Register extension with identifier data 'HostProvider://DefaultTestHost' and type 'Microsoft.VisualStudio.TestPlatform.CrossPlatEngine.Hosting.DefaultTestHostManager, Microsoft.TestPlatform.TestHostRuntimeProvider, Version=15.0.0.0, Culture=neutral, PublicKeyToken=b03f5f7f11d50a3a' inside file 'C:\Program Files\dotnet\sdk\6.0.301\Extensions\Microsoft.TestPlatform.TestHostRuntimeProvider.dll'
TpTrace Information: 0 : 59988, 1, 2022/09/12, 09:45:55.249, 27149936315650, vstest.console.dll, GetTestExtensionFromType: Register extension with identifier data 'HostProvider://DotnetTestHost' and type 'Microsoft.VisualStudio.TestPlatform.CrossPlatEngine.Hosting.DotnetTestHostManager, Microsoft.TestPlatform.TestHostRuntimeProvider, Version=15.0.0.0, Culture=neutral, PublicKeyToken=b03f5f7f11d50a3a' inside file 'C:\Program Files\dotnet\sdk\6.0.301\Extensions\Microsoft.TestPlatform.TestHostRuntimeProvider.dll'
TpTrace Information: 0 : 59988, 1, 2022/09/12, 09:45:55.249, 27149936316205, vstest.console.dll, AssemblyResolver.OnResolve: Microsoft.VisualStudio.TestPlatform.Extensions.Html.TestLogger: Resolving assembly.
TpTrace Information: 0 : 59988, 1, 2022/09/12, 09:45:55.249, 27149936316506, vstest.console.dll, AssemblyResolver.OnResolve: Microsoft.VisualStudio.TestPlatform.Extensions.Html.TestLogger: Searching in: 'C:\Program Files\dotnet\sdk\6.0.301\Extensions'.
TpTrace Information: 0 : 59988, 1, 2022/09/12, 09:45:55.249, 27149936317961, vstest.console.dll, AssemblyResolver.OnResolve: Microsoft.VisualStudio.TestPlatform.Extensions.Html.TestLogger: Loading assembly 'C:\Program Files\dotnet\sdk\6.0.301\Extensions\Microsoft.VisualStudio.TestPlatform.Extensions.Html.TestLogger.dll'.
TpTrace Information: 0 : 59988, 1, 2022/09/12, 09:45:55.249, 27149936321074, vstest.console.dll, AssemblyResolver.OnResolve: Resolved assembly: Microsoft.VisualStudio.TestPlatform.Extensions.Html.TestLogger, from path: C:\Program Files\dotnet\sdk\6.0.301\Extensions\Microsoft.VisualStudio.TestPlatform.Extensions.Html.TestLogger.dll
TpTrace Verbose: 0 : 59988, 1, 2022/09/12, 09:45:55.250, 27149936321578, vstest.console.dll, MetadataReaderExtensionsHelper: Discovering extensions inside assembly 'Microsoft.VisualStudio.TestPlatform.Extensions.Html.TestLogger, Version=15.0.0.0, Culture=neutral, PublicKeyToken=b03f5f7f11d50a3a' file path 'C:\Program Files\dotnet\sdk\6.0.301\Extensions\Microsoft.VisualStudio.TestPlatform.Extensions.Html.TestLogger.dll'
TpTrace Information: 0 : 59988, 1, 2022/09/12, 09:45:55.250, 27149936324668, vstest.console.dll, AssemblyResolver.OnResolve: Microsoft.VisualStudio.TestPlatform.Extensions.Trx.TestLogger: Resolving assembly.
TpTrace Information: 0 : 59988, 1, 2022/09/12, 09:45:55.250, 27149936325116, vstest.console.dll, AssemblyResolver.OnResolve: Microsoft.VisualStudio.TestPlatform.Extensions.Trx.TestLogger: Searching in: 'C:\Program Files\dotnet\sdk\6.0.301\Extensions'.
TpTrace Information: 0 : 59988, 1, 2022/09/12, 09:45:55.250, 27149936326638, vstest.console.dll, AssemblyResolver.OnResolve: Microsoft.VisualStudio.TestPlatform.Extensions.Trx.TestLogger: Loading assembly 'C:\Program Files\dotnet\sdk\6.0.301\Extensions\Microsoft.VisualStudio.TestPlatform.Extensions.Trx.TestLogger.dll'.
TpTrace Information: 0 : 59988, 1, 2022/09/12, 09:45:55.250, 27149936329605, vstest.console.dll, AssemblyResolver.OnResolve: Resolved assembly: Microsoft.VisualStudio.TestPlatform.Extensions.Trx.TestLogger, from path: C:\Program Files\dotnet\sdk\6.0.301\Extensions\Microsoft.VisualStudio.TestPlatform.Extensions.Trx.TestLogger.dll
TpTrace Verbose: 0 : 59988, 1, 2022/09/12, 09:45:55.250, 27149936330095, vstest.console.dll, MetadataReaderExtensionsHelper: Discovering extensions inside assembly 'Microsoft.VisualStudio.TestPlatform.Extensions.Trx.TestLogger, Version=15.0.0.0, Culture=neutral, PublicKeyToken=b03f5f7f11d50a3a' file path 'C:\Program Files\dotnet\sdk\6.0.301\Extensions\Microsoft.VisualStudio.TestPlatform.Extensions.Trx.TestLogger.dll'
TpTrace Verbose: 0 : 59988, 1, 2022/09/12, 09:45:55.251, 27149936335288, vstest.console.dll, TestPluginCache: Discovered the extensions using extension path ''.
TpTrace Verbose: 0 : 59988, 1, 2022/09/12, 09:45:55.251, 27149936335750, vstest.console.dll, TestPluginCache: Discoverers are ''.
TpTrace Verbose: 0 : 59988, 1, 2022/09/12, 09:45:55.251, 27149936335990, vstest.console.dll, TestPluginCache: Executors are ''.
TpTrace Verbose: 0 : 59988, 1, 2022/09/12, 09:45:55.251, 27149936336198, vstest.console.dll, TestPluginCache: Executors2 are ''.
TpTrace Verbose: 0 : 59988, 1, 2022/09/12, 09:45:55.251, 27149936336398, vstest.console.dll, TestPluginCache: Setting providers are ''.
TpTrace Verbose: 0 : 59988, 1, 2022/09/12, 09:45:55.251, 27149936336596, vstest.console.dll, TestPluginCache: Loggers are ''.
TpTrace Verbose: 0 : 59988, 1, 2022/09/12, 09:45:55.251, 27149936337558, vstest.console.dll, TestPluginCache: TestHosts are 'HostProvider://DefaultTestHost,HostProvider://DotnetTestHost'.
TpTrace Verbose: 0 : 59988, 1, 2022/09/12, 09:45:55.251, 27149936337850, vstest.console.dll, TestPluginCache: DataCollectors are ''.
TpTrace Information: 0 : 59988, 1, 2022/09/12, 09:45:55.258, 27149936409087, vstest.console.dll, RunTestsArgumentProcessor:Execute: Test run is starting.
TpTrace Verbose: 0 : 59988, 1, 2022/09/12, 09:45:55.258, 27149936409731, vstest.console.dll, RunTestsArgumentProcessor:Execute: Queuing Test run.
TpTrace Information: 0 : 59988, 1, 2022/09/12, 09:45:55.258, 27149936411044, vstest.console.dll, TestRequestManager.RunTests: run tests started.
TpTrace Information: 0 : 59988, 1, 2022/09/12, 09:45:55.266, 27149936484150, vstest.console.dll, AssemblyMetadataProvider.GetFrameWork: Determined framework:'.NETCoreApp,Version=v3.1' for source: 'C:\Users\shish\source\repos\Kloudscript.Quiz\Tests\Kloudscript.Quiz.Url.Shortening.Test\bin\Debug\netcoreapp3.1\fine-code-coverage\build-output\Kloudscript.Quiz.Url.Shortening.Test.dll'
TpTrace Information: 0 : 59988, 1, 2022/09/12, 09:45:55.266, 27149936485961, vstest.console.dll, Determined framework for all sources: .NETCoreApp,Version=v3.1
TpTrace Verbose: 0 : 59988, 1, 2022/09/12, 09:45:55.266, 27149936488901, vstest.console.dll, TestRequestManager.UpdateRunSettingsIfRequired: Default architecture: X64 IsDefaultTargetArchitecture: True, Current process architecture: X64 OperatingSystem: Windows.
TpTrace Information: 0 : 59988, 1, 2022/09/12, 09:45:55.266, 27149936491050, vstest.console.dll, AssemblyMetadataProvider.GetArchitecture: Determined architecture:AnyCPU info for assembly: C:\Users\shish\source\repos\Kloudscript.Quiz\Tests\Kloudscript.Quiz.Url.Shortening.Test\bin\Debug\netcoreapp3.1\fine-code-coverage\build-output\Kloudscript.Quiz.Url.Shortening.Test.dll
TpTrace Information: 0 : 59988, 1, 2022/09/12, 09:45:55.267, 27149936491391, vstest.console.dll, Determined platform for source 'C:\Users\shish\source\repos\Kloudscript.Quiz\Tests\Kloudscript.Quiz.Url.Shortening.Test\bin\Debug\netcoreapp3.1\fine-code-coverage\build-output\Kloudscript.Quiz.Url.Shortening.Test.dll' is 'AnyCPU'
TpTrace Information: 0 : 59988, 1, 2022/09/12, 09:45:55.268, 27149936505714, vstest.console.dll, Determined platform for all sources: X64
TpTrace Information: 0 : 59988, 1, 2022/09/12, 09:45:55.268, 27149936506184, vstest.console.dll, Infered platform 'X64'.
TpTrace Information: 0 : 59988, 1, 2022/09/12, 09:45:55.268, 27149936506452, vstest.console.dll, Platform update to 'X64' required.
TpTrace Information: 0 : 59988, 1, 2022/09/12, 09:45:55.270, 27149936523935, vstest.console.dll, Compatible sources list: 
TpTrace Information: 0 : 59988, 1, 2022/09/12, 09:45:55.270, 27149936524410, vstest.console.dll, C:\Users\shish\source\repos\Kloudscript.Quiz\Tests\Kloudscript.Quiz.Url.Shortening.Test\bin\Debug\netcoreapp3.1\fine-code-coverage\build-output\Kloudscript.Quiz.Url.Shortening.Test.dll
TpTrace Information: 0 : 59988, 1, 2022/09/12, 09:45:55.271, 27149936540569, vstest.console.dll, InferRunSettingsHelper.IsTestSettingsEnabled: Unable to navigate to RunSettings/MSTest. Current node: RunSettings
TpTrace Information: 0 : 59988, 1, 2022/09/12, 09:45:55.272, 27149936544993, vstest.console.dll, AssemblyResolver.OnResolve: Microsoft.VisualStudio.TestPlatform.Fakes: Resolving assembly.
TpTrace Information: 0 : 59988, 1, 2022/09/12, 09:45:55.272, 27149936545433, vstest.console.dll, AssemblyResolver.OnResolve: Microsoft.VisualStudio.TestPlatform.Fakes: Searching in: 'C:\Program Files\dotnet\sdk\6.0.301\Extensions'.
TpTrace Information: 0 : 59988, 1, 2022/09/12, 09:45:55.272, 27149936546092, vstest.console.dll, AssemblyResolver.OnResolve: Microsoft.VisualStudio.TestPlatform.Fakes: Assembly path does not exist: 'C:\Program Files\dotnet\sdk\6.0.301\Extensions\Microsoft.VisualStudio.TestPlatform.Fakes.dll', returning.
TpTrace Information: 0 : 59988, 1, 2022/09/12, 09:45:55.272, 27149936546565, vstest.console.dll, AssemblyResolver.OnResolve: Microsoft.VisualStudio.TestPlatform.Fakes: Assembly path does not exist: 'C:\Program Files\dotnet\sdk\6.0.301\Extensions\Microsoft.VisualStudio.TestPlatform.Fakes.exe', returning.
TpTrace Information: 0 : 59988, 1, 2022/09/12, 09:45:55.272, 27149936546823, vstest.console.dll, AssemblyResolver.OnResolve: Microsoft.VisualStudio.TestPlatform.Fakes: Searching in: 'C:\Program Files\dotnet\sdk\6.0.301'.
TpTrace Information: 0 : 59988, 1, 2022/09/12, 09:45:55.272, 27149936547258, vstest.console.dll, AssemblyResolver.OnResolve: Microsoft.VisualStudio.TestPlatform.Fakes: Assembly path does not exist: 'C:\Program Files\dotnet\sdk\6.0.301\Microsoft.VisualStudio.TestPlatform.Fakes.dll', returning.
TpTrace Information: 0 : 59988, 1, 2022/09/12, 09:45:55.272, 27149936547725, vstest.console.dll, AssemblyResolver.OnResolve: Microsoft.VisualStudio.TestPlatform.Fakes: Assembly path does not exist: 'C:\Program Files\dotnet\sdk\6.0.301\Microsoft.VisualStudio.TestPlatform.Fakes.exe', returning.
TpTrace Information: 0 : 59988, 1, 2022/09/12, 09:45:55.272, 27149936547993, vstest.console.dll, AssemblyResolver.OnResolve: Microsoft.VisualStudio.TestPlatform.Fakes: Failed to load assembly.
TpTrace Information: 0 : 59988, 1, 2022/09/12, 09:45:55.272, 27149936549742, vstest.console.dll, Failed to load assembly Microsoft.VisualStudio.TestPlatform.Fakes, Version=17.0.0.0, Culture=neutral. Reason:System.IO.FileNotFoundException: Could not load file or assembly 'Microsoft.VisualStudio.TestPlatform.Fakes, Version=17.0.0.0, Culture=neutral, PublicKeyToken=null'. The system cannot find the file specified.
File name: 'Microsoft.VisualStudio.TestPlatform.Fakes, Version=17.0.0.0, Culture=neutral, PublicKeyToken=null'
   at System.Reflection.RuntimeAssembly.InternalLoad(ObjectHandleOnStack assemblyName, ObjectHandleOnStack requestingAssembly, StackCrawlMarkHandle stackMark, Boolean throwOnFileNotFound, ObjectHandleOnStack assemblyLoadContext, ObjectHandleOnStack retAssembly)
   at System.Reflection.RuntimeAssembly.InternalLoad(AssemblyName assemblyName, RuntimeAssembly requestingAssembly, StackCrawlMark& stackMark, Boolean throwOnFileNotFound, AssemblyLoadContext assemblyLoadContext)
   at System.Reflection.Assembly.Load(AssemblyName assemblyRef)
   at Microsoft.VisualStudio.TestPlatform.Common.Utilities.FakesUtilities.LoadTestPlatformAssembly()
TpTrace Verbose: 0 : 59988, 1, 2022/09/12, 09:45:55.275, 27149936573857, vstest.console.dll, TestPluginCache.DiscoverTestExtensions: finding test extensions in assemblies ends with: TestLogger.dll TPluginInfo: Microsoft.VisualStudio.TestPlatform.Common.ExtensionFramework.Utilities.TestLoggerPluginInformation TExtension: Microsoft.VisualStudio.TestPlatform.ObjectModel.Client.ITestLogger
TpTrace Verbose: 0 : 59988, 1, 2022/09/12, 09:45:55.275, 27149936574424, vstest.console.dll, TestPluginCache.GetExtensionPaths: Filtered extension paths: 
TpTrace Verbose: 0 : 59988, 1, 2022/09/12, 09:45:55.275, 27149936574711, vstest.console.dll, TestPluginCache.GetExtensionPaths: Added default extension paths: C:\Program Files\dotnet\sdk\6.0.301\Extensions\DumpMinitool.exe
C:\Program Files\dotnet\sdk\6.0.301\Extensions\DumpMinitool.x86.exe
C:\Program Files\dotnet\sdk\6.0.301\Extensions\Microsoft.Diagnostics.NETCore.Client.dll
C:\Program Files\dotnet\sdk\6.0.301\Extensions\Microsoft.TestPlatform.Extensions.BlameDataCollector.dll
C:\Program Files\dotnet\sdk\6.0.301\Extensions\Microsoft.TestPlatform.Extensions.EventLogCollector.dll
C:\Program Files\dotnet\sdk\6.0.301\Extensions\Microsoft.TestPlatform.TestHostRuntimeProvider.dll
C:\Program Files\dotnet\sdk\6.0.301\Extensions\Microsoft.VisualStudio.TestPlatform.Extensions.Html.TestLogger.dll
C:\Program Files\dotnet\sdk\6.0.301\Extensions\Microsoft.VisualStudio.TestPlatform.Extensions.Trx.TestLogger.dll
TpTrace Verbose: 0 : 59988, 1, 2022/09/12, 09:45:55.275, 27149936574988, vstest.console.dll, TestPluginCache.GetExtensionPaths: Added unfilterableExtensionPaths: 
TpTrace Information: 0 : 59988, 1, 2022/09/12, 09:45:55.275, 27149936575727, vstest.console.dll, AssemblyResolver.AddSearchDirectories: Adding more searchDirectories C:\Program Files\dotnet\sdk\6.0.301\Extensions,C:\Program Files\dotnet\sdk\6.0.301
TpTrace Verbose: 0 : 59988, 1, 2022/09/12, 09:45:55.275, 27149936576060, vstest.console.dll, TestPluginCache.DiscoverTestExtensions: Discovering the extensions using extension path.
TpTrace Verbose: 0 : 59988, 1, 2022/09/12, 09:45:55.275, 27149936576358, vstest.console.dll, TestPluginCache.GetExtensionPaths: Filtered extension paths: 
TpTrace Verbose: 0 : 59988, 1, 2022/09/12, 09:45:55.275, 27149936576587, vstest.console.dll, TestPluginCache.GetExtensionPaths: Added default extension paths: C:\Program Files\dotnet\sdk\6.0.301\Extensions\DumpMinitool.exe
C:\Program Files\dotnet\sdk\6.0.301\Extensions\DumpMinitool.x86.exe
C:\Program Files\dotnet\sdk\6.0.301\Extensions\Microsoft.Diagnostics.NETCore.Client.dll
C:\Program Files\dotnet\sdk\6.0.301\Extensions\Microsoft.TestPlatform.Extensions.BlameDataCollector.dll
C:\Program Files\dotnet\sdk\6.0.301\Extensions\Microsoft.TestPlatform.Extensions.EventLogCollector.dll
C:\Program Files\dotnet\sdk\6.0.301\Extensions\Microsoft.TestPlatform.TestHostRuntimeProvider.dll
C:\Program Files\dotnet\sdk\6.0.301\Extensions\Microsoft.VisualStudio.TestPlatform.Extensions.Html.TestLogger.dll
C:\Program Files\dotnet\sdk\6.0.301\Extensions\Microsoft.VisualStudio.TestPlatform.Extensions.Trx.TestLogger.dll
TpTrace Verbose: 0 : 59988, 1, 2022/09/12, 09:45:55.275, 27149936576886, vstest.console.dll, TestPluginCache.GetExtensionPaths: Added unfilterableExtensionPaths: 
TpTrace Verbose: 0 : 59988, 1, 2022/09/12, 09:45:55.275, 27149936577139, vstest.console.dll, TestPluginCache.DiscoverTestExtensions: Discovering the extensions using allExtensionPaths: C:\Program Files\dotnet\sdk\6.0.301\Extensions\DumpMinitool.exe
C:\Program Files\dotnet\sdk\6.0.301\Extensions\DumpMinitool.x86.exe
C:\Program Files\dotnet\sdk\6.0.301\Extensions\Microsoft.Diagnostics.NETCore.Client.dll
C:\Program Files\dotnet\sdk\6.0.301\Extensions\Microsoft.TestPlatform.Extensions.BlameDataCollector.dll
C:\Program Files\dotnet\sdk\6.0.301\Extensions\Microsoft.TestPlatform.Extensions.EventLogCollector.dll
C:\Program Files\dotnet\sdk\6.0.301\Extensions\Microsoft.TestPlatform.TestHostRuntimeProvider.dll
C:\Program Files\dotnet\sdk\6.0.301\Extensions\Microsoft.VisualStudio.TestPlatform.Extensions.Html.TestLogger.dll
C:\Program Files\dotnet\sdk\6.0.301\Extensions\Microsoft.VisualStudio.TestPlatform.Extensions.Trx.TestLogger.dll
TpTrace Information: 0 : 59988, 1, 2022/09/12, 09:45:55.275, 27149936577497, vstest.console.dll, AssemblyResolver.AddSearchDirectories: Adding more searchDirectories C:\Program Files\dotnet\sdk\6.0.301\Extensions,C:\Program Files\dotnet\sdk\6.0.301
TpTrace Information: 0 : 59988, 1, 2022/09/12, 09:45:55.275, 27149936577760, vstest.console.dll, AssemblyResolver.AddSearchDirectories: Adding more searchDirectories C:\Program Files\dotnet\sdk\6.0.301\Extensions,C:\Program Files\dotnet\sdk\6.0.301
TpTrace Information: 0 : 59988, 1, 2022/09/12, 09:45:55.275, 27149936578017, vstest.console.dll, AssemblyResolver.AddSearchDirectories: Adding more searchDirectories C:\Program Files\dotnet\sdk\6.0.301\Extensions,C:\Program Files\dotnet\sdk\6.0.301
TpTrace Information: 0 : 59988, 1, 2022/09/12, 09:45:55.275, 27149936578256, vstest.console.dll, AssemblyResolver.AddSearchDirectories: Adding more searchDirectories C:\Program Files\dotnet\sdk\6.0.301\Extensions,C:\Program Files\dotnet\sdk\6.0.301
TpTrace Information: 0 : 59988, 1, 2022/09/12, 09:45:55.275, 27149936578486, vstest.console.dll, AssemblyResolver.AddSearchDirectories: Adding more searchDirectories C:\Program Files\dotnet\sdk\6.0.301\Extensions,C:\Program Files\dotnet\sdk\6.0.301
TpTrace Information: 0 : 59988, 1, 2022/09/12, 09:45:55.275, 27149936578712, vstest.console.dll, AssemblyResolver.AddSearchDirectories: Adding more searchDirectories C:\Program Files\dotnet\sdk\6.0.301\Extensions,C:\Program Files\dotnet\sdk\6.0.301
TpTrace Information: 0 : 59988, 1, 2022/09/12, 09:45:55.275, 27149936578990, vstest.console.dll, AssemblyResolver.AddSearchDirectories: Adding more searchDirectories C:\Program Files\dotnet\sdk\6.0.301\Extensions,C:\Program Files\dotnet\sdk\6.0.301
TpTrace Information: 0 : 59988, 1, 2022/09/12, 09:45:55.275, 27149936579220, vstest.console.dll, AssemblyResolver.AddSearchDirectories: Adding more searchDirectories C:\Program Files\dotnet\sdk\6.0.301\Extensions,C:\Program Files\dotnet\sdk\6.0.301
TpTrace Verbose: 0 : 59988, 1, 2022/09/12, 09:45:55.275, 27149936580071, vstest.console.dll, MetadataReaderExtensionsHelper: Discovering extensions inside assembly 'DumpMinitool, Version=15.0.0.0, Culture=neutral, PublicKeyToken=b03f5f7f11d50a3a' file path 'C:\Program Files\dotnet\sdk\6.0.301\Extensions\DumpMinitool.exe'
TpTrace Verbose: 0 : 59988, 1, 2022/09/12, 09:45:55.276, 27149936582114, vstest.console.dll, MetadataReaderExtensionsHelper: Discovering extensions inside assembly 'DumpMinitool.x86, Version=15.0.0.0, Culture=neutral, PublicKeyToken=b03f5f7f11d50a3a' file path 'C:\Program Files\dotnet\sdk\6.0.301\Extensions\DumpMinitool.x86.exe'
TpTrace Verbose: 0 : 59988, 1, 2022/09/12, 09:45:55.276, 27149936583680, vstest.console.dll, MetadataReaderExtensionsHelper: Discovering extensions inside assembly 'Microsoft.Diagnostics.NETCore.Client, Version=0.2.5.801, Culture=neutral, PublicKeyToken=31bf3856ad364e35' file path 'C:\Program Files\dotnet\sdk\6.0.301\Extensions\Microsoft.Diagnostics.NETCore.Client.dll'
TpTrace Information: 0 : 59988, 1, 2022/09/12, 09:45:55.276, 27149936586001, vstest.console.dll, AssemblyResolver.OnResolve: Microsoft.Bcl.AsyncInterfaces: Resolving assembly.
TpTrace Information: 0 : 59988, 1, 2022/09/12, 09:45:55.276, 27149936586331, vstest.console.dll, AssemblyResolver.OnResolve: Microsoft.Bcl.AsyncInterfaces: Resolved from cache.
TpTrace Verbose: 0 : 59988, 1, 2022/09/12, 09:45:55.276, 27149936586637, vstest.console.dll, CurrentDomainAssemblyResolve: Resolving assembly 'Microsoft.Bcl.AsyncInterfaces'.
TpTrace Information: 0 : 59988, 1, 2022/09/12, 09:45:55.276, 27149936586983, vstest.console.dll, AssemblyResolver.OnResolve: Microsoft.Bcl.AsyncInterfaces: Resolving assembly.
TpTrace Information: 0 : 59988, 1, 2022/09/12, 09:45:55.276, 27149936587221, vstest.console.dll, AssemblyResolver.OnResolve: Microsoft.Bcl.AsyncInterfaces: Resolved from cache.
TpTrace Verbose: 0 : 59988, 1, 2022/09/12, 09:45:55.276, 27149936587452, vstest.console.dll, CurrentDomainAssemblyResolve: Resolving assembly 'Microsoft.Bcl.AsyncInterfaces'.
TpTrace Verbose: 0 : 59988, 1, 2022/09/12, 09:45:55.276, 27149936587666, vstest.console.dll, CurrentDomainAssemblyResolve: Failed to resolve assembly 'Microsoft.Bcl.AsyncInterfaces'.
TpTrace Verbose: 0 : 59988, 1, 2022/09/12, 09:45:55.276, 27149936588622, vstest.console.dll, CurrentDomainAssemblyResolve: Failed to resolve assembly 'Microsoft.Bcl.AsyncInterfaces'.
TpTrace Warning: 0 : 59988, 1, 2022/09/12, 09:45:55.276, 27149936590911, vstest.console.dll, TestPluginDiscoverer: Failed to get types from assembly 'Microsoft.Diagnostics.NETCore.Client, Version=0.2.5.801, Culture=neutral, PublicKeyToken=31bf3856ad364e35'. Error: System.Reflection.ReflectionTypeLoadException: Unable to load one or more of the requested types.
Could not load file or assembly 'Microsoft.Bcl.AsyncInterfaces, Version=1.0.0.0, Culture=neutral, PublicKeyToken=cc7b13ffcd2ddd51'. The system cannot find the file specified.
   at System.Reflection.RuntimeModule.GetTypes(RuntimeModule module)
   at System.Reflection.Assembly.GetTypes()
   at Microsoft.VisualStudio.TestPlatform.Common.ExtensionFramework.TestPluginDiscoverer.GetTestExtensionsFromAssembly[TPluginInfo,TExtension](Assembly assembly, Dictionary`2 pluginInfos, String filePath)
System.IO.FileNotFoundException: Could not load file or assembly 'Microsoft.Bcl.AsyncInterfaces, Version=1.0.0.0, Culture=neutral, PublicKeyToken=cc7b13ffcd2ddd51'. The system cannot find the file specified.
File name: 'Microsoft.Bcl.AsyncInterfaces, Version=1.0.0.0, Culture=neutral, PublicKeyToken=cc7b13ffcd2ddd51'
 ---> System.IO.FileNotFoundException: Could not load file or assembly 'Microsoft.Bcl.AsyncInterfaces, Culture=neutral, PublicKeyToken=null'. The system cannot find the file specified.
File name: 'Microsoft.Bcl.AsyncInterfaces, Culture=neutral, PublicKeyToken=null'
   at System.Reflection.RuntimeAssembly.InternalLoad(ObjectHandleOnStack assemblyName, ObjectHandleOnStack requestingAssembly, StackCrawlMarkHandle stackMark, Boolean throwOnFileNotFound, ObjectHandleOnStack assemblyLoadContext, ObjectHandleOnStack retAssembly)
   at System.Reflection.RuntimeAssembly.InternalLoad(AssemblyName assemblyName, RuntimeAssembly requestingAssembly, StackCrawlMark& stackMark, Boolean throwOnFileNotFound, AssemblyLoadContext assemblyLoadContext)
   at System.Reflection.Assembly.Load(AssemblyName assemblyRef)
   at Microsoft.VisualStudio.TestPlatform.Common.ExtensionFramework.TestPluginCache.CurrentDomainAssemblyResolve(Object sender, AssemblyResolveEventArgs args)
   at Microsoft.VisualStudio.TestPlatform.PlatformAbstractions.PlatformAssemblyResolver.AssemblyResolverEvent(Object sender, Object eventArgs)
   at System.Runtime.Loader.AssemblyLoadContext.GetFirstResolvedAssemblyFromResolvingEvent(AssemblyName assemblyName)
   at System.Runtime.Loader.AssemblyLoadContext.ResolveUsingEvent(AssemblyName assemblyName)
   at System.Runtime.Loader.AssemblyLoadContext.ResolveUsingResolvingEvent(IntPtr gchManagedAssemblyLoadContext, AssemblyName assemblyName)
TpTrace Warning: 0 : 59988, 1, 2022/09/12, 09:45:55.277, 27149936592166, vstest.console.dll, LoaderExceptions: System.IO.FileNotFoundException: Could not load file or assembly 'Microsoft.Bcl.AsyncInterfaces, Version=1.0.0.0, Culture=neutral, PublicKeyToken=cc7b13ffcd2ddd51'. The system cannot find the file specified.
File name: 'Microsoft.Bcl.AsyncInterfaces, Version=1.0.0.0, Culture=neutral, PublicKeyToken=cc7b13ffcd2ddd51'
 ---> System.IO.FileNotFoundException: Could not load file or assembly 'Microsoft.Bcl.AsyncInterfaces, Culture=neutral, PublicKeyToken=null'. The system cannot find the file specified.
File name: 'Microsoft.Bcl.AsyncInterfaces, Culture=neutral, PublicKeyToken=null'
   at System.Reflection.RuntimeAssembly.InternalLoad(ObjectHandleOnStack assemblyName, ObjectHandleOnStack requestingAssembly, StackCrawlMarkHandle stackMark, Boolean throwOnFileNotFound, ObjectHandleOnStack assemblyLoadContext, ObjectHandleOnStack retAssembly)
   at System.Reflection.RuntimeAssembly.InternalLoad(AssemblyName assemblyName, RuntimeAssembly requestingAssembly, StackCrawlMark& stackMark, Boolean throwOnFileNotFound, AssemblyLoadContext assemblyLoadContext)
   at System.Reflection.Assembly.Load(AssemblyName assemblyRef)
   at Microsoft.VisualStudio.TestPlatform.Common.ExtensionFramework.TestPluginCache.CurrentDomainAssemblyResolve(Object sender, AssemblyResolveEventArgs args)
   at Microsoft.VisualStudio.TestPlatform.PlatformAbstractions.PlatformAssemblyResolver.AssemblyResolverEvent(Object sender, Object eventArgs)
   at System.Runtime.Loader.AssemblyLoadContext.GetFirstResolvedAssemblyFromResolvingEvent(AssemblyName assemblyName)
   at System.Runtime.Loader.AssemblyLoadContext.ResolveUsingEvent(AssemblyName assemblyName)
   at System.Runtime.Loader.AssemblyLoadContext.ResolveUsingResolvingEvent(IntPtr gchManagedAssemblyLoadContext, AssemblyName assemblyName)
TpTrace Verbose: 0 : 59988, 1, 2022/09/12, 09:45:55.277, 27149936592817, vstest.console.dll, MetadataReaderExtensionsHelper: Discovering extensions inside assembly 'Microsoft.TestPlatform.Extensions.BlameDataCollector, Version=15.0.0.0, Culture=neutral, PublicKeyToken=b03f5f7f11d50a3a' file path 'C:\Program Files\dotnet\sdk\6.0.301\Extensions\Microsoft.TestPlatform.Extensions.BlameDataCollector.dll'
TpTrace Information: 0 : 59988, 1, 2022/09/12, 09:45:55.277, 27149936595044, vstest.console.dll, GetTestExtensionFromType: Register extension with identifier data 'logger://Microsoft/TestPlatform/Extensions/Blame/v1' and type 'Microsoft.TestPlatform.Extensions.BlameDataCollector.BlameLogger, Microsoft.TestPlatform.Extensions.BlameDataCollector, Version=15.0.0.0, Culture=neutral, PublicKeyToken=b03f5f7f11d50a3a' inside file 'C:\Program Files\dotnet\sdk\6.0.301\Extensions\Microsoft.TestPlatform.Extensions.BlameDataCollector.dll'
TpTrace Verbose: 0 : 59988, 1, 2022/09/12, 09:45:55.277, 27149936595498, vstest.console.dll, MetadataReaderExtensionsHelper: Discovering extensions inside assembly 'Microsoft.TestPlatform.Extensions.EventLogCollector, Version=15.0.0.0, Culture=neutral, PublicKeyToken=b03f5f7f11d50a3a' file path 'C:\Program Files\dotnet\sdk\6.0.301\Extensions\Microsoft.TestPlatform.Extensions.EventLogCollector.dll'
TpTrace Verbose: 0 : 59988, 1, 2022/09/12, 09:45:55.277, 27149936597255, vstest.console.dll, MetadataReaderExtensionsHelper: Discovering extensions inside assembly 'Microsoft.TestPlatform.TestHostRuntimeProvider, Version=15.0.0.0, Culture=neutral, PublicKeyToken=b03f5f7f11d50a3a' file path 'C:\Program Files\dotnet\sdk\6.0.301\Extensions\Microsoft.TestPlatform.TestHostRuntimeProvider.dll'
TpTrace Verbose: 0 : 59988, 1, 2022/09/12, 09:45:55.277, 27149936599092, vstest.console.dll, MetadataReaderExtensionsHelper: Discovering extensions inside assembly 'Microsoft.VisualStudio.TestPlatform.Extensions.Html.TestLogger, Version=15.0.0.0, Culture=neutral, PublicKeyToken=b03f5f7f11d50a3a' file path 'C:\Program Files\dotnet\sdk\6.0.301\Extensions\Microsoft.VisualStudio.TestPlatform.Extensions.Html.TestLogger.dll'
TpTrace Information: 0 : 59988, 1, 2022/09/12, 09:45:55.277, 27149936600677, vstest.console.dll, GetTestExtensionFromType: Register extension with identifier data 'logger://Microsoft/TestPlatform/HtmlLogger/v1' and type 'Microsoft.VisualStudio.TestPlatform.Extensions.HtmlLogger.HtmlLogger, Microsoft.VisualStudio.TestPlatform.Extensions.Html.TestLogger, Version=15.0.0.0, Culture=neutral, PublicKeyToken=b03f5f7f11d50a3a' inside file 'C:\Program Files\dotnet\sdk\6.0.301\Extensions\Microsoft.VisualStudio.TestPlatform.Extensions.Html.TestLogger.dll'
TpTrace Verbose: 0 : 59988, 1, 2022/09/12, 09:45:55.277, 27149936601156, vstest.console.dll, MetadataReaderExtensionsHelper: Discovering extensions inside assembly 'Microsoft.VisualStudio.TestPlatform.Extensions.Trx.TestLogger, Version=15.0.0.0, Culture=neutral, PublicKeyToken=b03f5f7f11d50a3a' file path 'C:\Program Files\dotnet\sdk\6.0.301\Extensions\Microsoft.VisualStudio.TestPlatform.Extensions.Trx.TestLogger.dll'
TpTrace Information: 0 : 59988, 1, 2022/09/12, 09:45:55.278, 27149936603178, vstest.console.dll, GetTestExtensionFromType: Register extension with identifier data 'logger://Microsoft/TestPlatform/TrxLogger/v1' and type 'Microsoft.VisualStudio.TestPlatform.Extensions.TrxLogger.TrxLogger, Microsoft.VisualStudio.TestPlatform.Extensions.Trx.TestLogger, Version=15.0.0.0, Culture=neutral, PublicKeyToken=b03f5f7f11d50a3a' inside file 'C:\Program Files\dotnet\sdk\6.0.301\Extensions\Microsoft.VisualStudio.TestPlatform.Extensions.Trx.TestLogger.dll'
TpTrace Verbose: 0 : 59988, 1, 2022/09/12, 09:45:55.278, 27149936603624, vstest.console.dll, TestPluginCache: Discovered the extensions using extension path ''.
TpTrace Verbose: 0 : 59988, 1, 2022/09/12, 09:45:55.278, 27149936603861, vstest.console.dll, TestPluginCache: Discoverers are ''.
TpTrace Verbose: 0 : 59988, 1, 2022/09/12, 09:45:55.278, 27149936604058, vstest.console.dll, TestPluginCache: Executors are ''.
TpTrace Verbose: 0 : 59988, 1, 2022/09/12, 09:45:55.278, 27149936604245, vstest.console.dll, TestPluginCache: Executors2 are ''.
TpTrace Verbose: 0 : 59988, 1, 2022/09/12, 09:45:55.278, 27149936604429, vstest.console.dll, TestPluginCache: Setting providers are ''.
TpTrace Verbose: 0 : 59988, 1, 2022/09/12, 09:45:55.278, 27149936604878, vstest.console.dll, TestPluginCache: Loggers are 'logger://Microsoft/TestPlatform/Extensions/Blame/v1,logger://Microsoft/TestPlatform/HtmlLogger/v1,logger://Microsoft/TestPlatform/TrxLogger/v1'.
TpTrace Verbose: 0 : 59988, 1, 2022/09/12, 09:45:55.278, 27149936605225, vstest.console.dll, TestPluginCache: TestHosts are 'HostProvider://DefaultTestHost,HostProvider://DotnetTestHost'.
TpTrace Verbose: 0 : 59988, 1, 2022/09/12, 09:45:55.278, 27149936605445, vstest.console.dll, TestPluginCache: DataCollectors are ''.
TpTrace Information: 0 : 59988, 1, 2022/09/12, 09:45:55.278, 27149936609459, vstest.console.dll, TestPluginManager.CreateTestExtension: Attempting to load test extension: Microsoft.TestPlatform.Extensions.BlameDataCollector.BlameLogger
TpTrace Information: 0 : 59988, 1, 2022/09/12, 09:45:55.281, 27149936639809, vstest.console.dll, TestPluginManager.CreateTestExtension: Attempting to load test extension: Microsoft.VisualStudio.TestPlatform.CrossPlatEngine.Hosting.DefaultTestHostManager
TpTrace Information: 0 : 59988, 1, 2022/09/12, 09:45:55.282, 27149936645245, vstest.console.dll, TestPluginManager.CreateTestExtension: Attempting to load test extension: Microsoft.VisualStudio.TestPlatform.CrossPlatEngine.Hosting.DotnetTestHostManager
TpTrace Verbose: 0 : 59988, 1, 2022/09/12, 09:45:55.282, 27149936648910, vstest.console.dll, TestEngine: Initializing Parallel Execution as MaxCpuCount is set to: 1
TpTrace Information: 0 : 59988, 1, 2022/09/12, 09:45:55.283, 27149936653956, vstest.console.dll, InferRunSettingsHelper.IsTestSettingsEnabled: Unable to navigate to RunSettings/MSTest. Current node: RunSettings
TpTrace Verbose: 0 : 59988, 1, 2022/09/12, 09:45:55.283, 27149936660492, vstest.console.dll, TestRequestSender is acting as server.
TpTrace Verbose: 0 : 59988, 1, 2022/09/12, 09:45:55.285, 27149936671992, vstest.console.dll, TestEngine.GetExecutionManager: Chosen execution manager 'Microsoft.VisualStudio.TestPlatform.CrossPlatEngine.Client.Parallel.ParallelProxyExecutionManager, Microsoft.TestPlatform.CrossPlatEngine, Version=15.0.0.0, Culture=neutral, PublicKeyToken=b03f5f7f11d50a3a' ParallelLevel '1' Shared host 'False'
TpTrace Verbose: 0 : 59988, 5, 2022/09/12, 09:45:55.287, 27149936694096, vstest.console.dll, DataCollectionRequestSender.InitializeCommunication : Initialize communication. 
TpTrace Information: 0 : 59988, 5, 2022/09/12, 09:45:55.291, 27149936732703, vstest.console.dll, Listening on Endpoint : 127.0.0.1:63392
TpTrace Verbose: 0 : 59988, 5, 2022/09/12, 09:45:55.295, 27149936777687, vstest.console.dll, DotnetDataCollectionLauncher: Full path of dotnet.exe is C:\Program Files\dotnet\dotnet.exe
TpTrace Verbose: 0 : 59988, 5, 2022/09/12, 09:45:55.295, 27149936778666, vstest.console.dll, DotnetDataCollectionLauncher: Adding  --runtimeconfig "C:\Program Files\dotnet\sdk\6.0.301\datacollector.runtimeconfig.json" in args
TpTrace Verbose: 0 : 59988, 5, 2022/09/12, 09:45:55.295, 27149936779281, vstest.console.dll, DotnetDataCollectionLauncher: Adding  --depsfile "C:\Program Files\dotnet\sdk\6.0.301\datacollector.deps.json" in args
TpTrace Information: 0 : 59988, 5, 2022/09/12, 09:45:55.303, 27149936860367, vstest.console.dll, ProxyDataCollectionManager.Initialize: Launched datacollector processId: 57572 port: 63392
TpTrace Information: 0 : 59988, 5, 2022/09/12, 09:45:55.304, 27149936861318, vstest.console.dll, ProxyDataCollectionManager.Initialize: waiting for connection with timeout: 90 seconds
TpTrace Verbose: 0 : 59988, 5, 2022/09/12, 09:45:55.304, 27149936862276, vstest.console.dll, DataCollectionRequestSender.WaitForRequestHandlerConnection : Waiting for connection with timeout: 90000
TpTrace Information: 0 : 59988, 8, 2022/09/12, 09:45:55.388, 27149937703614, vstest.console.dll, Using the buffer size of 16384 bytes
TpTrace Information: 0 : 59988, 8, 2022/09/12, 09:45:55.388, 27149937704267, vstest.console.dll, Accepted Client request and set the flag
TpTrace Verbose: 0 : 59988, 5, 2022/09/12, 09:45:55.388, 27149937703847, vstest.console.dll, SocketCommunicationManager.WaitForClientConnection took: 84 ms, with 90000 ms timeout, and finished with True.
TpTrace Verbose: 0 : 59988, 5, 2022/09/12, 09:45:55.388, 27149937705904, vstest.console.dll, ProxyDataCollectionManager.InvokeDataCollectionServiceAction: Starting.
TpTrace Information: 0 : 59988, 5, 2022/09/12, 09:45:55.388, 27149937706992, vstest.console.dll, ProxyDataCollectionManager.BeforeTestRunStart: Get environment variable and port for datacollector processId: 57572 port: 63392
TpTrace Verbose: 0 : 59988, 5, 2022/09/12, 09:45:55.388, 27149937707701, vstest.console.dll, DataCollectionRequestSender.SendBeforeTestRunStartAndGetResult: Send BeforeTestRunStart message with settingsXml <RunSettings><RunConfiguration><ResultsDirectory>C:\Users\shish\source\repos\Kloudscript.Quiz\Tests\Kloudscript.Quiz.Url.Shortening.Test\bin\Debug\netcoreapp3.1\fine-code-coverage\coverage-tool-output</ResultsDirectory><TargetPlatform>X64</TargetPlatform><TargetFrameworkVersion>.NETCoreApp,Version=v3.1</TargetFrameworkVersion><DesignMode>False</DesignMode><CollectSourceInformation>False</CollectSourceInformation><TestAdaptersPaths>C:\Program Files\dotnet\sdk\6.0.301\Extensions</TestAdaptersPaths></RunConfiguration><LoggerRunSettings><Loggers><Logger friendlyName="blame" enabled="True" /><Logger friendlyName="Console" uri="logger://microsoft/TestPlatform/ConsoleLogger/v1" assemblyQualifiedName="Microsoft.VisualStudio.TestPlatform.CommandLine.Internal.ConsoleLogger, vstest.console, Version=15.0.0.0, Culture=neutral, PublicKeyToken=b03f5f7f11d50a3a" codeBase="C:\Program Files\dotnet\sdk\6.0.301\vstest.console.dll" enabled="True" /></Loggers></LoggerRunSettings><DataCollectionRunSettings><DataCollectors><DataCollector friendlyName="blame" enabled="True"><Configuration><ResultsDirectory>C:\Users\shish\source\repos\Kloudscript.Quiz\Tests\Kloudscript.Quiz.Url.Shortening.Test\bin\Debug\netcoreapp3.1\fine-code-coverage\coverage-tool-output</ResultsDirectory></Configuration></DataCollector></DataCollectors></DataCollectionRunSettings></RunSettings> and sources System.Linq.Enumerable+Concat2Iterator`1[System.String]: 
TpTrace Verbose: 0 : 59988, 5, 2022/09/12, 09:45:55.434, 27149938166579, vstest.console.dll, DataCollectionRequestSender.SendBeforeTestRunStartAndGetResult: Received message: (DataCollection.SendMessage) -> {
  "FriendlyName": null,
  "Uri": null,
  "TestCaseId": "00000000-0000-0000-0000-000000000000",
  "Message": "Logging DataCollector Diagnostics in file: C:\\Users\\shish\\source\\repos\\Kloudscript.Quiz\\Tests\\Kloudscript.Quiz.Url.Shortening.Test\\bin\\Debug\\netcoreapp3.1\\fine-code-coverage\\coverage-tool-output\\diagnostics.datacollector.22-09-12_09-45-55_29547_5.log",
  "Level": 0
}
TpTrace Verbose: 0 : 59988, 5, 2022/09/12, 09:45:55.488, 27149938705243, vstest.console.dll, DataCollectionRequestSender.SendBeforeTestRunStartAndGetResult: Received message: (DataCollection.BeforeTestRunStartResult) -> {
  "EnvironmentVariables": {},
  "DataCollectionEventsPort": 63394
}
TpTrace Information: 0 : 59988, 5, 2022/09/12, 09:45:55.492, 27149938741468, vstest.console.dll, ProxyDataCollectionManager.BeforeTestRunStart: SendBeforeTestRunStartAndGetResult successful, env variable from datacollector:   and testhost port: 63394
TpTrace Information: 0 : 59988, 5, 2022/09/12, 09:45:55.492, 27149938741937, vstest.console.dll, ProxyDataCollectionManager.InvokeDataCollectionServiceAction: Completed.
TpTrace Verbose: 0 : 59988, 1, 2022/09/12, 09:45:55.492, 27149938742768, vstest.console.dll, TestRunRequest.ExecuteAsync: Creating test run request.
TpTrace Verbose: 0 : 59988, 1, 2022/09/12, 09:45:55.492, 27149938744652, vstest.console.dll, TestRunRequest.ExecuteAsync: Starting.
TpTrace Information: 0 : 59988, 1, 2022/09/12, 09:45:55.492, 27149938746743, vstest.console.dll, TestRunRequest.ExecuteAsync: Starting run with settings:TestRunCriteria:
   KeepAlive=False,FrequencyOfRunStatsChangeEvent=10,RunStatsChangeEventTimeout=00:00:01.5000000,TestCaseFilter=,TestExecutorLauncher=
   Settingsxml=<RunSettings>
  <RunConfiguration>
    <ResultsDirectory>C:\Users\shish\source\repos\Kloudscript.Quiz\Tests\Kloudscript.Quiz.Url.Shortening.Test\bin\Debug\netcoreapp3.1\fine-code-coverage\coverage-tool-output</ResultsDirectory>
    <TargetPlatform>X64</TargetPlatform>
    <TargetFrameworkVersion>.NETCoreApp,Version=v3.1</TargetFrameworkVersion>
    <DesignMode>False</DesignMode>
    <CollectSourceInformation>False</CollectSourceInformation>
  </RunConfiguration>
  <LoggerRunSettings>
    <Loggers>
      <Logger friendlyName="blame" enabled="True" />
      <Logger friendlyName="Console" uri="logger://microsoft/TestPlatform/ConsoleLogger/v1" assemblyQualifiedName="Microsoft.VisualStudio.TestPlatform.CommandLine.Internal.ConsoleLogger, vstest.console, Version=15.0.0.0, Culture=neutral, PublicKeyToken=b03f5f7f11d50a3a" codeBase="C:\Program Files\dotnet\sdk\6.0.301\vstest.console.dll" enabled="True" />
    </Loggers>
  </LoggerRunSettings>
  <DataCollectionRunSettings>
    <DataCollectors>
      <DataCollector friendlyName="blame" enabled="True">
        <Configuration>
          <ResultsDirectory>C:\Users\shish\source\repos\Kloudscript.Quiz\Tests\Kloudscript.Quiz.Url.Shortening.Test\bin\Debug\netcoreapp3.1\fine-code-coverage\coverage-tool-output</ResultsDirectory>
        </Configuration>
      </DataCollector>
    </DataCollectors>
  </DataCollectionRunSettings>
</RunSettings>

TpTrace Verbose: 0 : 59988, 1, 2022/09/12, 09:45:55.492, 27149938747163, vstest.console.dll, TestRunRequest.ExecuteAsync: Wait for the first run request is over.
TpTrace Verbose: 0 : 59988, 1, 2022/09/12, 09:45:55.492, 27149938749136, vstest.console.dll, MulticastDelegateUtilities.SafeInvoke: TestRun.TestRunStart: Invoking callbacks was skipped because there are no subscribers.
TpTrace Verbose: 0 : 59988, 1, 2022/09/12, 09:45:55.492, 27149938750611, vstest.console.dll, ParallelProxyExecutionManager: Start execution. Total sources: 1
TpTrace Verbose: 0 : 59988, 4, 2022/09/12, 09:45:55.492, 27149938750645, vstest.console.dll, MulticastDelegateUtilities.SafeInvoke: InternalTestLoggerEvents.SendTestRunStart: Invoking callback 1/1 for Microsoft.VisualStudio.TestPlatform.CommandLine.Internal.ConsoleLogger.TestRunStartHandler, took 0 ms.
TpTrace Information: 0 : 59988, 1, 2022/09/12, 09:45:55.493, 27149938756385, vstest.console.dll, ProxyParallelExecutionManager: Triggering test run for next source: C:\Users\shish\source\repos\Kloudscript.Quiz\Tests\Kloudscript.Quiz.Url.Shortening.Test\bin\Debug\netcoreapp3.1\fine-code-coverage\build-output\Kloudscript.Quiz.Url.Shortening.Test.dll
TpTrace Verbose: 0 : 59988, 1, 2022/09/12, 09:45:55.493, 27149938757576, vstest.console.dll, ProxyParallelExecutionManager: No sources available for execution.
TpTrace Verbose: 0 : 59988, 5, 2022/09/12, 09:45:55.493, 27149938757596, vstest.console.dll, ParallelProxyExecutionManager: Execution started. Started clients: 1
TpTrace Information: 0 : 59988, 1, 2022/09/12, 09:45:55.493, 27149938757922, vstest.console.dll, TestRunRequest.ExecuteAsync: Started.
TpTrace Verbose: 0 : 59988, 1, 2022/09/12, 09:45:55.493, 27149938758866, vstest.console.dll, TestRunRequest.WaitForCompletion: Waiting with timeout -1.
TpTrace Verbose: 0 : 59988, 5, 2022/09/12, 09:45:55.493, 27149938759669, vstest.console.dll, TestRunRequest:SendTestRunMessage: Starting.
TpTrace Verbose: 0 : 59988, 5, 2022/09/12, 09:45:55.493, 27149938760497, vstest.console.dll, MulticastDelegateUtilities.SafeInvoke: TestRun.LogMessages: Invoking callback 1/1 for Microsoft.VisualStudio.TestPlatform.CommandLine.TestRunResultAggregator.TestRunMessageHandler, took 0 ms.
TpTrace Information: 0 : 59988, 5, 2022/09/12, 09:45:55.493, 27149938760787, vstest.console.dll, TestRunRequest:SendTestRunMessage: Completed.
TpTrace Verbose: 0 : 59988, 4, 2022/09/12, 09:45:55.493, 27149938760900, vstest.console.dll, MulticastDelegateUtilities.SafeInvoke: InternalTestLoggerEvents.SendTestRunMessage: Invoking callback 1/1 for Microsoft.VisualStudio.TestPlatform.CommandLine.Internal.ConsoleLogger.TestMessageHandler, took 0 ms.
TpTrace Verbose: 0 : 59988, 5, 2022/09/12, 09:45:55.494, 27149938762086, vstest.console.dll, ProxyExecutionManager: Test host is always Lazy initialize.
TpTrace Verbose: 0 : 59988, 5, 2022/09/12, 09:45:55.494, 27149938763484, vstest.console.dll, TestRequestSender.InitializeCommunication: initialize communication. 
TpTrace Information: 0 : 59988, 5, 2022/09/12, 09:45:55.494, 27149938767071, vstest.console.dll, SocketServer.Start: Listening on endpoint : 127.0.0.1:63395
TpTrace Verbose: 0 : 59988, 5, 2022/09/12, 09:45:55.494, 27149938771035, vstest.console.dll, DotnetTestHostmanager.GetTestHostProcessStartInfo: Platform environment 'X64' target architecture 'X64' framework '.NETCoreApp,Version=v3.1' OS 'Windows'
TpTrace Verbose: 0 : 59988, 5, 2022/09/12, 09:45:55.495, 27149938772506, vstest.console.dll, DotnetTestHostmanager: Adding  --runtimeconfig "C:\Users\shish\source\repos\Kloudscript.Quiz\Tests\Kloudscript.Quiz.Url.Shortening.Test\bin\Debug\netcoreapp3.1\fine-code-coverage\build-output\Kloudscript.Quiz.Url.Shortening.Test.runtimeconfig.json" in args
TpTrace Verbose: 0 : 59988, 5, 2022/09/12, 09:45:55.495, 27149938773199, vstest.console.dll, DotnetTestHostmanager: Adding  --depsfile "C:\Users\shish\source\repos\Kloudscript.Quiz\Tests\Kloudscript.Quiz.Url.Shortening.Test\bin\Debug\netcoreapp3.1\fine-code-coverage\build-output\Kloudscript.Quiz.Url.Shortening.Test.deps.json" in args
TpTrace Verbose: 0 : 59988, 5, 2022/09/12, 09:45:55.495, 27149938775183, vstest.console.dll, DotnetTestHostmanager.IsWinOnArm: Current PROCESSOR_ARCHITECTURE from environment variable 'AMD64'
TpTrace Verbose: 0 : 59988, 5, 2022/09/12, 09:45:55.495, 27149938775617, vstest.console.dll, DotnetTestHostmanager.IsWinOnArm: Is Windows on ARM 'False'
TpTrace Verbose: 0 : 59988, 5, 2022/09/12, 09:45:55.495, 27149938776291, vstest.console.dll, DotnetTestHostManager: testhost.exe found at path: C:\Users\shish\source\repos\Kloudscript.Quiz\Tests\Kloudscript.Quiz.Url.Shortening.Test\bin\Debug\netcoreapp3.1\fine-code-coverage\build-output\testhost.exe
TpTrace Verbose: 0 : 59988, 5, 2022/09/12, 09:45:55.495, 27149938776620, vstest.console.dll, DotnetTestHostmanager: Full path of host exe is C:\Users\shish\source\repos\Kloudscript.Quiz\Tests\Kloudscript.Quiz.Url.Shortening.Test\bin\Debug\netcoreapp3.1\fine-code-coverage\build-output\testhost.exe
TpTrace Verbose: 0 : 59988, 5, 2022/09/12, 09:45:55.495, 27149938777387, vstest.console.dll, DotnetTestHostmanager.LaunchTestHostAsync: Found 'VSTEST_WINAPPHOST_DOTNET_ROOT' in env variables, value 'C:\Program Files\dotnet', forwarding to 'DOTNET_ROOT'
TpTrace Verbose: 0 : 59988, 7, 2022/09/12, 09:45:55.496, 27149938782136, vstest.console.dll, DotnetTestHostManager: Starting process 'C:\Users\shish\source\repos\Kloudscript.Quiz\Tests\Kloudscript.Quiz.Url.Shortening.Test\bin\Debug\netcoreapp3.1\fine-code-coverage\build-output\testhost.exe' with command line ' --runtimeconfig "C:\Users\shish\source\repos\Kloudscript.Quiz\Tests\Kloudscript.Quiz.Url.Shortening.Test\bin\Debug\netcoreapp3.1\fine-code-coverage\build-output\Kloudscript.Quiz.Url.Shortening.Test.runtimeconfig.json" --depsfile "C:\Users\shish\source\repos\Kloudscript.Quiz\Tests\Kloudscript.Quiz.Url.Shortening.Test\bin\Debug\netcoreapp3.1\fine-code-coverage\build-output\Kloudscript.Quiz.Url.Shortening.Test.deps.json" --port 63395 --endpoint 127.0.0.1:063395 --role client --parentprocessid 59988 --diag "C:\Users\shish\source\repos\Kloudscript.Quiz\Tests\Kloudscript.Quiz.Url.Shortening.Test\bin\Debug\netcoreapp3.1\fine-code-coverage\coverage-tool-output\diagnostics.host.22-09-12_09-45-55_49478_5.log" --tracelevel 4 --datacollectionport 63394 --telemetryoptedin false'
TpTrace Verbose: 0 : 59988, 7, 2022/09/12, 09:45:55.503, 27149938856585, vstest.console.dll, MulticastDelegateUtilities.SafeInvoke: HostProviderEvents.OnHostLaunched: Invoking callback 1/2 for Microsoft.VisualStudio.TestPlatform.CrossPlatEngine.Client.ProxyExecutionManagerWithDataCollection.TestHostLaunchedHandler, took 0 ms.
TpTrace Verbose: 0 : 59988, 7, 2022/09/12, 09:45:55.503, 27149938857351, vstest.console.dll, Test Runtime launched
TpTrace Verbose: 0 : 59988, 7, 2022/09/12, 09:45:55.503, 27149938857688, vstest.console.dll, MulticastDelegateUtilities.SafeInvoke: HostProviderEvents.OnHostLaunched: Invoking callback 2/2 for Microsoft.VisualStudio.TestPlatform.CrossPlatEngine.Client.ProxyOperationManager.TestHostManagerHostLaunched, took 0 ms.
TpTrace Verbose: 0 : 59988, 5, 2022/09/12, 09:45:55.503, 27149938861268, vstest.console.dll, TestRequestSender.WaitForRequestHandlerConnection: waiting for connection with timeout: 90000.
TpTrace Verbose: 0 : 59988, 7, 2022/09/12, 09:45:55.640, 27149940225216, vstest.console.dll, MulticastDelegateUtilities.SafeInvoke: SocketServer: ClientConnected: Invoking callback 1/1 for Microsoft.VisualStudio.TestPlatform.CommunicationUtilities.TestRequestSender.<InitializeCommunication>b__23_0, took 0 ms.
TpTrace Verbose: 0 : 59988, 7, 2022/09/12, 09:45:55.640, 27149940226509, vstest.console.dll, SocketServer.OnClientConnected: Client connected for endPoint: 127.0.0.1:63395, starting MessageLoopAsync:
TpTrace Verbose: 0 : 59988, 5, 2022/09/12, 09:45:55.640, 27149940225818, vstest.console.dll, TestRequestSender.WaitForRequestHandlerConnection: waiting took 136 ms, with timeout 90000 ms, and result 0, which is success.
TpTrace Verbose: 0 : 59988, 14, 2022/09/12, 09:45:55.640, 27149940228484, vstest.console.dll, TcpClientExtensions.MessageLoopAsync: Polling on remoteEndPoint: 127.0.0.1:63396 localEndPoint: 127.0.0.1:63395
TpTrace Verbose: 0 : 59988, 5, 2022/09/12, 09:45:55.641, 27149940233711, vstest.console.dll, TestRequestSender.CheckVersionWithTestHost: Sending check version message: {"MessageType":"ProtocolVersion","Payload":6}
TpTrace Verbose: 0 : 59988, 14, 2022/09/12, 09:45:55.747, 27149941295009, vstest.console.dll, TcpClientExtensions.MessageLoopAsync: NotifyDataAvailable remoteEndPoint: 127.0.0.1:63396 localEndPoint: 127.0.0.1:63395
TpTrace Verbose: 0 : 59988, 14, 2022/09/12, 09:45:55.747, 27149941297800, vstest.console.dll, TestRequestSender.CheckVersionWithTestHost: onMessageReceived received message: (ProtocolVersion) -> 5
TpTrace Verbose: 0 : 59988, 14, 2022/09/12, 09:45:55.748, 27149941301406, vstest.console.dll, MulticastDelegateUtilities.SafeInvoke: LengthPrefixCommunicationChannel: MessageReceived: Invoking callback 1/1 for Microsoft.VisualStudio.TestPlatform.CommunicationUtilities.TestRequestSender+<>c__DisplayClass25_0.<CheckVersionWithTestHost>b__0, took 0 ms.
TpTrace Verbose: 0 : 59988, 5, 2022/09/12, 09:45:55.748, 27149941301908, vstest.console.dll, TestPluginCache.GetExtensionPaths: Filtered extension paths: 
TpTrace Verbose: 0 : 59988, 14, 2022/09/12, 09:45:55.748, 27149941302037, vstest.console.dll, TcpClientExtensions.MessageLoopAsync: Polling on remoteEndPoint: 127.0.0.1:63396 localEndPoint: 127.0.0.1:63395
TpTrace Verbose: 0 : 59988, 5, 2022/09/12, 09:45:55.748, 27149941302451, vstest.console.dll, TestPluginCache.GetExtensionPaths: Added default extension paths: C:\Program Files\dotnet\sdk\6.0.301\Extensions\DumpMinitool.exe
C:\Program Files\dotnet\sdk\6.0.301\Extensions\DumpMinitool.x86.exe
C:\Program Files\dotnet\sdk\6.0.301\Extensions\Microsoft.Diagnostics.NETCore.Client.dll
C:\Program Files\dotnet\sdk\6.0.301\Extensions\Microsoft.TestPlatform.Extensions.BlameDataCollector.dll
C:\Program Files\dotnet\sdk\6.0.301\Extensions\Microsoft.TestPlatform.Extensions.EventLogCollector.dll
C:\Program Files\dotnet\sdk\6.0.301\Extensions\Microsoft.TestPlatform.TestHostRuntimeProvider.dll
C:\Program Files\dotnet\sdk\6.0.301\Extensions\Microsoft.VisualStudio.TestPlatform.Extensions.Html.TestLogger.dll
C:\Program Files\dotnet\sdk\6.0.301\Extensions\Microsoft.VisualStudio.TestPlatform.Extensions.Trx.TestLogger.dll
TpTrace Verbose: 0 : 59988, 5, 2022/09/12, 09:45:55.748, 27149941303389, vstest.console.dll, TestPluginCache.GetExtensionPaths: Added unfilterableExtensionPaths: 
TpTrace Verbose: 0 : 59988, 5, 2022/09/12, 09:45:55.750, 27149941326010, vstest.console.dll, TestRequestSender.InitializeExecution: Sending initialize execution with message: {"Version":5,"MessageType":"TestExecution.Initialize","Payload":["C:\\Users\\shish\\source\\repos\\Kloudscript.Quiz\\Tests\\Kloudscript.Quiz.Url.Shortening.Test\\bin\\Debug\\netcoreapp3.1\\fine-code-coverage\\build-output\\NUnit3.TestAdapter.dll"]}
TpTrace Warning: 0 : 59988, 5, 2022/09/12, 09:45:55.750, 27149941329114, vstest.console.dll, InferRunSettingsHelper.MakeRunsettingsCompatible: Removing the following settings: TargetPlatform from RunSettings file. To use those settings please move to latest version of Microsoft.NET.Test.Sdk
TpTrace Verbose: 0 : 59988, 14, 2022/09/12, 09:45:55.755, 27149941372397, vstest.console.dll, TcpClientExtensions.MessageLoopAsync: NotifyDataAvailable remoteEndPoint: 127.0.0.1:63396 localEndPoint: 127.0.0.1:63395
TpTrace Verbose: 0 : 59988, 14, 2022/09/12, 09:45:55.755, 27149941373596, vstest.console.dll, TestRequestSender.OnExecutionMessageReceived: Received message: {"Version":5,"MessageType":"TestSession.Message","Payload":{"MessageLevel":0,"Message":"Logging TestHost Diagnostics in file: C:\\Users\\shish\\source\\repos\\Kloudscript.Quiz\\Tests\\Kloudscript.Quiz.Url.Shortening.Test\\bin\\Debug\\netcoreapp3.1\\fine-code-coverage\\coverage-tool-output\\diagnostics.host.22-09-12_09-45-55_49478_5.log"}}
TpTrace Verbose: 0 : 59988, 5, 2022/09/12, 09:45:55.756, 27149941381736, vstest.console.dll, TestRequestSender.StartTestRun: Sending test run with message: {"Version":5,"MessageType":"TestExecution.StartWithSources","Payload":{"AdapterSourceMap":{"_none_":["C:\\Users\\shish\\source\\repos\\Kloudscript.Quiz\\Tests\\Kloudscript.Quiz.Url.Shortening.Test\\bin\\Debug\\netcoreapp3.1\\fine-code-coverage\\build-output\\Kloudscript.Quiz.Url.Shortening.Test.dll"]},"RunSettings":"<RunSettings>\r\n  <RunConfiguration>\r\n    <ResultsDirectory>C:\\Users\\shish\\source\\repos\\Kloudscript.Quiz\\Tests\\Kloudscript.Quiz.Url.Shortening.Test\\bin\\Debug\\netcoreapp3.1\\fine-code-coverage\\coverage-tool-output</ResultsDirectory>\r\n    <TargetFrameworkVersion>.NETCoreApp,Version=v3.1</TargetFrameworkVersion>\r\n    <DesignMode>False</DesignMode>\r\n    <CollectSourceInformation>False</CollectSourceInformation>\r\n  </RunConfiguration>\r\n  <LoggerRunSettings>\r\n    <Loggers>\r\n      <Logger friendlyName=\"blame\" enabled=\"True\" />\r\n      <Logger friendlyName=\"Console\" uri=\"logger://microsoft/TestPlatform/ConsoleLogger/v1\" assemblyQualifiedName=\"Microsoft.VisualStudio.TestPlatform.CommandLine.Internal.ConsoleLogger, vstest.console, Version=15.0.0.0, Culture=neutral, PublicKeyToken=b03f5f7f11d50a3a\" codeBase=\"C:\\Program Files\\dotnet\\sdk\\6.0.301\\vstest.console.dll\" enabled=\"True\" />\r\n    </Loggers>\r\n  </LoggerRunSettings>\r\n  <DataCollectionRunSettings>\r\n    <DataCollectors>\r\n      <DataCollector friendlyName=\"blame\" enabled=\"True\">\r\n        <Configuration>\r\n          <ResultsDirectory>C:\\Users\\shish\\source\\repos\\Kloudscript.Quiz\\Tests\\Kloudscript.Quiz.Url.Shortening.Test\\bin\\Debug\\netcoreapp3.1\\fine-code-coverage\\coverage-tool-output</ResultsDirectory>\r\n        </Configuration>\r\n      </DataCollector>\r\n    </DataCollectors>\r\n  </DataCollectionRunSettings>\r\n</RunSettings>","TestExecutionContext":{"FrequencyOfRunStatsChangeEvent":10,"RunStatsChangeEventTimeout":"00:00:01.5000000","InIsolation":false,"KeepAlive":false,"AreTestCaseLevelEventsRequired":false,"IsDebug":false,"TestCaseFilter":null,"FilterOptions":null},"Package":null}}
TpTrace Verbose: 0 : 59988, 14, 2022/09/12, 09:45:55.756, 27149941387068, vstest.console.dll, TestRunRequest:SendTestRunMessage: Starting.
TpTrace Verbose: 0 : 59988, 14, 2022/09/12, 09:45:55.756, 27149941387791, vstest.console.dll, MulticastDelegateUtilities.SafeInvoke: TestRun.LogMessages: Invoking callback 1/1 for Microsoft.VisualStudio.TestPlatform.CommandLine.TestRunResultAggregator.TestRunMessageHandler, took 0 ms.
TpTrace Verbose: 0 : 59988, 4, 2022/09/12, 09:45:55.756, 27149941387890, vstest.console.dll, MulticastDelegateUtilities.SafeInvoke: InternalTestLoggerEvents.SendTestRunMessage: Invoking callback 1/1 for Microsoft.VisualStudio.TestPlatform.CommandLine.Internal.ConsoleLogger.TestMessageHandler, took 0 ms.
TpTrace Information: 0 : 59988, 14, 2022/09/12, 09:45:55.756, 27149941388092, vstest.console.dll, TestRunRequest:SendTestRunMessage: Completed.
TpTrace Verbose: 0 : 59988, 14, 2022/09/12, 09:45:55.756, 27149941389479, vstest.console.dll, MulticastDelegateUtilities.SafeInvoke: LengthPrefixCommunicationChannel: MessageReceived: Invoking callback 1/1 for Microsoft.VisualStudio.TestPlatform.CommunicationUtilities.TestRequestSender+<>c__DisplayClass30_0.<StartTestRun>b__1, took 1 ms.
TpTrace Verbose: 0 : 59988, 14, 2022/09/12, 09:45:55.756, 27149941389753, vstest.console.dll, TcpClientExtensions.MessageLoopAsync: Polling on remoteEndPoint: 127.0.0.1:63396 localEndPoint: 127.0.0.1:63395
TpTrace Verbose: 0 : 59988, 14, 2022/09/12, 09:45:55.878, 27149942609651, vstest.console.dll, TcpClientExtensions.MessageLoopAsync: NotifyDataAvailable remoteEndPoint: 127.0.0.1:63396 localEndPoint: 127.0.0.1:63395
TpTrace Verbose: 0 : 59988, 14, 2022/09/12, 09:45:55.878, 27149942610668, vstest.console.dll, TestRequestSender.OnExecutionMessageReceived: Received message: {"Version":5,"MessageType":"TestSession.Message","Payload":{"MessageLevel":0,"Message":"NUnit Adapter 4.2.0.0: Test execution started"}}
TpTrace Verbose: 0 : 59988, 14, 2022/09/12, 09:45:55.879, 27149942612176, vstest.console.dll, TestRunRequest:SendTestRunMessage: Starting.
TpTrace Verbose: 0 : 59988, 14, 2022/09/12, 09:45:55.879, 27149942612638, vstest.console.dll, MulticastDelegateUtilities.SafeInvoke: TestRun.LogMessages: Invoking callback 1/1 for Microsoft.VisualStudio.TestPlatform.CommandLine.TestRunResultAggregator.TestRunMessageHandler, took 0 ms.
TpTrace Verbose: 0 : 59988, 4, 2022/09/12, 09:45:55.879, 27149942612800, vstest.console.dll, MulticastDelegateUtilities.SafeInvoke: InternalTestLoggerEvents.SendTestRunMessage: Invoking callback 1/1 for Microsoft.VisualStudio.TestPlatform.CommandLine.Internal.ConsoleLogger.TestMessageHandler, took 0 ms.
TpTrace Information: 0 : 59988, 14, 2022/09/12, 09:45:55.879, 27149942612899, vstest.console.dll, TestRunRequest:SendTestRunMessage: Completed.
TpTrace Verbose: 0 : 59988, 14, 2022/09/12, 09:45:55.879, 27149942614215, vstest.console.dll, MulticastDelegateUtilities.SafeInvoke: LengthPrefixCommunicationChannel: MessageReceived: Invoking callback 1/1 for Microsoft.VisualStudio.TestPlatform.CommunicationUtilities.TestRequestSender+<>c__DisplayClass30_0.<StartTestRun>b__1, took 0 ms.
TpTrace Verbose: 0 : 59988, 14, 2022/09/12, 09:45:55.879, 27149942614488, vstest.console.dll, TcpClientExtensions.MessageLoopAsync: Polling on remoteEndPoint: 127.0.0.1:63396 localEndPoint: 127.0.0.1:63395
TpTrace Verbose: 0 : 59988, 14, 2022/09/12, 09:45:55.902, 27149942848391, vstest.console.dll, TcpClientExtensions.MessageLoopAsync: NotifyDataAvailable remoteEndPoint: 127.0.0.1:63396 localEndPoint: 127.0.0.1:63395
TpTrace Verbose: 0 : 59988, 14, 2022/09/12, 09:45:55.902, 27149942849599, vstest.console.dll, TestRequestSender.OnExecutionMessageReceived: Received message: {"Version":5,"MessageType":"TestSession.Message","Payload":{"MessageLevel":0,"Message":"Running all tests in C:\\Users\\shish\\source\\repos\\Kloudscript.Quiz\\Tests\\Kloudscript.Quiz.Url.Shortening.Test\\bin\\Debug\\netcoreapp3.1\\fine-code-coverage\\build-output\\Kloudscript.Quiz.Url.Shortening.Test.dll"}}
TpTrace Verbose: 0 : 59988, 14, 2022/09/12, 09:45:55.903, 27149942851372, vstest.console.dll, TestRunRequest:SendTestRunMessage: Starting.
TpTrace Verbose: 0 : 59988, 14, 2022/09/12, 09:45:55.903, 27149942851877, vstest.console.dll, MulticastDelegateUtilities.SafeInvoke: TestRun.LogMessages: Invoking callback 1/1 for Microsoft.VisualStudio.TestPlatform.CommandLine.TestRunResultAggregator.TestRunMessageHandler, took 0 ms.
TpTrace Verbose: 0 : 59988, 4, 2022/09/12, 09:45:55.903, 27149942852045, vstest.console.dll, MulticastDelegateUtilities.SafeInvoke: InternalTestLoggerEvents.SendTestRunMessage: Invoking callback 1/1 for Microsoft.VisualStudio.TestPlatform.CommandLine.Internal.ConsoleLogger.TestMessageHandler, took 0 ms.
TpTrace Information: 0 : 59988, 14, 2022/09/12, 09:45:55.903, 27149942852155, vstest.console.dll, TestRunRequest:SendTestRunMessage: Completed.
TpTrace Verbose: 0 : 59988, 14, 2022/09/12, 09:45:55.903, 27149942852937, vstest.console.dll, MulticastDelegateUtilities.SafeInvoke: LengthPrefixCommunicationChannel: MessageReceived: Invoking callback 1/1 for Microsoft.VisualStudio.TestPlatform.CommunicationUtilities.TestRequestSender+<>c__DisplayClass30_0.<StartTestRun>b__1, took 0 ms.
TpTrace Verbose: 0 : 59988, 14, 2022/09/12, 09:45:55.903, 27149942853194, vstest.console.dll, TcpClientExtensions.MessageLoopAsync: Polling on remoteEndPoint: 127.0.0.1:63396 localEndPoint: 127.0.0.1:63395
TpTrace Verbose: 0 : 59988, 14, 2022/09/12, 09:45:56.274, 27149946570668, vstest.console.dll, TcpClientExtensions.MessageLoopAsync: NotifyDataAvailable remoteEndPoint: 127.0.0.1:63396 localEndPoint: 127.0.0.1:63395
TpTrace Verbose: 0 : 59988, 14, 2022/09/12, 09:45:56.275, 27149946571849, vstest.console.dll, TestRequestSender.OnExecutionMessageReceived: Received message: {"Version":5,"MessageType":"TestSession.Message","Payload":{"MessageLevel":0,"Message":"   NUnit3TestExecutor discovered 16 of 16 NUnit test cases using Current Discovery mode, Non-Explicit run"}}
TpTrace Verbose: 0 : 59988, 14, 2022/09/12, 09:45:56.275, 27149946574233, vstest.console.dll, TestRunRequest:SendTestRunMessage: Starting.
TpTrace Verbose: 0 : 59988, 14, 2022/09/12, 09:45:56.275, 27149946574951, vstest.console.dll, MulticastDelegateUtilities.SafeInvoke: TestRun.LogMessages: Invoking callback 1/1 for Microsoft.VisualStudio.TestPlatform.CommandLine.TestRunResultAggregator.TestRunMessageHandler, took 0 ms.
TpTrace Information: 0 : 59988, 14, 2022/09/12, 09:45:56.275, 27149946575224, vstest.console.dll, TestRunRequest:SendTestRunMessage: Completed.
TpTrace Verbose: 0 : 59988, 4, 2022/09/12, 09:45:56.275, 27149946575703, vstest.console.dll, MulticastDelegateUtilities.SafeInvoke: InternalTestLoggerEvents.SendTestRunMessage: Invoking callback 1/1 for Microsoft.VisualStudio.TestPlatform.CommandLine.Internal.ConsoleLogger.TestMessageHandler, took 0 ms.
TpTrace Verbose: 0 : 59988, 14, 2022/09/12, 09:45:56.275, 27149946575737, vstest.console.dll, MulticastDelegateUtilities.SafeInvoke: LengthPrefixCommunicationChannel: MessageReceived: Invoking callback 1/1 for Microsoft.VisualStudio.TestPlatform.CommunicationUtilities.TestRequestSender+<>c__DisplayClass30_0.<StartTestRun>b__1, took 0 ms.
TpTrace Verbose: 0 : 59988, 14, 2022/09/12, 09:45:56.275, 27149946576684, vstest.console.dll, TcpClientExtensions.MessageLoopAsync: Polling on remoteEndPoint: 127.0.0.1:63396 localEndPoint: 127.0.0.1:63395
TpTrace Verbose: 0 : 59988, 14, 2022/09/12, 09:45:57.280, 27149956626022, vstest.console.dll, TcpClientExtensions.MessageLoopAsync: Polling on remoteEndPoint: 127.0.0.1:63396 localEndPoint: 127.0.0.1:63395
TpTrace Verbose: 0 : 59988, 14, 2022/09/12, 09:45:57.334, 27149957162527, vstest.console.dll, TcpClientExtensions.MessageLoopAsync: NotifyDataAvailable remoteEndPoint: 127.0.0.1:63396 localEndPoint: 127.0.0.1:63395
TpTrace Verbose: 0 : 59988, 14, 2022/09/12, 09:45:57.334, 27149957164370, vstest.console.dll, TestRequestSender.OnExecutionMessageReceived: Received message: {"Version":5,"MessageType":"TestExecution.StatsChange","Payload":{"NewTestResults":[{"TestCase":{"Id":"4e6971d0-9e0d-67a7-8a85-351f05759133","FullyQualifiedName":"Kloudscript.Quiz.Url.Shortening.Test.URLShorteningTest.CreateShortUrl_If_InvalidUrl_HasBeenNotEntered_Return_StatusCode_400(\"ww.nocontent\")","DisplayName":"CreateShortUrl_If_InvalidUrl_HasBeenNotEntered_Return_StatusCode_400(\"ww.nocontent\")","ExecutorUri":"executor://NUnit3TestExecutor","Source":"C:\\Users\\shish\\source\\repos\\Kloudscript.Quiz\\Tests\\Kloudscript.Quiz.Url.Shortening.Test\\bin\\Debug\\netcoreapp3.1\\fine-code-coverage\\build-output\\Kloudscript.Quiz.Url.Shortening.Test.dll","CodeFilePath":null,"LineNumber":0,"Properties":[{"Key":{"Id":"NUnit.Seed","Label":"Seed","Category":"","Description":"","Attributes":0,"ValueType":"System.String"},"Value":"1562926863"}]},"Attachments":[],"Outcome":1,"ErrorMessage":null,"ErrorStackTrace":null,"DisplayName":"CreateShortUrl_If_InvalidUrl_HasBeenNotEntered_Return_StatusCode_400(\"ww.nocontent\")","Messages":[],"ComputerName":"MSI","Duration":"00:00:00.1221910","StartTime":"2022-09-12T04:15:56.5662349+00:00","EndTime":"2022-09-12T04:15:56.6883578+00:00","Properties":[{"Key":{"Id":"NUnit.Seed","Label":"Seed","Category":"","Description":"","Attributes":0,"ValueType":"System.String"},"Value":"1562926863"}]},{"TestCase":{"Id":"cb4a5b1a-634b-8908-b416-129d17af134f","FullyQualifiedName":"Kloudscript.Quiz.Url.Shortening.Test.URLShorteningTest.CreateShortUrl_If_InvalidUrl_HasBeenNotEntered_Return_StatusCode_400(\"www\")","DisplayName":"CreateShortUrl_If_InvalidUrl_HasBeenNotEntered_Return_StatusCode_400(\"www\")","ExecutorUri":"executor://NUnit3TestExecutor","Source":"C:\\Users\\shish\\source\\repos\\Kloudscript.Quiz\\Tests\\Kloudscript.Quiz.Url.Shortening.Test\\bin\\Debug\\netcoreapp3.1\\fine-code-coverage\\build-output\\Kloudscript.Quiz.Url.Shortening.Test.dll","CodeFilePath":null,"LineNumber":0,"Properties":[{"Key":{"Id":"NUnit.Seed","Label":"Seed","Category":"","Description":"","Attributes":0,"ValueType":"System.String"},"Value":"419167534"}]},"Attachments":[],"Outcome":1,"ErrorMessage":null,"ErrorStackTrace":null,"DisplayName":"CreateShortUrl_If_InvalidUrl_HasBeenNotEntered_Return_StatusCode_400(\"www\")","Messages":[],"ComputerName":"MSI","Duration":"00:00:00.0088080","StartTime":"2022-09-12T04:15:56.689592+00:00","EndTime":"2022-09-12T04:15:56.6983983+00:00","Properties":[{"Key":{"Id":"NUnit.Seed","Label":"Seed","Category":"","Description":"","Attributes":0,"ValueType":"System.String"},"Value":"419167534"}]},{"TestCase":{"Id":"348b4f47-3a03-114a-cfe8-72acb10e8245","FullyQualifiedName":"Kloudscript.Quiz.Url.Shortening.Test.URLShorteningTest.CreateShortUrl_If_NoUrl_HasBeenEntered_Return_StatusCode_400(\"\")","DisplayName":"CreateShortUrl_If_NoUrl_HasBeenEntered_Return_StatusCode_400(\"\")","ExecutorUri":"executor://NUnit3TestExecutor","Source":"C:\\Users\\shish\\source\\repos\\Kloudscript.Quiz\\Tests\\Kloudscript.Quiz.Url.Shortening.Test\\bin\\Debug\\netcoreapp3.1\\fine-code-coverage\\build-output\\Kloudscript.Quiz.Url.Shortening.Test.dll","CodeFilePath":null,"LineNumber":0,"Properties":[{"Key":{"Id":"NUnit.Seed","Label":"Seed","Category":"","Description":"","Attributes":0,"ValueType":"System.String"},"Value":"533560113"}]},"Attachments":[],"Outcome":1,"ErrorMessage":null,"ErrorStackTrace":null,"DisplayName":"CreateShortUrl_If_NoUrl_HasBeenEntered_Return_StatusCode_400(\"\")","Messages":[],"ComputerName":"MSI","Duration":"00:00:00.0002670","StartTime":"2022-09-12T04:15:56.699597+00:00","EndTime":"2022-09-12T04:15:56.6998636+00:00","Properties":[{"Key":{"Id":"NUnit.Seed","Label":"Seed","Category":"","Description":"","Attributes":0,"ValueType":"System.String"},"Value":"533560113"}]},{"TestCase":{"Id":"5a28a935-bca6-0042-f4eb-b1419b32fe24","FullyQualifiedName":"Kloudscript.Quiz.Url.Shortening.Test.URLShorteningTest.CreateShortUrl_If_NoUrl_HasBeenEntered_Return_StatusCode_400(null)","DisplayName":"CreateShortUrl_If_NoUrl_HasBeenEntered_Return_StatusCode_400(null)","ExecutorUri":"executor://NUnit3TestExecutor","Source":"C:\\Users\\shish\\source\\repos\\Kloudscript.Quiz\\Tests\\Kloudscript.Quiz.Url.Shortening.Test\\bin\\Debug\\netcoreapp3.1\\fine-code-coverage\\build-output\\Kloudscript.Quiz.Url.Shortening.Test.dll","CodeFilePath":null,"LineNumber":0,"Properties":[{"Key":{"Id":"NUnit.Seed","Label":"Seed","Category":"","Description":"","Attributes":0,"ValueType":"System.String"},"Value":"1762900482"}]},"Attachments":[],"Outcome":1,"ErrorMessage":null,"ErrorStackTrace":null,"DisplayName":"CreateShortUrl_If_NoUrl_HasBeenEntered_Return_StatusCode_400(null)","Messages":[],"ComputerName":"MSI","Duration":"00:00:00.0000810","StartTime":"2022-09-12T04:15:56.6998711+00:00","EndTime":"2022-09-12T04:15:56.6999521+00:00","Properties":[{"Key":{"Id":"NUnit.Seed","Label":"Seed","Category":"","Description":"","Attributes":0,"ValueType":"System.String"},"Value":"1762900482"}]}],"TestRunStatistics":{"ExecutedTests":4,"Stats":{"Passed":4}},"ActiveTests":[{"Id":"7194a175-91f7-7abe-88be-ac25dfaf0602","FullyQualifiedName":"Kloudscript.Quiz.Url.Shortening.Test.URLShorteningTest.CreateShortUrl_Return_Status_200","DisplayName":"CreateShortUrl_Return_Status_200","ExecutorUri":"executor://NUnit3TestExecutor","Source":"C:\\Users\\shish\\source\\repos\\Kloudscript.Quiz\\Tests\\Kloudscript.Quiz.Url.Shortening.Test\\bin\\Debug\\netcoreapp3.1\\fine-code-coverage\\build-output\\Kloudscript.Quiz.Url.Shortening.Test.dll","CodeFilePath":null,"LineNumber":0,"Properties":[{"Key":{"Id":"NUnit.Seed","Label":"Seed","Category":"","Description":"","Attributes":0,"ValueType":"System.String"},"Value":"1863678425"}]}]}}
TpTrace Verbose: 0 : 59988, 14, 2022/09/12, 09:45:57.358, 27149957410926, vstest.console.dll, TestRunRequest:SendTestRunStatsChange: Starting.
TpTrace Verbose: 0 : 59988, 14, 2022/09/12, 09:45:57.359, 27149957412211, vstest.console.dll, InProgress is CreateShortUrl_Return_Status_200
TpTrace Verbose: 0 : 59988, 14, 2022/09/12, 09:45:57.359, 27149957413609, vstest.console.dll, MulticastDelegateUtilities.SafeInvoke: TestRun.RunStatsChanged: Invoking callbacks was skipped because there are no subscribers.
TpTrace Information: 0 : 59988, 14, 2022/09/12, 09:45:57.359, 27149957413937, vstest.console.dll, TestRunRequest:SendTestRunStatsChange: Completed.
TpTrace Verbose: 0 : 59988, 14, 2022/09/12, 09:45:57.359, 27149957414241, vstest.console.dll, MulticastDelegateUtilities.SafeInvoke: LengthPrefixCommunicationChannel: MessageReceived: Invoking callback 1/1 for Microsoft.VisualStudio.TestPlatform.CommunicationUtilities.TestRequestSender+<>c__DisplayClass30_0.<StartTestRun>b__1, took 25 ms.
TpTrace Verbose: 0 : 59988, 14, 2022/09/12, 09:45:57.359, 27149957414514, vstest.console.dll, TcpClientExtensions.MessageLoopAsync: Polling on remoteEndPoint: 127.0.0.1:63396 localEndPoint: 127.0.0.1:63395
TpTrace Verbose: 0 : 59988, 4, 2022/09/12, 09:45:57.361, 27149957437426, vstest.console.dll, MulticastDelegateUtilities.SafeInvoke: InternalTestLoggerEvents.SendTestResult: Invoking callback 1/1 for Microsoft.VisualStudio.TestPlatform.CommandLine.Internal.ConsoleLogger.TestResultHandler, took 2 ms.
TpTrace Verbose: 0 : 59988, 4, 2022/09/12, 09:45:57.361, 27149957438122, vstest.console.dll, MulticastDelegateUtilities.SafeInvoke: InternalTestLoggerEvents.SendTestResult: Invoking callback 1/1 for Microsoft.VisualStudio.TestPlatform.CommandLine.Internal.ConsoleLogger.TestResultHandler, took 0 ms.
TpTrace Verbose: 0 : 59988, 4, 2022/09/12, 09:45:57.361, 27149957438515, vstest.console.dll, MulticastDelegateUtilities.SafeInvoke: InternalTestLoggerEvents.SendTestResult: Invoking callback 1/1 for Microsoft.VisualStudio.TestPlatform.CommandLine.Internal.ConsoleLogger.TestResultHandler, took 0 ms.
TpTrace Verbose: 0 : 59988, 4, 2022/09/12, 09:45:57.361, 27149957438835, vstest.console.dll, MulticastDelegateUtilities.SafeInvoke: InternalTestLoggerEvents.SendTestResult: Invoking callback 1/1 for Microsoft.VisualStudio.TestPlatform.CommandLine.Internal.ConsoleLogger.TestResultHandler, took 0 ms.
TpTrace Verbose: 0 : 59988, 14, 2022/09/12, 09:45:57.457, 27149958395937, vstest.console.dll, TcpClientExtensions.MessageLoopAsync: NotifyDataAvailable remoteEndPoint: 127.0.0.1:63396 localEndPoint: 127.0.0.1:63395
TpTrace Verbose: 0 : 59988, 14, 2022/09/12, 09:45:57.457, 27149958397577, vstest.console.dll, TestRequestSender.OnExecutionMessageReceived: Received message: {"Version":5,"MessageType":"TestExecution.StatsChange","Payload":{"NewTestResults":[{"TestCase":{"Id":"7194a175-91f7-7abe-88be-ac25dfaf0602","FullyQualifiedName":"Kloudscript.Quiz.Url.Shortening.Test.URLShorteningTest.CreateShortUrl_Return_Status_200","DisplayName":"CreateShortUrl_Return_Status_200","ExecutorUri":"executor://NUnit3TestExecutor","Source":"C:\\Users\\shish\\source\\repos\\Kloudscript.Quiz\\Tests\\Kloudscript.Quiz.Url.Shortening.Test\\bin\\Debug\\netcoreapp3.1\\fine-code-coverage\\build-output\\Kloudscript.Quiz.Url.Shortening.Test.dll","CodeFilePath":null,"LineNumber":0,"Properties":[{"Key":{"Id":"NUnit.Seed","Label":"Seed","Category":"","Description":"","Attributes":0,"ValueType":"System.String"},"Value":"1863678425"}]},"Attachments":[],"Outcome":1,"ErrorMessage":null,"ErrorStackTrace":null,"DisplayName":"CreateShortUrl_Return_Status_200","Messages":[],"ComputerName":"MSI","Duration":"00:00:00.6988080","StartTime":"2022-09-12T04:15:56.7000251+00:00","EndTime":"2022-09-12T04:15:57.3988319+00:00","Properties":[{"Key":{"Id":"NUnit.Seed","Label":"Seed","Category":"","Description":"","Attributes":0,"ValueType":"System.String"},"Value":"1863678425"}]},{"TestCase":{"Id":"acc995fd-8c45-bb5e-8a26-902818817a5f","FullyQualifiedName":"Kloudscript.Quiz.Url.Shortening.Test.URLShorteningTest.GetForwardFullUrl_If_InvalidUrl_HasBeenNotEntered_Return_StatusCode_400(\"ww.nocontent\")","DisplayName":"GetForwardFullUrl_If_InvalidUrl_HasBeenNotEntered_Return_StatusCode_400(\"ww.nocontent\")","ExecutorUri":"executor://NUnit3TestExecutor","Source":"C:\\Users\\shish\\source\\repos\\Kloudscript.Quiz\\Tests\\Kloudscript.Quiz.Url.Shortening.Test\\bin\\Debug\\netcoreapp3.1\\fine-code-coverage\\build-output\\Kloudscript.Quiz.Url.Shortening.Test.dll","CodeFilePath":null,"LineNumber":0,"Properties":[{"Key":{"Id":"NUnit.Seed","Label":"Seed","Category":"","Description":"","Attributes":0,"ValueType":"System.String"},"Value":"260646574"}]},"Attachments":[],"Outcome":1,"ErrorMessage":null,"ErrorStackTrace":null,"DisplayName":"GetForwardFullUrl_If_InvalidUrl_HasBeenNotEntered_Return_StatusCode_400(\"ww.nocontent\")","Messages":[],"ComputerName":"MSI","Duration":"00:00:00.0094950","StartTime":"2022-09-12T04:15:57.3988713+00:00","EndTime":"2022-09-12T04:15:57.4083647+00:00","Properties":[{"Key":{"Id":"NUnit.Seed","Label":"Seed","Category":"","Description":"","Attributes":0,"ValueType":"System.String"},"Value":"260646574"}]},{"TestCase":{"Id":"87f5bb42-d914-1450-c8af-f2bea7e1ba0c","FullyQualifiedName":"Kloudscript.Quiz.Url.Shortening.Test.URLShorteningTest.GetForwardFullUrl_If_InvalidUrl_HasBeenNotEntered_Return_StatusCode_400(\"www\")","DisplayName":"GetForwardFullUrl_If_InvalidUrl_HasBeenNotEntered_Return_StatusCode_400(\"www\")","ExecutorUri":"executor://NUnit3TestExecutor","Source":"C:\\Users\\shish\\source\\repos\\Kloudscript.Quiz\\Tests\\Kloudscript.Quiz.Url.Shortening.Test\\bin\\Debug\\netcoreapp3.1\\fine-code-coverage\\build-output\\Kloudscript.Quiz.Url.Shortening.Test.dll","CodeFilePath":null,"LineNumber":0,"Properties":[{"Key":{"Id":"NUnit.Seed","Label":"Seed","Category":"","Description":"","Attributes":0,"ValueType":"System.String"},"Value":"231045064"}]},"Attachments":[],"Outcome":1,"ErrorMessage":null,"ErrorStackTrace":null,"DisplayName":"GetForwardFullUrl_If_InvalidUrl_HasBeenNotEntered_Return_StatusCode_400(\"www\")","Messages":[],"ComputerName":"MSI","Duration":"00:00:00.0087150","StartTime":"2022-09-12T04:15:57.408387+00:00","EndTime":"2022-09-12T04:15:57.4171009+00:00","Properties":[{"Key":{"Id":"NUnit.Seed","Label":"Seed","Category":"","Description":"","Attributes":0,"ValueType":"System.String"},"Value":"231045064"}]},{"TestCase":{"Id":"4d672938-7611-66d4-e601-4dfa3194db97","FullyQualifiedName":"Kloudscript.Quiz.Url.Shortening.Test.URLShorteningTest.GetForwardFullUrl_If_NoUrl_HasBeenEntered_Return_Status_400(\"\")","DisplayName":"GetForwardFullUrl_If_NoUrl_HasBeenEntered_Return_Status_400(\"\")","ExecutorUri":"executor://NUnit3TestExecutor","Source":"C:\\Users\\shish\\source\\repos\\Kloudscript.Quiz\\Tests\\Kloudscript.Quiz.Url.Shortening.Test\\bin\\Debug\\netcoreapp3.1\\fine-code-coverage\\build-output\\Kloudscript.Quiz.Url.Shortening.Test.dll","CodeFilePath":null,"LineNumber":0,"Properties":[{"Key":{"Id":"NUnit.Seed","Label":"Seed","Category":"","Description":"","Attributes":0,"ValueType":"System.String"},"Value":"1310162588"}]},"Attachments":[],"Outcome":1,"ErrorMessage":null,"ErrorStackTrace":null,"DisplayName":"GetForwardFullUrl_If_NoUrl_HasBeenEntered_Return_Status_400(\"\")","Messages":[],"ComputerName":"MSI","Duration":"00:00:00.0002130","StartTime":"2022-09-12T04:15:57.4171427+00:00","EndTime":"2022-09-12T04:15:57.4173558+00:00","Properties":[{"Key":{"Id":"NUnit.Seed","Label":"Seed","Category":"","Description":"","Attributes":0,"ValueType":"System.String"},"Value":"1310162588"}]},{"TestCase":{"Id":"c926c604-a4b3-68af-1365-96f55169eaf8","FullyQualifiedName":"Kloudscript.Quiz.Url.Shortening.Test.URLShorteningTest.GetForwardFullUrl_If_NoUrl_HasBeenEntered_Return_Status_400(null)","DisplayName":"GetForwardFullUrl_If_NoUrl_HasBeenEntered_Return_Status_400(null)","ExecutorUri":"executor://NUnit3TestExecutor","Source":"C:\\Users\\shish\\source\\repos\\Kloudscript.Quiz\\Tests\\Kloudscript.Quiz.Url.Shortening.Test\\bin\\Debug\\netcoreapp3.1\\fine-code-coverage\\build-output\\Kloudscript.Quiz.Url.Shortening.Test.dll","CodeFilePath":null,"LineNumber":0,"Properties":[{"Key":{"Id":"NUnit.Seed","Label":"Seed","Category":"","Description":"","Attributes":0,"ValueType":"System.String"},"Value":"1162892495"}]},"Attachments":[],"Outcome":1,"ErrorMessage":null,"ErrorStackTrace":null,"DisplayName":"GetForwardFullUrl_If_NoUrl_HasBeenEntered_Return_Status_400(null)","Messages":[],"ComputerName":"MSI","Duration":"00:00:00.0000550","StartTime":"2022-09-12T04:15:57.4173627+00:00","EndTime":"2022-09-12T04:15:57.4174177+00:00","Properties":[{"Key":{"Id":"NUnit.Seed","Label":"Seed","Category":"","Description":"","Attributes":0,"ValueType":"System.String"},"Value":"1162892495"}]},{"TestCase":{"Id":"fd420514-57a2-6d55-7e5c-d79adbea3c7d","FullyQualifiedName":"Kloudscript.Quiz.Url.Shortening.Test.URLShorteningTest.GetForwardFullUrl_Return_Status_200","DisplayName":"GetForwardFullUrl_Return_Status_200","ExecutorUri":"executor://NUnit3TestExecutor","Source":"C:\\Users\\shish\\source\\repos\\Kloudscript.Quiz\\Tests\\Kloudscript.Quiz.Url.Shortening.Test\\bin\\Debug\\netcoreapp3.1\\fine-code-coverage\\build-output\\Kloudscript.Quiz.Url.Shortening.Test.dll","CodeFilePath":null,"LineNumber":0,"Properties":[{"Key":{"Id":"NUnit.Seed","Label":"Seed","Category":"","Description":"","Attributes":0,"ValueType":"System.String"},"Value":"570264899"}]},"Attachments":[],"Outcome":1,"ErrorMessage":null,"ErrorStackTrace":null,"DisplayName":"GetForwardFullUrl_Return_Status_200","Messages":[],"ComputerName":"MSI","Duration":"00:00:00.0169750","StartTime":"2022-09-12T04:15:57.4174319+00:00","EndTime":"2022-09-12T04:15:57.4344059+00:00","Properties":[{"Key":{"Id":"NUnit.Seed","Label":"Seed","Category":"","Description":"","Attributes":0,"ValueType":"System.String"},"Value":"570264899"}]},{"TestCase":{"Id":"a002f6b5-5b80-3c43-99f5-80e654d9d90e","FullyQualifiedName":"Kloudscript.Quiz.Url.Shortening.Test.URLShorteningTest.GetResolvedUrl_If_InvalidUrl_HasBeenNotEntered_Return_StatusCode_400(\"ww.nocontent\")","DisplayName":"GetResolvedUrl_If_InvalidUrl_HasBeenNotEntered_Return_StatusCode_400(\"ww.nocontent\")","ExecutorUri":"executor://NUnit3TestExecutor","Source":"C:\\Users\\shish\\source\\repos\\Kloudscript.Quiz\\Tests\\Kloudscript.Quiz.Url.Shortening.Test\\bin\\Debug\\netcoreapp3.1\\fine-code-coverage\\build-output\\Kloudscript.Quiz.Url.Shortening.Test.dll","CodeFilePath":null,"LineNumber":0,"Properties":[{"Key":{"Id":"NUnit.Seed","Label":"Seed","Category":"","Description":"","Attributes":0,"ValueType":"System.String"},"Value":"1273408785"}]},"Attachments":[],"Outcome":1,"ErrorMessage":null,"ErrorStackTrace":null,"DisplayName":"GetResolvedUrl_If_InvalidUrl_HasBeenNotEntered_Return_StatusCode_400(\"ww.nocontent\")","Messages":[],"ComputerName":"MSI","Duration":"00:00:00.0101160","StartTime":"2022-09-12T04:15:57.4344697+00:00","EndTime":"2022-09-12T04:15:57.4445842+00:00","Properties":[{"Key":{"Id":"NUnit.Seed","Label":"Seed","Category":"","Description":"","Attributes":0,"ValueType":"System.String"},"Value":"1273408785"}]},{"TestCase":{"Id":"058ee6d8-cdd1-c7ee-16bf-f55b0b41b7b1","FullyQualifiedName":"Kloudscript.Quiz.Url.Shortening.Test.URLShorteningTest.GetResolvedUrl_If_InvalidUrl_HasBeenNotEntered_Return_StatusCode_400(\"www\")","DisplayName":"GetResolvedUrl_If_InvalidUrl_HasBeenNotEntered_Return_StatusCode_400(\"www\")","ExecutorUri":"executor://NUnit3TestExecutor","Source":"C:\\Users\\shish\\source\\repos\\Kloudscript.Quiz\\Tests\\Kloudscript.Quiz.Url.Shortening.Test\\bin\\Debug\\netcoreapp3.1\\fine-code-coverage\\build-output\\Kloudscript.Quiz.Url.Shortening.Test.dll","CodeFilePath":null,"LineNumber":0,"Properties":[{"Key":{"Id":"NUnit.Seed","Label":"Seed","Category":"","Description":"","Attributes":0,"ValueType":"System.String"},"Value":"209734772"}]},"Attachments":[],"Outcome":1,"ErrorMessage":null,"ErrorStackTrace":null,"DisplayName":"GetResolvedUrl_If_InvalidUrl_HasBeenNotEntered_Return_StatusCode_400(\"www\")","Messages":[],"ComputerName":"MSI","Duration":"00:00:00.0093320","StartTime":"2022-09-12T04:15:57.4446054+00:00","EndTime":"2022-09-12T04:15:57.4539349+00:00","Properties":[{"Key":{"Id":"NUnit.Seed","Label":"Seed","Category":"","Description":"","Attributes":0,"ValueType":"System.String"},"Value":"209734772"}]},{"TestCase":{"Id":"da7e6bfc-04c9-defe-446f-d6d07fd7b087","FullyQualifiedName":"Kloudscript.Quiz.Url.Shortening.Test.URLShorteningTest.GetResolvedUrl_If_NoUrl_HasBeenEntered_Return_Status_400(\"\")","DisplayName":"GetResolvedUrl_If_NoUrl_HasBeenEntered_Return_Status_400(\"\")","ExecutorUri":"executor://NUnit3TestExecutor","Source":"C:\\Users\\shish\\source\\repos\\Kloudscript.Quiz\\Tests\\Kloudscript.Quiz.Url.Shortening.Test\\bin\\Debug\\netcoreapp3.1\\fine-code-coverage\\build-output\\Kloudscript.Quiz.Url.Shortening.Test.dll","CodeFilePath":null,"LineNumber":0,"Properties":[{"Key":{"Id":"NUnit.Seed","Label":"Seed","Category":"","Description":"","Attributes":0,"ValueType":"System.String"},"Value":"820298430"}]},"Attachments":[],"Outcome":1,"ErrorMessage":null,"ErrorStackTrace":null,"DisplayName":"GetResolvedUrl_If_NoUrl_HasBeenEntered_Return_Status_400(\"\")","Messages":[],"ComputerName":"MSI","Duration":"00:00:00.0002740","StartTime":"2022-09-12T04:15:57.4539954+00:00","EndTime":"2022-09-12T04:15:57.4542692+00:00","Properties":[{"Key":{"Id":"NUnit.Seed","Label":"Seed","Category":"","Description":"","Attributes":0,"ValueType":"System.String"},"Value":"820298430"}]}],"TestRunStatistics":{"ExecutedTests":13,"Stats":{"Passed":13}},"ActiveTests":[{"Id":"f6c646e6-cd01-5738-ba54-b349afa71291","FullyQualifiedName":"Kloudscript.Quiz.Url.Shortening.Test.URLShorteningTest.GetResolvedUrl_If_NoUrl_HasBeenEntered_Return_Status_400(null)","DisplayName":"GetResolvedUrl_If_NoUrl_HasBeenEntered_Return_Status_400(null)","ExecutorUri":"executor://NUnit3TestExecutor","Source":"C:\\Users\\shish\\source\\repos\\Kloudscript.Quiz\\Tests\\Kloudscript.Quiz.Url.Shortening.Test\\bin\\Debug\\netcoreapp3.1\\fine-code-coverage\\build-output\\Kloudscript.Quiz.Url.Shortening.Test.dll","CodeFilePath":null,"LineNumber":0,"Properties":[{"Key":{"Id":"NUnit.Seed","Label":"Seed","Category":"","Description":"","Attributes":0,"ValueType":"System.String"},"Value":"1428321898"}]}]}}
TpTrace Verbose: 0 : 59988, 14, 2022/09/12, 09:45:57.459, 27149958420147, vstest.console.dll, TestRunRequest:SendTestRunStatsChange: Starting.
TpTrace Verbose: 0 : 59988, 14, 2022/09/12, 09:45:57.459, 27149958420710, vstest.console.dll, InProgress is GetResolvedUrl_If_NoUrl_HasBeenEntered_Return_Status_400(null)
TpTrace Verbose: 0 : 59988, 14, 2022/09/12, 09:45:57.459, 27149958421210, vstest.console.dll, MulticastDelegateUtilities.SafeInvoke: TestRun.RunStatsChanged: Invoking callbacks was skipped because there are no subscribers.
TpTrace Information: 0 : 59988, 14, 2022/09/12, 09:45:57.460, 27149958421446, vstest.console.dll, TestRunRequest:SendTestRunStatsChange: Completed.
TpTrace Verbose: 0 : 59988, 4, 2022/09/12, 09:45:57.460, 27149958421515, vstest.console.dll, MulticastDelegateUtilities.SafeInvoke: InternalTestLoggerEvents.SendTestResult: Invoking callback 1/1 for Microsoft.VisualStudio.TestPlatform.CommandLine.Internal.ConsoleLogger.TestResultHandler, took 0 ms.
TpTrace Verbose: 0 : 59988, 14, 2022/09/12, 09:45:57.460, 27149958421686, vstest.console.dll, MulticastDelegateUtilities.SafeInvoke: LengthPrefixCommunicationChannel: MessageReceived: Invoking callback 1/1 for Microsoft.VisualStudio.TestPlatform.CommunicationUtilities.TestRequestSender+<>c__DisplayClass30_0.<StartTestRun>b__1, took 2 ms.
TpTrace Verbose: 0 : 59988, 4, 2022/09/12, 09:45:57.460, 27149958422181, vstest.console.dll, MulticastDelegateUtilities.SafeInvoke: InternalTestLoggerEvents.SendTestResult: Invoking callback 1/1 for Microsoft.VisualStudio.TestPlatform.CommandLine.Internal.ConsoleLogger.TestResultHandler, took 0 ms.
TpTrace Verbose: 0 : 59988, 14, 2022/09/12, 09:45:57.460, 27149958422312, vstest.console.dll, TcpClientExtensions.MessageLoopAsync: Polling on remoteEndPoint: 127.0.0.1:63396 localEndPoint: 127.0.0.1:63395
TpTrace Verbose: 0 : 59988, 4, 2022/09/12, 09:45:57.460, 27149958422751, vstest.console.dll, MulticastDelegateUtilities.SafeInvoke: InternalTestLoggerEvents.SendTestResult: Invoking callback 1/1 for Microsoft.VisualStudio.TestPlatform.CommandLine.Internal.ConsoleLogger.TestResultHandler, took 0 ms.
TpTrace Verbose: 0 : 59988, 4, 2022/09/12, 09:45:57.460, 27149958423142, vstest.console.dll, MulticastDelegateUtilities.SafeInvoke: InternalTestLoggerEvents.SendTestResult: Invoking callback 1/1 for Microsoft.VisualStudio.TestPlatform.CommandLine.Internal.ConsoleLogger.TestResultHandler, took 0 ms.
TpTrace Verbose: 0 : 59988, 4, 2022/09/12, 09:45:57.461, 27149958437580, vstest.console.dll, MulticastDelegateUtilities.SafeInvoke: InternalTestLoggerEvents.SendTestResult: Invoking callback 1/1 for Microsoft.VisualStudio.TestPlatform.CommandLine.Internal.ConsoleLogger.TestResultHandler, took 1 ms.
TpTrace Verbose: 0 : 59988, 4, 2022/09/12, 09:45:57.461, 27149958438180, vstest.console.dll, MulticastDelegateUtilities.SafeInvoke: InternalTestLoggerEvents.SendTestResult: Invoking callback 1/1 for Microsoft.VisualStudio.TestPlatform.CommandLine.Internal.ConsoleLogger.TestResultHandler, took 0 ms.
TpTrace Verbose: 0 : 59988, 4, 2022/09/12, 09:45:57.461, 27149958438583, vstest.console.dll, MulticastDelegateUtilities.SafeInvoke: InternalTestLoggerEvents.SendTestResult: Invoking callback 1/1 for Microsoft.VisualStudio.TestPlatform.CommandLine.Internal.ConsoleLogger.TestResultHandler, took 0 ms.
TpTrace Verbose: 0 : 59988, 4, 2022/09/12, 09:45:57.461, 27149958438944, vstest.console.dll, MulticastDelegateUtilities.SafeInvoke: InternalTestLoggerEvents.SendTestResult: Invoking callback 1/1 for Microsoft.VisualStudio.TestPlatform.CommandLine.Internal.ConsoleLogger.TestResultHandler, took 0 ms.
TpTrace Verbose: 0 : 59988, 4, 2022/09/12, 09:45:57.461, 27149958439270, vstest.console.dll, MulticastDelegateUtilities.SafeInvoke: InternalTestLoggerEvents.SendTestResult: Invoking callback 1/1 for Microsoft.VisualStudio.TestPlatform.CommandLine.Internal.ConsoleLogger.TestResultHandler, took 0 ms.
TpTrace Verbose: 0 : 59988, 14, 2022/09/12, 09:45:57.519, 27149959012531, vstest.console.dll, TcpClientExtensions.MessageLoopAsync: NotifyDataAvailable remoteEndPoint: 127.0.0.1:63396 localEndPoint: 127.0.0.1:63395
TpTrace Verbose: 0 : 59988, 14, 2022/09/12, 09:45:57.519, 27149959013471, vstest.console.dll, TestRequestSender.OnExecutionMessageReceived: Received message: {"Version":5,"MessageType":"TestSession.Message","Payload":{"MessageLevel":0,"Message":"NUnit Adapter 4.2.0.0: Test execution complete"}}
TpTrace Verbose: 0 : 59988, 14, 2022/09/12, 09:45:57.519, 27149959014623, vstest.console.dll, TestRunRequest:SendTestRunMessage: Starting.
TpTrace Verbose: 0 : 59988, 14, 2022/09/12, 09:45:57.519, 27149959015137, vstest.console.dll, MulticastDelegateUtilities.SafeInvoke: TestRun.LogMessages: Invoking callback 1/1 for Microsoft.VisualStudio.TestPlatform.CommandLine.TestRunResultAggregator.TestRunMessageHandler, took 0 ms.
TpTrace Information: 0 : 59988, 14, 2022/09/12, 09:45:57.519, 27149959015387, vstest.console.dll, TestRunRequest:SendTestRunMessage: Completed.
TpTrace Verbose: 0 : 59988, 4, 2022/09/12, 09:45:57.519, 27149959015517, vstest.console.dll, MulticastDelegateUtilities.SafeInvoke: InternalTestLoggerEvents.SendTestRunMessage: Invoking callback 1/1 for Microsoft.VisualStudio.TestPlatform.CommandLine.Internal.ConsoleLogger.TestMessageHandler, took 0 ms.
TpTrace Verbose: 0 : 59988, 14, 2022/09/12, 09:45:57.519, 27149959015614, vstest.console.dll, MulticastDelegateUtilities.SafeInvoke: LengthPrefixCommunicationChannel: MessageReceived: Invoking callback 1/1 for Microsoft.VisualStudio.TestPlatform.CommunicationUtilities.TestRequestSender+<>c__DisplayClass30_0.<StartTestRun>b__1, took 0 ms.
TpTrace Verbose: 0 : 59988, 14, 2022/09/12, 09:45:57.519, 27149959016260, vstest.console.dll, TcpClientExtensions.MessageLoopAsync: Polling on remoteEndPoint: 127.0.0.1:63396 localEndPoint: 127.0.0.1:63395
TpTrace Verbose: 0 : 59988, 14, 2022/09/12, 09:45:57.532, 27149959141561, vstest.console.dll, TcpClientExtensions.MessageLoopAsync: NotifyDataAvailable remoteEndPoint: 127.0.0.1:63396 localEndPoint: 127.0.0.1:63395
TpTrace Verbose: 0 : 59988, 14, 2022/09/12, 09:45:57.532, 27149959142896, vstest.console.dll, TestRequestSender.OnExecutionMessageReceived: Received message: {"Version":5,"MessageType":"TestExecution.Completed","Payload":{"TestRunCompleteArgs":{"TestRunStatistics":{"ExecutedTests":16,"Stats":{"Passed":15,"Failed":1}},"IsCanceled":false,"IsAborted":false,"Error":null,"AttachmentSets":[],"ElapsedTimeInRunningTests":"00:00:01.6583309","Metrics":{}},"LastRunTests":{"NewTestResults":[{"TestCase":{"Id":"f6c646e6-cd01-5738-ba54-b349afa71291","FullyQualifiedName":"Kloudscript.Quiz.Url.Shortening.Test.URLShorteningTest.GetResolvedUrl_If_NoUrl_HasBeenEntered_Return_Status_400(null)","DisplayName":"GetResolvedUrl_If_NoUrl_HasBeenEntered_Return_Status_400(null)","ExecutorUri":"executor://NUnit3TestExecutor","Source":"C:\\Users\\shish\\source\\repos\\Kloudscript.Quiz\\Tests\\Kloudscript.Quiz.Url.Shortening.Test\\bin\\Debug\\netcoreapp3.1\\fine-code-coverage\\build-output\\Kloudscript.Quiz.Url.Shortening.Test.dll","CodeFilePath":null,"LineNumber":0,"Properties":[{"Key":{"Id":"NUnit.Seed","Label":"Seed","Category":"","Description":"","Attributes":0,"ValueType":"System.String"},"Value":"1428321898"}]},"Attachments":[],"Outcome":1,"ErrorMessage":null,"ErrorStackTrace":null,"DisplayName":"GetResolvedUrl_If_NoUrl_HasBeenEntered_Return_Status_400(null)","Messages":[],"ComputerName":"MSI","Duration":"00:00:00.0000610","StartTime":"2022-09-12T04:15:57.4542782+00:00","EndTime":"2022-09-12T04:15:57.4543389+00:00","Properties":[{"Key":{"Id":"NUnit.Seed","Label":"Seed","Category":"","Description":"","Attributes":0,"ValueType":"System.String"},"Value":"1428321898"}]},{"TestCase":{"Id":"257b05f9-6283-9ddd-6d0d-ecfdfef1f723","FullyQualifiedName":"Kloudscript.Quiz.Url.Shortening.Test.URLShorteningTest.GetResolvedUrl_If_ShortUrlIsValid_ButNoOriginalUrlFound_Return_StatusCode_404","DisplayName":"GetResolvedUrl_If_ShortUrlIsValid_ButNoOriginalUrlFound_Return_StatusCode_404","ExecutorUri":"executor://NUnit3TestExecutor","Source":"C:\\Users\\shish\\source\\repos\\Kloudscript.Quiz\\Tests\\Kloudscript.Quiz.Url.Shortening.Test\\bin\\Debug\\netcoreapp3.1\\fine-code-coverage\\build-output\\Kloudscript.Quiz.Url.Shortening.Test.dll","CodeFilePath":null,"LineNumber":0,"Properties":[{"Key":{"Id":"NUnit.Seed","Label":"Seed","Category":"","Description":"","Attributes":0,"ValueType":"System.String"},"Value":"360832319"}]},"Attachments":[],"Outcome":1,"ErrorMessage":null,"ErrorStackTrace":null,"DisplayName":"GetResolvedUrl_If_ShortUrlIsValid_ButNoOriginalUrlFound_Return_StatusCode_404","Messages":[],"ComputerName":"MSI","Duration":"00:00:00.0252380","StartTime":"2022-09-12T04:15:57.4543533+00:00","EndTime":"2022-09-12T04:15:57.4795902+00:00","Properties":[{"Key":{"Id":"NUnit.Seed","Label":"Seed","Category":"","Description":"","Attributes":0,"ValueType":"System.String"},"Value":"360832319"}]},{"TestCase":{"Id":"80d64e7b-9d9c-dcef-be59-929a252fceb7","FullyQualifiedName":"Kloudscript.Quiz.Url.Shortening.Test.URLShorteningTest.GetResolvedUrl_Return_Status_200","DisplayName":"GetResolvedUrl_Return_Status_200","ExecutorUri":"executor://NUnit3TestExecutor","Source":"C:\\Users\\shish\\source\\repos\\Kloudscript.Quiz\\Tests\\Kloudscript.Quiz.Url.Shortening.Test\\bin\\Debug\\netcoreapp3.1\\fine-code-coverage\\build-output\\Kloudscript.Quiz.Url.Shortening.Test.dll","CodeFilePath":null,"LineNumber":0,"Properties":[{"Key":{"Id":"NUnit.Seed","Label":"Seed","Category":"","Description":"","Attributes":0,"ValueType":"System.String"},"Value":"656658902"}]},"Attachments":[],"Outcome":2,"ErrorMessage":"  Expected: not null\r\n  But was:  null\r\n","ErrorStackTrace":"   at Kloudscript.Quiz.Url.Shortening.Test.URLShorteningTest.GetResolvedUrl_Return_Status_200() in C:\\Users\\shish\\source\\repos\\Kloudscript.Quiz\\Tests\\Kloudscript.Quiz.Url.Shortening.Test\\UnitTestURLShortening.cs:line 92\r\n","DisplayName":"GetResolvedUrl_Return_Status_200","Messages":[],"ComputerName":"MSI","Duration":"00:00:00.0340830","StartTime":"2022-09-12T04:15:57.4796068+00:00","EndTime":"2022-09-12T04:15:57.5136883+00:00","Properties":[{"Key":{"Id":"NUnit.Seed","Label":"Seed","Category":"","Description":"","Attributes":0,"ValueType":"System.String"},"Value":"656658902"}]}],"TestRunStatistics":{"ExecutedTests":16,"Stats":{"Passed":15,"Failed":1}},"ActiveTests":[]},"RunAttachments":[],"ExecutorUris":["executor://nunit3testexecutor/"]}}
TpTrace Verbose: 0 : 59988, 14, 2022/09/12, 09:45:57.532, 27149959145218, vstest.console.dll, TestRequestSender.EndSession: Sending end session.
TpTrace Verbose: 0 : 59988, 14, 2022/09/12, 09:45:57.532, 27149959146364, vstest.console.dll, ProxyOperationManager.Close: waiting for test host to exit for 100 ms
TpTrace Warning: 0 : 59988, 13, 2022/09/12, 09:45:57.547, 27149959297445, vstest.console.dll, TestHostManagerCallbacks.ErrorReceivedCallback Test host standard error line: 
TpTrace Verbose: 0 : 59988, 13, 2022/09/12, 09:45:57.565, 27149959476995, vstest.console.dll, TestHostProvider.ExitCallBack: Host exited starting callback.
TpTrace Information: 0 : 59988, 13, 2022/09/12, 09:45:57.565, 27149959480168, vstest.console.dll, TestHostManagerCallbacks.ExitCallBack: Testhost processId: 46536 exited with exitcode: 0 error: ''
TpTrace Verbose: 0 : 59988, 13, 2022/09/12, 09:45:57.565, 27149959480612, vstest.console.dll, DotnetTestHostManager.OnHostExited: invoking OnHostExited callback
TpTrace Verbose: 0 : 59988, 13, 2022/09/12, 09:45:57.565, 27149959481069, vstest.console.dll, CrossPlatEngine.TestHostManagerHostExited: calling on client process exit callback.
TpTrace Information: 0 : 59988, 13, 2022/09/12, 09:45:57.566, 27149959481461, vstest.console.dll, TestRequestSender.OnClientProcessExit: Test host process exited. Standard error: 
TpTrace Information: 0 : 59988, 14, 2022/09/12, 09:45:57.566, 27149959481643, vstest.console.dll, SocketServer.Stop: Stop server endPoint: 127.0.0.1:63395
TpTrace Information: 0 : 59988, 13, 2022/09/12, 09:45:57.566, 27149959481755, vstest.console.dll, SocketServer.Stop: Stop server endPoint: 127.0.0.1:63395
TpTrace Information: 0 : 59988, 14, 2022/09/12, 09:45:57.566, 27149959482107, vstest.console.dll, SocketServer.Stop: Cancellation requested. Stopping message loop.
TpTrace Information: 0 : 59988, 13, 2022/09/12, 09:45:57.566, 27149959482380, vstest.console.dll, SocketServer.Stop: Cancellation requested. Stopping message loop.
TpTrace Verbose: 0 : 59988, 13, 2022/09/12, 09:45:57.566, 27149959483043, vstest.console.dll, MulticastDelegateUtilities.SafeInvoke: HostProviderEvents.OnHostExited: Invoking callback 1/1 for Microsoft.VisualStudio.TestPlatform.CrossPlatEngine.Client.ProxyOperationManager.TestHostManagerHostExited, took 0 ms.
TpTrace Information: 0 : 59988, 14, 2022/09/12, 09:45:57.566, 27149959483126, vstest.console.dll, Closing the connection
TpTrace Verbose: 0 : 59988, 14, 2022/09/12, 09:45:57.566, 27149959486788, vstest.console.dll, ProxyDataCollectionManager.InvokeDataCollectionServiceAction: Starting.
TpTrace Information: 0 : 59988, 14, 2022/09/12, 09:45:57.566, 27149959487179, vstest.console.dll, ProxyDataCollectionManager.AfterTestRunEnd: Get attachment set and invoked data collectors processId: 57572 port: 63392
TpTrace Verbose: 0 : 59988, 14, 2022/09/12, 09:45:57.566, 27149959487539, vstest.console.dll, DataCollectionRequestSender.SendAfterTestRunStartAndGetResult: Send AfterTestRunEnd message with isCancelled: False
TpTrace Verbose: 0 : 59988, 14, 2022/09/12, 09:45:57.571, 27149959531928, vstest.console.dll, DataCollectionRequestSender.SendAfterTestRunStartAndGetResult: Received message: (DataCollection.AfterTestRunEndResult) -> {
  "AttachmentSets": [],
  "InvokedDataCollectors": [
    {
      "Uri": "datacollector://Microsoft/TestPlatform/Extensions/Blame/v1",
      "FriendlyName": "Blame",
      "AssemblyQualifiedName": "Microsoft.TestPlatform.Extensions.BlameDataCollector.BlameCollector, Microsoft.TestPlatform.Extensions.BlameDataCollector, Version=15.0.0.0, Culture=neutral, PublicKeyToken=b03f5f7f11d50a3a",
      "FilePath": "C:\\Program Files\\dotnet\\sdk\\6.0.301\\Extensions\\Microsoft.TestPlatform.Extensions.BlameDataCollector.dll",
      "HasAttachmentProcessor": false
    }
  ],
  "Metrics": {}
}
TpTrace Information: 0 : 59988, 14, 2022/09/12, 09:45:57.575, 27149959575159, vstest.console.dll, ProxyDataCollectionManager.InvokeDataCollectionServiceAction: Completed.
TpTrace Warning: 0 : 59988, 10, 2022/09/12, 09:45:57.575, 27149959578526, vstest.console.dll, DataCollectionLauncher.ErrorReceivedCallback datacollector standard error line: 
TpTrace Information: 0 : 59988, 10, 2022/09/12, 09:45:57.579, 27149959618314, vstest.console.dll, DataCollectionLauncher.ExitCallBack: Data collector exited with exitcode: 0 error: ''
TpTrace Verbose: 0 : 59988, 14, 2022/09/12, 09:45:57.596, 27149959785897, vstest.console.dll, TestRunRequest:SendTestRunStatsChange: Starting.
TpTrace Verbose: 0 : 59988, 14, 2022/09/12, 09:45:57.596, 27149959786848, vstest.console.dll, MulticastDelegateUtilities.SafeInvoke: TestRun.RunStatsChanged: Invoking callbacks was skipped because there are no subscribers.
TpTrace Information: 0 : 59988, 14, 2022/09/12, 09:45:57.596, 27149959787112, vstest.console.dll, TestRunRequest:SendTestRunStatsChange: Completed.
TpTrace Verbose: 0 : 59988, 4, 2022/09/12, 09:45:57.596, 27149959787212, vstest.console.dll, MulticastDelegateUtilities.SafeInvoke: InternalTestLoggerEvents.SendTestResult: Invoking callback 1/1 for Microsoft.VisualStudio.TestPlatform.CommandLine.Internal.ConsoleLogger.TestResultHandler, took 0 ms.
TpTrace Verbose: 0 : 59988, 4, 2022/09/12, 09:45:57.596, 27149959787868, vstest.console.dll, MulticastDelegateUtilities.SafeInvoke: InternalTestLoggerEvents.SendTestResult: Invoking callback 1/1 for Microsoft.VisualStudio.TestPlatform.CommandLine.Internal.ConsoleLogger.TestResultHandler, took 0 ms.
TpTrace Verbose: 0 : 59988, 14, 2022/09/12, 09:45:57.596, 27149959788559, vstest.console.dll, ParallelProxyExecutionManager: HandlePartialRunComplete: Total completed clients = 1, Run complete = True, Run canceled: False.
TpTrace Verbose: 0 : 59988, 4, 2022/09/12, 09:45:57.597, 27149959791547, vstest.console.dll, MulticastDelegateUtilities.SafeInvoke: InternalTestLoggerEvents.SendTestResult: Invoking callback 1/1 for Microsoft.VisualStudio.TestPlatform.CommandLine.Internal.ConsoleLogger.TestResultHandler, took 0 ms.
TpTrace Verbose: 0 : 59988, 4, 2022/09/12, 09:45:57.604, 27149959864769, vstest.console.dll, MulticastDelegateUtilities.SafeInvoke: InternalTestLoggerEvents.SendTestRunComplete: Invoking callback 1/2 for Microsoft.TestPlatform.Extensions.BlameDataCollector.BlameLogger.TestRunCompleteHandler, took 0 ms.
TpTrace Verbose: 0 : 59988, 4, 2022/09/12, 09:45:57.608, 27149959904439, vstest.console.dll, MulticastDelegateUtilities.SafeInvoke: InternalTestLoggerEvents.SendTestRunComplete: Invoking callback 2/2 for Microsoft.VisualStudio.TestPlatform.CommandLine.Internal.ConsoleLogger.TestRunCompleteHandler, took 3 ms.
TpTrace Verbose: 0 : 59988, 14, 2022/09/12, 09:45:57.608, 27149959906508, vstest.console.dll, TestRunRequest:TestRunComplete: Starting. IsAborted:False IsCanceled:False.
TpTrace Verbose: 0 : 59988, 14, 2022/09/12, 09:45:57.608, 27149959911235, vstest.console.dll, TestLoggerManager.HandleTestRunComplete: Ignoring as the object is disposed.
TpTrace Verbose: 0 : 59988, 14, 2022/09/12, 09:45:57.609, 27149959912456, vstest.console.dll, MulticastDelegateUtilities.SafeInvoke: TestRun.TestRunComplete: Invoking callback 1/2 for Microsoft.VisualStudio.TestPlatform.CommandLine.TestRunResultAggregator.TestRunCompletionHandler, took 0 ms.
TpTrace Verbose: 0 : 59988, 14, 2022/09/12, 09:45:57.609, 27149959913004, vstest.console.dll, MulticastDelegateUtilities.SafeInvoke: TestRun.TestRunComplete: Invoking callback 2/2 for Microsoft.VisualStudio.TestPlatform.CommandLine.Processors.RunTestsArgumentExecutor+TestRunRequestEventsRegistrar.TestRunRequest_OnRunCompletion, took 0 ms.
TpTrace Information: 0 : 59988, 14, 2022/09/12, 09:45:57.609, 27149959913953, vstest.console.dll, TestRunRequest:TestRunComplete: Completed.
TpTrace Verbose: 0 : 59988, 1, 2022/09/12, 09:45:57.609, 27149959914164, vstest.console.dll, TestRunRequest.Dispose: Starting.
TpTrace Verbose: 0 : 59988, 14, 2022/09/12, 09:45:57.609, 27149959914256, vstest.console.dll, TestRequestSender.SetOperationComplete: Setting operation complete.
TpTrace Information: 0 : 59988, 1, 2022/09/12, 09:45:57.609, 27149959914893, vstest.console.dll, TestRunRequest.Dispose: Completed.
TpTrace Information: 0 : 59988, 14, 2022/09/12, 09:45:57.609, 27149959915280, vstest.console.dll, SocketServer.Stop: Stop server endPoint: 127.0.0.1:63395
TpTrace Information: 0 : 59988, 1, 2022/09/12, 09:45:57.609, 27149959915327, vstest.console.dll, TestRequestManager.RunTests: run tests completed.
TpTrace Information: 0 : 59988, 14, 2022/09/12, 09:45:57.609, 27149959915615, vstest.console.dll, SocketServer.Stop: Cancellation requested. Stopping message loop.
TpTrace Verbose: 0 : 59988, 14, 2022/09/12, 09:45:57.609, 27149959916185, vstest.console.dll, MulticastDelegateUtilities.SafeInvoke: LengthPrefixCommunicationChannel: MessageReceived: Invoking callback 1/1 for Microsoft.VisualStudio.TestPlatform.CommunicationUtilities.TestRequestSender+<>c__DisplayClass30_0.<StartTestRun>b__1, took 77 ms.
TpTrace Information: 0 : 59988, 1, 2022/09/12, 09:45:57.609, 27149959916201, vstest.console.dll, RunTestsArgumentProcessor:Execute: Test run is completed.
TpTrace Information: 0 : 59988, 14, 2022/09/12, 09:45:57.609, 27149959916502, vstest.console.dll, SocketServer.PrivateStop: Stopping server endPoint: 127.0.0.1:63395 error: 
TpTrace Verbose: 0 : 59988, 1, 2022/09/12, 09:45:57.609, 27149959917923, vstest.console.dll, Executor.Execute: Exiting with exit code of 1
TpTrace Verbose: 0 : 59988, 14, 2022/09/12, 09:45:57.609, 27149959920331, vstest.console.dll, LengthPrefixCommunicationChannel.Dispose: Dispose reader and writer.
TpTrace Information: 0 : 59988, 14, 2022/09/12, 09:45:57.609, 27149959920863, vstest.console.dll, SocketServer.Stop: Raise disconnected event endPoint: 127.0.0.1:63395 error: 
