TpTrace Verbose: 0 : 13988, 1, 2022/09/12, 09:45:38.788, 27149771703160, vstest.console.dll, Version: 17.2.0-release-20220408-11 Current process architecture: X64
TpTrace Information: 0 : 13988, 1, 2022/09/12, 09:45:38.793, 27149771757297, vstest.console.dll, FilePatternParser: The given file C:\Users\shish\source\repos\Kloudscript.Quiz\ConsoleApps\Kloudscript.Quiz.PhoneNumber.Test\bin\Debug\net6.0\fine-code-coverage\build-output\Kloudscript.Quiz.PhoneNumber.Test.dll is a full path.
TpTrace Verbose: 0 : 13988, 1, 2022/09/12, 09:45:38.797, 27149771797252, vstest.console.dll, TestPluginCache.DiscoverTestExtensions: finding test extensions in assemblies ends with: RuntimeProvider.dll TPluginInfo: Microsoft.VisualStudio.TestPlatform.Common.ExtensionFramework.Utilities.TestRuntimePluginInformation TExtension: Microsoft.VisualStudio.TestPlatform.ObjectModel.Host.ITestRuntimeProvider
TpTrace Verbose: 0 : 13988, 1, 2022/09/12, 09:45:38.798, 27149771802845, vstest.console.dll, TestPluginCache.GetExtensionPaths: Filtered extension paths: 
TpTrace Verbose: 0 : 13988, 1, 2022/09/12, 09:45:38.798, 27149771803594, vstest.console.dll, TestPluginCache.GetExtensionPaths: Added default extension paths: C:\Program Files\dotnet\sdk\6.0.301\Extensions\DumpMinitool.exe
C:\Program Files\dotnet\sdk\6.0.301\Extensions\DumpMinitool.x86.exe
C:\Program Files\dotnet\sdk\6.0.301\Extensions\Microsoft.Diagnostics.NETCore.Client.dll
C:\Program Files\dotnet\sdk\6.0.301\Extensions\Microsoft.TestPlatform.Extensions.BlameDataCollector.dll
C:\Program Files\dotnet\sdk\6.0.301\Extensions\Microsoft.TestPlatform.Extensions.EventLogCollector.dll
C:\Program Files\dotnet\sdk\6.0.301\Extensions\Microsoft.TestPlatform.TestHostRuntimeProvider.dll
C:\Program Files\dotnet\sdk\6.0.301\Extensions\Microsoft.VisualStudio.TestPlatform.Extensions.Html.TestLogger.dll
C:\Program Files\dotnet\sdk\6.0.301\Extensions\Microsoft.VisualStudio.TestPlatform.Extensions.Trx.TestLogger.dll
TpTrace Verbose: 0 : 13988, 1, 2022/09/12, 09:45:38.798, 27149771803930, vstest.console.dll, TestPluginCache.GetExtensionPaths: Added unfilterableExtensionPaths: 
TpTrace Information: 0 : 13988, 1, 2022/09/12, 09:45:38.798, 27149771808084, vstest.console.dll, AssemblyResolver.ctor: Creating AssemblyResolver with searchDirectories C:\Program Files\dotnet\sdk\6.0.301\Extensions,C:\Program Files\dotnet\sdk\6.0.301
TpTrace Verbose: 0 : 13988, 1, 2022/09/12, 09:45:38.799, 27149771814120, vstest.console.dll, TestPluginCache.DiscoverTestExtensions: Discovering the extensions using extension path.
TpTrace Verbose: 0 : 13988, 1, 2022/09/12, 09:45:38.799, 27149771814913, vstest.console.dll, TestPluginCache.GetExtensionPaths: Filtered extension paths: 
TpTrace Verbose: 0 : 13988, 1, 2022/09/12, 09:45:38.799, 27149771815226, vstest.console.dll, TestPluginCache.GetExtensionPaths: Added default extension paths: C:\Program Files\dotnet\sdk\6.0.301\Extensions\DumpMinitool.exe
C:\Program Files\dotnet\sdk\6.0.301\Extensions\DumpMinitool.x86.exe
C:\Program Files\dotnet\sdk\6.0.301\Extensions\Microsoft.Diagnostics.NETCore.Client.dll
C:\Program Files\dotnet\sdk\6.0.301\Extensions\Microsoft.TestPlatform.Extensions.BlameDataCollector.dll
C:\Program Files\dotnet\sdk\6.0.301\Extensions\Microsoft.TestPlatform.Extensions.EventLogCollector.dll
C:\Program Files\dotnet\sdk\6.0.301\Extensions\Microsoft.TestPlatform.TestHostRuntimeProvider.dll
C:\Program Files\dotnet\sdk\6.0.301\Extensions\Microsoft.VisualStudio.TestPlatform.Extensions.Html.TestLogger.dll
C:\Program Files\dotnet\sdk\6.0.301\Extensions\Microsoft.VisualStudio.TestPlatform.Extensions.Trx.TestLogger.dll
TpTrace Verbose: 0 : 13988, 1, 2022/09/12, 09:45:38.799, 27149771815498, vstest.console.dll, TestPluginCache.GetExtensionPaths: Added unfilterableExtensionPaths: 
TpTrace Verbose: 0 : 13988, 1, 2022/09/12, 09:45:38.799, 27149771815972, vstest.console.dll, TestPluginCache.DiscoverTestExtensions: Discovering the extensions using allExtensionPaths: C:\Program Files\dotnet\sdk\6.0.301\Extensions\DumpMinitool.exe
C:\Program Files\dotnet\sdk\6.0.301\Extensions\DumpMinitool.x86.exe
C:\Program Files\dotnet\sdk\6.0.301\Extensions\Microsoft.Diagnostics.NETCore.Client.dll
C:\Program Files\dotnet\sdk\6.0.301\Extensions\Microsoft.TestPlatform.Extensions.BlameDataCollector.dll
C:\Program Files\dotnet\sdk\6.0.301\Extensions\Microsoft.TestPlatform.Extensions.EventLogCollector.dll
C:\Program Files\dotnet\sdk\6.0.301\Extensions\Microsoft.TestPlatform.TestHostRuntimeProvider.dll
C:\Program Files\dotnet\sdk\6.0.301\Extensions\Microsoft.VisualStudio.TestPlatform.Extensions.Html.TestLogger.dll
C:\Program Files\dotnet\sdk\6.0.301\Extensions\Microsoft.VisualStudio.TestPlatform.Extensions.Trx.TestLogger.dll
TpTrace Information: 0 : 13988, 1, 2022/09/12, 09:45:38.799, 27149771816969, vstest.console.dll, AssemblyResolver.AddSearchDirectories: Adding more searchDirectories C:\Program Files\dotnet\sdk\6.0.301\Extensions,C:\Program Files\dotnet\sdk\6.0.301
TpTrace Information: 0 : 13988, 1, 2022/09/12, 09:45:38.799, 27149771817397, vstest.console.dll, AssemblyResolver.AddSearchDirectories: Adding more searchDirectories C:\Program Files\dotnet\sdk\6.0.301\Extensions,C:\Program Files\dotnet\sdk\6.0.301
TpTrace Information: 0 : 13988, 1, 2022/09/12, 09:45:38.799, 27149771817661, vstest.console.dll, AssemblyResolver.AddSearchDirectories: Adding more searchDirectories C:\Program Files\dotnet\sdk\6.0.301\Extensions,C:\Program Files\dotnet\sdk\6.0.301
TpTrace Information: 0 : 13988, 1, 2022/09/12, 09:45:38.799, 27149771817898, vstest.console.dll, AssemblyResolver.AddSearchDirectories: Adding more searchDirectories C:\Program Files\dotnet\sdk\6.0.301\Extensions,C:\Program Files\dotnet\sdk\6.0.301
TpTrace Information: 0 : 13988, 1, 2022/09/12, 09:45:38.799, 27149771818126, vstest.console.dll, AssemblyResolver.AddSearchDirectories: Adding more searchDirectories C:\Program Files\dotnet\sdk\6.0.301\Extensions,C:\Program Files\dotnet\sdk\6.0.301
TpTrace Information: 0 : 13988, 1, 2022/09/12, 09:45:38.799, 27149771818528, vstest.console.dll, AssemblyResolver.AddSearchDirectories: Adding more searchDirectories C:\Program Files\dotnet\sdk\6.0.301\Extensions,C:\Program Files\dotnet\sdk\6.0.301
TpTrace Information: 0 : 13988, 1, 2022/09/12, 09:45:38.799, 27149771818754, vstest.console.dll, AssemblyResolver.AddSearchDirectories: Adding more searchDirectories C:\Program Files\dotnet\sdk\6.0.301\Extensions,C:\Program Files\dotnet\sdk\6.0.301
TpTrace Information: 0 : 13988, 1, 2022/09/12, 09:45:38.799, 27149771818972, vstest.console.dll, AssemblyResolver.AddSearchDirectories: Adding more searchDirectories C:\Program Files\dotnet\sdk\6.0.301\Extensions,C:\Program Files\dotnet\sdk\6.0.301
TpTrace Information: 0 : 13988, 1, 2022/09/12, 09:45:38.799, 27149771821034, vstest.console.dll, AssemblyResolver.OnResolve: DumpMinitool: Resolving assembly.
TpTrace Information: 0 : 13988, 1, 2022/09/12, 09:45:38.800, 27149771821510, vstest.console.dll, AssemblyResolver.OnResolve: DumpMinitool: Searching in: 'C:\Program Files\dotnet\sdk\6.0.301\Extensions'.
TpTrace Information: 0 : 13988, 1, 2022/09/12, 09:45:38.800, 27149771822138, vstest.console.dll, AssemblyResolver.OnResolve: DumpMinitool: Assembly path does not exist: 'C:\Program Files\dotnet\sdk\6.0.301\Extensions\DumpMinitool.dll', returning.
TpTrace Information: 0 : 13988, 1, 2022/09/12, 09:45:38.800, 27149771824255, vstest.console.dll, AssemblyResolver.OnResolve: DumpMinitool: Loading assembly 'C:\Program Files\dotnet\sdk\6.0.301\Extensions\DumpMinitool.exe'.
TpTrace Information: 0 : 13988, 1, 2022/09/12, 09:45:38.800, 27149771827206, vstest.console.dll, AssemblyResolver.OnResolve: Resolved assembly: DumpMinitool, from path: C:\Program Files\dotnet\sdk\6.0.301\Extensions\DumpMinitool.exe
TpTrace Verbose: 0 : 13988, 1, 2022/09/12, 09:45:38.803, 27149771858301, vstest.console.dll, MetadataReaderExtensionsHelper: Discovering extensions inside assembly 'DumpMinitool, Version=15.0.0.0, Culture=neutral, PublicKeyToken=b03f5f7f11d50a3a' file path 'C:\Program Files\dotnet\sdk\6.0.301\Extensions\DumpMinitool.exe'
TpTrace Information: 0 : 13988, 1, 2022/09/12, 09:45:38.808, 27149771901666, vstest.console.dll, AssemblyResolver.OnResolve: DumpMinitool.x86: Resolving assembly.
TpTrace Information: 0 : 13988, 1, 2022/09/12, 09:45:38.808, 27149771902370, vstest.console.dll, AssemblyResolver.OnResolve: DumpMinitool.x86: Searching in: 'C:\Program Files\dotnet\sdk\6.0.301\Extensions'.
TpTrace Information: 0 : 13988, 1, 2022/09/12, 09:45:38.808, 27149771902946, vstest.console.dll, AssemblyResolver.OnResolve: DumpMinitool.x86: Assembly path does not exist: 'C:\Program Files\dotnet\sdk\6.0.301\Extensions\DumpMinitool.x86.dll', returning.
TpTrace Information: 0 : 13988, 1, 2022/09/12, 09:45:38.808, 27149771905585, vstest.console.dll, AssemblyResolver.OnResolve: DumpMinitool.x86: Loading assembly 'C:\Program Files\dotnet\sdk\6.0.301\Extensions\DumpMinitool.x86.exe'.
TpTrace Information: 0 : 13988, 1, 2022/09/12, 09:45:38.808, 27149771909836, vstest.console.dll, AssemblyResolver.OnResolve: Resolved assembly: DumpMinitool.x86, from path: C:\Program Files\dotnet\sdk\6.0.301\Extensions\DumpMinitool.x86.exe
TpTrace Verbose: 0 : 13988, 1, 2022/09/12, 09:45:38.808, 27149771910313, vstest.console.dll, MetadataReaderExtensionsHelper: Discovering extensions inside assembly 'DumpMinitool.x86, Version=15.0.0.0, Culture=neutral, PublicKeyToken=b03f5f7f11d50a3a' file path 'C:\Program Files\dotnet\sdk\6.0.301\Extensions\DumpMinitool.x86.exe'
TpTrace Information: 0 : 13988, 1, 2022/09/12, 09:45:38.809, 27149771913943, vstest.console.dll, AssemblyResolver.OnResolve: Microsoft.Diagnostics.NETCore.Client: Resolving assembly.
TpTrace Information: 0 : 13988, 1, 2022/09/12, 09:45:38.809, 27149771914356, vstest.console.dll, AssemblyResolver.OnResolve: Microsoft.Diagnostics.NETCore.Client: Searching in: 'C:\Program Files\dotnet\sdk\6.0.301\Extensions'.
TpTrace Information: 0 : 13988, 1, 2022/09/12, 09:45:38.809, 27149771915836, vstest.console.dll, AssemblyResolver.OnResolve: Microsoft.Diagnostics.NETCore.Client: Loading assembly 'C:\Program Files\dotnet\sdk\6.0.301\Extensions\Microsoft.Diagnostics.NETCore.Client.dll'.
TpTrace Information: 0 : 13988, 1, 2022/09/12, 09:45:38.809, 27149771918799, vstest.console.dll, AssemblyResolver.OnResolve: Resolved assembly: Microsoft.Diagnostics.NETCore.Client, from path: C:\Program Files\dotnet\sdk\6.0.301\Extensions\Microsoft.Diagnostics.NETCore.Client.dll
TpTrace Verbose: 0 : 13988, 1, 2022/09/12, 09:45:38.809, 27149771919251, vstest.console.dll, MetadataReaderExtensionsHelper: Discovering extensions inside assembly 'Microsoft.Diagnostics.NETCore.Client, Version=0.2.5.801, Culture=neutral, PublicKeyToken=31bf3856ad364e35' file path 'C:\Program Files\dotnet\sdk\6.0.301\Extensions\Microsoft.Diagnostics.NETCore.Client.dll'
TpTrace Information: 0 : 13988, 1, 2022/09/12, 09:45:38.813, 27149771956253, vstest.console.dll, AssemblyResolver.OnResolve: Microsoft.Bcl.AsyncInterfaces: Resolving assembly.
TpTrace Information: 0 : 13988, 1, 2022/09/12, 09:45:38.813, 27149771956716, vstest.console.dll, AssemblyResolver.OnResolve: Microsoft.Bcl.AsyncInterfaces: Searching in: 'C:\Program Files\dotnet\sdk\6.0.301\Extensions'.
TpTrace Information: 0 : 13988, 1, 2022/09/12, 09:45:38.813, 27149771957209, vstest.console.dll, AssemblyResolver.OnResolve: Microsoft.Bcl.AsyncInterfaces: Assembly path does not exist: 'C:\Program Files\dotnet\sdk\6.0.301\Extensions\Microsoft.Bcl.AsyncInterfaces.dll', returning.
TpTrace Information: 0 : 13988, 1, 2022/09/12, 09:45:38.813, 27149771957648, vstest.console.dll, AssemblyResolver.OnResolve: Microsoft.Bcl.AsyncInterfaces: Assembly path does not exist: 'C:\Program Files\dotnet\sdk\6.0.301\Extensions\Microsoft.Bcl.AsyncInterfaces.exe', returning.
TpTrace Information: 0 : 13988, 1, 2022/09/12, 09:45:38.813, 27149771957890, vstest.console.dll, AssemblyResolver.OnResolve: Microsoft.Bcl.AsyncInterfaces: Searching in: 'C:\Program Files\dotnet\sdk\6.0.301'.
TpTrace Information: 0 : 13988, 1, 2022/09/12, 09:45:38.813, 27149771958335, vstest.console.dll, AssemblyResolver.OnResolve: Microsoft.Bcl.AsyncInterfaces: Assembly path does not exist: 'C:\Program Files\dotnet\sdk\6.0.301\Microsoft.Bcl.AsyncInterfaces.dll', returning.
TpTrace Information: 0 : 13988, 1, 2022/09/12, 09:45:38.813, 27149771958763, vstest.console.dll, AssemblyResolver.OnResolve: Microsoft.Bcl.AsyncInterfaces: Assembly path does not exist: 'C:\Program Files\dotnet\sdk\6.0.301\Microsoft.Bcl.AsyncInterfaces.exe', returning.
TpTrace Information: 0 : 13988, 1, 2022/09/12, 09:45:38.813, 27149771959012, vstest.console.dll, AssemblyResolver.OnResolve: Microsoft.Bcl.AsyncInterfaces: Failed to load assembly.
TpTrace Verbose: 0 : 13988, 1, 2022/09/12, 09:45:38.813, 27149771959303, vstest.console.dll, CurrentDomainAssemblyResolve: Resolving assembly 'Microsoft.Bcl.AsyncInterfaces'.
TpTrace Information: 0 : 13988, 1, 2022/09/12, 09:45:38.813, 27149771959735, vstest.console.dll, AssemblyResolver.OnResolve: Microsoft.Bcl.AsyncInterfaces: Resolving assembly.
TpTrace Information: 0 : 13988, 1, 2022/09/12, 09:45:38.813, 27149771960030, vstest.console.dll, AssemblyResolver.OnResolve: Microsoft.Bcl.AsyncInterfaces: Resolved from cache.
TpTrace Verbose: 0 : 13988, 1, 2022/09/12, 09:45:38.813, 27149771960276, vstest.console.dll, CurrentDomainAssemblyResolve: Resolving assembly 'Microsoft.Bcl.AsyncInterfaces'.
TpTrace Verbose: 0 : 13988, 1, 2022/09/12, 09:45:38.813, 27149771960549, vstest.console.dll, CurrentDomainAssemblyResolve: Failed to resolve assembly 'Microsoft.Bcl.AsyncInterfaces'.
TpTrace Verbose: 0 : 13988, 1, 2022/09/12, 09:45:38.814, 27149771963008, vstest.console.dll, CurrentDomainAssemblyResolve: Failed to resolve assembly 'Microsoft.Bcl.AsyncInterfaces'.
TpTrace Warning: 0 : 13988, 1, 2022/09/12, 09:45:38.820, 27149772025321, vstest.console.dll, TestPluginDiscoverer: Failed to get types from assembly 'Microsoft.Diagnostics.NETCore.Client, Version=0.2.5.801, Culture=neutral, PublicKeyToken=31bf3856ad364e35'. Error: System.Reflection.ReflectionTypeLoadException: Unable to load one or more of the requested types.
Could not load file or assembly 'Microsoft.Bcl.AsyncInterfaces, Version=1.0.0.0, Culture=neutral, PublicKeyToken=cc7b13ffcd2ddd51'. The system cannot find the file specified.
   at System.Reflection.RuntimeModule.GetTypes(RuntimeModule module)
   at System.Reflection.Assembly.GetTypes()
   at Microsoft.VisualStudio.TestPlatform.Common.ExtensionFramework.TestPluginDiscoverer.GetTestExtensionsFromAssembly[TPluginInfo,TExtension](Assembly assembly, Dictionary`2 pluginInfos, String filePath)
System.IO.FileNotFoundException: Could not load file or assembly 'Microsoft.Bcl.AsyncInterfaces, Version=1.0.0.0, Culture=neutral, PublicKeyToken=cc7b13ffcd2ddd51'. The system cannot find the file specified.
File name: 'Microsoft.Bcl.AsyncInterfaces, Version=1.0.0.0, Culture=neutral, PublicKeyToken=cc7b13ffcd2ddd51'
 ---> System.IO.FileNotFoundException: Could not load file or assembly 'Microsoft.Bcl.AsyncInterfaces, Culture=neutral, PublicKeyToken=null'. The system cannot find the file specified.
File name: 'Microsoft.Bcl.AsyncInterfaces, Culture=neutral, PublicKeyToken=null'
   at System.Reflection.RuntimeAssembly.InternalLoad(ObjectHandleOnStack assemblyName, ObjectHandleOnStack requestingAssembly, StackCrawlMarkHandle stackMark, Boolean throwOnFileNotFound, ObjectHandleOnStack assemblyLoadContext, ObjectHandleOnStack retAssembly)
   at System.Reflection.RuntimeAssembly.InternalLoad(AssemblyName assemblyName, RuntimeAssembly requestingAssembly, StackCrawlMark& stackMark, Boolean throwOnFileNotFound, AssemblyLoadContext assemblyLoadContext)
   at System.Reflection.Assembly.Load(AssemblyName assemblyRef)
   at Microsoft.VisualStudio.TestPlatform.Common.ExtensionFramework.TestPluginCache.CurrentDomainAssemblyResolve(Object sender, AssemblyResolveEventArgs args)
   at Microsoft.VisualStudio.TestPlatform.PlatformAbstractions.PlatformAssemblyResolver.AssemblyResolverEvent(Object sender, Object eventArgs)
   at System.Runtime.Loader.AssemblyLoadContext.GetFirstResolvedAssemblyFromResolvingEvent(AssemblyName assemblyName)
   at System.Runtime.Loader.AssemblyLoadContext.ResolveUsingEvent(AssemblyName assemblyName)
   at System.Runtime.Loader.AssemblyLoadContext.ResolveUsingResolvingEvent(IntPtr gchManagedAssemblyLoadContext, AssemblyName assemblyName)
TpTrace Warning: 0 : 13988, 1, 2022/09/12, 09:45:38.820, 27149772027045, vstest.console.dll, LoaderExceptions: System.IO.FileNotFoundException: Could not load file or assembly 'Microsoft.Bcl.AsyncInterfaces, Version=1.0.0.0, Culture=neutral, PublicKeyToken=cc7b13ffcd2ddd51'. The system cannot find the file specified.
File name: 'Microsoft.Bcl.AsyncInterfaces, Version=1.0.0.0, Culture=neutral, PublicKeyToken=cc7b13ffcd2ddd51'
 ---> System.IO.FileNotFoundException: Could not load file or assembly 'Microsoft.Bcl.AsyncInterfaces, Culture=neutral, PublicKeyToken=null'. The system cannot find the file specified.
File name: 'Microsoft.Bcl.AsyncInterfaces, Culture=neutral, PublicKeyToken=null'
   at System.Reflection.RuntimeAssembly.InternalLoad(ObjectHandleOnStack assemblyName, ObjectHandleOnStack requestingAssembly, StackCrawlMarkHandle stackMark, Boolean throwOnFileNotFound, ObjectHandleOnStack assemblyLoadContext, ObjectHandleOnStack retAssembly)
   at System.Reflection.RuntimeAssembly.InternalLoad(AssemblyName assemblyName, RuntimeAssembly requestingAssembly, StackCrawlMark& stackMark, Boolean throwOnFileNotFound, AssemblyLoadContext assemblyLoadContext)
   at System.Reflection.Assembly.Load(AssemblyName assemblyRef)
   at Microsoft.VisualStudio.TestPlatform.Common.ExtensionFramework.TestPluginCache.CurrentDomainAssemblyResolve(Object sender, AssemblyResolveEventArgs args)
   at Microsoft.VisualStudio.TestPlatform.PlatformAbstractions.PlatformAssemblyResolver.AssemblyResolverEvent(Object sender, Object eventArgs)
   at System.Runtime.Loader.AssemblyLoadContext.GetFirstResolvedAssemblyFromResolvingEvent(AssemblyName assemblyName)
   at System.Runtime.Loader.AssemblyLoadContext.ResolveUsingEvent(AssemblyName assemblyName)
   at System.Runtime.Loader.AssemblyLoadContext.ResolveUsingResolvingEvent(IntPtr gchManagedAssemblyLoadContext, AssemblyName assemblyName)
TpTrace Information: 0 : 13988, 1, 2022/09/12, 09:45:38.820, 27149772027752, vstest.console.dll, AssemblyResolver.OnResolve: Microsoft.TestPlatform.Extensions.BlameDataCollector: Resolving assembly.
TpTrace Information: 0 : 13988, 1, 2022/09/12, 09:45:38.820, 27149772028049, vstest.console.dll, AssemblyResolver.OnResolve: Microsoft.TestPlatform.Extensions.BlameDataCollector: Searching in: 'C:\Program Files\dotnet\sdk\6.0.301\Extensions'.
TpTrace Information: 0 : 13988, 1, 2022/09/12, 09:45:38.820, 27149772029532, vstest.console.dll, AssemblyResolver.OnResolve: Microsoft.TestPlatform.Extensions.BlameDataCollector: Loading assembly 'C:\Program Files\dotnet\sdk\6.0.301\Extensions\Microsoft.TestPlatform.Extensions.BlameDataCollector.dll'.
TpTrace Information: 0 : 13988, 1, 2022/09/12, 09:45:38.821, 27149772032422, vstest.console.dll, AssemblyResolver.OnResolve: Resolved assembly: Microsoft.TestPlatform.Extensions.BlameDataCollector, from path: C:\Program Files\dotnet\sdk\6.0.301\Extensions\Microsoft.TestPlatform.Extensions.BlameDataCollector.dll
TpTrace Verbose: 0 : 13988, 1, 2022/09/12, 09:45:38.821, 27149772032879, vstest.console.dll, MetadataReaderExtensionsHelper: Discovering extensions inside assembly 'Microsoft.TestPlatform.Extensions.BlameDataCollector, Version=15.0.0.0, Culture=neutral, PublicKeyToken=b03f5f7f11d50a3a' file path 'C:\Program Files\dotnet\sdk\6.0.301\Extensions\Microsoft.TestPlatform.Extensions.BlameDataCollector.dll'
TpTrace Information: 0 : 13988, 1, 2022/09/12, 09:45:38.821, 27149772038963, vstest.console.dll, AssemblyResolver.OnResolve: Microsoft.TestPlatform.Extensions.EventLogCollector: Resolving assembly.
TpTrace Information: 0 : 13988, 1, 2022/09/12, 09:45:38.821, 27149772039362, vstest.console.dll, AssemblyResolver.OnResolve: Microsoft.TestPlatform.Extensions.EventLogCollector: Searching in: 'C:\Program Files\dotnet\sdk\6.0.301\Extensions'.
TpTrace Information: 0 : 13988, 1, 2022/09/12, 09:45:38.821, 27149772040811, vstest.console.dll, AssemblyResolver.OnResolve: Microsoft.TestPlatform.Extensions.EventLogCollector: Loading assembly 'C:\Program Files\dotnet\sdk\6.0.301\Extensions\Microsoft.TestPlatform.Extensions.EventLogCollector.dll'.
TpTrace Information: 0 : 13988, 1, 2022/09/12, 09:45:38.822, 27149772043196, vstest.console.dll, AssemblyResolver.OnResolve: Resolved assembly: Microsoft.TestPlatform.Extensions.EventLogCollector, from path: C:\Program Files\dotnet\sdk\6.0.301\Extensions\Microsoft.TestPlatform.Extensions.EventLogCollector.dll
TpTrace Verbose: 0 : 13988, 1, 2022/09/12, 09:45:38.822, 27149772043648, vstest.console.dll, MetadataReaderExtensionsHelper: Discovering extensions inside assembly 'Microsoft.TestPlatform.Extensions.EventLogCollector, Version=15.0.0.0, Culture=neutral, PublicKeyToken=b03f5f7f11d50a3a' file path 'C:\Program Files\dotnet\sdk\6.0.301\Extensions\Microsoft.TestPlatform.Extensions.EventLogCollector.dll'
TpTrace Information: 0 : 13988, 1, 2022/09/12, 09:45:38.822, 27149772049711, vstest.console.dll, AssemblyResolver.OnResolve: Microsoft.TestPlatform.TestHostRuntimeProvider: Resolving assembly.
TpTrace Information: 0 : 13988, 1, 2022/09/12, 09:45:38.822, 27149772050108, vstest.console.dll, AssemblyResolver.OnResolve: Microsoft.TestPlatform.TestHostRuntimeProvider: Searching in: 'C:\Program Files\dotnet\sdk\6.0.301\Extensions'.
TpTrace Information: 0 : 13988, 1, 2022/09/12, 09:45:38.823, 27149772052091, vstest.console.dll, AssemblyResolver.OnResolve: Microsoft.TestPlatform.TestHostRuntimeProvider: Loading assembly 'C:\Program Files\dotnet\sdk\6.0.301\Extensions\Microsoft.TestPlatform.TestHostRuntimeProvider.dll'.
TpTrace Information: 0 : 13988, 1, 2022/09/12, 09:45:38.823, 27149772056072, vstest.console.dll, AssemblyResolver.OnResolve: Resolved assembly: Microsoft.TestPlatform.TestHostRuntimeProvider, from path: C:\Program Files\dotnet\sdk\6.0.301\Extensions\Microsoft.TestPlatform.TestHostRuntimeProvider.dll
TpTrace Verbose: 0 : 13988, 1, 2022/09/12, 09:45:38.823, 27149772056539, vstest.console.dll, MetadataReaderExtensionsHelper: Discovering extensions inside assembly 'Microsoft.TestPlatform.TestHostRuntimeProvider, Version=15.0.0.0, Culture=neutral, PublicKeyToken=b03f5f7f11d50a3a' file path 'C:\Program Files\dotnet\sdk\6.0.301\Extensions\Microsoft.TestPlatform.TestHostRuntimeProvider.dll'
TpTrace Information: 0 : 13988, 1, 2022/09/12, 09:45:38.824, 27149772070096, vstest.console.dll, GetTestExtensionFromType: Register extension with identifier data 'HostProvider://DefaultTestHost' and type 'Microsoft.VisualStudio.TestPlatform.CrossPlatEngine.Hosting.DefaultTestHostManager, Microsoft.TestPlatform.TestHostRuntimeProvider, Version=15.0.0.0, Culture=neutral, PublicKeyToken=b03f5f7f11d50a3a' inside file 'C:\Program Files\dotnet\sdk\6.0.301\Extensions\Microsoft.TestPlatform.TestHostRuntimeProvider.dll'
TpTrace Information: 0 : 13988, 1, 2022/09/12, 09:45:38.824, 27149772070682, vstest.console.dll, GetTestExtensionFromType: Register extension with identifier data 'HostProvider://DotnetTestHost' and type 'Microsoft.VisualStudio.TestPlatform.CrossPlatEngine.Hosting.DotnetTestHostManager, Microsoft.TestPlatform.TestHostRuntimeProvider, Version=15.0.0.0, Culture=neutral, PublicKeyToken=b03f5f7f11d50a3a' inside file 'C:\Program Files\dotnet\sdk\6.0.301\Extensions\Microsoft.TestPlatform.TestHostRuntimeProvider.dll'
TpTrace Information: 0 : 13988, 1, 2022/09/12, 09:45:38.825, 27149772071278, vstest.console.dll, AssemblyResolver.OnResolve: Microsoft.VisualStudio.TestPlatform.Extensions.Html.TestLogger: Resolving assembly.
TpTrace Information: 0 : 13988, 1, 2022/09/12, 09:45:38.825, 27149772071572, vstest.console.dll, AssemblyResolver.OnResolve: Microsoft.VisualStudio.TestPlatform.Extensions.Html.TestLogger: Searching in: 'C:\Program Files\dotnet\sdk\6.0.301\Extensions'.
TpTrace Information: 0 : 13988, 1, 2022/09/12, 09:45:38.825, 27149772073741, vstest.console.dll, AssemblyResolver.OnResolve: Microsoft.VisualStudio.TestPlatform.Extensions.Html.TestLogger: Loading assembly 'C:\Program Files\dotnet\sdk\6.0.301\Extensions\Microsoft.VisualStudio.TestPlatform.Extensions.Html.TestLogger.dll'.
TpTrace Information: 0 : 13988, 1, 2022/09/12, 09:45:38.825, 27149772077203, vstest.console.dll, AssemblyResolver.OnResolve: Resolved assembly: Microsoft.VisualStudio.TestPlatform.Extensions.Html.TestLogger, from path: C:\Program Files\dotnet\sdk\6.0.301\Extensions\Microsoft.VisualStudio.TestPlatform.Extensions.Html.TestLogger.dll
TpTrace Verbose: 0 : 13988, 1, 2022/09/12, 09:45:38.825, 27149772077719, vstest.console.dll, MetadataReaderExtensionsHelper: Discovering extensions inside assembly 'Microsoft.VisualStudio.TestPlatform.Extensions.Html.TestLogger, Version=15.0.0.0, Culture=neutral, PublicKeyToken=b03f5f7f11d50a3a' file path 'C:\Program Files\dotnet\sdk\6.0.301\Extensions\Microsoft.VisualStudio.TestPlatform.Extensions.Html.TestLogger.dll'
TpTrace Information: 0 : 13988, 1, 2022/09/12, 09:45:38.825, 27149772080983, vstest.console.dll, AssemblyResolver.OnResolve: Microsoft.VisualStudio.TestPlatform.Extensions.Trx.TestLogger: Resolving assembly.
TpTrace Information: 0 : 13988, 1, 2022/09/12, 09:45:38.826, 27149772081393, vstest.console.dll, AssemblyResolver.OnResolve: Microsoft.VisualStudio.TestPlatform.Extensions.Trx.TestLogger: Searching in: 'C:\Program Files\dotnet\sdk\6.0.301\Extensions'.
TpTrace Information: 0 : 13988, 1, 2022/09/12, 09:45:38.826, 27149772082939, vstest.console.dll, AssemblyResolver.OnResolve: Microsoft.VisualStudio.TestPlatform.Extensions.Trx.TestLogger: Loading assembly 'C:\Program Files\dotnet\sdk\6.0.301\Extensions\Microsoft.VisualStudio.TestPlatform.Extensions.Trx.TestLogger.dll'.
TpTrace Information: 0 : 13988, 1, 2022/09/12, 09:45:38.826, 27149772085858, vstest.console.dll, AssemblyResolver.OnResolve: Resolved assembly: Microsoft.VisualStudio.TestPlatform.Extensions.Trx.TestLogger, from path: C:\Program Files\dotnet\sdk\6.0.301\Extensions\Microsoft.VisualStudio.TestPlatform.Extensions.Trx.TestLogger.dll
TpTrace Verbose: 0 : 13988, 1, 2022/09/12, 09:45:38.826, 27149772086346, vstest.console.dll, MetadataReaderExtensionsHelper: Discovering extensions inside assembly 'Microsoft.VisualStudio.TestPlatform.Extensions.Trx.TestLogger, Version=15.0.0.0, Culture=neutral, PublicKeyToken=b03f5f7f11d50a3a' file path 'C:\Program Files\dotnet\sdk\6.0.301\Extensions\Microsoft.VisualStudio.TestPlatform.Extensions.Trx.TestLogger.dll'
TpTrace Verbose: 0 : 13988, 1, 2022/09/12, 09:45:38.827, 27149772091434, vstest.console.dll, TestPluginCache: Discovered the extensions using extension path ''.
TpTrace Verbose: 0 : 13988, 1, 2022/09/12, 09:45:38.827, 27149772091884, vstest.console.dll, TestPluginCache: Discoverers are ''.
TpTrace Verbose: 0 : 13988, 1, 2022/09/12, 09:45:38.827, 27149772092119, vstest.console.dll, TestPluginCache: Executors are ''.
TpTrace Verbose: 0 : 13988, 1, 2022/09/12, 09:45:38.827, 27149772092319, vstest.console.dll, TestPluginCache: Executors2 are ''.
TpTrace Verbose: 0 : 13988, 1, 2022/09/12, 09:45:38.827, 27149772092511, vstest.console.dll, TestPluginCache: Setting providers are ''.
TpTrace Verbose: 0 : 13988, 1, 2022/09/12, 09:45:38.827, 27149772092702, vstest.console.dll, TestPluginCache: Loggers are ''.
TpTrace Verbose: 0 : 13988, 1, 2022/09/12, 09:45:38.827, 27149772093663, vstest.console.dll, TestPluginCache: TestHosts are 'HostProvider://DefaultTestHost,HostProvider://DotnetTestHost'.
TpTrace Verbose: 0 : 13988, 1, 2022/09/12, 09:45:38.827, 27149772093949, vstest.console.dll, TestPluginCache: DataCollectors are ''.
TpTrace Information: 0 : 13988, 1, 2022/09/12, 09:45:38.833, 27149772159498, vstest.console.dll, RunTestsArgumentProcessor:Execute: Test run is starting.
TpTrace Verbose: 0 : 13988, 1, 2022/09/12, 09:45:38.833, 27149772159938, vstest.console.dll, RunTestsArgumentProcessor:Execute: Queuing Test run.
TpTrace Information: 0 : 13988, 1, 2022/09/12, 09:45:38.833, 27149772161179, vstest.console.dll, TestRequestManager.RunTests: run tests started.
TpTrace Information: 0 : 13988, 1, 2022/09/12, 09:45:38.841, 27149772233449, vstest.console.dll, AssemblyMetadataProvider.GetFrameWork: Determined framework:'.NETCoreApp,Version=v6.0' for source: 'C:\Users\shish\source\repos\Kloudscript.Quiz\ConsoleApps\Kloudscript.Quiz.PhoneNumber.Test\bin\Debug\net6.0\fine-code-coverage\build-output\Kloudscript.Quiz.PhoneNumber.Test.dll'
TpTrace Information: 0 : 13988, 1, 2022/09/12, 09:45:38.841, 27149772234872, vstest.console.dll, Determined framework for all sources: .NETCoreApp,Version=v6.0
TpTrace Verbose: 0 : 13988, 1, 2022/09/12, 09:45:38.841, 27149772237779, vstest.console.dll, TestRequestManager.UpdateRunSettingsIfRequired: Default architecture: X64 IsDefaultTargetArchitecture: True, Current process architecture: X64 OperatingSystem: Windows.
TpTrace Information: 0 : 13988, 1, 2022/09/12, 09:45:38.841, 27149772239960, vstest.console.dll, AssemblyMetadataProvider.GetArchitecture: Determined architecture:AnyCPU info for assembly: C:\Users\shish\source\repos\Kloudscript.Quiz\ConsoleApps\Kloudscript.Quiz.PhoneNumber.Test\bin\Debug\net6.0\fine-code-coverage\build-output\Kloudscript.Quiz.PhoneNumber.Test.dll
TpTrace Information: 0 : 13988, 1, 2022/09/12, 09:45:38.841, 27149772240288, vstest.console.dll, Determined platform for source 'C:\Users\shish\source\repos\Kloudscript.Quiz\ConsoleApps\Kloudscript.Quiz.PhoneNumber.Test\bin\Debug\net6.0\fine-code-coverage\build-output\Kloudscript.Quiz.PhoneNumber.Test.dll' is 'AnyCPU'
TpTrace Information: 0 : 13988, 1, 2022/09/12, 09:45:38.843, 27149772252519, vstest.console.dll, Determined platform for all sources: X64
TpTrace Information: 0 : 13988, 1, 2022/09/12, 09:45:38.843, 27149772252924, vstest.console.dll, Infered platform 'X64'.
TpTrace Information: 0 : 13988, 1, 2022/09/12, 09:45:38.843, 27149772253183, vstest.console.dll, Platform update to 'X64' required.
TpTrace Information: 0 : 13988, 1, 2022/09/12, 09:45:38.844, 27149772270111, vstest.console.dll, Compatible sources list: 
TpTrace Information: 0 : 13988, 1, 2022/09/12, 09:45:38.844, 27149772270556, vstest.console.dll, C:\Users\shish\source\repos\Kloudscript.Quiz\ConsoleApps\Kloudscript.Quiz.PhoneNumber.Test\bin\Debug\net6.0\fine-code-coverage\build-output\Kloudscript.Quiz.PhoneNumber.Test.dll
TpTrace Information: 0 : 13988, 1, 2022/09/12, 09:45:38.846, 27149772286362, vstest.console.dll, InferRunSettingsHelper.IsTestSettingsEnabled: Unable to navigate to RunSettings/MSTest. Current node: RunSettings
TpTrace Information: 0 : 13988, 1, 2022/09/12, 09:45:38.846, 27149772290467, vstest.console.dll, AssemblyResolver.OnResolve: Microsoft.VisualStudio.TestPlatform.Fakes: Resolving assembly.
TpTrace Information: 0 : 13988, 1, 2022/09/12, 09:45:38.846, 27149772290888, vstest.console.dll, AssemblyResolver.OnResolve: Microsoft.VisualStudio.TestPlatform.Fakes: Searching in: 'C:\Program Files\dotnet\sdk\6.0.301\Extensions'.
TpTrace Information: 0 : 13988, 1, 2022/09/12, 09:45:38.847, 27149772291473, vstest.console.dll, AssemblyResolver.OnResolve: Microsoft.VisualStudio.TestPlatform.Fakes: Assembly path does not exist: 'C:\Program Files\dotnet\sdk\6.0.301\Extensions\Microsoft.VisualStudio.TestPlatform.Fakes.dll', returning.
TpTrace Information: 0 : 13988, 1, 2022/09/12, 09:45:38.847, 27149772291954, vstest.console.dll, AssemblyResolver.OnResolve: Microsoft.VisualStudio.TestPlatform.Fakes: Assembly path does not exist: 'C:\Program Files\dotnet\sdk\6.0.301\Extensions\Microsoft.VisualStudio.TestPlatform.Fakes.exe', returning.
TpTrace Information: 0 : 13988, 1, 2022/09/12, 09:45:38.847, 27149772292209, vstest.console.dll, AssemblyResolver.OnResolve: Microsoft.VisualStudio.TestPlatform.Fakes: Searching in: 'C:\Program Files\dotnet\sdk\6.0.301'.
TpTrace Information: 0 : 13988, 1, 2022/09/12, 09:45:38.847, 27149772292640, vstest.console.dll, AssemblyResolver.OnResolve: Microsoft.VisualStudio.TestPlatform.Fakes: Assembly path does not exist: 'C:\Program Files\dotnet\sdk\6.0.301\Microsoft.VisualStudio.TestPlatform.Fakes.dll', returning.
TpTrace Information: 0 : 13988, 1, 2022/09/12, 09:45:38.847, 27149772293092, vstest.console.dll, AssemblyResolver.OnResolve: Microsoft.VisualStudio.TestPlatform.Fakes: Assembly path does not exist: 'C:\Program Files\dotnet\sdk\6.0.301\Microsoft.VisualStudio.TestPlatform.Fakes.exe', returning.
TpTrace Information: 0 : 13988, 1, 2022/09/12, 09:45:38.847, 27149772293623, vstest.console.dll, AssemblyResolver.OnResolve: Microsoft.VisualStudio.TestPlatform.Fakes: Failed to load assembly.
TpTrace Information: 0 : 13988, 1, 2022/09/12, 09:45:38.847, 27149772295381, vstest.console.dll, Failed to load assembly Microsoft.VisualStudio.TestPlatform.Fakes, Version=17.0.0.0, Culture=neutral. Reason:System.IO.FileNotFoundException: Could not load file or assembly 'Microsoft.VisualStudio.TestPlatform.Fakes, Version=17.0.0.0, Culture=neutral, PublicKeyToken=null'. The system cannot find the file specified.
File name: 'Microsoft.VisualStudio.TestPlatform.Fakes, Version=17.0.0.0, Culture=neutral, PublicKeyToken=null'
   at System.Reflection.RuntimeAssembly.InternalLoad(ObjectHandleOnStack assemblyName, ObjectHandleOnStack requestingAssembly, StackCrawlMarkHandle stackMark, Boolean throwOnFileNotFound, ObjectHandleOnStack assemblyLoadContext, ObjectHandleOnStack retAssembly)
   at System.Reflection.RuntimeAssembly.InternalLoad(AssemblyName assemblyName, RuntimeAssembly requestingAssembly, StackCrawlMark& stackMark, Boolean throwOnFileNotFound, AssemblyLoadContext assemblyLoadContext)
   at System.Reflection.Assembly.Load(AssemblyName assemblyRef)
   at Microsoft.VisualStudio.TestPlatform.Common.Utilities.FakesUtilities.LoadTestPlatformAssembly()
TpTrace Verbose: 0 : 13988, 1, 2022/09/12, 09:45:38.849, 27149772318734, vstest.console.dll, TestPluginCache.DiscoverTestExtensions: finding test extensions in assemblies ends with: TestLogger.dll TPluginInfo: Microsoft.VisualStudio.TestPlatform.Common.ExtensionFramework.Utilities.TestLoggerPluginInformation TExtension: Microsoft.VisualStudio.TestPlatform.ObjectModel.Client.ITestLogger
TpTrace Verbose: 0 : 13988, 1, 2022/09/12, 09:45:38.849, 27149772319253, vstest.console.dll, TestPluginCache.GetExtensionPaths: Filtered extension paths: 
TpTrace Verbose: 0 : 13988, 1, 2022/09/12, 09:45:38.849, 27149772319523, vstest.console.dll, TestPluginCache.GetExtensionPaths: Added default extension paths: C:\Program Files\dotnet\sdk\6.0.301\Extensions\DumpMinitool.exe
C:\Program Files\dotnet\sdk\6.0.301\Extensions\DumpMinitool.x86.exe
C:\Program Files\dotnet\sdk\6.0.301\Extensions\Microsoft.Diagnostics.NETCore.Client.dll
C:\Program Files\dotnet\sdk\6.0.301\Extensions\Microsoft.TestPlatform.Extensions.BlameDataCollector.dll
C:\Program Files\dotnet\sdk\6.0.301\Extensions\Microsoft.TestPlatform.Extensions.EventLogCollector.dll
C:\Program Files\dotnet\sdk\6.0.301\Extensions\Microsoft.TestPlatform.TestHostRuntimeProvider.dll
C:\Program Files\dotnet\sdk\6.0.301\Extensions\Microsoft.VisualStudio.TestPlatform.Extensions.Html.TestLogger.dll
C:\Program Files\dotnet\sdk\6.0.301\Extensions\Microsoft.VisualStudio.TestPlatform.Extensions.Trx.TestLogger.dll
TpTrace Verbose: 0 : 13988, 1, 2022/09/12, 09:45:38.849, 27149772319775, vstest.console.dll, TestPluginCache.GetExtensionPaths: Added unfilterableExtensionPaths: 
TpTrace Information: 0 : 13988, 1, 2022/09/12, 09:45:38.849, 27149772320505, vstest.console.dll, AssemblyResolver.AddSearchDirectories: Adding more searchDirectories C:\Program Files\dotnet\sdk\6.0.301\Extensions,C:\Program Files\dotnet\sdk\6.0.301
TpTrace Verbose: 0 : 13988, 1, 2022/09/12, 09:45:38.849, 27149772320824, vstest.console.dll, TestPluginCache.DiscoverTestExtensions: Discovering the extensions using extension path.
TpTrace Verbose: 0 : 13988, 1, 2022/09/12, 09:45:38.849, 27149772321144, vstest.console.dll, TestPluginCache.GetExtensionPaths: Filtered extension paths: 
TpTrace Verbose: 0 : 13988, 1, 2022/09/12, 09:45:38.850, 27149772321363, vstest.console.dll, TestPluginCache.GetExtensionPaths: Added default extension paths: C:\Program Files\dotnet\sdk\6.0.301\Extensions\DumpMinitool.exe
C:\Program Files\dotnet\sdk\6.0.301\Extensions\DumpMinitool.x86.exe
C:\Program Files\dotnet\sdk\6.0.301\Extensions\Microsoft.Diagnostics.NETCore.Client.dll
C:\Program Files\dotnet\sdk\6.0.301\Extensions\Microsoft.TestPlatform.Extensions.BlameDataCollector.dll
C:\Program Files\dotnet\sdk\6.0.301\Extensions\Microsoft.TestPlatform.Extensions.EventLogCollector.dll
C:\Program Files\dotnet\sdk\6.0.301\Extensions\Microsoft.TestPlatform.TestHostRuntimeProvider.dll
C:\Program Files\dotnet\sdk\6.0.301\Extensions\Microsoft.VisualStudio.TestPlatform.Extensions.Html.TestLogger.dll
C:\Program Files\dotnet\sdk\6.0.301\Extensions\Microsoft.VisualStudio.TestPlatform.Extensions.Trx.TestLogger.dll
TpTrace Verbose: 0 : 13988, 1, 2022/09/12, 09:45:38.850, 27149772321876, vstest.console.dll, TestPluginCache.GetExtensionPaths: Added unfilterableExtensionPaths: 
TpTrace Verbose: 0 : 13988, 1, 2022/09/12, 09:45:38.850, 27149772322170, vstest.console.dll, TestPluginCache.DiscoverTestExtensions: Discovering the extensions using allExtensionPaths: C:\Program Files\dotnet\sdk\6.0.301\Extensions\DumpMinitool.exe
C:\Program Files\dotnet\sdk\6.0.301\Extensions\DumpMinitool.x86.exe
C:\Program Files\dotnet\sdk\6.0.301\Extensions\Microsoft.Diagnostics.NETCore.Client.dll
C:\Program Files\dotnet\sdk\6.0.301\Extensions\Microsoft.TestPlatform.Extensions.BlameDataCollector.dll
C:\Program Files\dotnet\sdk\6.0.301\Extensions\Microsoft.TestPlatform.Extensions.EventLogCollector.dll
C:\Program Files\dotnet\sdk\6.0.301\Extensions\Microsoft.TestPlatform.TestHostRuntimeProvider.dll
C:\Program Files\dotnet\sdk\6.0.301\Extensions\Microsoft.VisualStudio.TestPlatform.Extensions.Html.TestLogger.dll
C:\Program Files\dotnet\sdk\6.0.301\Extensions\Microsoft.VisualStudio.TestPlatform.Extensions.Trx.TestLogger.dll
TpTrace Information: 0 : 13988, 1, 2022/09/12, 09:45:38.850, 27149772322521, vstest.console.dll, AssemblyResolver.AddSearchDirectories: Adding more searchDirectories C:\Program Files\dotnet\sdk\6.0.301\Extensions,C:\Program Files\dotnet\sdk\6.0.301
TpTrace Information: 0 : 13988, 1, 2022/09/12, 09:45:38.850, 27149772322768, vstest.console.dll, AssemblyResolver.AddSearchDirectories: Adding more searchDirectories C:\Program Files\dotnet\sdk\6.0.301\Extensions,C:\Program Files\dotnet\sdk\6.0.301
TpTrace Information: 0 : 13988, 1, 2022/09/12, 09:45:38.850, 27149772323014, vstest.console.dll, AssemblyResolver.AddSearchDirectories: Adding more searchDirectories C:\Program Files\dotnet\sdk\6.0.301\Extensions,C:\Program Files\dotnet\sdk\6.0.301
TpTrace Information: 0 : 13988, 1, 2022/09/12, 09:45:38.850, 27149772323241, vstest.console.dll, AssemblyResolver.AddSearchDirectories: Adding more searchDirectories C:\Program Files\dotnet\sdk\6.0.301\Extensions,C:\Program Files\dotnet\sdk\6.0.301
TpTrace Information: 0 : 13988, 1, 2022/09/12, 09:45:38.850, 27149772323459, vstest.console.dll, AssemblyResolver.AddSearchDirectories: Adding more searchDirectories C:\Program Files\dotnet\sdk\6.0.301\Extensions,C:\Program Files\dotnet\sdk\6.0.301
TpTrace Information: 0 : 13988, 1, 2022/09/12, 09:45:38.850, 27149772323676, vstest.console.dll, AssemblyResolver.AddSearchDirectories: Adding more searchDirectories C:\Program Files\dotnet\sdk\6.0.301\Extensions,C:\Program Files\dotnet\sdk\6.0.301
TpTrace Information: 0 : 13988, 1, 2022/09/12, 09:45:38.850, 27149772323924, vstest.console.dll, AssemblyResolver.AddSearchDirectories: Adding more searchDirectories C:\Program Files\dotnet\sdk\6.0.301\Extensions,C:\Program Files\dotnet\sdk\6.0.301
TpTrace Information: 0 : 13988, 1, 2022/09/12, 09:45:38.850, 27149772324142, vstest.console.dll, AssemblyResolver.AddSearchDirectories: Adding more searchDirectories C:\Program Files\dotnet\sdk\6.0.301\Extensions,C:\Program Files\dotnet\sdk\6.0.301
TpTrace Verbose: 0 : 13988, 1, 2022/09/12, 09:45:38.850, 27149772324950, vstest.console.dll, MetadataReaderExtensionsHelper: Discovering extensions inside assembly 'DumpMinitool, Version=15.0.0.0, Culture=neutral, PublicKeyToken=b03f5f7f11d50a3a' file path 'C:\Program Files\dotnet\sdk\6.0.301\Extensions\DumpMinitool.exe'
TpTrace Verbose: 0 : 13988, 1, 2022/09/12, 09:45:38.850, 27149772326776, vstest.console.dll, MetadataReaderExtensionsHelper: Discovering extensions inside assembly 'DumpMinitool.x86, Version=15.0.0.0, Culture=neutral, PublicKeyToken=b03f5f7f11d50a3a' file path 'C:\Program Files\dotnet\sdk\6.0.301\Extensions\DumpMinitool.x86.exe'
TpTrace Verbose: 0 : 13988, 1, 2022/09/12, 09:45:38.850, 27149772328307, vstest.console.dll, MetadataReaderExtensionsHelper: Discovering extensions inside assembly 'Microsoft.Diagnostics.NETCore.Client, Version=0.2.5.801, Culture=neutral, PublicKeyToken=31bf3856ad364e35' file path 'C:\Program Files\dotnet\sdk\6.0.301\Extensions\Microsoft.Diagnostics.NETCore.Client.dll'
TpTrace Information: 0 : 13988, 1, 2022/09/12, 09:45:38.850, 27149772330442, vstest.console.dll, AssemblyResolver.OnResolve: Microsoft.Bcl.AsyncInterfaces: Resolving assembly.
TpTrace Information: 0 : 13988, 1, 2022/09/12, 09:45:38.850, 27149772330790, vstest.console.dll, AssemblyResolver.OnResolve: Microsoft.Bcl.AsyncInterfaces: Resolved from cache.
TpTrace Verbose: 0 : 13988, 1, 2022/09/12, 09:45:38.850, 27149772331033, vstest.console.dll, CurrentDomainAssemblyResolve: Resolving assembly 'Microsoft.Bcl.AsyncInterfaces'.
TpTrace Information: 0 : 13988, 1, 2022/09/12, 09:45:38.851, 27149772331359, vstest.console.dll, AssemblyResolver.OnResolve: Microsoft.Bcl.AsyncInterfaces: Resolving assembly.
TpTrace Information: 0 : 13988, 1, 2022/09/12, 09:45:38.851, 27149772331588, vstest.console.dll, AssemblyResolver.OnResolve: Microsoft.Bcl.AsyncInterfaces: Resolved from cache.
TpTrace Verbose: 0 : 13988, 1, 2022/09/12, 09:45:38.851, 27149772331812, vstest.console.dll, CurrentDomainAssemblyResolve: Resolving assembly 'Microsoft.Bcl.AsyncInterfaces'.
TpTrace Verbose: 0 : 13988, 1, 2022/09/12, 09:45:38.851, 27149772332051, vstest.console.dll, CurrentDomainAssemblyResolve: Failed to resolve assembly 'Microsoft.Bcl.AsyncInterfaces'.
TpTrace Verbose: 0 : 13988, 1, 2022/09/12, 09:45:38.851, 27149772332929, vstest.console.dll, CurrentDomainAssemblyResolve: Failed to resolve assembly 'Microsoft.Bcl.AsyncInterfaces'.
TpTrace Warning: 0 : 13988, 1, 2022/09/12, 09:45:38.851, 27149772335110, vstest.console.dll, TestPluginDiscoverer: Failed to get types from assembly 'Microsoft.Diagnostics.NETCore.Client, Version=0.2.5.801, Culture=neutral, PublicKeyToken=31bf3856ad364e35'. Error: System.Reflection.ReflectionTypeLoadException: Unable to load one or more of the requested types.
Could not load file or assembly 'Microsoft.Bcl.AsyncInterfaces, Version=1.0.0.0, Culture=neutral, PublicKeyToken=cc7b13ffcd2ddd51'. The system cannot find the file specified.
   at System.Reflection.RuntimeModule.GetTypes(RuntimeModule module)
   at System.Reflection.Assembly.GetTypes()
   at Microsoft.VisualStudio.TestPlatform.Common.ExtensionFramework.TestPluginDiscoverer.GetTestExtensionsFromAssembly[TPluginInfo,TExtension](Assembly assembly, Dictionary`2 pluginInfos, String filePath)
System.IO.FileNotFoundException: Could not load file or assembly 'Microsoft.Bcl.AsyncInterfaces, Version=1.0.0.0, Culture=neutral, PublicKeyToken=cc7b13ffcd2ddd51'. The system cannot find the file specified.
File name: 'Microsoft.Bcl.AsyncInterfaces, Version=1.0.0.0, Culture=neutral, PublicKeyToken=cc7b13ffcd2ddd51'
 ---> System.IO.FileNotFoundException: Could not load file or assembly 'Microsoft.Bcl.AsyncInterfaces, Culture=neutral, PublicKeyToken=null'. The system cannot find the file specified.
File name: 'Microsoft.Bcl.AsyncInterfaces, Culture=neutral, PublicKeyToken=null'
   at System.Reflection.RuntimeAssembly.InternalLoad(ObjectHandleOnStack assemblyName, ObjectHandleOnStack requestingAssembly, StackCrawlMarkHandle stackMark, Boolean throwOnFileNotFound, ObjectHandleOnStack assemblyLoadContext, ObjectHandleOnStack retAssembly)
   at System.Reflection.RuntimeAssembly.InternalLoad(AssemblyName assemblyName, RuntimeAssembly requestingAssembly, StackCrawlMark& stackMark, Boolean throwOnFileNotFound, AssemblyLoadContext assemblyLoadContext)
   at System.Reflection.Assembly.Load(AssemblyName assemblyRef)
   at Microsoft.VisualStudio.TestPlatform.Common.ExtensionFramework.TestPluginCache.CurrentDomainAssemblyResolve(Object sender, AssemblyResolveEventArgs args)
   at Microsoft.VisualStudio.TestPlatform.PlatformAbstractions.PlatformAssemblyResolver.AssemblyResolverEvent(Object sender, Object eventArgs)
   at System.Runtime.Loader.AssemblyLoadContext.GetFirstResolvedAssemblyFromResolvingEvent(AssemblyName assemblyName)
   at System.Runtime.Loader.AssemblyLoadContext.ResolveUsingEvent(AssemblyName assemblyName)
   at System.Runtime.Loader.AssemblyLoadContext.ResolveUsingResolvingEvent(IntPtr gchManagedAssemblyLoadContext, AssemblyName assemblyName)
TpTrace Warning: 0 : 13988, 1, 2022/09/12, 09:45:38.851, 27149772336257, vstest.console.dll, LoaderExceptions: System.IO.FileNotFoundException: Could not load file or assembly 'Microsoft.Bcl.AsyncInterfaces, Version=1.0.0.0, Culture=neutral, PublicKeyToken=cc7b13ffcd2ddd51'. The system cannot find the file specified.
File name: 'Microsoft.Bcl.AsyncInterfaces, Version=1.0.0.0, Culture=neutral, PublicKeyToken=cc7b13ffcd2ddd51'
 ---> System.IO.FileNotFoundException: Could not load file or assembly 'Microsoft.Bcl.AsyncInterfaces, Culture=neutral, PublicKeyToken=null'. The system cannot find the file specified.
File name: 'Microsoft.Bcl.AsyncInterfaces, Culture=neutral, PublicKeyToken=null'
   at System.Reflection.RuntimeAssembly.InternalLoad(ObjectHandleOnStack assemblyName, ObjectHandleOnStack requestingAssembly, StackCrawlMarkHandle stackMark, Boolean throwOnFileNotFound, ObjectHandleOnStack assemblyLoadContext, ObjectHandleOnStack retAssembly)
   at System.Reflection.RuntimeAssembly.InternalLoad(AssemblyName assemblyName, RuntimeAssembly requestingAssembly, StackCrawlMark& stackMark, Boolean throwOnFileNotFound, AssemblyLoadContext assemblyLoadContext)
   at System.Reflection.Assembly.Load(AssemblyName assemblyRef)
   at Microsoft.VisualStudio.TestPlatform.Common.ExtensionFramework.TestPluginCache.CurrentDomainAssemblyResolve(Object sender, AssemblyResolveEventArgs args)
   at Microsoft.VisualStudio.TestPlatform.PlatformAbstractions.PlatformAssemblyResolver.AssemblyResolverEvent(Object sender, Object eventArgs)
   at System.Runtime.Loader.AssemblyLoadContext.GetFirstResolvedAssemblyFromResolvingEvent(AssemblyName assemblyName)
   at System.Runtime.Loader.AssemblyLoadContext.ResolveUsingEvent(AssemblyName assemblyName)
   at System.Runtime.Loader.AssemblyLoadContext.ResolveUsingResolvingEvent(IntPtr gchManagedAssemblyLoadContext, AssemblyName assemblyName)
TpTrace Verbose: 0 : 13988, 1, 2022/09/12, 09:45:38.851, 27149772336793, vstest.console.dll, MetadataReaderExtensionsHelper: Discovering extensions inside assembly 'Microsoft.TestPlatform.Extensions.BlameDataCollector, Version=15.0.0.0, Culture=neutral, PublicKeyToken=b03f5f7f11d50a3a' file path 'C:\Program Files\dotnet\sdk\6.0.301\Extensions\Microsoft.TestPlatform.Extensions.BlameDataCollector.dll'
TpTrace Information: 0 : 13988, 1, 2022/09/12, 09:45:38.851, 27149772339001, vstest.console.dll, GetTestExtensionFromType: Register extension with identifier data 'logger://Microsoft/TestPlatform/Extensions/Blame/v1' and type 'Microsoft.TestPlatform.Extensions.BlameDataCollector.BlameLogger, Microsoft.TestPlatform.Extensions.BlameDataCollector, Version=15.0.0.0, Culture=neutral, PublicKeyToken=b03f5f7f11d50a3a' inside file 'C:\Program Files\dotnet\sdk\6.0.301\Extensions\Microsoft.TestPlatform.Extensions.BlameDataCollector.dll'
TpTrace Verbose: 0 : 13988, 1, 2022/09/12, 09:45:38.851, 27149772339475, vstest.console.dll, MetadataReaderExtensionsHelper: Discovering extensions inside assembly 'Microsoft.TestPlatform.Extensions.EventLogCollector, Version=15.0.0.0, Culture=neutral, PublicKeyToken=b03f5f7f11d50a3a' file path 'C:\Program Files\dotnet\sdk\6.0.301\Extensions\Microsoft.TestPlatform.Extensions.EventLogCollector.dll'
TpTrace Verbose: 0 : 13988, 1, 2022/09/12, 09:45:38.851, 27149772341224, vstest.console.dll, MetadataReaderExtensionsHelper: Discovering extensions inside assembly 'Microsoft.TestPlatform.TestHostRuntimeProvider, Version=15.0.0.0, Culture=neutral, PublicKeyToken=b03f5f7f11d50a3a' file path 'C:\Program Files\dotnet\sdk\6.0.301\Extensions\Microsoft.TestPlatform.TestHostRuntimeProvider.dll'
TpTrace Verbose: 0 : 13988, 1, 2022/09/12, 09:45:38.852, 27149772343035, vstest.console.dll, MetadataReaderExtensionsHelper: Discovering extensions inside assembly 'Microsoft.VisualStudio.TestPlatform.Extensions.Html.TestLogger, Version=15.0.0.0, Culture=neutral, PublicKeyToken=b03f5f7f11d50a3a' file path 'C:\Program Files\dotnet\sdk\6.0.301\Extensions\Microsoft.VisualStudio.TestPlatform.Extensions.Html.TestLogger.dll'
TpTrace Information: 0 : 13988, 1, 2022/09/12, 09:45:38.852, 27149772344595, vstest.console.dll, GetTestExtensionFromType: Register extension with identifier data 'logger://Microsoft/TestPlatform/HtmlLogger/v1' and type 'Microsoft.VisualStudio.TestPlatform.Extensions.HtmlLogger.HtmlLogger, Microsoft.VisualStudio.TestPlatform.Extensions.Html.TestLogger, Version=15.0.0.0, Culture=neutral, PublicKeyToken=b03f5f7f11d50a3a' inside file 'C:\Program Files\dotnet\sdk\6.0.301\Extensions\Microsoft.VisualStudio.TestPlatform.Extensions.Html.TestLogger.dll'
TpTrace Verbose: 0 : 13988, 1, 2022/09/12, 09:45:38.852, 27149772345036, vstest.console.dll, MetadataReaderExtensionsHelper: Discovering extensions inside assembly 'Microsoft.VisualStudio.TestPlatform.Extensions.Trx.TestLogger, Version=15.0.0.0, Culture=neutral, PublicKeyToken=b03f5f7f11d50a3a' file path 'C:\Program Files\dotnet\sdk\6.0.301\Extensions\Microsoft.VisualStudio.TestPlatform.Extensions.Trx.TestLogger.dll'
TpTrace Information: 0 : 13988, 1, 2022/09/12, 09:45:38.852, 27149772346798, vstest.console.dll, GetTestExtensionFromType: Register extension with identifier data 'logger://Microsoft/TestPlatform/TrxLogger/v1' and type 'Microsoft.VisualStudio.TestPlatform.Extensions.TrxLogger.TrxLogger, Microsoft.VisualStudio.TestPlatform.Extensions.Trx.TestLogger, Version=15.0.0.0, Culture=neutral, PublicKeyToken=b03f5f7f11d50a3a' inside file 'C:\Program Files\dotnet\sdk\6.0.301\Extensions\Microsoft.VisualStudio.TestPlatform.Extensions.Trx.TestLogger.dll'
TpTrace Verbose: 0 : 13988, 1, 2022/09/12, 09:45:38.852, 27149772347272, vstest.console.dll, TestPluginCache: Discovered the extensions using extension path ''.
TpTrace Verbose: 0 : 13988, 1, 2022/09/12, 09:45:38.852, 27149772347509, vstest.console.dll, TestPluginCache: Discoverers are ''.
TpTrace Verbose: 0 : 13988, 1, 2022/09/12, 09:45:38.852, 27149772347755, vstest.console.dll, TestPluginCache: Executors are ''.
TpTrace Verbose: 0 : 13988, 1, 2022/09/12, 09:45:38.852, 27149772347947, vstest.console.dll, TestPluginCache: Executors2 are ''.
TpTrace Verbose: 0 : 13988, 1, 2022/09/12, 09:45:38.852, 27149772348131, vstest.console.dll, TestPluginCache: Setting providers are ''.
TpTrace Verbose: 0 : 13988, 1, 2022/09/12, 09:45:38.852, 27149772348568, vstest.console.dll, TestPluginCache: Loggers are 'logger://Microsoft/TestPlatform/Extensions/Blame/v1,logger://Microsoft/TestPlatform/HtmlLogger/v1,logger://Microsoft/TestPlatform/TrxLogger/v1'.
TpTrace Verbose: 0 : 13988, 1, 2022/09/12, 09:45:38.852, 27149772348902, vstest.console.dll, TestPluginCache: TestHosts are 'HostProvider://DefaultTestHost,HostProvider://DotnetTestHost'.
TpTrace Verbose: 0 : 13988, 1, 2022/09/12, 09:45:38.852, 27149772349121, vstest.console.dll, TestPluginCache: DataCollectors are ''.
TpTrace Information: 0 : 13988, 1, 2022/09/12, 09:45:38.853, 27149772353095, vstest.console.dll, TestPluginManager.CreateTestExtension: Attempting to load test extension: Microsoft.TestPlatform.Extensions.BlameDataCollector.BlameLogger
TpTrace Information: 0 : 13988, 1, 2022/09/12, 09:45:38.856, 27149772388558, vstest.console.dll, TestPluginManager.CreateTestExtension: Attempting to load test extension: Microsoft.VisualStudio.TestPlatform.CrossPlatEngine.Hosting.DefaultTestHostManager
TpTrace Information: 0 : 13988, 1, 2022/09/12, 09:45:38.857, 27149772395133, vstest.console.dll, TestPluginManager.CreateTestExtension: Attempting to load test extension: Microsoft.VisualStudio.TestPlatform.CrossPlatEngine.Hosting.DotnetTestHostManager
TpTrace Verbose: 0 : 13988, 1, 2022/09/12, 09:45:38.857, 27149772399169, vstest.console.dll, TestEngine: Initializing Parallel Execution as MaxCpuCount is set to: 1
TpTrace Information: 0 : 13988, 1, 2022/09/12, 09:45:38.858, 27149772402981, vstest.console.dll, InferRunSettingsHelper.IsTestSettingsEnabled: Unable to navigate to RunSettings/MSTest. Current node: RunSettings
TpTrace Verbose: 0 : 13988, 1, 2022/09/12, 09:45:38.858, 27149772409880, vstest.console.dll, TestRequestSender is acting as server.
TpTrace Verbose: 0 : 13988, 1, 2022/09/12, 09:45:38.859, 27149772416897, vstest.console.dll, TestEngine.GetExecutionManager: Chosen execution manager 'Microsoft.VisualStudio.TestPlatform.CrossPlatEngine.Client.Parallel.ParallelProxyExecutionManager, Microsoft.TestPlatform.CrossPlatEngine, Version=15.0.0.0, Culture=neutral, PublicKeyToken=b03f5f7f11d50a3a' ParallelLevel '1' Shared host 'False'
TpTrace Verbose: 0 : 13988, 5, 2022/09/12, 09:45:38.861, 27149772435898, vstest.console.dll, DataCollectionRequestSender.InitializeCommunication : Initialize communication. 
TpTrace Information: 0 : 13988, 5, 2022/09/12, 09:45:38.865, 27149772471963, vstest.console.dll, Listening on Endpoint : 127.0.0.1:63358
TpTrace Verbose: 0 : 13988, 5, 2022/09/12, 09:45:38.869, 27149772516126, vstest.console.dll, DotnetDataCollectionLauncher: Full path of dotnet.exe is C:\Program Files\dotnet\dotnet.exe
TpTrace Verbose: 0 : 13988, 5, 2022/09/12, 09:45:38.869, 27149772517150, vstest.console.dll, DotnetDataCollectionLauncher: Adding  --runtimeconfig "C:\Program Files\dotnet\sdk\6.0.301\datacollector.runtimeconfig.json" in args
TpTrace Verbose: 0 : 13988, 5, 2022/09/12, 09:45:38.869, 27149772517735, vstest.console.dll, DotnetDataCollectionLauncher: Adding  --depsfile "C:\Program Files\dotnet\sdk\6.0.301\datacollector.deps.json" in args
TpTrace Information: 0 : 13988, 5, 2022/09/12, 09:45:38.877, 27149772598673, vstest.console.dll, ProxyDataCollectionManager.Initialize: Launched datacollector processId: 58248 port: 63358
TpTrace Information: 0 : 13988, 5, 2022/09/12, 09:45:38.877, 27149772600638, vstest.console.dll, ProxyDataCollectionManager.Initialize: waiting for connection with timeout: 90 seconds
TpTrace Verbose: 0 : 13988, 5, 2022/09/12, 09:45:38.877, 27149772601060, vstest.console.dll, DataCollectionRequestSender.WaitForRequestHandlerConnection : Waiting for connection with timeout: 90000
TpTrace Information: 0 : 13988, 8, 2022/09/12, 09:45:38.964, 27149773470637, vstest.console.dll, Using the buffer size of 16384 bytes
TpTrace Verbose: 0 : 13988, 5, 2022/09/12, 09:45:38.964, 27149773470759, vstest.console.dll, SocketCommunicationManager.WaitForClientConnection took: 86 ms, with 90000 ms timeout, and finished with True.
TpTrace Information: 0 : 13988, 8, 2022/09/12, 09:45:38.965, 27149773471367, vstest.console.dll, Accepted Client request and set the flag
TpTrace Verbose: 0 : 13988, 5, 2022/09/12, 09:45:38.965, 27149773472196, vstest.console.dll, ProxyDataCollectionManager.InvokeDataCollectionServiceAction: Starting.
TpTrace Information: 0 : 13988, 5, 2022/09/12, 09:45:38.965, 27149773472823, vstest.console.dll, ProxyDataCollectionManager.BeforeTestRunStart: Get environment variable and port for datacollector processId: 58248 port: 63358
TpTrace Verbose: 0 : 13988, 5, 2022/09/12, 09:45:38.965, 27149773473615, vstest.console.dll, DataCollectionRequestSender.SendBeforeTestRunStartAndGetResult: Send BeforeTestRunStart message with settingsXml <RunSettings><RunConfiguration><ResultsDirectory>C:\Users\shish\source\repos\Kloudscript.Quiz\ConsoleApps\Kloudscript.Quiz.PhoneNumber.Test\bin\Debug\net6.0\fine-code-coverage\coverage-tool-output</ResultsDirectory><TargetPlatform>X64</TargetPlatform><TargetFrameworkVersion>.NETCoreApp,Version=v6.0</TargetFrameworkVersion><DesignMode>False</DesignMode><CollectSourceInformation>False</CollectSourceInformation><TestAdaptersPaths>C:\Program Files\dotnet\sdk\6.0.301\Extensions</TestAdaptersPaths></RunConfiguration><LoggerRunSettings><Loggers><Logger friendlyName="blame" enabled="True" /><Logger friendlyName="Console" uri="logger://microsoft/TestPlatform/ConsoleLogger/v1" assemblyQualifiedName="Microsoft.VisualStudio.TestPlatform.CommandLine.Internal.ConsoleLogger, vstest.console, Version=15.0.0.0, Culture=neutral, PublicKeyToken=b03f5f7f11d50a3a" codeBase="C:\Program Files\dotnet\sdk\6.0.301\vstest.console.dll" enabled="True" /></Loggers></LoggerRunSettings><DataCollectionRunSettings><DataCollectors><DataCollector friendlyName="blame" enabled="True"><Configuration><ResultsDirectory>C:\Users\shish\source\repos\Kloudscript.Quiz\ConsoleApps\Kloudscript.Quiz.PhoneNumber.Test\bin\Debug\net6.0\fine-code-coverage\coverage-tool-output</ResultsDirectory></Configuration></DataCollector></DataCollectors></DataCollectionRunSettings></RunSettings> and sources System.Linq.Enumerable+Concat2Iterator`1[System.String]: 
TpTrace Verbose: 0 : 13988, 5, 2022/09/12, 09:45:39.014, 27149773968847, vstest.console.dll, DataCollectionRequestSender.SendBeforeTestRunStartAndGetResult: Received message: (DataCollection.SendMessage) -> {
  "FriendlyName": null,
  "Uri": null,
  "TestCaseId": "00000000-0000-0000-0000-000000000000",
  "Message": "Logging DataCollector Diagnostics in file: C:\\Users\\shish\\source\\repos\\Kloudscript.Quiz\\ConsoleApps\\Kloudscript.Quiz.PhoneNumber.Test\\bin\\Debug\\net6.0\\fine-code-coverage\\coverage-tool-output\\diagnostics.datacollector.22-09-12_09-45-38_86932_5.log",
  "Level": 0
}
TpTrace Verbose: 0 : 13988, 5, 2022/09/12, 09:45:39.069, 27149774521283, vstest.console.dll, DataCollectionRequestSender.SendBeforeTestRunStartAndGetResult: Received message: (DataCollection.BeforeTestRunStartResult) -> {
  "EnvironmentVariables": {},
  "DataCollectionEventsPort": 63361
}
TpTrace Information: 0 : 13988, 5, 2022/09/12, 09:45:39.074, 27149774567128, vstest.console.dll, ProxyDataCollectionManager.BeforeTestRunStart: SendBeforeTestRunStartAndGetResult successful, env variable from datacollector:   and testhost port: 63361
TpTrace Information: 0 : 13988, 5, 2022/09/12, 09:45:39.074, 27149774567887, vstest.console.dll, ProxyDataCollectionManager.InvokeDataCollectionServiceAction: Completed.
TpTrace Verbose: 0 : 13988, 1, 2022/09/12, 09:45:39.074, 27149774568782, vstest.console.dll, TestRunRequest.ExecuteAsync: Creating test run request.
TpTrace Verbose: 0 : 13988, 1, 2022/09/12, 09:45:39.074, 27149774570579, vstest.console.dll, TestRunRequest.ExecuteAsync: Starting.
TpTrace Information: 0 : 13988, 1, 2022/09/12, 09:45:39.075, 27149774572745, vstest.console.dll, TestRunRequest.ExecuteAsync: Starting run with settings:TestRunCriteria:
   KeepAlive=False,FrequencyOfRunStatsChangeEvent=10,RunStatsChangeEventTimeout=00:00:01.5000000,TestCaseFilter=,TestExecutorLauncher=
   Settingsxml=<RunSettings>
  <RunConfiguration>
    <ResultsDirectory>C:\Users\shish\source\repos\Kloudscript.Quiz\ConsoleApps\Kloudscript.Quiz.PhoneNumber.Test\bin\Debug\net6.0\fine-code-coverage\coverage-tool-output</ResultsDirectory>
    <TargetPlatform>X64</TargetPlatform>
    <TargetFrameworkVersion>.NETCoreApp,Version=v6.0</TargetFrameworkVersion>
    <DesignMode>False</DesignMode>
    <CollectSourceInformation>False</CollectSourceInformation>
  </RunConfiguration>
  <LoggerRunSettings>
    <Loggers>
      <Logger friendlyName="blame" enabled="True" />
      <Logger friendlyName="Console" uri="logger://microsoft/TestPlatform/ConsoleLogger/v1" assemblyQualifiedName="Microsoft.VisualStudio.TestPlatform.CommandLine.Internal.ConsoleLogger, vstest.console, Version=15.0.0.0, Culture=neutral, PublicKeyToken=b03f5f7f11d50a3a" codeBase="C:\Program Files\dotnet\sdk\6.0.301\vstest.console.dll" enabled="True" />
    </Loggers>
  </LoggerRunSettings>
  <DataCollectionRunSettings>
    <DataCollectors>
      <DataCollector friendlyName="blame" enabled="True">
        <Configuration>
          <ResultsDirectory>C:\Users\shish\source\repos\Kloudscript.Quiz\ConsoleApps\Kloudscript.Quiz.PhoneNumber.Test\bin\Debug\net6.0\fine-code-coverage\coverage-tool-output</ResultsDirectory>
        </Configuration>
      </DataCollector>
    </DataCollectors>
  </DataCollectionRunSettings>
</RunSettings>

TpTrace Verbose: 0 : 13988, 1, 2022/09/12, 09:45:39.075, 27149774573131, vstest.console.dll, TestRunRequest.ExecuteAsync: Wait for the first run request is over.
TpTrace Verbose: 0 : 13988, 1, 2022/09/12, 09:45:39.075, 27149774575046, vstest.console.dll, MulticastDelegateUtilities.SafeInvoke: TestRun.TestRunStart: Invoking callbacks was skipped because there are no subscribers.
TpTrace Verbose: 0 : 13988, 1, 2022/09/12, 09:45:39.075, 27149774576310, vstest.console.dll, ParallelProxyExecutionManager: Start execution. Total sources: 1
TpTrace Verbose: 0 : 13988, 4, 2022/09/12, 09:45:39.075, 27149774576642, vstest.console.dll, MulticastDelegateUtilities.SafeInvoke: InternalTestLoggerEvents.SendTestRunStart: Invoking callback 1/1 for Microsoft.VisualStudio.TestPlatform.CommandLine.Internal.ConsoleLogger.TestRunStartHandler, took 0 ms.
TpTrace Information: 0 : 13988, 1, 2022/09/12, 09:45:39.076, 27149774582168, vstest.console.dll, ProxyParallelExecutionManager: Triggering test run for next source: C:\Users\shish\source\repos\Kloudscript.Quiz\ConsoleApps\Kloudscript.Quiz.PhoneNumber.Test\bin\Debug\net6.0\fine-code-coverage\build-output\Kloudscript.Quiz.PhoneNumber.Test.dll
TpTrace Verbose: 0 : 13988, 1, 2022/09/12, 09:45:39.076, 27149774583305, vstest.console.dll, ProxyParallelExecutionManager: No sources available for execution.
TpTrace Verbose: 0 : 13988, 5, 2022/09/12, 09:45:39.076, 27149774583356, vstest.console.dll, ParallelProxyExecutionManager: Execution started. Started clients: 1
TpTrace Information: 0 : 13988, 1, 2022/09/12, 09:45:39.076, 27149774583652, vstest.console.dll, TestRunRequest.ExecuteAsync: Started.
TpTrace Verbose: 0 : 13988, 1, 2022/09/12, 09:45:39.076, 27149774584534, vstest.console.dll, TestRunRequest.WaitForCompletion: Waiting with timeout -1.
TpTrace Verbose: 0 : 13988, 5, 2022/09/12, 09:45:39.076, 27149774585396, vstest.console.dll, TestRunRequest:SendTestRunMessage: Starting.
TpTrace Verbose: 0 : 13988, 5, 2022/09/12, 09:45:39.076, 27149774586191, vstest.console.dll, MulticastDelegateUtilities.SafeInvoke: TestRun.LogMessages: Invoking callback 1/1 for Microsoft.VisualStudio.TestPlatform.CommandLine.TestRunResultAggregator.TestRunMessageHandler, took 0 ms.
TpTrace Information: 0 : 13988, 5, 2022/09/12, 09:45:39.076, 27149774586514, vstest.console.dll, TestRunRequest:SendTestRunMessage: Completed.
TpTrace Verbose: 0 : 13988, 4, 2022/09/12, 09:45:39.076, 27149774586591, vstest.console.dll, MulticastDelegateUtilities.SafeInvoke: InternalTestLoggerEvents.SendTestRunMessage: Invoking callback 1/1 for Microsoft.VisualStudio.TestPlatform.CommandLine.Internal.ConsoleLogger.TestMessageHandler, took 0 ms.
TpTrace Verbose: 0 : 13988, 5, 2022/09/12, 09:45:39.076, 27149774588464, vstest.console.dll, ProxyExecutionManager: Test host is always Lazy initialize.
TpTrace Verbose: 0 : 13988, 5, 2022/09/12, 09:45:39.076, 27149774589860, vstest.console.dll, TestRequestSender.InitializeCommunication: initialize communication. 
TpTrace Information: 0 : 13988, 5, 2022/09/12, 09:45:39.077, 27149774593512, vstest.console.dll, SocketServer.Start: Listening on endpoint : 127.0.0.1:63362
TpTrace Verbose: 0 : 13988, 5, 2022/09/12, 09:45:39.077, 27149774597535, vstest.console.dll, DotnetTestHostmanager.GetTestHostProcessStartInfo: Platform environment 'X64' target architecture 'X64' framework '.NETCoreApp,Version=v6.0' OS 'Windows'
TpTrace Verbose: 0 : 13988, 5, 2022/09/12, 09:45:39.077, 27149774599011, vstest.console.dll, DotnetTestHostmanager: Adding  --runtimeconfig "C:\Users\shish\source\repos\Kloudscript.Quiz\ConsoleApps\Kloudscript.Quiz.PhoneNumber.Test\bin\Debug\net6.0\fine-code-coverage\build-output\Kloudscript.Quiz.PhoneNumber.Test.runtimeconfig.json" in args
TpTrace Verbose: 0 : 13988, 5, 2022/09/12, 09:45:39.077, 27149774599672, vstest.console.dll, DotnetTestHostmanager: Adding  --depsfile "C:\Users\shish\source\repos\Kloudscript.Quiz\ConsoleApps\Kloudscript.Quiz.PhoneNumber.Test\bin\Debug\net6.0\fine-code-coverage\build-output\Kloudscript.Quiz.PhoneNumber.Test.deps.json" in args
TpTrace Verbose: 0 : 13988, 5, 2022/09/12, 09:45:39.078, 27149774601685, vstest.console.dll, DotnetTestHostmanager.IsWinOnArm: Current PROCESSOR_ARCHITECTURE from environment variable 'AMD64'
TpTrace Verbose: 0 : 13988, 5, 2022/09/12, 09:45:39.078, 27149774602124, vstest.console.dll, DotnetTestHostmanager.IsWinOnArm: Is Windows on ARM 'False'
TpTrace Verbose: 0 : 13988, 5, 2022/09/12, 09:45:39.078, 27149774602940, vstest.console.dll, DotnetTestHostManager: testhost.exe found at path: C:\Users\shish\source\repos\Kloudscript.Quiz\ConsoleApps\Kloudscript.Quiz.PhoneNumber.Test\bin\Debug\net6.0\fine-code-coverage\build-output\testhost.exe
TpTrace Verbose: 0 : 13988, 5, 2022/09/12, 09:45:39.078, 27149774603309, vstest.console.dll, DotnetTestHostmanager: Full path of host exe is C:\Users\shish\source\repos\Kloudscript.Quiz\ConsoleApps\Kloudscript.Quiz.PhoneNumber.Test\bin\Debug\net6.0\fine-code-coverage\build-output\testhost.exe
TpTrace Verbose: 0 : 13988, 5, 2022/09/12, 09:45:39.078, 27149774604107, vstest.console.dll, DotnetTestHostmanager.LaunchTestHostAsync: Found 'VSTEST_WINAPPHOST_DOTNET_ROOT' in env variables, value 'C:\Program Files\dotnet', forwarding to 'DOTNET_ROOT'
TpTrace Verbose: 0 : 13988, 7, 2022/09/12, 09:45:39.078, 27149774609120, vstest.console.dll, DotnetTestHostManager: Starting process 'C:\Users\shish\source\repos\Kloudscript.Quiz\ConsoleApps\Kloudscript.Quiz.PhoneNumber.Test\bin\Debug\net6.0\fine-code-coverage\build-output\testhost.exe' with command line ' --runtimeconfig "C:\Users\shish\source\repos\Kloudscript.Quiz\ConsoleApps\Kloudscript.Quiz.PhoneNumber.Test\bin\Debug\net6.0\fine-code-coverage\build-output\Kloudscript.Quiz.PhoneNumber.Test.runtimeconfig.json" --depsfile "C:\Users\shish\source\repos\Kloudscript.Quiz\ConsoleApps\Kloudscript.Quiz.PhoneNumber.Test\bin\Debug\net6.0\fine-code-coverage\build-output\Kloudscript.Quiz.PhoneNumber.Test.deps.json" --port 63362 --endpoint 127.0.0.1:063362 --role client --parentprocessid 13988 --diag "C:\Users\shish\source\repos\Kloudscript.Quiz\ConsoleApps\Kloudscript.Quiz.PhoneNumber.Test\bin\Debug\net6.0\fine-code-coverage\coverage-tool-output\diagnostics.host.22-09-12_09-45-39_07744_5.log" --tracelevel 4 --datacollectionport 63361 --telemetryoptedin false'
TpTrace Verbose: 0 : 13988, 7, 2022/09/12, 09:45:39.086, 27149774681946, vstest.console.dll, MulticastDelegateUtilities.SafeInvoke: HostProviderEvents.OnHostLaunched: Invoking callback 1/2 for Microsoft.VisualStudio.TestPlatform.CrossPlatEngine.Client.ProxyExecutionManagerWithDataCollection.TestHostLaunchedHandler, took 0 ms.
TpTrace Verbose: 0 : 13988, 7, 2022/09/12, 09:45:39.086, 27149774682700, vstest.console.dll, Test Runtime launched
TpTrace Verbose: 0 : 13988, 7, 2022/09/12, 09:45:39.086, 27149774683088, vstest.console.dll, MulticastDelegateUtilities.SafeInvoke: HostProviderEvents.OnHostLaunched: Invoking callback 2/2 for Microsoft.VisualStudio.TestPlatform.CrossPlatEngine.Client.ProxyOperationManager.TestHostManagerHostLaunched, took 0 ms.
TpTrace Verbose: 0 : 13988, 5, 2022/09/12, 09:45:39.086, 27149774686958, vstest.console.dll, TestRequestSender.WaitForRequestHandlerConnection: waiting for connection with timeout: 90000.
TpTrace Verbose: 0 : 13988, 7, 2022/09/12, 09:45:39.184, 27149775664033, vstest.console.dll, MulticastDelegateUtilities.SafeInvoke: SocketServer: ClientConnected: Invoking callback 1/1 for Microsoft.VisualStudio.TestPlatform.CommunicationUtilities.TestRequestSender.<InitializeCommunication>b__23_0, took 0 ms.
TpTrace Verbose: 0 : 13988, 5, 2022/09/12, 09:45:39.184, 27149775664438, vstest.console.dll, TestRequestSender.WaitForRequestHandlerConnection: waiting took 97 ms, with timeout 90000 ms, and result 0, which is success.
TpTrace Verbose: 0 : 13988, 7, 2022/09/12, 09:45:39.184, 27149775664704, vstest.console.dll, SocketServer.OnClientConnected: Client connected for endPoint: 127.0.0.1:63362, starting MessageLoopAsync:
TpTrace Verbose: 0 : 13988, 7, 2022/09/12, 09:45:39.184, 27149775666683, vstest.console.dll, TcpClientExtensions.MessageLoopAsync: Polling on remoteEndPoint: 127.0.0.1:63363 localEndPoint: 127.0.0.1:63362
TpTrace Verbose: 0 : 13988, 5, 2022/09/12, 09:45:39.184, 27149775671237, vstest.console.dll, TestRequestSender.CheckVersionWithTestHost: Sending check version message: {"MessageType":"ProtocolVersion","Payload":6}
TpTrace Verbose: 0 : 13988, 7, 2022/09/12, 09:45:39.283, 27149776653034, vstest.console.dll, TcpClientExtensions.MessageLoopAsync: NotifyDataAvailable remoteEndPoint: 127.0.0.1:63363 localEndPoint: 127.0.0.1:63362
TpTrace Verbose: 0 : 13988, 7, 2022/09/12, 09:45:39.283, 27149776654611, vstest.console.dll, TestRequestSender.CheckVersionWithTestHost: onMessageReceived received message: (ProtocolVersion) -> 5
TpTrace Verbose: 0 : 13988, 7, 2022/09/12, 09:45:39.283, 27149776658085, vstest.console.dll, MulticastDelegateUtilities.SafeInvoke: LengthPrefixCommunicationChannel: MessageReceived: Invoking callback 1/1 for Microsoft.VisualStudio.TestPlatform.CommunicationUtilities.TestRequestSender+<>c__DisplayClass25_0.<CheckVersionWithTestHost>b__0, took 0 ms.
TpTrace Verbose: 0 : 13988, 7, 2022/09/12, 09:45:39.283, 27149776658596, vstest.console.dll, TcpClientExtensions.MessageLoopAsync: Polling on remoteEndPoint: 127.0.0.1:63363 localEndPoint: 127.0.0.1:63362
TpTrace Verbose: 0 : 13988, 5, 2022/09/12, 09:45:39.283, 27149776658643, vstest.console.dll, TestPluginCache.GetExtensionPaths: Filtered extension paths: 
TpTrace Verbose: 0 : 13988, 5, 2022/09/12, 09:45:39.283, 27149776659482, vstest.console.dll, TestPluginCache.GetExtensionPaths: Added default extension paths: C:\Program Files\dotnet\sdk\6.0.301\Extensions\DumpMinitool.exe
C:\Program Files\dotnet\sdk\6.0.301\Extensions\DumpMinitool.x86.exe
C:\Program Files\dotnet\sdk\6.0.301\Extensions\Microsoft.Diagnostics.NETCore.Client.dll
C:\Program Files\dotnet\sdk\6.0.301\Extensions\Microsoft.TestPlatform.Extensions.BlameDataCollector.dll
C:\Program Files\dotnet\sdk\6.0.301\Extensions\Microsoft.TestPlatform.Extensions.EventLogCollector.dll
C:\Program Files\dotnet\sdk\6.0.301\Extensions\Microsoft.TestPlatform.TestHostRuntimeProvider.dll
C:\Program Files\dotnet\sdk\6.0.301\Extensions\Microsoft.VisualStudio.TestPlatform.Extensions.Html.TestLogger.dll
C:\Program Files\dotnet\sdk\6.0.301\Extensions\Microsoft.VisualStudio.TestPlatform.Extensions.Trx.TestLogger.dll
TpTrace Verbose: 0 : 13988, 5, 2022/09/12, 09:45:39.283, 27149776660299, vstest.console.dll, TestPluginCache.GetExtensionPaths: Added unfilterableExtensionPaths: 
TpTrace Verbose: 0 : 13988, 5, 2022/09/12, 09:45:39.286, 27149776688337, vstest.console.dll, TestRequestSender.InitializeExecution: Sending initialize execution with message: {"Version":5,"MessageType":"TestExecution.Initialize","Payload":["C:\\Users\\shish\\source\\repos\\Kloudscript.Quiz\\ConsoleApps\\Kloudscript.Quiz.PhoneNumber.Test\\bin\\Debug\\net6.0\\fine-code-coverage\\build-output\\NUnit3.TestAdapter.dll"]}
TpTrace Warning: 0 : 13988, 5, 2022/09/12, 09:45:39.287, 27149776691300, vstest.console.dll, InferRunSettingsHelper.MakeRunsettingsCompatible: Removing the following settings: TargetPlatform from RunSettings file. To use those settings please move to latest version of Microsoft.NET.Test.Sdk
TpTrace Verbose: 0 : 13988, 7, 2022/09/12, 09:45:39.290, 27149776730193, vstest.console.dll, TcpClientExtensions.MessageLoopAsync: NotifyDataAvailable remoteEndPoint: 127.0.0.1:63363 localEndPoint: 127.0.0.1:63362
TpTrace Verbose: 0 : 13988, 7, 2022/09/12, 09:45:39.290, 27149776731001, vstest.console.dll, TestRequestSender.OnExecutionMessageReceived: Received message: {"Version":5,"MessageType":"TestSession.Message","Payload":{"MessageLevel":0,"Message":"Logging TestHost Diagnostics in file: C:\\Users\\shish\\source\\repos\\Kloudscript.Quiz\\ConsoleApps\\Kloudscript.Quiz.PhoneNumber.Test\\bin\\Debug\\net6.0\\fine-code-coverage\\coverage-tool-output\\diagnostics.host.22-09-12_09-45-39_07744_5.log"}}
TpTrace Verbose: 0 : 13988, 5, 2022/09/12, 09:45:39.292, 27149776741791, vstest.console.dll, TestRequestSender.StartTestRun: Sending test run with message: {"Version":5,"MessageType":"TestExecution.StartWithSources","Payload":{"AdapterSourceMap":{"_none_":["C:\\Users\\shish\\source\\repos\\Kloudscript.Quiz\\ConsoleApps\\Kloudscript.Quiz.PhoneNumber.Test\\bin\\Debug\\net6.0\\fine-code-coverage\\build-output\\Kloudscript.Quiz.PhoneNumber.Test.dll"]},"RunSettings":"<RunSettings>\r\n  <RunConfiguration>\r\n    <ResultsDirectory>C:\\Users\\shish\\source\\repos\\Kloudscript.Quiz\\ConsoleApps\\Kloudscript.Quiz.PhoneNumber.Test\\bin\\Debug\\net6.0\\fine-code-coverage\\coverage-tool-output</ResultsDirectory>\r\n    <TargetFrameworkVersion>.NETCoreApp,Version=v6.0</TargetFrameworkVersion>\r\n    <DesignMode>False</DesignMode>\r\n    <CollectSourceInformation>False</CollectSourceInformation>\r\n  </RunConfiguration>\r\n  <LoggerRunSettings>\r\n    <Loggers>\r\n      <Logger friendlyName=\"blame\" enabled=\"True\" />\r\n      <Logger friendlyName=\"Console\" uri=\"logger://microsoft/TestPlatform/ConsoleLogger/v1\" assemblyQualifiedName=\"Microsoft.VisualStudio.TestPlatform.CommandLine.Internal.ConsoleLogger, vstest.console, Version=15.0.0.0, Culture=neutral, PublicKeyToken=b03f5f7f11d50a3a\" codeBase=\"C:\\Program Files\\dotnet\\sdk\\6.0.301\\vstest.console.dll\" enabled=\"True\" />\r\n    </Loggers>\r\n  </LoggerRunSettings>\r\n  <DataCollectionRunSettings>\r\n    <DataCollectors>\r\n      <DataCollector friendlyName=\"blame\" enabled=\"True\">\r\n        <Configuration>\r\n          <ResultsDirectory>C:\\Users\\shish\\source\\repos\\Kloudscript.Quiz\\ConsoleApps\\Kloudscript.Quiz.PhoneNumber.Test\\bin\\Debug\\net6.0\\fine-code-coverage\\coverage-tool-output</ResultsDirectory>\r\n        </Configuration>\r\n      </DataCollector>\r\n    </DataCollectors>\r\n  </DataCollectionRunSettings>\r\n</RunSettings>","TestExecutionContext":{"FrequencyOfRunStatsChangeEvent":10,"RunStatsChangeEventTimeout":"00:00:01.5000000","InIsolation":false,"KeepAlive":false,"AreTestCaseLevelEventsRequired":false,"IsDebug":false,"TestCaseFilter":null,"FilterOptions":null},"Package":null}}
TpTrace Verbose: 0 : 13988, 7, 2022/09/12, 09:45:39.292, 27149776742509, vstest.console.dll, TestRunRequest:SendTestRunMessage: Starting.
TpTrace Verbose: 0 : 13988, 7, 2022/09/12, 09:45:39.292, 27149776743321, vstest.console.dll, MulticastDelegateUtilities.SafeInvoke: TestRun.LogMessages: Invoking callback 1/1 for Microsoft.VisualStudio.TestPlatform.CommandLine.TestRunResultAggregator.TestRunMessageHandler, took 0 ms.
TpTrace Verbose: 0 : 13988, 4, 2022/09/12, 09:45:39.292, 27149776743504, vstest.console.dll, MulticastDelegateUtilities.SafeInvoke: InternalTestLoggerEvents.SendTestRunMessage: Invoking callback 1/1 for Microsoft.VisualStudio.TestPlatform.CommandLine.Internal.ConsoleLogger.TestMessageHandler, took 0 ms.
TpTrace Information: 0 : 13988, 7, 2022/09/12, 09:45:39.292, 27149776743612, vstest.console.dll, TestRunRequest:SendTestRunMessage: Completed.
TpTrace Verbose: 0 : 13988, 7, 2022/09/12, 09:45:39.292, 27149776744910, vstest.console.dll, MulticastDelegateUtilities.SafeInvoke: LengthPrefixCommunicationChannel: MessageReceived: Invoking callback 1/1 for Microsoft.VisualStudio.TestPlatform.CommunicationUtilities.TestRequestSender+<>c__DisplayClass30_0.<StartTestRun>b__1, took 1 ms.
TpTrace Verbose: 0 : 13988, 7, 2022/09/12, 09:45:39.292, 27149776745222, vstest.console.dll, TcpClientExtensions.MessageLoopAsync: Polling on remoteEndPoint: 127.0.0.1:63363 localEndPoint: 127.0.0.1:63362
TpTrace Verbose: 0 : 13988, 7, 2022/09/12, 09:45:39.412, 27149777946706, vstest.console.dll, TcpClientExtensions.MessageLoopAsync: NotifyDataAvailable remoteEndPoint: 127.0.0.1:63363 localEndPoint: 127.0.0.1:63362
TpTrace Verbose: 0 : 13988, 7, 2022/09/12, 09:45:39.412, 27149777947612, vstest.console.dll, TestRequestSender.OnExecutionMessageReceived: Received message: {"Version":5,"MessageType":"TestSession.Message","Payload":{"MessageLevel":0,"Message":"NUnit Adapter 4.2.0.0: Test execution started"}}
TpTrace Verbose: 0 : 13988, 7, 2022/09/12, 09:45:39.412, 27149777949093, vstest.console.dll, TestRunRequest:SendTestRunMessage: Starting.
TpTrace Verbose: 0 : 13988, 7, 2022/09/12, 09:45:39.412, 27149777949529, vstest.console.dll, MulticastDelegateUtilities.SafeInvoke: TestRun.LogMessages: Invoking callback 1/1 for Microsoft.VisualStudio.TestPlatform.CommandLine.TestRunResultAggregator.TestRunMessageHandler, took 0 ms.
TpTrace Verbose: 0 : 13988, 4, 2022/09/12, 09:45:39.412, 27149777949677, vstest.console.dll, MulticastDelegateUtilities.SafeInvoke: InternalTestLoggerEvents.SendTestRunMessage: Invoking callback 1/1 for Microsoft.VisualStudio.TestPlatform.CommandLine.Internal.ConsoleLogger.TestMessageHandler, took 0 ms.
TpTrace Information: 0 : 13988, 7, 2022/09/12, 09:45:39.412, 27149777949787, vstest.console.dll, TestRunRequest:SendTestRunMessage: Completed.
TpTrace Verbose: 0 : 13988, 7, 2022/09/12, 09:45:39.412, 27149777950472, vstest.console.dll, MulticastDelegateUtilities.SafeInvoke: LengthPrefixCommunicationChannel: MessageReceived: Invoking callback 1/1 for Microsoft.VisualStudio.TestPlatform.CommunicationUtilities.TestRequestSender+<>c__DisplayClass30_0.<StartTestRun>b__1, took 0 ms.
TpTrace Verbose: 0 : 13988, 7, 2022/09/12, 09:45:39.412, 27149777950706, vstest.console.dll, TcpClientExtensions.MessageLoopAsync: Polling on remoteEndPoint: 127.0.0.1:63363 localEndPoint: 127.0.0.1:63362
TpTrace Verbose: 0 : 13988, 7, 2022/09/12, 09:45:39.435, 27149778176971, vstest.console.dll, TcpClientExtensions.MessageLoopAsync: NotifyDataAvailable remoteEndPoint: 127.0.0.1:63363 localEndPoint: 127.0.0.1:63362
TpTrace Verbose: 0 : 13988, 7, 2022/09/12, 09:45:39.435, 27149778177851, vstest.console.dll, TestRequestSender.OnExecutionMessageReceived: Received message: {"Version":5,"MessageType":"TestSession.Message","Payload":{"MessageLevel":0,"Message":"Running all tests in C:\\Users\\shish\\source\\repos\\Kloudscript.Quiz\\ConsoleApps\\Kloudscript.Quiz.PhoneNumber.Test\\bin\\Debug\\net6.0\\fine-code-coverage\\build-output\\Kloudscript.Quiz.PhoneNumber.Test.dll"}}
TpTrace Verbose: 0 : 13988, 7, 2022/09/12, 09:45:39.435, 27149778179085, vstest.console.dll, TestRunRequest:SendTestRunMessage: Starting.
TpTrace Verbose: 0 : 13988, 7, 2022/09/12, 09:45:39.435, 27149778179512, vstest.console.dll, MulticastDelegateUtilities.SafeInvoke: TestRun.LogMessages: Invoking callback 1/1 for Microsoft.VisualStudio.TestPlatform.CommandLine.TestRunResultAggregator.TestRunMessageHandler, took 0 ms.
TpTrace Information: 0 : 13988, 7, 2022/09/12, 09:45:39.435, 27149778179747, vstest.console.dll, TestRunRequest:SendTestRunMessage: Completed.
TpTrace Verbose: 0 : 13988, 7, 2022/09/12, 09:45:39.435, 27149778179962, vstest.console.dll, MulticastDelegateUtilities.SafeInvoke: LengthPrefixCommunicationChannel: MessageReceived: Invoking callback 1/1 for Microsoft.VisualStudio.TestPlatform.CommunicationUtilities.TestRequestSender+<>c__DisplayClass30_0.<StartTestRun>b__1, took 0 ms.
TpTrace Verbose: 0 : 13988, 4, 2022/09/12, 09:45:39.435, 27149778179987, vstest.console.dll, MulticastDelegateUtilities.SafeInvoke: InternalTestLoggerEvents.SendTestRunMessage: Invoking callback 1/1 for Microsoft.VisualStudio.TestPlatform.CommandLine.Internal.ConsoleLogger.TestMessageHandler, took 0 ms.
TpTrace Verbose: 0 : 13988, 7, 2022/09/12, 09:45:39.435, 27149778180426, vstest.console.dll, TcpClientExtensions.MessageLoopAsync: Polling on remoteEndPoint: 127.0.0.1:63363 localEndPoint: 127.0.0.1:63362
TpTrace Verbose: 0 : 13988, 7, 2022/09/12, 09:45:40.053, 27149784352646, vstest.console.dll, TcpClientExtensions.MessageLoopAsync: NotifyDataAvailable remoteEndPoint: 127.0.0.1:63363 localEndPoint: 127.0.0.1:63362
TpTrace Verbose: 0 : 13988, 7, 2022/09/12, 09:45:40.053, 27149784354370, vstest.console.dll, TestRequestSender.OnExecutionMessageReceived: Received message: {"Version":5,"MessageType":"TestSession.Message","Payload":{"MessageLevel":0,"Message":"   NUnit3TestExecutor discovered 1 of 1 NUnit test cases using Current Discovery mode, Non-Explicit run"}}
TpTrace Verbose: 0 : 13988, 7, 2022/09/12, 09:45:40.053, 27149784357520, vstest.console.dll, TestRunRequest:SendTestRunMessage: Starting.
TpTrace Verbose: 0 : 13988, 7, 2022/09/12, 09:45:40.053, 27149784358816, vstest.console.dll, MulticastDelegateUtilities.SafeInvoke: TestRun.LogMessages: Invoking callback 1/1 for Microsoft.VisualStudio.TestPlatform.CommandLine.TestRunResultAggregator.TestRunMessageHandler, took 0 ms.
TpTrace Verbose: 0 : 13988, 4, 2022/09/12, 09:45:40.053, 27149784358978, vstest.console.dll, MulticastDelegateUtilities.SafeInvoke: InternalTestLoggerEvents.SendTestRunMessage: Invoking callback 1/1 for Microsoft.VisualStudio.TestPlatform.CommandLine.Internal.ConsoleLogger.TestMessageHandler, took 0 ms.
TpTrace Information: 0 : 13988, 7, 2022/09/12, 09:45:40.053, 27149784359253, vstest.console.dll, TestRunRequest:SendTestRunMessage: Completed.
TpTrace Verbose: 0 : 13988, 7, 2022/09/12, 09:45:40.053, 27149784361045, vstest.console.dll, MulticastDelegateUtilities.SafeInvoke: LengthPrefixCommunicationChannel: MessageReceived: Invoking callback 1/1 for Microsoft.VisualStudio.TestPlatform.CommunicationUtilities.TestRequestSender+<>c__DisplayClass30_0.<StartTestRun>b__1, took 0 ms.
TpTrace Verbose: 0 : 13988, 7, 2022/09/12, 09:45:40.054, 27149784361789, vstest.console.dll, TcpClientExtensions.MessageLoopAsync: Polling on remoteEndPoint: 127.0.0.1:63363 localEndPoint: 127.0.0.1:63362
TpTrace Verbose: 0 : 13988, 7, 2022/09/12, 09:45:40.418, 27149788006439, vstest.console.dll, TcpClientExtensions.MessageLoopAsync: NotifyDataAvailable remoteEndPoint: 127.0.0.1:63363 localEndPoint: 127.0.0.1:63362
TpTrace Verbose: 0 : 13988, 7, 2022/09/12, 09:45:40.418, 27149788007464, vstest.console.dll, TestRequestSender.OnExecutionMessageReceived: Received message: {"Version":5,"MessageType":"TestSession.Message","Payload":{"MessageLevel":1,"Message":"Sorted Phone Number csv has been generated on below path. \r\n\r\nPath : C:\\temp\\files\\ \r\nFileName : Sorted-PhoneNumbers-8-digits.csv\r\n"}}
TpTrace Verbose: 0 : 13988, 7, 2022/09/12, 09:45:40.418, 27149788009169, vstest.console.dll, TestRunRequest:SendTestRunMessage: Starting.
TpTrace Verbose: 0 : 13988, 7, 2022/09/12, 09:45:40.418, 27149788009667, vstest.console.dll, MulticastDelegateUtilities.SafeInvoke: TestRun.LogMessages: Invoking callback 1/1 for Microsoft.VisualStudio.TestPlatform.CommandLine.TestRunResultAggregator.TestRunMessageHandler, took 0 ms.
TpTrace Information: 0 : 13988, 7, 2022/09/12, 09:45:40.418, 27149788009979, vstest.console.dll, TestRunRequest:SendTestRunMessage: Completed.
TpTrace Verbose: 0 : 13988, 7, 2022/09/12, 09:45:40.418, 27149788010221, vstest.console.dll, MulticastDelegateUtilities.SafeInvoke: LengthPrefixCommunicationChannel: MessageReceived: Invoking callback 1/1 for Microsoft.VisualStudio.TestPlatform.CommunicationUtilities.TestRequestSender+<>c__DisplayClass30_0.<StartTestRun>b__1, took 0 ms.
TpTrace Verbose: 0 : 13988, 7, 2022/09/12, 09:45:40.418, 27149788010449, vstest.console.dll, TcpClientExtensions.MessageLoopAsync: Polling on remoteEndPoint: 127.0.0.1:63363 localEndPoint: 127.0.0.1:63362
TpTrace Verbose: 0 : 13988, 4, 2022/09/12, 09:45:40.418, 27149788010450, vstest.console.dll, MulticastDelegateUtilities.SafeInvoke: InternalTestLoggerEvents.SendTestRunMessage: Invoking callback 1/1 for Microsoft.VisualStudio.TestPlatform.CommandLine.Internal.ConsoleLogger.TestMessageHandler, took 0 ms.
TpTrace Verbose: 0 : 13988, 7, 2022/09/12, 09:45:40.433, 27149788151400, vstest.console.dll, TcpClientExtensions.MessageLoopAsync: NotifyDataAvailable remoteEndPoint: 127.0.0.1:63363 localEndPoint: 127.0.0.1:63362
TpTrace Verbose: 0 : 13988, 7, 2022/09/12, 09:45:40.433, 27149788152451, vstest.console.dll, TestRequestSender.OnExecutionMessageReceived: Received message: {"Version":5,"MessageType":"TestSession.Message","Payload":{"MessageLevel":0,"Message":"NUnit Adapter 4.2.0.0: Test execution complete"}}
TpTrace Verbose: 0 : 13988, 7, 2022/09/12, 09:45:40.433, 27149788153785, vstest.console.dll, TestRunRequest:SendTestRunMessage: Starting.
TpTrace Verbose: 0 : 13988, 7, 2022/09/12, 09:45:40.433, 27149788154231, vstest.console.dll, MulticastDelegateUtilities.SafeInvoke: TestRun.LogMessages: Invoking callback 1/1 for Microsoft.VisualStudio.TestPlatform.CommandLine.TestRunResultAggregator.TestRunMessageHandler, took 0 ms.
TpTrace Information: 0 : 13988, 7, 2022/09/12, 09:45:40.433, 27149788154542, vstest.console.dll, TestRunRequest:SendTestRunMessage: Completed.
TpTrace Verbose: 0 : 13988, 4, 2022/09/12, 09:45:40.433, 27149788154708, vstest.console.dll, MulticastDelegateUtilities.SafeInvoke: InternalTestLoggerEvents.SendTestRunMessage: Invoking callback 1/1 for Microsoft.VisualStudio.TestPlatform.CommandLine.Internal.ConsoleLogger.TestMessageHandler, took 0 ms.
TpTrace Verbose: 0 : 13988, 7, 2022/09/12, 09:45:40.433, 27149788154790, vstest.console.dll, MulticastDelegateUtilities.SafeInvoke: LengthPrefixCommunicationChannel: MessageReceived: Invoking callback 1/1 for Microsoft.VisualStudio.TestPlatform.CommunicationUtilities.TestRequestSender+<>c__DisplayClass30_0.<StartTestRun>b__1, took 0 ms.
TpTrace Verbose: 0 : 13988, 7, 2022/09/12, 09:45:40.433, 27149788155811, vstest.console.dll, TcpClientExtensions.MessageLoopAsync: Polling on remoteEndPoint: 127.0.0.1:63363 localEndPoint: 127.0.0.1:63362
TpTrace Verbose: 0 : 13988, 7, 2022/09/12, 09:45:40.465, 27149788479707, vstest.console.dll, TcpClientExtensions.MessageLoopAsync: NotifyDataAvailable remoteEndPoint: 127.0.0.1:63363 localEndPoint: 127.0.0.1:63362
TpTrace Verbose: 0 : 13988, 7, 2022/09/12, 09:45:40.465, 27149788480915, vstest.console.dll, TestRequestSender.OnExecutionMessageReceived: Received message: {"Version":5,"MessageType":"TestExecution.Completed","Payload":{"TestRunCompleteArgs":{"TestRunStatistics":{"ExecutedTests":1,"Stats":{"Passed":1}},"IsCanceled":false,"IsAborted":false,"Error":null,"AttachmentSets":[],"ElapsedTimeInRunningTests":"00:00:01.0398521","Metrics":{}},"LastRunTests":{"NewTestResults":[{"TestCase":{"Id":"da20700d-9c32-72a3-ce81-c34d26838d61","FullyQualifiedName":"Kloudscript.Quiz.PhoneNumber.Test.PhoneNumberTest.Sort_Unsorted_PhoneNumber","DisplayName":"Sort_Unsorted_PhoneNumber","ExecutorUri":"executor://NUnit3TestExecutor","Source":"C:\\Users\\shish\\source\\repos\\Kloudscript.Quiz\\ConsoleApps\\Kloudscript.Quiz.PhoneNumber.Test\\bin\\Debug\\net6.0\\fine-code-coverage\\build-output\\Kloudscript.Quiz.PhoneNumber.Test.dll","CodeFilePath":null,"LineNumber":0,"Properties":[{"Key":{"Id":"NUnit.Seed","Label":"Seed","Category":"","Description":"","Attributes":0,"ValueType":"System.String"},"Value":"503208520"}]},"Attachments":[],"Outcome":1,"ErrorMessage":null,"ErrorStackTrace":null,"DisplayName":"Sort_Unsorted_PhoneNumber","Messages":[{"Category":"StdOutMsgs","Text":"Sorted Phone Number csv has been generated on below path. \r\n\r\nPath : C:\\temp\\files\\ \r\nFileName : Sorted-PhoneNumbers-8-digits.csv\r\n"}],"ComputerName":"MSI","Duration":"00:00:00.3272750","StartTime":"2022-09-12T04:15:40.0754765+00:00","EndTime":"2022-09-12T04:15:40.4026865+00:00","Properties":[{"Key":{"Id":"NUnit.Seed","Label":"Seed","Category":"","Description":"","Attributes":0,"ValueType":"System.String"},"Value":"503208520"}]}],"TestRunStatistics":{"ExecutedTests":1,"Stats":{"Passed":1}},"ActiveTests":[]},"RunAttachments":[],"ExecutorUris":["executor://nunit3testexecutor/"]}}
TpTrace Verbose: 0 : 13988, 7, 2022/09/12, 09:45:40.467, 27149788492937, vstest.console.dll, TestRequestSender.EndSession: Sending end session.
TpTrace Verbose: 0 : 13988, 7, 2022/09/12, 09:45:40.467, 27149788494249, vstest.console.dll, ProxyOperationManager.Close: waiting for test host to exit for 100 ms
TpTrace Warning: 0 : 13988, 13, 2022/09/12, 09:45:40.484, 27149788669202, vstest.console.dll, TestHostManagerCallbacks.ErrorReceivedCallback Test host standard error line: 
TpTrace Verbose: 0 : 13988, 13, 2022/09/12, 09:45:40.491, 27149788733484, vstest.console.dll, TestHostProvider.ExitCallBack: Host exited starting callback.
TpTrace Information: 0 : 13988, 13, 2022/09/12, 09:45:40.491, 27149788736593, vstest.console.dll, TestHostManagerCallbacks.ExitCallBack: Testhost processId: 57988 exited with exitcode: 0 error: ''
TpTrace Verbose: 0 : 13988, 13, 2022/09/12, 09:45:40.491, 27149788737018, vstest.console.dll, DotnetTestHostManager.OnHostExited: invoking OnHostExited callback
TpTrace Verbose: 0 : 13988, 13, 2022/09/12, 09:45:40.491, 27149788737452, vstest.console.dll, CrossPlatEngine.TestHostManagerHostExited: calling on client process exit callback.
TpTrace Information: 0 : 13988, 13, 2022/09/12, 09:45:40.491, 27149788737852, vstest.console.dll, TestRequestSender.OnClientProcessExit: Test host process exited. Standard error: 
TpTrace Information: 0 : 13988, 13, 2022/09/12, 09:45:40.491, 27149788738163, vstest.console.dll, SocketServer.Stop: Stop server endPoint: 127.0.0.1:63362
TpTrace Information: 0 : 13988, 13, 2022/09/12, 09:45:40.491, 27149788738376, vstest.console.dll, SocketServer.Stop: Cancellation requested. Stopping message loop.
TpTrace Information: 0 : 13988, 7, 2022/09/12, 09:45:40.491, 27149788738358, vstest.console.dll, SocketServer.Stop: Stop server endPoint: 127.0.0.1:63362
TpTrace Information: 0 : 13988, 7, 2022/09/12, 09:45:40.491, 27149788738984, vstest.console.dll, SocketServer.Stop: Cancellation requested. Stopping message loop.
TpTrace Verbose: 0 : 13988, 13, 2022/09/12, 09:45:40.491, 27149788739045, vstest.console.dll, MulticastDelegateUtilities.SafeInvoke: HostProviderEvents.OnHostExited: Invoking callback 1/1 for Microsoft.VisualStudio.TestPlatform.CrossPlatEngine.Client.ProxyOperationManager.TestHostManagerHostExited, took 0 ms.
TpTrace Information: 0 : 13988, 7, 2022/09/12, 09:45:40.491, 27149788739298, vstest.console.dll, Closing the connection
TpTrace Verbose: 0 : 13988, 7, 2022/09/12, 09:45:40.492, 27149788742145, vstest.console.dll, ProxyDataCollectionManager.InvokeDataCollectionServiceAction: Starting.
TpTrace Information: 0 : 13988, 7, 2022/09/12, 09:45:40.492, 27149788742498, vstest.console.dll, ProxyDataCollectionManager.AfterTestRunEnd: Get attachment set and invoked data collectors processId: 58248 port: 63358
TpTrace Verbose: 0 : 13988, 7, 2022/09/12, 09:45:40.492, 27149788742871, vstest.console.dll, DataCollectionRequestSender.SendAfterTestRunStartAndGetResult: Send AfterTestRunEnd message with isCancelled: False
TpTrace Verbose: 0 : 13988, 7, 2022/09/12, 09:45:40.496, 27149788787738, vstest.console.dll, DataCollectionRequestSender.SendAfterTestRunStartAndGetResult: Received message: (DataCollection.AfterTestRunEndResult) -> {
  "AttachmentSets": [],
  "InvokedDataCollectors": [
    {
      "Uri": "datacollector://Microsoft/TestPlatform/Extensions/Blame/v1",
      "FriendlyName": "Blame",
      "AssemblyQualifiedName": "Microsoft.TestPlatform.Extensions.BlameDataCollector.BlameCollector, Microsoft.TestPlatform.Extensions.BlameDataCollector, Version=15.0.0.0, Culture=neutral, PublicKeyToken=b03f5f7f11d50a3a",
      "FilePath": "C:\\Program Files\\dotnet\\sdk\\6.0.301\\Extensions\\Microsoft.TestPlatform.Extensions.BlameDataCollector.dll",
      "HasAttachmentProcessor": false
    }
  ],
  "Metrics": {}
}
TpTrace Information: 0 : 13988, 7, 2022/09/12, 09:45:40.502, 27149788842269, vstest.console.dll, ProxyDataCollectionManager.InvokeDataCollectionServiceAction: Completed.
TpTrace Warning: 0 : 13988, 10, 2022/09/12, 09:45:40.502, 27149788842447, vstest.console.dll, DataCollectionLauncher.ErrorReceivedCallback datacollector standard error line: 
TpTrace Information: 0 : 13988, 10, 2022/09/12, 09:45:40.505, 27149788878195, vstest.console.dll, DataCollectionLauncher.ExitCallBack: Data collector exited with exitcode: 0 error: ''
TpTrace Verbose: 0 : 13988, 7, 2022/09/12, 09:45:40.546, 27149789283099, vstest.console.dll, TestRunRequest:SendTestRunStatsChange: Starting.
TpTrace Verbose: 0 : 13988, 7, 2022/09/12, 09:45:40.546, 27149789285026, vstest.console.dll, MulticastDelegateUtilities.SafeInvoke: TestRun.RunStatsChanged: Invoking callbacks was skipped because there are no subscribers.
TpTrace Information: 0 : 13988, 7, 2022/09/12, 09:45:40.546, 27149789285402, vstest.console.dll, TestRunRequest:SendTestRunStatsChange: Completed.
TpTrace Verbose: 0 : 13988, 7, 2022/09/12, 09:45:40.546, 27149789286791, vstest.console.dll, ParallelProxyExecutionManager: HandlePartialRunComplete: Total completed clients = 1, Run complete = True, Run canceled: False.
TpTrace Verbose: 0 : 13988, 4, 2022/09/12, 09:45:40.548, 27149789301332, vstest.console.dll, MulticastDelegateUtilities.SafeInvoke: InternalTestLoggerEvents.SendTestResult: Invoking callback 1/1 for Microsoft.VisualStudio.TestPlatform.CommandLine.Internal.ConsoleLogger.TestResultHandler, took 1 ms.
TpTrace Verbose: 0 : 13988, 4, 2022/09/12, 09:45:40.553, 27149789352346, vstest.console.dll, MulticastDelegateUtilities.SafeInvoke: InternalTestLoggerEvents.SendTestRunComplete: Invoking callback 1/2 for Microsoft.TestPlatform.Extensions.BlameDataCollector.BlameLogger.TestRunCompleteHandler, took 0 ms.
TpTrace Verbose: 0 : 13988, 4, 2022/09/12, 09:45:40.556, 27149789386058, vstest.console.dll, MulticastDelegateUtilities.SafeInvoke: InternalTestLoggerEvents.SendTestRunComplete: Invoking callback 2/2 for Microsoft.VisualStudio.TestPlatform.CommandLine.Internal.ConsoleLogger.TestRunCompleteHandler, took 3 ms.
TpTrace Verbose: 0 : 13988, 7, 2022/09/12, 09:45:40.556, 27149789388561, vstest.console.dll, TestRunRequest:TestRunComplete: Starting. IsAborted:False IsCanceled:False.
TpTrace Verbose: 0 : 13988, 7, 2022/09/12, 09:45:40.557, 27149789393969, vstest.console.dll, TestLoggerManager.HandleTestRunComplete: Ignoring as the object is disposed.
TpTrace Verbose: 0 : 13988, 7, 2022/09/12, 09:45:40.557, 27149789395109, vstest.console.dll, MulticastDelegateUtilities.SafeInvoke: TestRun.TestRunComplete: Invoking callback 1/2 for Microsoft.VisualStudio.TestPlatform.CommandLine.TestRunResultAggregator.TestRunCompletionHandler, took 0 ms.
TpTrace Verbose: 0 : 13988, 7, 2022/09/12, 09:45:40.557, 27149789395647, vstest.console.dll, MulticastDelegateUtilities.SafeInvoke: TestRun.TestRunComplete: Invoking callback 2/2 for Microsoft.VisualStudio.TestPlatform.CommandLine.Processors.RunTestsArgumentExecutor+TestRunRequestEventsRegistrar.TestRunRequest_OnRunCompletion, took 0 ms.
TpTrace Information: 0 : 13988, 7, 2022/09/12, 09:45:40.557, 27149789396228, vstest.console.dll, TestRunRequest:TestRunComplete: Completed.
TpTrace Verbose: 0 : 13988, 7, 2022/09/12, 09:45:40.557, 27149789396519, vstest.console.dll, TestRequestSender.SetOperationComplete: Setting operation complete.
TpTrace Verbose: 0 : 13988, 1, 2022/09/12, 09:45:40.557, 27149789396661, vstest.console.dll, TestRunRequest.Dispose: Starting.
TpTrace Information: 0 : 13988, 1, 2022/09/12, 09:45:40.557, 27149789397141, vstest.console.dll, TestRunRequest.Dispose: Completed.
TpTrace Information: 0 : 13988, 7, 2022/09/12, 09:45:40.557, 27149789396739, vstest.console.dll, SocketServer.Stop: Stop server endPoint: 127.0.0.1:63362
TpTrace Information: 0 : 13988, 1, 2022/09/12, 09:45:40.557, 27149789397464, vstest.console.dll, TestRequestManager.RunTests: run tests completed.
TpTrace Information: 0 : 13988, 7, 2022/09/12, 09:45:40.557, 27149789397753, vstest.console.dll, SocketServer.Stop: Cancellation requested. Stopping message loop.
TpTrace Information: 0 : 13988, 1, 2022/09/12, 09:45:40.557, 27149789398301, vstest.console.dll, RunTestsArgumentProcessor:Execute: Test run is completed.
TpTrace Verbose: 0 : 13988, 7, 2022/09/12, 09:45:40.557, 27149789398332, vstest.console.dll, MulticastDelegateUtilities.SafeInvoke: LengthPrefixCommunicationChannel: MessageReceived: Invoking callback 1/1 for Microsoft.VisualStudio.TestPlatform.CommunicationUtilities.TestRequestSender+<>c__DisplayClass30_0.<StartTestRun>b__1, took 91 ms.
TpTrace Information: 0 : 13988, 7, 2022/09/12, 09:45:40.557, 27149789398895, vstest.console.dll, SocketServer.PrivateStop: Stopping server endPoint: 127.0.0.1:63362 error: 
TpTrace Verbose: 0 : 13988, 1, 2022/09/12, 09:45:40.557, 27149789399395, vstest.console.dll, Executor.Execute: Exiting with exit code of 0
TpTrace Verbose: 0 : 13988, 7, 2022/09/12, 09:45:40.558, 27149789410000, vstest.console.dll, LengthPrefixCommunicationChannel.Dispose: Dispose reader and writer.
