TpTrace Verbose: 0 : 48348, 1, 2022/09/12, 09:45:36.039, 27149744212692, vstest.console.dll, Version: 17.2.0-release-20220408-11 Current process architecture: X64
TpTrace Information: 0 : 48348, 1, 2022/09/12, 09:45:36.044, 27149744265108, vstest.console.dll, FilePatternParser: The given file C:\Users\shish\source\repos\Kloudscript.Quiz\Tests\Kloudscript.Quiz.Cache.Capability.Test\bin\Debug\netcoreapp3.1\fine-code-coverage\build-output\Kloudscript.Quiz.Cache.Capability.Test.dll is a full path.
TpTrace Verbose: 0 : 48348, 1, 2022/09/12, 09:45:36.047, 27149744299337, vstest.console.dll, TestPluginCache.DiscoverTestExtensions: finding test extensions in assemblies ends with: RuntimeProvider.dll TPluginInfo: Microsoft.VisualStudio.TestPlatform.Common.ExtensionFramework.Utilities.TestRuntimePluginInformation TExtension: Microsoft.VisualStudio.TestPlatform.ObjectModel.Host.ITestRuntimeProvider
TpTrace Verbose: 0 : 48348, 1, 2022/09/12, 09:45:36.048, 27149744305320, vstest.console.dll, TestPluginCache.GetExtensionPaths: Filtered extension paths: 
TpTrace Verbose: 0 : 48348, 1, 2022/09/12, 09:45:36.048, 27149744305983, vstest.console.dll, TestPluginCache.GetExtensionPaths: Added default extension paths: C:\Program Files\dotnet\sdk\6.0.301\Extensions\DumpMinitool.exe
C:\Program Files\dotnet\sdk\6.0.301\Extensions\DumpMinitool.x86.exe
C:\Program Files\dotnet\sdk\6.0.301\Extensions\Microsoft.Diagnostics.NETCore.Client.dll
C:\Program Files\dotnet\sdk\6.0.301\Extensions\Microsoft.TestPlatform.Extensions.BlameDataCollector.dll
C:\Program Files\dotnet\sdk\6.0.301\Extensions\Microsoft.TestPlatform.Extensions.EventLogCollector.dll
C:\Program Files\dotnet\sdk\6.0.301\Extensions\Microsoft.TestPlatform.TestHostRuntimeProvider.dll
C:\Program Files\dotnet\sdk\6.0.301\Extensions\Microsoft.VisualStudio.TestPlatform.Extensions.Html.TestLogger.dll
C:\Program Files\dotnet\sdk\6.0.301\Extensions\Microsoft.VisualStudio.TestPlatform.Extensions.Trx.TestLogger.dll
TpTrace Verbose: 0 : 48348, 1, 2022/09/12, 09:45:36.048, 27149744306311, vstest.console.dll, TestPluginCache.GetExtensionPaths: Added unfilterableExtensionPaths: 
TpTrace Information: 0 : 48348, 1, 2022/09/12, 09:45:36.048, 27149744310320, vstest.console.dll, AssemblyResolver.ctor: Creating AssemblyResolver with searchDirectories C:\Program Files\dotnet\sdk\6.0.301\Extensions,C:\Program Files\dotnet\sdk\6.0.301
TpTrace Verbose: 0 : 48348, 1, 2022/09/12, 09:45:36.049, 27149744315842, vstest.console.dll, TestPluginCache.DiscoverTestExtensions: Discovering the extensions using extension path.
TpTrace Verbose: 0 : 48348, 1, 2022/09/12, 09:45:36.049, 27149744316615, vstest.console.dll, TestPluginCache.GetExtensionPaths: Filtered extension paths: 
TpTrace Verbose: 0 : 48348, 1, 2022/09/12, 09:45:36.049, 27149744316947, vstest.console.dll, TestPluginCache.GetExtensionPaths: Added default extension paths: C:\Program Files\dotnet\sdk\6.0.301\Extensions\DumpMinitool.exe
C:\Program Files\dotnet\sdk\6.0.301\Extensions\DumpMinitool.x86.exe
C:\Program Files\dotnet\sdk\6.0.301\Extensions\Microsoft.Diagnostics.NETCore.Client.dll
C:\Program Files\dotnet\sdk\6.0.301\Extensions\Microsoft.TestPlatform.Extensions.BlameDataCollector.dll
C:\Program Files\dotnet\sdk\6.0.301\Extensions\Microsoft.TestPlatform.Extensions.EventLogCollector.dll
C:\Program Files\dotnet\sdk\6.0.301\Extensions\Microsoft.TestPlatform.TestHostRuntimeProvider.dll
C:\Program Files\dotnet\sdk\6.0.301\Extensions\Microsoft.VisualStudio.TestPlatform.Extensions.Html.TestLogger.dll
C:\Program Files\dotnet\sdk\6.0.301\Extensions\Microsoft.VisualStudio.TestPlatform.Extensions.Trx.TestLogger.dll
TpTrace Verbose: 0 : 48348, 1, 2022/09/12, 09:45:36.049, 27149744317195, vstest.console.dll, TestPluginCache.GetExtensionPaths: Added unfilterableExtensionPaths: 
TpTrace Verbose: 0 : 48348, 1, 2022/09/12, 09:45:36.049, 27149744318056, vstest.console.dll, TestPluginCache.DiscoverTestExtensions: Discovering the extensions using allExtensionPaths: C:\Program Files\dotnet\sdk\6.0.301\Extensions\DumpMinitool.exe
C:\Program Files\dotnet\sdk\6.0.301\Extensions\DumpMinitool.x86.exe
C:\Program Files\dotnet\sdk\6.0.301\Extensions\Microsoft.Diagnostics.NETCore.Client.dll
C:\Program Files\dotnet\sdk\6.0.301\Extensions\Microsoft.TestPlatform.Extensions.BlameDataCollector.dll
C:\Program Files\dotnet\sdk\6.0.301\Extensions\Microsoft.TestPlatform.Extensions.EventLogCollector.dll
C:\Program Files\dotnet\sdk\6.0.301\Extensions\Microsoft.TestPlatform.TestHostRuntimeProvider.dll
C:\Program Files\dotnet\sdk\6.0.301\Extensions\Microsoft.VisualStudio.TestPlatform.Extensions.Html.TestLogger.dll
C:\Program Files\dotnet\sdk\6.0.301\Extensions\Microsoft.VisualStudio.TestPlatform.Extensions.Trx.TestLogger.dll
TpTrace Information: 0 : 48348, 1, 2022/09/12, 09:45:36.049, 27149744319033, vstest.console.dll, AssemblyResolver.AddSearchDirectories: Adding more searchDirectories C:\Program Files\dotnet\sdk\6.0.301\Extensions,C:\Program Files\dotnet\sdk\6.0.301
TpTrace Information: 0 : 48348, 1, 2022/09/12, 09:45:36.049, 27149744319446, vstest.console.dll, AssemblyResolver.AddSearchDirectories: Adding more searchDirectories C:\Program Files\dotnet\sdk\6.0.301\Extensions,C:\Program Files\dotnet\sdk\6.0.301
TpTrace Information: 0 : 48348, 1, 2022/09/12, 09:45:36.049, 27149744319707, vstest.console.dll, AssemblyResolver.AddSearchDirectories: Adding more searchDirectories C:\Program Files\dotnet\sdk\6.0.301\Extensions,C:\Program Files\dotnet\sdk\6.0.301
TpTrace Information: 0 : 48348, 1, 2022/09/12, 09:45:36.049, 27149744319939, vstest.console.dll, AssemblyResolver.AddSearchDirectories: Adding more searchDirectories C:\Program Files\dotnet\sdk\6.0.301\Extensions,C:\Program Files\dotnet\sdk\6.0.301
TpTrace Information: 0 : 48348, 1, 2022/09/12, 09:45:36.049, 27149744320193, vstest.console.dll, AssemblyResolver.AddSearchDirectories: Adding more searchDirectories C:\Program Files\dotnet\sdk\6.0.301\Extensions,C:\Program Files\dotnet\sdk\6.0.301
TpTrace Information: 0 : 48348, 1, 2022/09/12, 09:45:36.049, 27149744320426, vstest.console.dll, AssemblyResolver.AddSearchDirectories: Adding more searchDirectories C:\Program Files\dotnet\sdk\6.0.301\Extensions,C:\Program Files\dotnet\sdk\6.0.301
TpTrace Information: 0 : 48348, 1, 2022/09/12, 09:45:36.049, 27149744320651, vstest.console.dll, AssemblyResolver.AddSearchDirectories: Adding more searchDirectories C:\Program Files\dotnet\sdk\6.0.301\Extensions,C:\Program Files\dotnet\sdk\6.0.301
TpTrace Information: 0 : 48348, 1, 2022/09/12, 09:45:36.049, 27149744320873, vstest.console.dll, AssemblyResolver.AddSearchDirectories: Adding more searchDirectories C:\Program Files\dotnet\sdk\6.0.301\Extensions,C:\Program Files\dotnet\sdk\6.0.301
TpTrace Information: 0 : 48348, 1, 2022/09/12, 09:45:36.050, 27149744322930, vstest.console.dll, AssemblyResolver.OnResolve: DumpMinitool: Resolving assembly.
TpTrace Information: 0 : 48348, 1, 2022/09/12, 09:45:36.050, 27149744323402, vstest.console.dll, AssemblyResolver.OnResolve: DumpMinitool: Searching in: 'C:\Program Files\dotnet\sdk\6.0.301\Extensions'.
TpTrace Information: 0 : 48348, 1, 2022/09/12, 09:45:36.050, 27149744324014, vstest.console.dll, AssemblyResolver.OnResolve: DumpMinitool: Assembly path does not exist: 'C:\Program Files\dotnet\sdk\6.0.301\Extensions\DumpMinitool.dll', returning.
TpTrace Information: 0 : 48348, 1, 2022/09/12, 09:45:36.050, 27149744326671, vstest.console.dll, AssemblyResolver.OnResolve: DumpMinitool: Loading assembly 'C:\Program Files\dotnet\sdk\6.0.301\Extensions\DumpMinitool.exe'.
TpTrace Information: 0 : 48348, 1, 2022/09/12, 09:45:36.050, 27149744329829, vstest.console.dll, AssemblyResolver.OnResolve: Resolved assembly: DumpMinitool, from path: C:\Program Files\dotnet\sdk\6.0.301\Extensions\DumpMinitool.exe
TpTrace Verbose: 0 : 48348, 1, 2022/09/12, 09:45:36.053, 27149744361125, vstest.console.dll, MetadataReaderExtensionsHelper: Discovering extensions inside assembly 'DumpMinitool, Version=15.0.0.0, Culture=neutral, PublicKeyToken=b03f5f7f11d50a3a' file path 'C:\Program Files\dotnet\sdk\6.0.301\Extensions\DumpMinitool.exe'
TpTrace Information: 0 : 48348, 1, 2022/09/12, 09:45:36.059, 27149744412016, vstest.console.dll, AssemblyResolver.OnResolve: DumpMinitool.x86: Resolving assembly.
TpTrace Information: 0 : 48348, 1, 2022/09/12, 09:45:36.059, 27149744412897, vstest.console.dll, AssemblyResolver.OnResolve: DumpMinitool.x86: Searching in: 'C:\Program Files\dotnet\sdk\6.0.301\Extensions'.
TpTrace Information: 0 : 48348, 1, 2022/09/12, 09:45:36.059, 27149744413487, vstest.console.dll, AssemblyResolver.OnResolve: DumpMinitool.x86: Assembly path does not exist: 'C:\Program Files\dotnet\sdk\6.0.301\Extensions\DumpMinitool.x86.dll', returning.
TpTrace Information: 0 : 48348, 1, 2022/09/12, 09:45:36.059, 27149744415111, vstest.console.dll, AssemblyResolver.OnResolve: DumpMinitool.x86: Loading assembly 'C:\Program Files\dotnet\sdk\6.0.301\Extensions\DumpMinitool.x86.exe'.
TpTrace Information: 0 : 48348, 1, 2022/09/12, 09:45:36.059, 27149744418186, vstest.console.dll, AssemblyResolver.OnResolve: Resolved assembly: DumpMinitool.x86, from path: C:\Program Files\dotnet\sdk\6.0.301\Extensions\DumpMinitool.x86.exe
TpTrace Verbose: 0 : 48348, 1, 2022/09/12, 09:45:36.059, 27149744418678, vstest.console.dll, MetadataReaderExtensionsHelper: Discovering extensions inside assembly 'DumpMinitool.x86, Version=15.0.0.0, Culture=neutral, PublicKeyToken=b03f5f7f11d50a3a' file path 'C:\Program Files\dotnet\sdk\6.0.301\Extensions\DumpMinitool.x86.exe'
TpTrace Information: 0 : 48348, 1, 2022/09/12, 09:45:36.060, 27149744421775, vstest.console.dll, AssemblyResolver.OnResolve: Microsoft.Diagnostics.NETCore.Client: Resolving assembly.
TpTrace Information: 0 : 48348, 1, 2022/09/12, 09:45:36.060, 27149744422204, vstest.console.dll, AssemblyResolver.OnResolve: Microsoft.Diagnostics.NETCore.Client: Searching in: 'C:\Program Files\dotnet\sdk\6.0.301\Extensions'.
TpTrace Information: 0 : 48348, 1, 2022/09/12, 09:45:36.060, 27149744423736, vstest.console.dll, AssemblyResolver.OnResolve: Microsoft.Diagnostics.NETCore.Client: Loading assembly 'C:\Program Files\dotnet\sdk\6.0.301\Extensions\Microsoft.Diagnostics.NETCore.Client.dll'.
TpTrace Information: 0 : 48348, 1, 2022/09/12, 09:45:36.060, 27149744427055, vstest.console.dll, AssemblyResolver.OnResolve: Resolved assembly: Microsoft.Diagnostics.NETCore.Client, from path: C:\Program Files\dotnet\sdk\6.0.301\Extensions\Microsoft.Diagnostics.NETCore.Client.dll
TpTrace Verbose: 0 : 48348, 1, 2022/09/12, 09:45:36.060, 27149744427524, vstest.console.dll, MetadataReaderExtensionsHelper: Discovering extensions inside assembly 'Microsoft.Diagnostics.NETCore.Client, Version=0.2.5.801, Culture=neutral, PublicKeyToken=31bf3856ad364e35' file path 'C:\Program Files\dotnet\sdk\6.0.301\Extensions\Microsoft.Diagnostics.NETCore.Client.dll'
TpTrace Information: 0 : 48348, 1, 2022/09/12, 09:45:36.064, 27149744464922, vstest.console.dll, AssemblyResolver.OnResolve: Microsoft.Bcl.AsyncInterfaces: Resolving assembly.
TpTrace Information: 0 : 48348, 1, 2022/09/12, 09:45:36.064, 27149744465378, vstest.console.dll, AssemblyResolver.OnResolve: Microsoft.Bcl.AsyncInterfaces: Searching in: 'C:\Program Files\dotnet\sdk\6.0.301\Extensions'.
TpTrace Information: 0 : 48348, 1, 2022/09/12, 09:45:36.064, 27149744465878, vstest.console.dll, AssemblyResolver.OnResolve: Microsoft.Bcl.AsyncInterfaces: Assembly path does not exist: 'C:\Program Files\dotnet\sdk\6.0.301\Extensions\Microsoft.Bcl.AsyncInterfaces.dll', returning.
TpTrace Information: 0 : 48348, 1, 2022/09/12, 09:45:36.064, 27149744466325, vstest.console.dll, AssemblyResolver.OnResolve: Microsoft.Bcl.AsyncInterfaces: Assembly path does not exist: 'C:\Program Files\dotnet\sdk\6.0.301\Extensions\Microsoft.Bcl.AsyncInterfaces.exe', returning.
TpTrace Information: 0 : 48348, 1, 2022/09/12, 09:45:36.064, 27149744466608, vstest.console.dll, AssemblyResolver.OnResolve: Microsoft.Bcl.AsyncInterfaces: Searching in: 'C:\Program Files\dotnet\sdk\6.0.301'.
TpTrace Information: 0 : 48348, 1, 2022/09/12, 09:45:36.064, 27149744467021, vstest.console.dll, AssemblyResolver.OnResolve: Microsoft.Bcl.AsyncInterfaces: Assembly path does not exist: 'C:\Program Files\dotnet\sdk\6.0.301\Microsoft.Bcl.AsyncInterfaces.dll', returning.
TpTrace Information: 0 : 48348, 1, 2022/09/12, 09:45:36.064, 27149744467683, vstest.console.dll, AssemblyResolver.OnResolve: Microsoft.Bcl.AsyncInterfaces: Assembly path does not exist: 'C:\Program Files\dotnet\sdk\6.0.301\Microsoft.Bcl.AsyncInterfaces.exe', returning.
TpTrace Information: 0 : 48348, 1, 2022/09/12, 09:45:36.064, 27149744467962, vstest.console.dll, AssemblyResolver.OnResolve: Microsoft.Bcl.AsyncInterfaces: Failed to load assembly.
TpTrace Verbose: 0 : 48348, 1, 2022/09/12, 09:45:36.064, 27149744468291, vstest.console.dll, CurrentDomainAssemblyResolve: Resolving assembly 'Microsoft.Bcl.AsyncInterfaces'.
TpTrace Information: 0 : 48348, 1, 2022/09/12, 09:45:36.064, 27149744468691, vstest.console.dll, AssemblyResolver.OnResolve: Microsoft.Bcl.AsyncInterfaces: Resolving assembly.
TpTrace Information: 0 : 48348, 1, 2022/09/12, 09:45:36.064, 27149744468983, vstest.console.dll, AssemblyResolver.OnResolve: Microsoft.Bcl.AsyncInterfaces: Resolved from cache.
TpTrace Verbose: 0 : 48348, 1, 2022/09/12, 09:45:36.064, 27149744469233, vstest.console.dll, CurrentDomainAssemblyResolve: Resolving assembly 'Microsoft.Bcl.AsyncInterfaces'.
TpTrace Verbose: 0 : 48348, 1, 2022/09/12, 09:45:36.064, 27149744469506, vstest.console.dll, CurrentDomainAssemblyResolve: Failed to resolve assembly 'Microsoft.Bcl.AsyncInterfaces'.
TpTrace Verbose: 0 : 48348, 1, 2022/09/12, 09:45:36.065, 27149744471981, vstest.console.dll, CurrentDomainAssemblyResolve: Failed to resolve assembly 'Microsoft.Bcl.AsyncInterfaces'.
TpTrace Warning: 0 : 48348, 1, 2022/09/12, 09:45:36.072, 27149744543903, vstest.console.dll, TestPluginDiscoverer: Failed to get types from assembly 'Microsoft.Diagnostics.NETCore.Client, Version=0.2.5.801, Culture=neutral, PublicKeyToken=31bf3856ad364e35'. Error: System.Reflection.ReflectionTypeLoadException: Unable to load one or more of the requested types.
Could not load file or assembly 'Microsoft.Bcl.AsyncInterfaces, Version=1.0.0.0, Culture=neutral, PublicKeyToken=cc7b13ffcd2ddd51'. The system cannot find the file specified.
   at System.Reflection.RuntimeModule.GetTypes(RuntimeModule module)
   at System.Reflection.Assembly.GetTypes()
   at Microsoft.VisualStudio.TestPlatform.Common.ExtensionFramework.TestPluginDiscoverer.GetTestExtensionsFromAssembly[TPluginInfo,TExtension](Assembly assembly, Dictionary`2 pluginInfos, String filePath)
System.IO.FileNotFoundException: Could not load file or assembly 'Microsoft.Bcl.AsyncInterfaces, Version=1.0.0.0, Culture=neutral, PublicKeyToken=cc7b13ffcd2ddd51'. The system cannot find the file specified.
File name: 'Microsoft.Bcl.AsyncInterfaces, Version=1.0.0.0, Culture=neutral, PublicKeyToken=cc7b13ffcd2ddd51'
 ---> System.IO.FileNotFoundException: Could not load file or assembly 'Microsoft.Bcl.AsyncInterfaces, Culture=neutral, PublicKeyToken=null'. The system cannot find the file specified.
File name: 'Microsoft.Bcl.AsyncInterfaces, Culture=neutral, PublicKeyToken=null'
   at System.Reflection.RuntimeAssembly.InternalLoad(ObjectHandleOnStack assemblyName, ObjectHandleOnStack requestingAssembly, StackCrawlMarkHandle stackMark, Boolean throwOnFileNotFound, ObjectHandleOnStack assemblyLoadContext, ObjectHandleOnStack retAssembly)
   at System.Reflection.RuntimeAssembly.InternalLoad(AssemblyName assemblyName, RuntimeAssembly requestingAssembly, StackCrawlMark& stackMark, Boolean throwOnFileNotFound, AssemblyLoadContext assemblyLoadContext)
   at System.Reflection.Assembly.Load(AssemblyName assemblyRef)
   at Microsoft.VisualStudio.TestPlatform.Common.ExtensionFramework.TestPluginCache.CurrentDomainAssemblyResolve(Object sender, AssemblyResolveEventArgs args)
   at Microsoft.VisualStudio.TestPlatform.PlatformAbstractions.PlatformAssemblyResolver.AssemblyResolverEvent(Object sender, Object eventArgs)
   at System.Runtime.Loader.AssemblyLoadContext.GetFirstResolvedAssemblyFromResolvingEvent(AssemblyName assemblyName)
   at System.Runtime.Loader.AssemblyLoadContext.ResolveUsingEvent(AssemblyName assemblyName)
   at System.Runtime.Loader.AssemblyLoadContext.ResolveUsingResolvingEvent(IntPtr gchManagedAssemblyLoadContext, AssemblyName assemblyName)
TpTrace Warning: 0 : 48348, 1, 2022/09/12, 09:45:36.072, 27149744545596, vstest.console.dll, LoaderExceptions: System.IO.FileNotFoundException: Could not load file or assembly 'Microsoft.Bcl.AsyncInterfaces, Version=1.0.0.0, Culture=neutral, PublicKeyToken=cc7b13ffcd2ddd51'. The system cannot find the file specified.
File name: 'Microsoft.Bcl.AsyncInterfaces, Version=1.0.0.0, Culture=neutral, PublicKeyToken=cc7b13ffcd2ddd51'
 ---> System.IO.FileNotFoundException: Could not load file or assembly 'Microsoft.Bcl.AsyncInterfaces, Culture=neutral, PublicKeyToken=null'. The system cannot find the file specified.
File name: 'Microsoft.Bcl.AsyncInterfaces, Culture=neutral, PublicKeyToken=null'
   at System.Reflection.RuntimeAssembly.InternalLoad(ObjectHandleOnStack assemblyName, ObjectHandleOnStack requestingAssembly, StackCrawlMarkHandle stackMark, Boolean throwOnFileNotFound, ObjectHandleOnStack assemblyLoadContext, ObjectHandleOnStack retAssembly)
   at System.Reflection.RuntimeAssembly.InternalLoad(AssemblyName assemblyName, RuntimeAssembly requestingAssembly, StackCrawlMark& stackMark, Boolean throwOnFileNotFound, AssemblyLoadContext assemblyLoadContext)
   at System.Reflection.Assembly.Load(AssemblyName assemblyRef)
   at Microsoft.VisualStudio.TestPlatform.Common.ExtensionFramework.TestPluginCache.CurrentDomainAssemblyResolve(Object sender, AssemblyResolveEventArgs args)
   at Microsoft.VisualStudio.TestPlatform.PlatformAbstractions.PlatformAssemblyResolver.AssemblyResolverEvent(Object sender, Object eventArgs)
   at System.Runtime.Loader.AssemblyLoadContext.GetFirstResolvedAssemblyFromResolvingEvent(AssemblyName assemblyName)
   at System.Runtime.Loader.AssemblyLoadContext.ResolveUsingEvent(AssemblyName assemblyName)
   at System.Runtime.Loader.AssemblyLoadContext.ResolveUsingResolvingEvent(IntPtr gchManagedAssemblyLoadContext, AssemblyName assemblyName)
TpTrace Information: 0 : 48348, 1, 2022/09/12, 09:45:36.072, 27149744546358, vstest.console.dll, AssemblyResolver.OnResolve: Microsoft.TestPlatform.Extensions.BlameDataCollector: Resolving assembly.
TpTrace Information: 0 : 48348, 1, 2022/09/12, 09:45:36.072, 27149744546672, vstest.console.dll, AssemblyResolver.OnResolve: Microsoft.TestPlatform.Extensions.BlameDataCollector: Searching in: 'C:\Program Files\dotnet\sdk\6.0.301\Extensions'.
TpTrace Information: 0 : 48348, 1, 2022/09/12, 09:45:36.072, 27149744548290, vstest.console.dll, AssemblyResolver.OnResolve: Microsoft.TestPlatform.Extensions.BlameDataCollector: Loading assembly 'C:\Program Files\dotnet\sdk\6.0.301\Extensions\Microsoft.TestPlatform.Extensions.BlameDataCollector.dll'.
TpTrace Information: 0 : 48348, 1, 2022/09/12, 09:45:36.073, 27149744551580, vstest.console.dll, AssemblyResolver.OnResolve: Resolved assembly: Microsoft.TestPlatform.Extensions.BlameDataCollector, from path: C:\Program Files\dotnet\sdk\6.0.301\Extensions\Microsoft.TestPlatform.Extensions.BlameDataCollector.dll
TpTrace Verbose: 0 : 48348, 1, 2022/09/12, 09:45:36.073, 27149744552082, vstest.console.dll, MetadataReaderExtensionsHelper: Discovering extensions inside assembly 'Microsoft.TestPlatform.Extensions.BlameDataCollector, Version=15.0.0.0, Culture=neutral, PublicKeyToken=b03f5f7f11d50a3a' file path 'C:\Program Files\dotnet\sdk\6.0.301\Extensions\Microsoft.TestPlatform.Extensions.BlameDataCollector.dll'
TpTrace Information: 0 : 48348, 1, 2022/09/12, 09:45:36.073, 27149744558675, vstest.console.dll, AssemblyResolver.OnResolve: Microsoft.TestPlatform.Extensions.EventLogCollector: Resolving assembly.
TpTrace Information: 0 : 48348, 1, 2022/09/12, 09:45:36.073, 27149744559125, vstest.console.dll, AssemblyResolver.OnResolve: Microsoft.TestPlatform.Extensions.EventLogCollector: Searching in: 'C:\Program Files\dotnet\sdk\6.0.301\Extensions'.
TpTrace Information: 0 : 48348, 1, 2022/09/12, 09:45:36.073, 27149744560654, vstest.console.dll, AssemblyResolver.OnResolve: Microsoft.TestPlatform.Extensions.EventLogCollector: Loading assembly 'C:\Program Files\dotnet\sdk\6.0.301\Extensions\Microsoft.TestPlatform.Extensions.EventLogCollector.dll'.
TpTrace Information: 0 : 48348, 1, 2022/09/12, 09:45:36.074, 27149744563273, vstest.console.dll, AssemblyResolver.OnResolve: Resolved assembly: Microsoft.TestPlatform.Extensions.EventLogCollector, from path: C:\Program Files\dotnet\sdk\6.0.301\Extensions\Microsoft.TestPlatform.Extensions.EventLogCollector.dll
TpTrace Verbose: 0 : 48348, 1, 2022/09/12, 09:45:36.074, 27149744563764, vstest.console.dll, MetadataReaderExtensionsHelper: Discovering extensions inside assembly 'Microsoft.TestPlatform.Extensions.EventLogCollector, Version=15.0.0.0, Culture=neutral, PublicKeyToken=b03f5f7f11d50a3a' file path 'C:\Program Files\dotnet\sdk\6.0.301\Extensions\Microsoft.TestPlatform.Extensions.EventLogCollector.dll'
TpTrace Information: 0 : 48348, 1, 2022/09/12, 09:45:36.074, 27149744570229, vstest.console.dll, AssemblyResolver.OnResolve: Microsoft.TestPlatform.TestHostRuntimeProvider: Resolving assembly.
TpTrace Information: 0 : 48348, 1, 2022/09/12, 09:45:36.074, 27149744570648, vstest.console.dll, AssemblyResolver.OnResolve: Microsoft.TestPlatform.TestHostRuntimeProvider: Searching in: 'C:\Program Files\dotnet\sdk\6.0.301\Extensions'.
TpTrace Information: 0 : 48348, 1, 2022/09/12, 09:45:36.075, 27149744572170, vstest.console.dll, AssemblyResolver.OnResolve: Microsoft.TestPlatform.TestHostRuntimeProvider: Loading assembly 'C:\Program Files\dotnet\sdk\6.0.301\Extensions\Microsoft.TestPlatform.TestHostRuntimeProvider.dll'.
TpTrace Information: 0 : 48348, 1, 2022/09/12, 09:45:36.075, 27149744575210, vstest.console.dll, AssemblyResolver.OnResolve: Resolved assembly: Microsoft.TestPlatform.TestHostRuntimeProvider, from path: C:\Program Files\dotnet\sdk\6.0.301\Extensions\Microsoft.TestPlatform.TestHostRuntimeProvider.dll
TpTrace Verbose: 0 : 48348, 1, 2022/09/12, 09:45:36.075, 27149744575680, vstest.console.dll, MetadataReaderExtensionsHelper: Discovering extensions inside assembly 'Microsoft.TestPlatform.TestHostRuntimeProvider, Version=15.0.0.0, Culture=neutral, PublicKeyToken=b03f5f7f11d50a3a' file path 'C:\Program Files\dotnet\sdk\6.0.301\Extensions\Microsoft.TestPlatform.TestHostRuntimeProvider.dll'
TpTrace Information: 0 : 48348, 1, 2022/09/12, 09:45:36.076, 27149744586030, vstest.console.dll, GetTestExtensionFromType: Register extension with identifier data 'HostProvider://DefaultTestHost' and type 'Microsoft.VisualStudio.TestPlatform.CrossPlatEngine.Hosting.DefaultTestHostManager, Microsoft.TestPlatform.TestHostRuntimeProvider, Version=15.0.0.0, Culture=neutral, PublicKeyToken=b03f5f7f11d50a3a' inside file 'C:\Program Files\dotnet\sdk\6.0.301\Extensions\Microsoft.TestPlatform.TestHostRuntimeProvider.dll'
TpTrace Information: 0 : 48348, 1, 2022/09/12, 09:45:36.076, 27149744586599, vstest.console.dll, GetTestExtensionFromType: Register extension with identifier data 'HostProvider://DotnetTestHost' and type 'Microsoft.VisualStudio.TestPlatform.CrossPlatEngine.Hosting.DotnetTestHostManager, Microsoft.TestPlatform.TestHostRuntimeProvider, Version=15.0.0.0, Culture=neutral, PublicKeyToken=b03f5f7f11d50a3a' inside file 'C:\Program Files\dotnet\sdk\6.0.301\Extensions\Microsoft.TestPlatform.TestHostRuntimeProvider.dll'
TpTrace Information: 0 : 48348, 1, 2022/09/12, 09:45:36.076, 27149744587129, vstest.console.dll, AssemblyResolver.OnResolve: Microsoft.VisualStudio.TestPlatform.Extensions.Html.TestLogger: Resolving assembly.
TpTrace Information: 0 : 48348, 1, 2022/09/12, 09:45:36.076, 27149744587423, vstest.console.dll, AssemblyResolver.OnResolve: Microsoft.VisualStudio.TestPlatform.Extensions.Html.TestLogger: Searching in: 'C:\Program Files\dotnet\sdk\6.0.301\Extensions'.
TpTrace Information: 0 : 48348, 1, 2022/09/12, 09:45:36.076, 27149744588900, vstest.console.dll, AssemblyResolver.OnResolve: Microsoft.VisualStudio.TestPlatform.Extensions.Html.TestLogger: Loading assembly 'C:\Program Files\dotnet\sdk\6.0.301\Extensions\Microsoft.VisualStudio.TestPlatform.Extensions.Html.TestLogger.dll'.
TpTrace Information: 0 : 48348, 1, 2022/09/12, 09:45:36.077, 27149744591838, vstest.console.dll, AssemblyResolver.OnResolve: Resolved assembly: Microsoft.VisualStudio.TestPlatform.Extensions.Html.TestLogger, from path: C:\Program Files\dotnet\sdk\6.0.301\Extensions\Microsoft.VisualStudio.TestPlatform.Extensions.Html.TestLogger.dll
TpTrace Verbose: 0 : 48348, 1, 2022/09/12, 09:45:36.077, 27149744592301, vstest.console.dll, MetadataReaderExtensionsHelper: Discovering extensions inside assembly 'Microsoft.VisualStudio.TestPlatform.Extensions.Html.TestLogger, Version=15.0.0.0, Culture=neutral, PublicKeyToken=b03f5f7f11d50a3a' file path 'C:\Program Files\dotnet\sdk\6.0.301\Extensions\Microsoft.VisualStudio.TestPlatform.Extensions.Html.TestLogger.dll'
TpTrace Information: 0 : 48348, 1, 2022/09/12, 09:45:36.077, 27149744595289, vstest.console.dll, AssemblyResolver.OnResolve: Microsoft.VisualStudio.TestPlatform.Extensions.Trx.TestLogger: Resolving assembly.
TpTrace Information: 0 : 48348, 1, 2022/09/12, 09:45:36.077, 27149744595730, vstest.console.dll, AssemblyResolver.OnResolve: Microsoft.VisualStudio.TestPlatform.Extensions.Trx.TestLogger: Searching in: 'C:\Program Files\dotnet\sdk\6.0.301\Extensions'.
TpTrace Information: 0 : 48348, 1, 2022/09/12, 09:45:36.077, 27149744597255, vstest.console.dll, AssemblyResolver.OnResolve: Microsoft.VisualStudio.TestPlatform.Extensions.Trx.TestLogger: Loading assembly 'C:\Program Files\dotnet\sdk\6.0.301\Extensions\Microsoft.VisualStudio.TestPlatform.Extensions.Trx.TestLogger.dll'.
TpTrace Information: 0 : 48348, 1, 2022/09/12, 09:45:36.077, 27149744600375, vstest.console.dll, AssemblyResolver.OnResolve: Resolved assembly: Microsoft.VisualStudio.TestPlatform.Extensions.Trx.TestLogger, from path: C:\Program Files\dotnet\sdk\6.0.301\Extensions\Microsoft.VisualStudio.TestPlatform.Extensions.Trx.TestLogger.dll
TpTrace Verbose: 0 : 48348, 1, 2022/09/12, 09:45:36.077, 27149744600869, vstest.console.dll, MetadataReaderExtensionsHelper: Discovering extensions inside assembly 'Microsoft.VisualStudio.TestPlatform.Extensions.Trx.TestLogger, Version=15.0.0.0, Culture=neutral, PublicKeyToken=b03f5f7f11d50a3a' file path 'C:\Program Files\dotnet\sdk\6.0.301\Extensions\Microsoft.VisualStudio.TestPlatform.Extensions.Trx.TestLogger.dll'
TpTrace Verbose: 0 : 48348, 1, 2022/09/12, 09:45:36.078, 27149744605654, vstest.console.dll, TestPluginCache: Discovered the extensions using extension path ''.
TpTrace Verbose: 0 : 48348, 1, 2022/09/12, 09:45:36.078, 27149744606106, vstest.console.dll, TestPluginCache: Discoverers are ''.
TpTrace Verbose: 0 : 48348, 1, 2022/09/12, 09:45:36.078, 27149744606343, vstest.console.dll, TestPluginCache: Executors are ''.
TpTrace Verbose: 0 : 48348, 1, 2022/09/12, 09:45:36.078, 27149744606548, vstest.console.dll, TestPluginCache: Executors2 are ''.
TpTrace Verbose: 0 : 48348, 1, 2022/09/12, 09:45:36.078, 27149744606743, vstest.console.dll, TestPluginCache: Setting providers are ''.
TpTrace Verbose: 0 : 48348, 1, 2022/09/12, 09:45:36.078, 27149744606935, vstest.console.dll, TestPluginCache: Loggers are ''.
TpTrace Verbose: 0 : 48348, 1, 2022/09/12, 09:45:36.078, 27149744607880, vstest.console.dll, TestPluginCache: TestHosts are 'HostProvider://DefaultTestHost,HostProvider://DotnetTestHost'.
TpTrace Verbose: 0 : 48348, 1, 2022/09/12, 09:45:36.078, 27149744608171, vstest.console.dll, TestPluginCache: DataCollectors are ''.
TpTrace Information: 0 : 48348, 1, 2022/09/12, 09:45:36.085, 27149744672407, vstest.console.dll, RunTestsArgumentProcessor:Execute: Test run is starting.
TpTrace Verbose: 0 : 48348, 1, 2022/09/12, 09:45:36.085, 27149744672866, vstest.console.dll, RunTestsArgumentProcessor:Execute: Queuing Test run.
TpTrace Information: 0 : 48348, 1, 2022/09/12, 09:45:36.085, 27149744674871, vstest.console.dll, TestRequestManager.RunTests: run tests started.
TpTrace Information: 0 : 48348, 1, 2022/09/12, 09:45:36.093, 27149744752856, vstest.console.dll, AssemblyMetadataProvider.GetFrameWork: Determined framework:'.NETCoreApp,Version=v3.1' for source: 'C:\Users\shish\source\repos\Kloudscript.Quiz\Tests\Kloudscript.Quiz.Cache.Capability.Test\bin\Debug\netcoreapp3.1\fine-code-coverage\build-output\Kloudscript.Quiz.Cache.Capability.Test.dll'
TpTrace Information: 0 : 48348, 1, 2022/09/12, 09:45:36.093, 27149744754329, vstest.console.dll, Determined framework for all sources: .NETCoreApp,Version=v3.1
TpTrace Verbose: 0 : 48348, 1, 2022/09/12, 09:45:36.093, 27149744757263, vstest.console.dll, TestRequestManager.UpdateRunSettingsIfRequired: Default architecture: X64 IsDefaultTargetArchitecture: True, Current process architecture: X64 OperatingSystem: Windows.
TpTrace Information: 0 : 48348, 1, 2022/09/12, 09:45:36.093, 27149744759373, vstest.console.dll, AssemblyMetadataProvider.GetArchitecture: Determined architecture:AnyCPU info for assembly: C:\Users\shish\source\repos\Kloudscript.Quiz\Tests\Kloudscript.Quiz.Cache.Capability.Test\bin\Debug\netcoreapp3.1\fine-code-coverage\build-output\Kloudscript.Quiz.Cache.Capability.Test.dll
TpTrace Information: 0 : 48348, 1, 2022/09/12, 09:45:36.093, 27149744759710, vstest.console.dll, Determined platform for source 'C:\Users\shish\source\repos\Kloudscript.Quiz\Tests\Kloudscript.Quiz.Cache.Capability.Test\bin\Debug\netcoreapp3.1\fine-code-coverage\build-output\Kloudscript.Quiz.Cache.Capability.Test.dll' is 'AnyCPU'
TpTrace Information: 0 : 48348, 1, 2022/09/12, 09:45:36.095, 27149744771925, vstest.console.dll, Determined platform for all sources: X64
TpTrace Information: 0 : 48348, 1, 2022/09/12, 09:45:36.095, 27149744772333, vstest.console.dll, Infered platform 'X64'.
TpTrace Information: 0 : 48348, 1, 2022/09/12, 09:45:36.095, 27149744772594, vstest.console.dll, Platform update to 'X64' required.
TpTrace Information: 0 : 48348, 1, 2022/09/12, 09:45:36.096, 27149744789291, vstest.console.dll, Compatible sources list: 
TpTrace Information: 0 : 48348, 1, 2022/09/12, 09:45:36.096, 27149744789743, vstest.console.dll, C:\Users\shish\source\repos\Kloudscript.Quiz\Tests\Kloudscript.Quiz.Cache.Capability.Test\bin\Debug\netcoreapp3.1\fine-code-coverage\build-output\Kloudscript.Quiz.Cache.Capability.Test.dll
TpTrace Information: 0 : 48348, 1, 2022/09/12, 09:45:36.098, 27149744805052, vstest.console.dll, InferRunSettingsHelper.IsTestSettingsEnabled: Unable to navigate to RunSettings/MSTest. Current node: RunSettings
TpTrace Information: 0 : 48348, 1, 2022/09/12, 09:45:36.098, 27149744809099, vstest.console.dll, AssemblyResolver.OnResolve: Microsoft.VisualStudio.TestPlatform.Fakes: Resolving assembly.
TpTrace Information: 0 : 48348, 1, 2022/09/12, 09:45:36.098, 27149744809527, vstest.console.dll, AssemblyResolver.OnResolve: Microsoft.VisualStudio.TestPlatform.Fakes: Searching in: 'C:\Program Files\dotnet\sdk\6.0.301\Extensions'.
TpTrace Information: 0 : 48348, 1, 2022/09/12, 09:45:36.098, 27149744810146, vstest.console.dll, AssemblyResolver.OnResolve: Microsoft.VisualStudio.TestPlatform.Fakes: Assembly path does not exist: 'C:\Program Files\dotnet\sdk\6.0.301\Extensions\Microsoft.VisualStudio.TestPlatform.Fakes.dll', returning.
TpTrace Information: 0 : 48348, 1, 2022/09/12, 09:45:36.098, 27149744810596, vstest.console.dll, AssemblyResolver.OnResolve: Microsoft.VisualStudio.TestPlatform.Fakes: Assembly path does not exist: 'C:\Program Files\dotnet\sdk\6.0.301\Extensions\Microsoft.VisualStudio.TestPlatform.Fakes.exe', returning.
TpTrace Information: 0 : 48348, 1, 2022/09/12, 09:45:36.098, 27149744810841, vstest.console.dll, AssemblyResolver.OnResolve: Microsoft.VisualStudio.TestPlatform.Fakes: Searching in: 'C:\Program Files\dotnet\sdk\6.0.301'.
TpTrace Information: 0 : 48348, 1, 2022/09/12, 09:45:36.098, 27149744811268, vstest.console.dll, AssemblyResolver.OnResolve: Microsoft.VisualStudio.TestPlatform.Fakes: Assembly path does not exist: 'C:\Program Files\dotnet\sdk\6.0.301\Microsoft.VisualStudio.TestPlatform.Fakes.dll', returning.
TpTrace Information: 0 : 48348, 1, 2022/09/12, 09:45:36.099, 27149744811724, vstest.console.dll, AssemblyResolver.OnResolve: Microsoft.VisualStudio.TestPlatform.Fakes: Assembly path does not exist: 'C:\Program Files\dotnet\sdk\6.0.301\Microsoft.VisualStudio.TestPlatform.Fakes.exe', returning.
TpTrace Information: 0 : 48348, 1, 2022/09/12, 09:45:36.099, 27149744812253, vstest.console.dll, AssemblyResolver.OnResolve: Microsoft.VisualStudio.TestPlatform.Fakes: Failed to load assembly.
TpTrace Information: 0 : 48348, 1, 2022/09/12, 09:45:36.099, 27149744814005, vstest.console.dll, Failed to load assembly Microsoft.VisualStudio.TestPlatform.Fakes, Version=17.0.0.0, Culture=neutral. Reason:System.IO.FileNotFoundException: Could not load file or assembly 'Microsoft.VisualStudio.TestPlatform.Fakes, Version=17.0.0.0, Culture=neutral, PublicKeyToken=null'. The system cannot find the file specified.
File name: 'Microsoft.VisualStudio.TestPlatform.Fakes, Version=17.0.0.0, Culture=neutral, PublicKeyToken=null'
   at System.Reflection.RuntimeAssembly.InternalLoad(ObjectHandleOnStack assemblyName, ObjectHandleOnStack requestingAssembly, StackCrawlMarkHandle stackMark, Boolean throwOnFileNotFound, ObjectHandleOnStack assemblyLoadContext, ObjectHandleOnStack retAssembly)
   at System.Reflection.RuntimeAssembly.InternalLoad(AssemblyName assemblyName, RuntimeAssembly requestingAssembly, StackCrawlMark& stackMark, Boolean throwOnFileNotFound, AssemblyLoadContext assemblyLoadContext)
   at System.Reflection.Assembly.Load(AssemblyName assemblyRef)
   at Microsoft.VisualStudio.TestPlatform.Common.Utilities.FakesUtilities.LoadTestPlatformAssembly()
TpTrace Verbose: 0 : 48348, 1, 2022/09/12, 09:45:36.101, 27149744839535, vstest.console.dll, TestPluginCache.DiscoverTestExtensions: finding test extensions in assemblies ends with: TestLogger.dll TPluginInfo: Microsoft.VisualStudio.TestPlatform.Common.ExtensionFramework.Utilities.TestLoggerPluginInformation TExtension: Microsoft.VisualStudio.TestPlatform.ObjectModel.Client.ITestLogger
TpTrace Verbose: 0 : 48348, 1, 2022/09/12, 09:45:36.101, 27149744840173, vstest.console.dll, TestPluginCache.GetExtensionPaths: Filtered extension paths: 
TpTrace Verbose: 0 : 48348, 1, 2022/09/12, 09:45:36.101, 27149744840475, vstest.console.dll, TestPluginCache.GetExtensionPaths: Added default extension paths: C:\Program Files\dotnet\sdk\6.0.301\Extensions\DumpMinitool.exe
C:\Program Files\dotnet\sdk\6.0.301\Extensions\DumpMinitool.x86.exe
C:\Program Files\dotnet\sdk\6.0.301\Extensions\Microsoft.Diagnostics.NETCore.Client.dll
C:\Program Files\dotnet\sdk\6.0.301\Extensions\Microsoft.TestPlatform.Extensions.BlameDataCollector.dll
C:\Program Files\dotnet\sdk\6.0.301\Extensions\Microsoft.TestPlatform.Extensions.EventLogCollector.dll
C:\Program Files\dotnet\sdk\6.0.301\Extensions\Microsoft.TestPlatform.TestHostRuntimeProvider.dll
C:\Program Files\dotnet\sdk\6.0.301\Extensions\Microsoft.VisualStudio.TestPlatform.Extensions.Html.TestLogger.dll
C:\Program Files\dotnet\sdk\6.0.301\Extensions\Microsoft.VisualStudio.TestPlatform.Extensions.Trx.TestLogger.dll
TpTrace Verbose: 0 : 48348, 1, 2022/09/12, 09:45:36.101, 27149744840786, vstest.console.dll, TestPluginCache.GetExtensionPaths: Added unfilterableExtensionPaths: 
TpTrace Information: 0 : 48348, 1, 2022/09/12, 09:45:36.102, 27149744841639, vstest.console.dll, AssemblyResolver.AddSearchDirectories: Adding more searchDirectories C:\Program Files\dotnet\sdk\6.0.301\Extensions,C:\Program Files\dotnet\sdk\6.0.301
TpTrace Verbose: 0 : 48348, 1, 2022/09/12, 09:45:36.102, 27149744842059, vstest.console.dll, TestPluginCache.DiscoverTestExtensions: Discovering the extensions using extension path.
TpTrace Verbose: 0 : 48348, 1, 2022/09/12, 09:45:36.102, 27149744842339, vstest.console.dll, TestPluginCache.GetExtensionPaths: Filtered extension paths: 
TpTrace Verbose: 0 : 48348, 1, 2022/09/12, 09:45:36.102, 27149744842572, vstest.console.dll, TestPluginCache.GetExtensionPaths: Added default extension paths: C:\Program Files\dotnet\sdk\6.0.301\Extensions\DumpMinitool.exe
C:\Program Files\dotnet\sdk\6.0.301\Extensions\DumpMinitool.x86.exe
C:\Program Files\dotnet\sdk\6.0.301\Extensions\Microsoft.Diagnostics.NETCore.Client.dll
C:\Program Files\dotnet\sdk\6.0.301\Extensions\Microsoft.TestPlatform.Extensions.BlameDataCollector.dll
C:\Program Files\dotnet\sdk\6.0.301\Extensions\Microsoft.TestPlatform.Extensions.EventLogCollector.dll
C:\Program Files\dotnet\sdk\6.0.301\Extensions\Microsoft.TestPlatform.TestHostRuntimeProvider.dll
C:\Program Files\dotnet\sdk\6.0.301\Extensions\Microsoft.VisualStudio.TestPlatform.Extensions.Html.TestLogger.dll
C:\Program Files\dotnet\sdk\6.0.301\Extensions\Microsoft.VisualStudio.TestPlatform.Extensions.Trx.TestLogger.dll
TpTrace Verbose: 0 : 48348, 1, 2022/09/12, 09:45:36.102, 27149744843153, vstest.console.dll, TestPluginCache.GetExtensionPaths: Added unfilterableExtensionPaths: 
TpTrace Verbose: 0 : 48348, 1, 2022/09/12, 09:45:36.102, 27149744843468, vstest.console.dll, TestPluginCache.DiscoverTestExtensions: Discovering the extensions using allExtensionPaths: C:\Program Files\dotnet\sdk\6.0.301\Extensions\DumpMinitool.exe
C:\Program Files\dotnet\sdk\6.0.301\Extensions\DumpMinitool.x86.exe
C:\Program Files\dotnet\sdk\6.0.301\Extensions\Microsoft.Diagnostics.NETCore.Client.dll
C:\Program Files\dotnet\sdk\6.0.301\Extensions\Microsoft.TestPlatform.Extensions.BlameDataCollector.dll
C:\Program Files\dotnet\sdk\6.0.301\Extensions\Microsoft.TestPlatform.Extensions.EventLogCollector.dll
C:\Program Files\dotnet\sdk\6.0.301\Extensions\Microsoft.TestPlatform.TestHostRuntimeProvider.dll
C:\Program Files\dotnet\sdk\6.0.301\Extensions\Microsoft.VisualStudio.TestPlatform.Extensions.Html.TestLogger.dll
C:\Program Files\dotnet\sdk\6.0.301\Extensions\Microsoft.VisualStudio.TestPlatform.Extensions.Trx.TestLogger.dll
TpTrace Information: 0 : 48348, 1, 2022/09/12, 09:45:36.102, 27149744843851, vstest.console.dll, AssemblyResolver.AddSearchDirectories: Adding more searchDirectories C:\Program Files\dotnet\sdk\6.0.301\Extensions,C:\Program Files\dotnet\sdk\6.0.301
TpTrace Information: 0 : 48348, 1, 2022/09/12, 09:45:36.102, 27149744844129, vstest.console.dll, AssemblyResolver.AddSearchDirectories: Adding more searchDirectories C:\Program Files\dotnet\sdk\6.0.301\Extensions,C:\Program Files\dotnet\sdk\6.0.301
TpTrace Information: 0 : 48348, 1, 2022/09/12, 09:45:36.102, 27149744844399, vstest.console.dll, AssemblyResolver.AddSearchDirectories: Adding more searchDirectories C:\Program Files\dotnet\sdk\6.0.301\Extensions,C:\Program Files\dotnet\sdk\6.0.301
TpTrace Information: 0 : 48348, 1, 2022/09/12, 09:45:36.102, 27149744844646, vstest.console.dll, AssemblyResolver.AddSearchDirectories: Adding more searchDirectories C:\Program Files\dotnet\sdk\6.0.301\Extensions,C:\Program Files\dotnet\sdk\6.0.301
TpTrace Information: 0 : 48348, 1, 2022/09/12, 09:45:36.102, 27149744844883, vstest.console.dll, AssemblyResolver.AddSearchDirectories: Adding more searchDirectories C:\Program Files\dotnet\sdk\6.0.301\Extensions,C:\Program Files\dotnet\sdk\6.0.301
TpTrace Information: 0 : 48348, 1, 2022/09/12, 09:45:36.102, 27149744845144, vstest.console.dll, AssemblyResolver.AddSearchDirectories: Adding more searchDirectories C:\Program Files\dotnet\sdk\6.0.301\Extensions,C:\Program Files\dotnet\sdk\6.0.301
TpTrace Information: 0 : 48348, 1, 2022/09/12, 09:45:36.102, 27149744845388, vstest.console.dll, AssemblyResolver.AddSearchDirectories: Adding more searchDirectories C:\Program Files\dotnet\sdk\6.0.301\Extensions,C:\Program Files\dotnet\sdk\6.0.301
TpTrace Information: 0 : 48348, 1, 2022/09/12, 09:45:36.102, 27149744845624, vstest.console.dll, AssemblyResolver.AddSearchDirectories: Adding more searchDirectories C:\Program Files\dotnet\sdk\6.0.301\Extensions,C:\Program Files\dotnet\sdk\6.0.301
TpTrace Verbose: 0 : 48348, 1, 2022/09/12, 09:45:36.102, 27149744846536, vstest.console.dll, MetadataReaderExtensionsHelper: Discovering extensions inside assembly 'DumpMinitool, Version=15.0.0.0, Culture=neutral, PublicKeyToken=b03f5f7f11d50a3a' file path 'C:\Program Files\dotnet\sdk\6.0.301\Extensions\DumpMinitool.exe'
TpTrace Verbose: 0 : 48348, 1, 2022/09/12, 09:45:36.102, 27149744848670, vstest.console.dll, MetadataReaderExtensionsHelper: Discovering extensions inside assembly 'DumpMinitool.x86, Version=15.0.0.0, Culture=neutral, PublicKeyToken=b03f5f7f11d50a3a' file path 'C:\Program Files\dotnet\sdk\6.0.301\Extensions\DumpMinitool.x86.exe'
TpTrace Verbose: 0 : 48348, 1, 2022/09/12, 09:45:36.102, 27149744850527, vstest.console.dll, MetadataReaderExtensionsHelper: Discovering extensions inside assembly 'Microsoft.Diagnostics.NETCore.Client, Version=0.2.5.801, Culture=neutral, PublicKeyToken=31bf3856ad364e35' file path 'C:\Program Files\dotnet\sdk\6.0.301\Extensions\Microsoft.Diagnostics.NETCore.Client.dll'
TpTrace Information: 0 : 48348, 1, 2022/09/12, 09:45:36.103, 27149744852948, vstest.console.dll, AssemblyResolver.OnResolve: Microsoft.Bcl.AsyncInterfaces: Resolving assembly.
TpTrace Information: 0 : 48348, 1, 2022/09/12, 09:45:36.103, 27149744853294, vstest.console.dll, AssemblyResolver.OnResolve: Microsoft.Bcl.AsyncInterfaces: Resolved from cache.
TpTrace Verbose: 0 : 48348, 1, 2022/09/12, 09:45:36.103, 27149744853603, vstest.console.dll, CurrentDomainAssemblyResolve: Resolving assembly 'Microsoft.Bcl.AsyncInterfaces'.
TpTrace Information: 0 : 48348, 1, 2022/09/12, 09:45:36.103, 27149744853960, vstest.console.dll, AssemblyResolver.OnResolve: Microsoft.Bcl.AsyncInterfaces: Resolving assembly.
TpTrace Information: 0 : 48348, 1, 2022/09/12, 09:45:36.103, 27149744854209, vstest.console.dll, AssemblyResolver.OnResolve: Microsoft.Bcl.AsyncInterfaces: Resolved from cache.
TpTrace Verbose: 0 : 48348, 1, 2022/09/12, 09:45:36.103, 27149744854448, vstest.console.dll, CurrentDomainAssemblyResolve: Resolving assembly 'Microsoft.Bcl.AsyncInterfaces'.
TpTrace Verbose: 0 : 48348, 1, 2022/09/12, 09:45:36.103, 27149744854669, vstest.console.dll, CurrentDomainAssemblyResolve: Failed to resolve assembly 'Microsoft.Bcl.AsyncInterfaces'.
TpTrace Verbose: 0 : 48348, 1, 2022/09/12, 09:45:36.103, 27149744855711, vstest.console.dll, CurrentDomainAssemblyResolve: Failed to resolve assembly 'Microsoft.Bcl.AsyncInterfaces'.
TpTrace Warning: 0 : 48348, 1, 2022/09/12, 09:45:36.103, 27149744858187, vstest.console.dll, TestPluginDiscoverer: Failed to get types from assembly 'Microsoft.Diagnostics.NETCore.Client, Version=0.2.5.801, Culture=neutral, PublicKeyToken=31bf3856ad364e35'. Error: System.Reflection.ReflectionTypeLoadException: Unable to load one or more of the requested types.
Could not load file or assembly 'Microsoft.Bcl.AsyncInterfaces, Version=1.0.0.0, Culture=neutral, PublicKeyToken=cc7b13ffcd2ddd51'. The system cannot find the file specified.
   at System.Reflection.RuntimeModule.GetTypes(RuntimeModule module)
   at System.Reflection.Assembly.GetTypes()
   at Microsoft.VisualStudio.TestPlatform.Common.ExtensionFramework.TestPluginDiscoverer.GetTestExtensionsFromAssembly[TPluginInfo,TExtension](Assembly assembly, Dictionary`2 pluginInfos, String filePath)
System.IO.FileNotFoundException: Could not load file or assembly 'Microsoft.Bcl.AsyncInterfaces, Version=1.0.0.0, Culture=neutral, PublicKeyToken=cc7b13ffcd2ddd51'. The system cannot find the file specified.
File name: 'Microsoft.Bcl.AsyncInterfaces, Version=1.0.0.0, Culture=neutral, PublicKeyToken=cc7b13ffcd2ddd51'
 ---> System.IO.FileNotFoundException: Could not load file or assembly 'Microsoft.Bcl.AsyncInterfaces, Culture=neutral, PublicKeyToken=null'. The system cannot find the file specified.
File name: 'Microsoft.Bcl.AsyncInterfaces, Culture=neutral, PublicKeyToken=null'
   at System.Reflection.RuntimeAssembly.InternalLoad(ObjectHandleOnStack assemblyName, ObjectHandleOnStack requestingAssembly, StackCrawlMarkHandle stackMark, Boolean throwOnFileNotFound, ObjectHandleOnStack assemblyLoadContext, ObjectHandleOnStack retAssembly)
   at System.Reflection.RuntimeAssembly.InternalLoad(AssemblyName assemblyName, RuntimeAssembly requestingAssembly, StackCrawlMark& stackMark, Boolean throwOnFileNotFound, AssemblyLoadContext assemblyLoadContext)
   at System.Reflection.Assembly.Load(AssemblyName assemblyRef)
   at Microsoft.VisualStudio.TestPlatform.Common.ExtensionFramework.TestPluginCache.CurrentDomainAssemblyResolve(Object sender, AssemblyResolveEventArgs args)
   at Microsoft.VisualStudio.TestPlatform.PlatformAbstractions.PlatformAssemblyResolver.AssemblyResolverEvent(Object sender, Object eventArgs)
   at System.Runtime.Loader.AssemblyLoadContext.GetFirstResolvedAssemblyFromResolvingEvent(AssemblyName assemblyName)
   at System.Runtime.Loader.AssemblyLoadContext.ResolveUsingEvent(AssemblyName assemblyName)
   at System.Runtime.Loader.AssemblyLoadContext.ResolveUsingResolvingEvent(IntPtr gchManagedAssemblyLoadContext, AssemblyName assemblyName)
TpTrace Warning: 0 : 48348, 1, 2022/09/12, 09:45:36.103, 27149744859697, vstest.console.dll, LoaderExceptions: System.IO.FileNotFoundException: Could not load file or assembly 'Microsoft.Bcl.AsyncInterfaces, Version=1.0.0.0, Culture=neutral, PublicKeyToken=cc7b13ffcd2ddd51'. The system cannot find the file specified.
File name: 'Microsoft.Bcl.AsyncInterfaces, Version=1.0.0.0, Culture=neutral, PublicKeyToken=cc7b13ffcd2ddd51'
 ---> System.IO.FileNotFoundException: Could not load file or assembly 'Microsoft.Bcl.AsyncInterfaces, Culture=neutral, PublicKeyToken=null'. The system cannot find the file specified.
File name: 'Microsoft.Bcl.AsyncInterfaces, Culture=neutral, PublicKeyToken=null'
   at System.Reflection.RuntimeAssembly.InternalLoad(ObjectHandleOnStack assemblyName, ObjectHandleOnStack requestingAssembly, StackCrawlMarkHandle stackMark, Boolean throwOnFileNotFound, ObjectHandleOnStack assemblyLoadContext, ObjectHandleOnStack retAssembly)
   at System.Reflection.RuntimeAssembly.InternalLoad(AssemblyName assemblyName, RuntimeAssembly requestingAssembly, StackCrawlMark& stackMark, Boolean throwOnFileNotFound, AssemblyLoadContext assemblyLoadContext)
   at System.Reflection.Assembly.Load(AssemblyName assemblyRef)
   at Microsoft.VisualStudio.TestPlatform.Common.ExtensionFramework.TestPluginCache.CurrentDomainAssemblyResolve(Object sender, AssemblyResolveEventArgs args)
   at Microsoft.VisualStudio.TestPlatform.PlatformAbstractions.PlatformAssemblyResolver.AssemblyResolverEvent(Object sender, Object eventArgs)
   at System.Runtime.Loader.AssemblyLoadContext.GetFirstResolvedAssemblyFromResolvingEvent(AssemblyName assemblyName)
   at System.Runtime.Loader.AssemblyLoadContext.ResolveUsingEvent(AssemblyName assemblyName)
   at System.Runtime.Loader.AssemblyLoadContext.ResolveUsingResolvingEvent(IntPtr gchManagedAssemblyLoadContext, AssemblyName assemblyName)
TpTrace Verbose: 0 : 48348, 1, 2022/09/12, 09:45:36.103, 27149744860292, vstest.console.dll, MetadataReaderExtensionsHelper: Discovering extensions inside assembly 'Microsoft.TestPlatform.Extensions.BlameDataCollector, Version=15.0.0.0, Culture=neutral, PublicKeyToken=b03f5f7f11d50a3a' file path 'C:\Program Files\dotnet\sdk\6.0.301\Extensions\Microsoft.TestPlatform.Extensions.BlameDataCollector.dll'
TpTrace Information: 0 : 48348, 1, 2022/09/12, 09:45:36.104, 27149744862749, vstest.console.dll, GetTestExtensionFromType: Register extension with identifier data 'logger://Microsoft/TestPlatform/Extensions/Blame/v1' and type 'Microsoft.TestPlatform.Extensions.BlameDataCollector.BlameLogger, Microsoft.TestPlatform.Extensions.BlameDataCollector, Version=15.0.0.0, Culture=neutral, PublicKeyToken=b03f5f7f11d50a3a' inside file 'C:\Program Files\dotnet\sdk\6.0.301\Extensions\Microsoft.TestPlatform.Extensions.BlameDataCollector.dll'
TpTrace Verbose: 0 : 48348, 1, 2022/09/12, 09:45:36.104, 27149744863225, vstest.console.dll, MetadataReaderExtensionsHelper: Discovering extensions inside assembly 'Microsoft.TestPlatform.Extensions.EventLogCollector, Version=15.0.0.0, Culture=neutral, PublicKeyToken=b03f5f7f11d50a3a' file path 'C:\Program Files\dotnet\sdk\6.0.301\Extensions\Microsoft.TestPlatform.Extensions.EventLogCollector.dll'
TpTrace Verbose: 0 : 48348, 1, 2022/09/12, 09:45:36.104, 27149744865028, vstest.console.dll, MetadataReaderExtensionsHelper: Discovering extensions inside assembly 'Microsoft.TestPlatform.TestHostRuntimeProvider, Version=15.0.0.0, Culture=neutral, PublicKeyToken=b03f5f7f11d50a3a' file path 'C:\Program Files\dotnet\sdk\6.0.301\Extensions\Microsoft.TestPlatform.TestHostRuntimeProvider.dll'
TpTrace Verbose: 0 : 48348, 1, 2022/09/12, 09:45:36.104, 27149744866967, vstest.console.dll, MetadataReaderExtensionsHelper: Discovering extensions inside assembly 'Microsoft.VisualStudio.TestPlatform.Extensions.Html.TestLogger, Version=15.0.0.0, Culture=neutral, PublicKeyToken=b03f5f7f11d50a3a' file path 'C:\Program Files\dotnet\sdk\6.0.301\Extensions\Microsoft.VisualStudio.TestPlatform.Extensions.Html.TestLogger.dll'
TpTrace Information: 0 : 48348, 1, 2022/09/12, 09:45:36.104, 27149744868588, vstest.console.dll, GetTestExtensionFromType: Register extension with identifier data 'logger://Microsoft/TestPlatform/HtmlLogger/v1' and type 'Microsoft.VisualStudio.TestPlatform.Extensions.HtmlLogger.HtmlLogger, Microsoft.VisualStudio.TestPlatform.Extensions.Html.TestLogger, Version=15.0.0.0, Culture=neutral, PublicKeyToken=b03f5f7f11d50a3a' inside file 'C:\Program Files\dotnet\sdk\6.0.301\Extensions\Microsoft.VisualStudio.TestPlatform.Extensions.Html.TestLogger.dll'
TpTrace Verbose: 0 : 48348, 1, 2022/09/12, 09:45:36.104, 27149744869089, vstest.console.dll, MetadataReaderExtensionsHelper: Discovering extensions inside assembly 'Microsoft.VisualStudio.TestPlatform.Extensions.Trx.TestLogger, Version=15.0.0.0, Culture=neutral, PublicKeyToken=b03f5f7f11d50a3a' file path 'C:\Program Files\dotnet\sdk\6.0.301\Extensions\Microsoft.VisualStudio.TestPlatform.Extensions.Trx.TestLogger.dll'
TpTrace Information: 0 : 48348, 1, 2022/09/12, 09:45:36.104, 27149744871047, vstest.console.dll, GetTestExtensionFromType: Register extension with identifier data 'logger://Microsoft/TestPlatform/TrxLogger/v1' and type 'Microsoft.VisualStudio.TestPlatform.Extensions.TrxLogger.TrxLogger, Microsoft.VisualStudio.TestPlatform.Extensions.Trx.TestLogger, Version=15.0.0.0, Culture=neutral, PublicKeyToken=b03f5f7f11d50a3a' inside file 'C:\Program Files\dotnet\sdk\6.0.301\Extensions\Microsoft.VisualStudio.TestPlatform.Extensions.Trx.TestLogger.dll'
TpTrace Verbose: 0 : 48348, 1, 2022/09/12, 09:45:36.105, 27149744871530, vstest.console.dll, TestPluginCache: Discovered the extensions using extension path ''.
TpTrace Verbose: 0 : 48348, 1, 2022/09/12, 09:45:36.105, 27149744871825, vstest.console.dll, TestPluginCache: Discoverers are ''.
TpTrace Verbose: 0 : 48348, 1, 2022/09/12, 09:45:36.105, 27149744872039, vstest.console.dll, TestPluginCache: Executors are ''.
TpTrace Verbose: 0 : 48348, 1, 2022/09/12, 09:45:36.105, 27149744872240, vstest.console.dll, TestPluginCache: Executors2 are ''.
TpTrace Verbose: 0 : 48348, 1, 2022/09/12, 09:45:36.105, 27149744872438, vstest.console.dll, TestPluginCache: Setting providers are ''.
TpTrace Verbose: 0 : 48348, 1, 2022/09/12, 09:45:36.105, 27149744872923, vstest.console.dll, TestPluginCache: Loggers are 'logger://Microsoft/TestPlatform/Extensions/Blame/v1,logger://Microsoft/TestPlatform/HtmlLogger/v1,logger://Microsoft/TestPlatform/TrxLogger/v1'.
TpTrace Verbose: 0 : 48348, 1, 2022/09/12, 09:45:36.105, 27149744873288, vstest.console.dll, TestPluginCache: TestHosts are 'HostProvider://DefaultTestHost,HostProvider://DotnetTestHost'.
TpTrace Verbose: 0 : 48348, 1, 2022/09/12, 09:45:36.105, 27149744873559, vstest.console.dll, TestPluginCache: DataCollectors are ''.
TpTrace Information: 0 : 48348, 1, 2022/09/12, 09:45:36.105, 27149744877972, vstest.console.dll, TestPluginManager.CreateTestExtension: Attempting to load test extension: Microsoft.TestPlatform.Extensions.BlameDataCollector.BlameLogger
TpTrace Information: 0 : 48348, 1, 2022/09/12, 09:45:36.108, 27149744910796, vstest.console.dll, TestPluginManager.CreateTestExtension: Attempting to load test extension: Microsoft.VisualStudio.TestPlatform.CrossPlatEngine.Hosting.DefaultTestHostManager
TpTrace Information: 0 : 48348, 1, 2022/09/12, 09:45:36.109, 27149744916752, vstest.console.dll, TestPluginManager.CreateTestExtension: Attempting to load test extension: Microsoft.VisualStudio.TestPlatform.CrossPlatEngine.Hosting.DotnetTestHostManager
TpTrace Verbose: 0 : 48348, 1, 2022/09/12, 09:45:36.109, 27149744920498, vstest.console.dll, TestEngine: Initializing Parallel Execution as MaxCpuCount is set to: 1
TpTrace Information: 0 : 48348, 1, 2022/09/12, 09:45:36.110, 27149744924299, vstest.console.dll, InferRunSettingsHelper.IsTestSettingsEnabled: Unable to navigate to RunSettings/MSTest. Current node: RunSettings
TpTrace Verbose: 0 : 48348, 1, 2022/09/12, 09:45:36.110, 27149744931179, vstest.console.dll, TestRequestSender is acting as server.
TpTrace Verbose: 0 : 48348, 1, 2022/09/12, 09:45:36.111, 27149744938229, vstest.console.dll, TestEngine.GetExecutionManager: Chosen execution manager 'Microsoft.VisualStudio.TestPlatform.CrossPlatEngine.Client.Parallel.ParallelProxyExecutionManager, Microsoft.TestPlatform.CrossPlatEngine, Version=15.0.0.0, Culture=neutral, PublicKeyToken=b03f5f7f11d50a3a' ParallelLevel '1' Shared host 'False'
TpTrace Verbose: 0 : 48348, 5, 2022/09/12, 09:45:36.113, 27149744958333, vstest.console.dll, DataCollectionRequestSender.InitializeCommunication : Initialize communication. 
TpTrace Information: 0 : 48348, 5, 2022/09/12, 09:45:36.117, 27149744998411, vstest.console.dll, Listening on Endpoint : 127.0.0.1:63351
TpTrace Verbose: 0 : 48348, 5, 2022/09/12, 09:45:36.122, 27149745044765, vstest.console.dll, DotnetDataCollectionLauncher: Full path of dotnet.exe is C:\Program Files\dotnet\dotnet.exe
TpTrace Verbose: 0 : 48348, 5, 2022/09/12, 09:45:36.122, 27149745045807, vstest.console.dll, DotnetDataCollectionLauncher: Adding  --runtimeconfig "C:\Program Files\dotnet\sdk\6.0.301\datacollector.runtimeconfig.json" in args
TpTrace Verbose: 0 : 48348, 5, 2022/09/12, 09:45:36.122, 27149745046428, vstest.console.dll, DotnetDataCollectionLauncher: Adding  --depsfile "C:\Program Files\dotnet\sdk\6.0.301\datacollector.deps.json" in args
TpTrace Information: 0 : 48348, 5, 2022/09/12, 09:45:36.130, 27149745125386, vstest.console.dll, ProxyDataCollectionManager.Initialize: Launched datacollector processId: 18736 port: 63351
TpTrace Information: 0 : 48348, 5, 2022/09/12, 09:45:36.130, 27149745127534, vstest.console.dll, ProxyDataCollectionManager.Initialize: waiting for connection with timeout: 90 seconds
TpTrace Verbose: 0 : 48348, 5, 2022/09/12, 09:45:36.130, 27149745127942, vstest.console.dll, DataCollectionRequestSender.WaitForRequestHandlerConnection : Waiting for connection with timeout: 90000
TpTrace Information: 0 : 48348, 8, 2022/09/12, 09:45:36.216, 27149745986413, vstest.console.dll, Using the buffer size of 16384 bytes
TpTrace Verbose: 0 : 48348, 5, 2022/09/12, 09:45:36.216, 27149745986537, vstest.console.dll, SocketCommunicationManager.WaitForClientConnection took: 85 ms, with 90000 ms timeout, and finished with True.
TpTrace Information: 0 : 48348, 8, 2022/09/12, 09:45:36.216, 27149745987116, vstest.console.dll, Accepted Client request and set the flag
TpTrace Verbose: 0 : 48348, 5, 2022/09/12, 09:45:36.216, 27149745987941, vstest.console.dll, ProxyDataCollectionManager.InvokeDataCollectionServiceAction: Starting.
TpTrace Information: 0 : 48348, 5, 2022/09/12, 09:45:36.216, 27149745988589, vstest.console.dll, ProxyDataCollectionManager.BeforeTestRunStart: Get environment variable and port for datacollector processId: 18736 port: 63351
TpTrace Verbose: 0 : 48348, 5, 2022/09/12, 09:45:36.216, 27149745989354, vstest.console.dll, DataCollectionRequestSender.SendBeforeTestRunStartAndGetResult: Send BeforeTestRunStart message with settingsXml <RunSettings><RunConfiguration><ResultsDirectory>C:\Users\shish\source\repos\Kloudscript.Quiz\Tests\Kloudscript.Quiz.Cache.Capability.Test\bin\Debug\netcoreapp3.1\fine-code-coverage\coverage-tool-output</ResultsDirectory><TargetPlatform>X64</TargetPlatform><TargetFrameworkVersion>.NETCoreApp,Version=v3.1</TargetFrameworkVersion><DesignMode>False</DesignMode><CollectSourceInformation>False</CollectSourceInformation><TestAdaptersPaths>C:\Program Files\dotnet\sdk\6.0.301\Extensions</TestAdaptersPaths></RunConfiguration><LoggerRunSettings><Loggers><Logger friendlyName="blame" enabled="True" /><Logger friendlyName="Console" uri="logger://microsoft/TestPlatform/ConsoleLogger/v1" assemblyQualifiedName="Microsoft.VisualStudio.TestPlatform.CommandLine.Internal.ConsoleLogger, vstest.console, Version=15.0.0.0, Culture=neutral, PublicKeyToken=b03f5f7f11d50a3a" codeBase="C:\Program Files\dotnet\sdk\6.0.301\vstest.console.dll" enabled="True" /></Loggers></LoggerRunSettings><DataCollectionRunSettings><DataCollectors><DataCollector friendlyName="blame" enabled="True"><Configuration><ResultsDirectory>C:\Users\shish\source\repos\Kloudscript.Quiz\Tests\Kloudscript.Quiz.Cache.Capability.Test\bin\Debug\netcoreapp3.1\fine-code-coverage\coverage-tool-output</ResultsDirectory></Configuration></DataCollector></DataCollectors></DataCollectionRunSettings></RunSettings> and sources System.Linq.Enumerable+Concat2Iterator`1[System.String]: 
TpTrace Verbose: 0 : 48348, 5, 2022/09/12, 09:45:36.263, 27149746452591, vstest.console.dll, DataCollectionRequestSender.SendBeforeTestRunStartAndGetResult: Received message: (DataCollection.SendMessage) -> {
  "FriendlyName": null,
  "Uri": null,
  "TestCaseId": "00000000-0000-0000-0000-000000000000",
  "Message": "Logging DataCollector Diagnostics in file: C:\\Users\\shish\\source\\repos\\Kloudscript.Quiz\\Tests\\Kloudscript.Quiz.Cache.Capability.Test\\bin\\Debug\\netcoreapp3.1\\fine-code-coverage\\coverage-tool-output\\diagnostics.datacollector.22-09-12_09-45-36_12217_5.log",
  "Level": 0
}
TpTrace Verbose: 0 : 48348, 5, 2022/09/12, 09:45:36.317, 27149746992039, vstest.console.dll, DataCollectionRequestSender.SendBeforeTestRunStartAndGetResult: Received message: (DataCollection.BeforeTestRunStartResult) -> {
  "EnvironmentVariables": {},
  "DataCollectionEventsPort": 63353
}
TpTrace Information: 0 : 48348, 5, 2022/09/12, 09:45:36.320, 27149747029455, vstest.console.dll, ProxyDataCollectionManager.BeforeTestRunStart: SendBeforeTestRunStartAndGetResult successful, env variable from datacollector:   and testhost port: 63353
TpTrace Information: 0 : 48348, 5, 2022/09/12, 09:45:36.320, 27149747030025, vstest.console.dll, ProxyDataCollectionManager.InvokeDataCollectionServiceAction: Completed.
TpTrace Verbose: 0 : 48348, 1, 2022/09/12, 09:45:36.320, 27149747030864, vstest.console.dll, TestRunRequest.ExecuteAsync: Creating test run request.
TpTrace Verbose: 0 : 48348, 1, 2022/09/12, 09:45:36.321, 27149747032645, vstest.console.dll, TestRunRequest.ExecuteAsync: Starting.
TpTrace Information: 0 : 48348, 1, 2022/09/12, 09:45:36.321, 27149747034839, vstest.console.dll, TestRunRequest.ExecuteAsync: Starting run with settings:TestRunCriteria:
   KeepAlive=False,FrequencyOfRunStatsChangeEvent=10,RunStatsChangeEventTimeout=00:00:01.5000000,TestCaseFilter=,TestExecutorLauncher=
   Settingsxml=<RunSettings>
  <RunConfiguration>
    <ResultsDirectory>C:\Users\shish\source\repos\Kloudscript.Quiz\Tests\Kloudscript.Quiz.Cache.Capability.Test\bin\Debug\netcoreapp3.1\fine-code-coverage\coverage-tool-output</ResultsDirectory>
    <TargetPlatform>X64</TargetPlatform>
    <TargetFrameworkVersion>.NETCoreApp,Version=v3.1</TargetFrameworkVersion>
    <DesignMode>False</DesignMode>
    <CollectSourceInformation>False</CollectSourceInformation>
  </RunConfiguration>
  <LoggerRunSettings>
    <Loggers>
      <Logger friendlyName="blame" enabled="True" />
      <Logger friendlyName="Console" uri="logger://microsoft/TestPlatform/ConsoleLogger/v1" assemblyQualifiedName="Microsoft.VisualStudio.TestPlatform.CommandLine.Internal.ConsoleLogger, vstest.console, Version=15.0.0.0, Culture=neutral, PublicKeyToken=b03f5f7f11d50a3a" codeBase="C:\Program Files\dotnet\sdk\6.0.301\vstest.console.dll" enabled="True" />
    </Loggers>
  </LoggerRunSettings>
  <DataCollectionRunSettings>
    <DataCollectors>
      <DataCollector friendlyName="blame" enabled="True">
        <Configuration>
          <ResultsDirectory>C:\Users\shish\source\repos\Kloudscript.Quiz\Tests\Kloudscript.Quiz.Cache.Capability.Test\bin\Debug\netcoreapp3.1\fine-code-coverage\coverage-tool-output</ResultsDirectory>
        </Configuration>
      </DataCollector>
    </DataCollectors>
  </DataCollectionRunSettings>
</RunSettings>

TpTrace Verbose: 0 : 48348, 1, 2022/09/12, 09:45:36.321, 27149747035242, vstest.console.dll, TestRunRequest.ExecuteAsync: Wait for the first run request is over.
TpTrace Verbose: 0 : 48348, 1, 2022/09/12, 09:45:36.321, 27149747037268, vstest.console.dll, MulticastDelegateUtilities.SafeInvoke: TestRun.TestRunStart: Invoking callbacks was skipped because there are no subscribers.
TpTrace Verbose: 0 : 48348, 1, 2022/09/12, 09:45:36.321, 27149747038518, vstest.console.dll, ParallelProxyExecutionManager: Start execution. Total sources: 1
TpTrace Verbose: 0 : 48348, 4, 2022/09/12, 09:45:36.321, 27149747038561, vstest.console.dll, MulticastDelegateUtilities.SafeInvoke: InternalTestLoggerEvents.SendTestRunStart: Invoking callback 1/1 for Microsoft.VisualStudio.TestPlatform.CommandLine.Internal.ConsoleLogger.TestRunStartHandler, took 0 ms.
TpTrace Information: 0 : 48348, 1, 2022/09/12, 09:45:36.322, 27149747044596, vstest.console.dll, ProxyParallelExecutionManager: Triggering test run for next source: C:\Users\shish\source\repos\Kloudscript.Quiz\Tests\Kloudscript.Quiz.Cache.Capability.Test\bin\Debug\netcoreapp3.1\fine-code-coverage\build-output\Kloudscript.Quiz.Cache.Capability.Test.dll
TpTrace Verbose: 0 : 48348, 1, 2022/09/12, 09:45:36.322, 27149747045785, vstest.console.dll, ProxyParallelExecutionManager: No sources available for execution.
TpTrace Verbose: 0 : 48348, 5, 2022/09/12, 09:45:36.322, 27149747045829, vstest.console.dll, ParallelProxyExecutionManager: Execution started. Started clients: 1
TpTrace Information: 0 : 48348, 1, 2022/09/12, 09:45:36.322, 27149747046180, vstest.console.dll, TestRunRequest.ExecuteAsync: Started.
TpTrace Verbose: 0 : 48348, 1, 2022/09/12, 09:45:36.322, 27149747047117, vstest.console.dll, TestRunRequest.WaitForCompletion: Waiting with timeout -1.
TpTrace Verbose: 0 : 48348, 5, 2022/09/12, 09:45:36.322, 27149747048043, vstest.console.dll, TestRunRequest:SendTestRunMessage: Starting.
TpTrace Verbose: 0 : 48348, 5, 2022/09/12, 09:45:36.322, 27149747048900, vstest.console.dll, MulticastDelegateUtilities.SafeInvoke: TestRun.LogMessages: Invoking callback 1/1 for Microsoft.VisualStudio.TestPlatform.CommandLine.TestRunResultAggregator.TestRunMessageHandler, took 0 ms.
TpTrace Information: 0 : 48348, 5, 2022/09/12, 09:45:36.322, 27149747049202, vstest.console.dll, TestRunRequest:SendTestRunMessage: Completed.
TpTrace Verbose: 0 : 48348, 4, 2022/09/12, 09:45:36.322, 27149747049251, vstest.console.dll, MulticastDelegateUtilities.SafeInvoke: InternalTestLoggerEvents.SendTestRunMessage: Invoking callback 1/1 for Microsoft.VisualStudio.TestPlatform.CommandLine.Internal.ConsoleLogger.TestMessageHandler, took 0 ms.
TpTrace Verbose: 0 : 48348, 5, 2022/09/12, 09:45:36.322, 27149747050503, vstest.console.dll, ProxyExecutionManager: Test host is always Lazy initialize.
TpTrace Verbose: 0 : 48348, 5, 2022/09/12, 09:45:36.323, 27149747051830, vstest.console.dll, TestRequestSender.InitializeCommunication: initialize communication. 
TpTrace Information: 0 : 48348, 5, 2022/09/12, 09:45:36.323, 27149747055468, vstest.console.dll, SocketServer.Start: Listening on endpoint : 127.0.0.1:63354
TpTrace Verbose: 0 : 48348, 5, 2022/09/12, 09:45:36.323, 27149747059552, vstest.console.dll, DotnetTestHostmanager.GetTestHostProcessStartInfo: Platform environment 'X64' target architecture 'X64' framework '.NETCoreApp,Version=v3.1' OS 'Windows'
TpTrace Verbose: 0 : 48348, 5, 2022/09/12, 09:45:36.323, 27149747061060, vstest.console.dll, DotnetTestHostmanager: Adding  --runtimeconfig "C:\Users\shish\source\repos\Kloudscript.Quiz\Tests\Kloudscript.Quiz.Cache.Capability.Test\bin\Debug\netcoreapp3.1\fine-code-coverage\build-output\Kloudscript.Quiz.Cache.Capability.Test.runtimeconfig.json" in args
TpTrace Verbose: 0 : 48348, 5, 2022/09/12, 09:45:36.324, 27149747061727, vstest.console.dll, DotnetTestHostmanager: Adding  --depsfile "C:\Users\shish\source\repos\Kloudscript.Quiz\Tests\Kloudscript.Quiz.Cache.Capability.Test\bin\Debug\netcoreapp3.1\fine-code-coverage\build-output\Kloudscript.Quiz.Cache.Capability.Test.deps.json" in args
TpTrace Verbose: 0 : 48348, 5, 2022/09/12, 09:45:36.324, 27149747063778, vstest.console.dll, DotnetTestHostmanager.IsWinOnArm: Current PROCESSOR_ARCHITECTURE from environment variable 'AMD64'
TpTrace Verbose: 0 : 48348, 5, 2022/09/12, 09:45:36.324, 27149747064220, vstest.console.dll, DotnetTestHostmanager.IsWinOnArm: Is Windows on ARM 'False'
TpTrace Verbose: 0 : 48348, 5, 2022/09/12, 09:45:36.324, 27149747064867, vstest.console.dll, DotnetTestHostManager: testhost.exe found at path: C:\Users\shish\source\repos\Kloudscript.Quiz\Tests\Kloudscript.Quiz.Cache.Capability.Test\bin\Debug\netcoreapp3.1\fine-code-coverage\build-output\testhost.exe
TpTrace Verbose: 0 : 48348, 5, 2022/09/12, 09:45:36.324, 27149747065226, vstest.console.dll, DotnetTestHostmanager: Full path of host exe is C:\Users\shish\source\repos\Kloudscript.Quiz\Tests\Kloudscript.Quiz.Cache.Capability.Test\bin\Debug\netcoreapp3.1\fine-code-coverage\build-output\testhost.exe
TpTrace Verbose: 0 : 48348, 5, 2022/09/12, 09:45:36.324, 27149747066018, vstest.console.dll, DotnetTestHostmanager.LaunchTestHostAsync: Found 'VSTEST_WINAPPHOST_DOTNET_ROOT' in env variables, value 'C:\Program Files\dotnet', forwarding to 'DOTNET_ROOT'
TpTrace Verbose: 0 : 48348, 7, 2022/09/12, 09:45:36.324, 27149747070880, vstest.console.dll, DotnetTestHostManager: Starting process 'C:\Users\shish\source\repos\Kloudscript.Quiz\Tests\Kloudscript.Quiz.Cache.Capability.Test\bin\Debug\netcoreapp3.1\fine-code-coverage\build-output\testhost.exe' with command line ' --runtimeconfig "C:\Users\shish\source\repos\Kloudscript.Quiz\Tests\Kloudscript.Quiz.Cache.Capability.Test\bin\Debug\netcoreapp3.1\fine-code-coverage\build-output\Kloudscript.Quiz.Cache.Capability.Test.runtimeconfig.json" --depsfile "C:\Users\shish\source\repos\Kloudscript.Quiz\Tests\Kloudscript.Quiz.Cache.Capability.Test\bin\Debug\netcoreapp3.1\fine-code-coverage\build-output\Kloudscript.Quiz.Cache.Capability.Test.deps.json" --port 63354 --endpoint 127.0.0.1:063354 --role client --parentprocessid 48348 --diag "C:\Users\shish\source\repos\Kloudscript.Quiz\Tests\Kloudscript.Quiz.Cache.Capability.Test\bin\Debug\netcoreapp3.1\fine-code-coverage\coverage-tool-output\diagnostics.host.22-09-12_09-45-36_32364_5.log" --tracelevel 4 --datacollectionport 63353 --telemetryoptedin false'
TpTrace Verbose: 0 : 48348, 7, 2022/09/12, 09:45:36.332, 27149747143581, vstest.console.dll, MulticastDelegateUtilities.SafeInvoke: HostProviderEvents.OnHostLaunched: Invoking callback 1/2 for Microsoft.VisualStudio.TestPlatform.CrossPlatEngine.Client.ProxyExecutionManagerWithDataCollection.TestHostLaunchedHandler, took 0 ms.
TpTrace Verbose: 0 : 48348, 7, 2022/09/12, 09:45:36.332, 27149747145165, vstest.console.dll, Test Runtime launched
TpTrace Verbose: 0 : 48348, 7, 2022/09/12, 09:45:36.332, 27149747145890, vstest.console.dll, MulticastDelegateUtilities.SafeInvoke: HostProviderEvents.OnHostLaunched: Invoking callback 2/2 for Microsoft.VisualStudio.TestPlatform.CrossPlatEngine.Client.ProxyOperationManager.TestHostManagerHostLaunched, took 0 ms.
TpTrace Verbose: 0 : 48348, 5, 2022/09/12, 09:45:36.333, 27149747152270, vstest.console.dll, TestRequestSender.WaitForRequestHandlerConnection: waiting for connection with timeout: 90000.
TpTrace Verbose: 0 : 48348, 5, 2022/09/12, 09:45:36.465, 27149748474028, vstest.console.dll, TestRequestSender.WaitForRequestHandlerConnection: waiting took 132 ms, with timeout 90000 ms, and result 0, which is success.
TpTrace Verbose: 0 : 48348, 7, 2022/09/12, 09:45:36.465, 27149748474028, vstest.console.dll, MulticastDelegateUtilities.SafeInvoke: SocketServer: ClientConnected: Invoking callback 1/1 for Microsoft.VisualStudio.TestPlatform.CommunicationUtilities.TestRequestSender.<InitializeCommunication>b__23_0, took 0 ms.
TpTrace Verbose: 0 : 48348, 7, 2022/09/12, 09:45:36.465, 27149748475174, vstest.console.dll, SocketServer.OnClientConnected: Client connected for endPoint: 127.0.0.1:63354, starting MessageLoopAsync:
TpTrace Verbose: 0 : 48348, 14, 2022/09/12, 09:45:36.465, 27149748477020, vstest.console.dll, TcpClientExtensions.MessageLoopAsync: Polling on remoteEndPoint: 127.0.0.1:63355 localEndPoint: 127.0.0.1:63354
TpTrace Verbose: 0 : 48348, 5, 2022/09/12, 09:45:36.465, 27149748480406, vstest.console.dll, TestRequestSender.CheckVersionWithTestHost: Sending check version message: {"MessageType":"ProtocolVersion","Payload":6}
TpTrace Verbose: 0 : 48348, 14, 2022/09/12, 09:45:36.568, 27149749507878, vstest.console.dll, TcpClientExtensions.MessageLoopAsync: NotifyDataAvailable remoteEndPoint: 127.0.0.1:63355 localEndPoint: 127.0.0.1:63354
TpTrace Verbose: 0 : 48348, 14, 2022/09/12, 09:45:36.568, 27149749509836, vstest.console.dll, TestRequestSender.CheckVersionWithTestHost: onMessageReceived received message: (ProtocolVersion) -> 5
TpTrace Verbose: 0 : 48348, 14, 2022/09/12, 09:45:36.569, 27149749512748, vstest.console.dll, MulticastDelegateUtilities.SafeInvoke: LengthPrefixCommunicationChannel: MessageReceived: Invoking callback 1/1 for Microsoft.VisualStudio.TestPlatform.CommunicationUtilities.TestRequestSender+<>c__DisplayClass25_0.<CheckVersionWithTestHost>b__0, took 0 ms.
TpTrace Verbose: 0 : 48348, 14, 2022/09/12, 09:45:36.569, 27149749513307, vstest.console.dll, TcpClientExtensions.MessageLoopAsync: Polling on remoteEndPoint: 127.0.0.1:63355 localEndPoint: 127.0.0.1:63354
TpTrace Verbose: 0 : 48348, 5, 2022/09/12, 09:45:36.569, 27149749513287, vstest.console.dll, TestPluginCache.GetExtensionPaths: Filtered extension paths: 
TpTrace Verbose: 0 : 48348, 5, 2022/09/12, 09:45:36.569, 27149749514046, vstest.console.dll, TestPluginCache.GetExtensionPaths: Added default extension paths: C:\Program Files\dotnet\sdk\6.0.301\Extensions\DumpMinitool.exe
C:\Program Files\dotnet\sdk\6.0.301\Extensions\DumpMinitool.x86.exe
C:\Program Files\dotnet\sdk\6.0.301\Extensions\Microsoft.Diagnostics.NETCore.Client.dll
C:\Program Files\dotnet\sdk\6.0.301\Extensions\Microsoft.TestPlatform.Extensions.BlameDataCollector.dll
C:\Program Files\dotnet\sdk\6.0.301\Extensions\Microsoft.TestPlatform.Extensions.EventLogCollector.dll
C:\Program Files\dotnet\sdk\6.0.301\Extensions\Microsoft.TestPlatform.TestHostRuntimeProvider.dll
C:\Program Files\dotnet\sdk\6.0.301\Extensions\Microsoft.VisualStudio.TestPlatform.Extensions.Html.TestLogger.dll
C:\Program Files\dotnet\sdk\6.0.301\Extensions\Microsoft.VisualStudio.TestPlatform.Extensions.Trx.TestLogger.dll
TpTrace Verbose: 0 : 48348, 5, 2022/09/12, 09:45:36.569, 27149749514321, vstest.console.dll, TestPluginCache.GetExtensionPaths: Added unfilterableExtensionPaths: 
TpTrace Verbose: 0 : 48348, 5, 2022/09/12, 09:45:36.571, 27149749536314, vstest.console.dll, TestRequestSender.InitializeExecution: Sending initialize execution with message: {"Version":5,"MessageType":"TestExecution.Initialize","Payload":["C:\\Users\\shish\\source\\repos\\Kloudscript.Quiz\\Tests\\Kloudscript.Quiz.Cache.Capability.Test\\bin\\Debug\\netcoreapp3.1\\fine-code-coverage\\build-output\\NUnit3.TestAdapter.dll"]}
TpTrace Warning: 0 : 48348, 5, 2022/09/12, 09:45:36.571, 27149749538915, vstest.console.dll, InferRunSettingsHelper.MakeRunsettingsCompatible: Removing the following settings: TargetPlatform from RunSettings file. To use those settings please move to latest version of Microsoft.NET.Test.Sdk
TpTrace Verbose: 0 : 48348, 14, 2022/09/12, 09:45:36.576, 27149749581435, vstest.console.dll, TcpClientExtensions.MessageLoopAsync: NotifyDataAvailable remoteEndPoint: 127.0.0.1:63355 localEndPoint: 127.0.0.1:63354
TpTrace Verbose: 0 : 48348, 14, 2022/09/12, 09:45:36.576, 27149749582233, vstest.console.dll, TestRequestSender.OnExecutionMessageReceived: Received message: {"Version":5,"MessageType":"TestSession.Message","Payload":{"MessageLevel":0,"Message":"Logging TestHost Diagnostics in file: C:\\Users\\shish\\source\\repos\\Kloudscript.Quiz\\Tests\\Kloudscript.Quiz.Cache.Capability.Test\\bin\\Debug\\netcoreapp3.1\\fine-code-coverage\\coverage-tool-output\\diagnostics.host.22-09-12_09-45-36_32364_5.log"}}
TpTrace Verbose: 0 : 48348, 5, 2022/09/12, 09:45:36.576, 27149749588461, vstest.console.dll, TestRequestSender.StartTestRun: Sending test run with message: {"Version":5,"MessageType":"TestExecution.StartWithSources","Payload":{"AdapterSourceMap":{"_none_":["C:\\Users\\shish\\source\\repos\\Kloudscript.Quiz\\Tests\\Kloudscript.Quiz.Cache.Capability.Test\\bin\\Debug\\netcoreapp3.1\\fine-code-coverage\\build-output\\Kloudscript.Quiz.Cache.Capability.Test.dll"]},"RunSettings":"<RunSettings>\r\n  <RunConfiguration>\r\n    <ResultsDirectory>C:\\Users\\shish\\source\\repos\\Kloudscript.Quiz\\Tests\\Kloudscript.Quiz.Cache.Capability.Test\\bin\\Debug\\netcoreapp3.1\\fine-code-coverage\\coverage-tool-output</ResultsDirectory>\r\n    <TargetFrameworkVersion>.NETCoreApp,Version=v3.1</TargetFrameworkVersion>\r\n    <DesignMode>False</DesignMode>\r\n    <CollectSourceInformation>False</CollectSourceInformation>\r\n  </RunConfiguration>\r\n  <LoggerRunSettings>\r\n    <Loggers>\r\n      <Logger friendlyName=\"blame\" enabled=\"True\" />\r\n      <Logger friendlyName=\"Console\" uri=\"logger://microsoft/TestPlatform/ConsoleLogger/v1\" assemblyQualifiedName=\"Microsoft.VisualStudio.TestPlatform.CommandLine.Internal.ConsoleLogger, vstest.console, Version=15.0.0.0, Culture=neutral, PublicKeyToken=b03f5f7f11d50a3a\" codeBase=\"C:\\Program Files\\dotnet\\sdk\\6.0.301\\vstest.console.dll\" enabled=\"True\" />\r\n    </Loggers>\r\n  </LoggerRunSettings>\r\n  <DataCollectionRunSettings>\r\n    <DataCollectors>\r\n      <DataCollector friendlyName=\"blame\" enabled=\"True\">\r\n        <Configuration>\r\n          <ResultsDirectory>C:\\Users\\shish\\source\\repos\\Kloudscript.Quiz\\Tests\\Kloudscript.Quiz.Cache.Capability.Test\\bin\\Debug\\netcoreapp3.1\\fine-code-coverage\\coverage-tool-output</ResultsDirectory>\r\n        </Configuration>\r\n      </DataCollector>\r\n    </DataCollectors>\r\n  </DataCollectionRunSettings>\r\n</RunSettings>","TestExecutionContext":{"FrequencyOfRunStatsChangeEvent":10,"RunStatsChangeEventTimeout":"00:00:01.5000000","InIsolation":false,"KeepAlive":false,"AreTestCaseLevelEventsRequired":false,"IsDebug":false,"TestCaseFilter":null,"FilterOptions":null},"Package":null}}
TpTrace Verbose: 0 : 48348, 14, 2022/09/12, 09:45:36.577, 27149749592995, vstest.console.dll, TestRunRequest:SendTestRunMessage: Starting.
TpTrace Verbose: 0 : 48348, 14, 2022/09/12, 09:45:36.577, 27149749593620, vstest.console.dll, MulticastDelegateUtilities.SafeInvoke: TestRun.LogMessages: Invoking callback 1/1 for Microsoft.VisualStudio.TestPlatform.CommandLine.TestRunResultAggregator.TestRunMessageHandler, took 0 ms.
TpTrace Information: 0 : 48348, 14, 2022/09/12, 09:45:36.577, 27149749593885, vstest.console.dll, TestRunRequest:SendTestRunMessage: Completed.
TpTrace Verbose: 0 : 48348, 4, 2022/09/12, 09:45:36.577, 27149749594038, vstest.console.dll, MulticastDelegateUtilities.SafeInvoke: InternalTestLoggerEvents.SendTestRunMessage: Invoking callback 1/1 for Microsoft.VisualStudio.TestPlatform.CommandLine.Internal.ConsoleLogger.TestMessageHandler, took 0 ms.
TpTrace Verbose: 0 : 48348, 14, 2022/09/12, 09:45:36.577, 27149749594174, vstest.console.dll, MulticastDelegateUtilities.SafeInvoke: LengthPrefixCommunicationChannel: MessageReceived: Invoking callback 1/1 for Microsoft.VisualStudio.TestPlatform.CommunicationUtilities.TestRequestSender+<>c__DisplayClass30_0.<StartTestRun>b__1, took 1 ms.
TpTrace Verbose: 0 : 48348, 14, 2022/09/12, 09:45:36.577, 27149749594509, vstest.console.dll, TcpClientExtensions.MessageLoopAsync: Polling on remoteEndPoint: 127.0.0.1:63355 localEndPoint: 127.0.0.1:63354
TpTrace Verbose: 0 : 48348, 14, 2022/09/12, 09:45:36.692, 27149750745925, vstest.console.dll, TcpClientExtensions.MessageLoopAsync: NotifyDataAvailable remoteEndPoint: 127.0.0.1:63355 localEndPoint: 127.0.0.1:63354
TpTrace Verbose: 0 : 48348, 14, 2022/09/12, 09:45:36.692, 27149750746972, vstest.console.dll, TestRequestSender.OnExecutionMessageReceived: Received message: {"Version":5,"MessageType":"TestSession.Message","Payload":{"MessageLevel":0,"Message":"NUnit Adapter 4.2.0.0: Test execution started"}}
TpTrace Verbose: 0 : 48348, 14, 2022/09/12, 09:45:36.692, 27149750748515, vstest.console.dll, TestRunRequest:SendTestRunMessage: Starting.
TpTrace Verbose: 0 : 48348, 14, 2022/09/12, 09:45:36.692, 27149750748988, vstest.console.dll, MulticastDelegateUtilities.SafeInvoke: TestRun.LogMessages: Invoking callback 1/1 for Microsoft.VisualStudio.TestPlatform.CommandLine.TestRunResultAggregator.TestRunMessageHandler, took 0 ms.
TpTrace Verbose: 0 : 48348, 4, 2022/09/12, 09:45:36.692, 27149750749119, vstest.console.dll, MulticastDelegateUtilities.SafeInvoke: InternalTestLoggerEvents.SendTestRunMessage: Invoking callback 1/1 for Microsoft.VisualStudio.TestPlatform.CommandLine.Internal.ConsoleLogger.TestMessageHandler, took 0 ms.
TpTrace Information: 0 : 48348, 14, 2022/09/12, 09:45:36.692, 27149750749247, vstest.console.dll, TestRunRequest:SendTestRunMessage: Completed.
TpTrace Verbose: 0 : 48348, 14, 2022/09/12, 09:45:36.692, 27149750750403, vstest.console.dll, MulticastDelegateUtilities.SafeInvoke: LengthPrefixCommunicationChannel: MessageReceived: Invoking callback 1/1 for Microsoft.VisualStudio.TestPlatform.CommunicationUtilities.TestRequestSender+<>c__DisplayClass30_0.<StartTestRun>b__1, took 0 ms.
TpTrace Verbose: 0 : 48348, 14, 2022/09/12, 09:45:36.692, 27149750750681, vstest.console.dll, TcpClientExtensions.MessageLoopAsync: Polling on remoteEndPoint: 127.0.0.1:63355 localEndPoint: 127.0.0.1:63354
TpTrace Verbose: 0 : 48348, 14, 2022/09/12, 09:45:36.715, 27149750976069, vstest.console.dll, TcpClientExtensions.MessageLoopAsync: NotifyDataAvailable remoteEndPoint: 127.0.0.1:63355 localEndPoint: 127.0.0.1:63354
TpTrace Verbose: 0 : 48348, 14, 2022/09/12, 09:45:36.715, 27149750977148, vstest.console.dll, TestRequestSender.OnExecutionMessageReceived: Received message: {"Version":5,"MessageType":"TestSession.Message","Payload":{"MessageLevel":0,"Message":"Running all tests in C:\\Users\\shish\\source\\repos\\Kloudscript.Quiz\\Tests\\Kloudscript.Quiz.Cache.Capability.Test\\bin\\Debug\\netcoreapp3.1\\fine-code-coverage\\build-output\\Kloudscript.Quiz.Cache.Capability.Test.dll"}}
TpTrace Verbose: 0 : 48348, 14, 2022/09/12, 09:45:36.715, 27149750978501, vstest.console.dll, TestRunRequest:SendTestRunMessage: Starting.
TpTrace Verbose: 0 : 48348, 14, 2022/09/12, 09:45:36.715, 27149750978945, vstest.console.dll, MulticastDelegateUtilities.SafeInvoke: TestRun.LogMessages: Invoking callback 1/1 for Microsoft.VisualStudio.TestPlatform.CommandLine.TestRunResultAggregator.TestRunMessageHandler, took 0 ms.
TpTrace Verbose: 0 : 48348, 4, 2022/09/12, 09:45:36.715, 27149750979095, vstest.console.dll, MulticastDelegateUtilities.SafeInvoke: InternalTestLoggerEvents.SendTestRunMessage: Invoking callback 1/1 for Microsoft.VisualStudio.TestPlatform.CommandLine.Internal.ConsoleLogger.TestMessageHandler, took 0 ms.
TpTrace Information: 0 : 48348, 14, 2022/09/12, 09:45:36.715, 27149750979197, vstest.console.dll, TestRunRequest:SendTestRunMessage: Completed.
TpTrace Verbose: 0 : 48348, 14, 2022/09/12, 09:45:36.715, 27149750979953, vstest.console.dll, MulticastDelegateUtilities.SafeInvoke: LengthPrefixCommunicationChannel: MessageReceived: Invoking callback 1/1 for Microsoft.VisualStudio.TestPlatform.CommunicationUtilities.TestRequestSender+<>c__DisplayClass30_0.<StartTestRun>b__1, took 0 ms.
TpTrace Verbose: 0 : 48348, 14, 2022/09/12, 09:45:36.715, 27149750980193, vstest.console.dll, TcpClientExtensions.MessageLoopAsync: Polling on remoteEndPoint: 127.0.0.1:63355 localEndPoint: 127.0.0.1:63354
TpTrace Verbose: 0 : 48348, 14, 2022/09/12, 09:45:37.352, 27149757351163, vstest.console.dll, TcpClientExtensions.MessageLoopAsync: NotifyDataAvailable remoteEndPoint: 127.0.0.1:63355 localEndPoint: 127.0.0.1:63354
TpTrace Verbose: 0 : 48348, 14, 2022/09/12, 09:45:37.353, 27149757352370, vstest.console.dll, TestRequestSender.OnExecutionMessageReceived: Received message: {"Version":5,"MessageType":"TestSession.Message","Payload":{"MessageLevel":0,"Message":"   NUnit3TestExecutor discovered 9 of 9 NUnit test cases using Current Discovery mode, Non-Explicit run"}}
TpTrace Verbose: 0 : 48348, 14, 2022/09/12, 09:45:37.353, 27149757353977, vstest.console.dll, TestRunRequest:SendTestRunMessage: Starting.
TpTrace Verbose: 0 : 48348, 14, 2022/09/12, 09:45:37.353, 27149757354483, vstest.console.dll, MulticastDelegateUtilities.SafeInvoke: TestRun.LogMessages: Invoking callback 1/1 for Microsoft.VisualStudio.TestPlatform.CommandLine.TestRunResultAggregator.TestRunMessageHandler, took 0 ms.
TpTrace Verbose: 0 : 48348, 4, 2022/09/12, 09:45:37.353, 27149757354628, vstest.console.dll, MulticastDelegateUtilities.SafeInvoke: InternalTestLoggerEvents.SendTestRunMessage: Invoking callback 1/1 for Microsoft.VisualStudio.TestPlatform.CommandLine.Internal.ConsoleLogger.TestMessageHandler, took 0 ms.
TpTrace Information: 0 : 48348, 14, 2022/09/12, 09:45:37.353, 27149757354750, vstest.console.dll, TestRunRequest:SendTestRunMessage: Completed.
TpTrace Verbose: 0 : 48348, 14, 2022/09/12, 09:45:37.353, 27149757355463, vstest.console.dll, MulticastDelegateUtilities.SafeInvoke: LengthPrefixCommunicationChannel: MessageReceived: Invoking callback 1/1 for Microsoft.VisualStudio.TestPlatform.CommunicationUtilities.TestRequestSender+<>c__DisplayClass30_0.<StartTestRun>b__1, took 0 ms.
TpTrace Verbose: 0 : 48348, 14, 2022/09/12, 09:45:37.353, 27149757355708, vstest.console.dll, TcpClientExtensions.MessageLoopAsync: Polling on remoteEndPoint: 127.0.0.1:63355 localEndPoint: 127.0.0.1:63354
TpTrace Verbose: 0 : 48348, 14, 2022/09/12, 09:45:37.441, 27149758238663, vstest.console.dll, TcpClientExtensions.MessageLoopAsync: NotifyDataAvailable remoteEndPoint: 127.0.0.1:63355 localEndPoint: 127.0.0.1:63354
TpTrace Verbose: 0 : 48348, 14, 2022/09/12, 09:45:37.441, 27149758239655, vstest.console.dll, TestRequestSender.OnExecutionMessageReceived: Received message: {"Version":5,"MessageType":"TestSession.Message","Payload":{"MessageLevel":0,"Message":"NUnit Adapter 4.2.0.0: Test execution complete"}}
TpTrace Verbose: 0 : 48348, 14, 2022/09/12, 09:45:37.442, 27149758241349, vstest.console.dll, TestRunRequest:SendTestRunMessage: Starting.
TpTrace Verbose: 0 : 48348, 14, 2022/09/12, 09:45:37.442, 27149758241812, vstest.console.dll, MulticastDelegateUtilities.SafeInvoke: TestRun.LogMessages: Invoking callback 1/1 for Microsoft.VisualStudio.TestPlatform.CommandLine.TestRunResultAggregator.TestRunMessageHandler, took 0 ms.
TpTrace Information: 0 : 48348, 14, 2022/09/12, 09:45:37.442, 27149758242050, vstest.console.dll, TestRunRequest:SendTestRunMessage: Completed.
TpTrace Verbose: 0 : 48348, 14, 2022/09/12, 09:45:37.442, 27149758242322, vstest.console.dll, MulticastDelegateUtilities.SafeInvoke: LengthPrefixCommunicationChannel: MessageReceived: Invoking callback 1/1 for Microsoft.VisualStudio.TestPlatform.CommunicationUtilities.TestRequestSender+<>c__DisplayClass30_0.<StartTestRun>b__1, took 0 ms.
TpTrace Verbose: 0 : 48348, 14, 2022/09/12, 09:45:37.442, 27149758242558, vstest.console.dll, TcpClientExtensions.MessageLoopAsync: Polling on remoteEndPoint: 127.0.0.1:63355 localEndPoint: 127.0.0.1:63354
TpTrace Verbose: 0 : 48348, 4, 2022/09/12, 09:45:37.442, 27149758242362, vstest.console.dll, MulticastDelegateUtilities.SafeInvoke: InternalTestLoggerEvents.SendTestRunMessage: Invoking callback 1/1 for Microsoft.VisualStudio.TestPlatform.CommandLine.Internal.ConsoleLogger.TestMessageHandler, took 0 ms.
TpTrace Verbose: 0 : 48348, 14, 2022/09/12, 09:45:37.473, 27149758561193, vstest.console.dll, TcpClientExtensions.MessageLoopAsync: NotifyDataAvailable remoteEndPoint: 127.0.0.1:63355 localEndPoint: 127.0.0.1:63354
TpTrace Verbose: 0 : 48348, 14, 2022/09/12, 09:45:37.474, 27149758563089, vstest.console.dll, TestRequestSender.OnExecutionMessageReceived: Received message: {"Version":5,"MessageType":"TestExecution.Completed","Payload":{"TestRunCompleteArgs":{"TestRunStatistics":{"ExecutedTests":9,"Stats":{"Passed":9}},"IsCanceled":false,"IsAborted":false,"Error":null,"AttachmentSets":[],"ElapsedTimeInRunningTests":"00:00:00.7667626","Metrics":{}},"LastRunTests":{"NewTestResults":[{"TestCase":{"Id":"78d5c69a-c89e-1b68-0a7f-6d80675c0836","FullyQualifiedName":"Kloudscript.Quiz.Cache.Capability.Test.KeyValueTests.FoundKey_Return_StatusCode_200(\"Key2\")","DisplayName":"FoundKey_Return_StatusCode_200(\"Key2\")","ExecutorUri":"executor://NUnit3TestExecutor","Source":"C:\\Users\\shish\\source\\repos\\Kloudscript.Quiz\\Tests\\Kloudscript.Quiz.Cache.Capability.Test\\bin\\Debug\\netcoreapp3.1\\fine-code-coverage\\build-output\\Kloudscript.Quiz.Cache.Capability.Test.dll","CodeFilePath":null,"LineNumber":0,"Properties":[{"Key":{"Id":"NUnit.Seed","Label":"Seed","Category":"","Description":"","Attributes":0,"ValueType":"System.String"},"Value":"788830379"}]},"Attachments":[],"Outcome":1,"ErrorMessage":null,"ErrorStackTrace":null,"DisplayName":"FoundKey_Return_StatusCode_200(\"Key2\")","Messages":[],"ComputerName":"MSI","Duration":"00:00:00.0206820","StartTime":"2022-09-12T04:15:37.3757868+00:00","EndTime":"2022-09-12T04:15:37.3964011+00:00","Properties":[{"Key":{"Id":"NUnit.Seed","Label":"Seed","Category":"","Description":"","Attributes":0,"ValueType":"System.String"},"Value":"788830379"}]},{"TestCase":{"Id":"5a2f6e54-370d-1e79-1897-4f247a943d74","FullyQualifiedName":"Kloudscript.Quiz.Cache.Capability.Test.KeyValueTests.If_NoKeyHasBeenPassed_Return_StatusCode_400(\"\")","DisplayName":"If_NoKeyHasBeenPassed_Return_StatusCode_400(\"\")","ExecutorUri":"executor://NUnit3TestExecutor","Source":"C:\\Users\\shish\\source\\repos\\Kloudscript.Quiz\\Tests\\Kloudscript.Quiz.Cache.Capability.Test\\bin\\Debug\\netcoreapp3.1\\fine-code-coverage\\build-output\\Kloudscript.Quiz.Cache.Capability.Test.dll","CodeFilePath":null,"LineNumber":0,"Properties":[{"Key":{"Id":"NUnit.Seed","Label":"Seed","Category":"","Description":"","Attributes":0,"ValueType":"System.String"},"Value":"322611025"}]},"Attachments":[],"Outcome":1,"ErrorMessage":null,"ErrorStackTrace":null,"DisplayName":"If_NoKeyHasBeenPassed_Return_StatusCode_400(\"\")","Messages":[],"ComputerName":"MSI","Duration":"00:00:00.0003750","StartTime":"2022-09-12T04:15:37.3986783+00:00","EndTime":"2022-09-12T04:15:37.3990525+00:00","Properties":[{"Key":{"Id":"NUnit.Seed","Label":"Seed","Category":"","Description":"","Attributes":0,"ValueType":"System.String"},"Value":"322611025"}]},{"TestCase":{"Id":"570edf6b-8962-e8c5-92d0-644b37145904","FullyQualifiedName":"Kloudscript.Quiz.Cache.Capability.Test.KeyValueTests.If_NoKeyHasBeenPassed_Return_StatusCode_400(null)","DisplayName":"If_NoKeyHasBeenPassed_Return_StatusCode_400(null)","ExecutorUri":"executor://NUnit3TestExecutor","Source":"C:\\Users\\shish\\source\\repos\\Kloudscript.Quiz\\Tests\\Kloudscript.Quiz.Cache.Capability.Test\\bin\\Debug\\netcoreapp3.1\\fine-code-coverage\\build-output\\Kloudscript.Quiz.Cache.Capability.Test.dll","CodeFilePath":null,"LineNumber":0,"Properties":[{"Key":{"Id":"NUnit.Seed","Label":"Seed","Category":"","Description":"","Attributes":0,"ValueType":"System.String"},"Value":"1251241043"}]},"Attachments":[],"Outcome":1,"ErrorMessage":null,"ErrorStackTrace":null,"DisplayName":"If_NoKeyHasBeenPassed_Return_StatusCode_400(null)","Messages":[],"ComputerName":"MSI","Duration":"00:00:00.0000340","StartTime":"2022-09-12T04:15:37.3990615+00:00","EndTime":"2022-09-12T04:15:37.3990957+00:00","Properties":[{"Key":{"Id":"NUnit.Seed","Label":"Seed","Category":"","Description":"","Attributes":0,"ValueType":"System.String"},"Value":"1251241043"}]},{"TestCase":{"Id":"92b610d4-9c26-3f9f-f553-ee99977fcbff","FullyQualifiedName":"Kloudscript.Quiz.Cache.Capability.Test.KeyValueTests.If_NoKeyValuePassed_Return_StatusCode_400(null)","DisplayName":"If_NoKeyValuePassed_Return_StatusCode_400(null)","ExecutorUri":"executor://NUnit3TestExecutor","Source":"C:\\Users\\shish\\source\\repos\\Kloudscript.Quiz\\Tests\\Kloudscript.Quiz.Cache.Capability.Test\\bin\\Debug\\netcoreapp3.1\\fine-code-coverage\\build-output\\Kloudscript.Quiz.Cache.Capability.Test.dll","CodeFilePath":null,"LineNumber":0,"Properties":[{"Key":{"Id":"NUnit.Seed","Label":"Seed","Category":"","Description":"","Attributes":0,"ValueType":"System.String"},"Value":"1213958988"}]},"Attachments":[],"Outcome":1,"ErrorMessage":null,"ErrorStackTrace":null,"DisplayName":"If_NoKeyValuePassed_Return_StatusCode_400(null)","Messages":[],"ComputerName":"MSI","Duration":"00:00:00.0007960","StartTime":"2022-09-12T04:15:37.3991404+00:00","EndTime":"2022-09-12T04:15:37.3999357+00:00","Properties":[{"Key":{"Id":"NUnit.Seed","Label":"Seed","Category":"","Description":"","Attributes":0,"ValueType":"System.String"},"Value":"1213958988"}]},{"TestCase":{"Id":"bb62b79e-2a0e-9d52-71f0-8ea7cf087cbf","FullyQualifiedName":"Kloudscript.Quiz.Cache.Capability.Test.KeyValueTests.KeyNotExists_Return_StatusCode_404(\"A\")","DisplayName":"KeyNotExists_Return_StatusCode_404(\"A\")","ExecutorUri":"executor://NUnit3TestExecutor","Source":"C:\\Users\\shish\\source\\repos\\Kloudscript.Quiz\\Tests\\Kloudscript.Quiz.Cache.Capability.Test\\bin\\Debug\\netcoreapp3.1\\fine-code-coverage\\build-output\\Kloudscript.Quiz.Cache.Capability.Test.dll","CodeFilePath":null,"LineNumber":0,"Properties":[{"Key":{"Id":"NUnit.Seed","Label":"Seed","Category":"","Description":"","Attributes":0,"ValueType":"System.String"},"Value":"1483882374"}]},"Attachments":[],"Outcome":1,"ErrorMessage":null,"ErrorStackTrace":null,"DisplayName":"KeyNotExists_Return_StatusCode_404(\"A\")","Messages":[],"ComputerName":"MSI","Duration":"00:00:00.0002060","StartTime":"2022-09-12T04:15:37.3999597+00:00","EndTime":"2022-09-12T04:15:37.4001655+00:00","Properties":[{"Key":{"Id":"NUnit.Seed","Label":"Seed","Category":"","Description":"","Attributes":0,"ValueType":"System.String"},"Value":"1483882374"}]},{"TestCase":{"Id":"870a4bd7-e27f-2a9c-9213-1693963e0f26","FullyQualifiedName":"Kloudscript.Quiz.Cache.Capability.Test.KeyValueTests.KeyNotExists_Return_StatusCode_404(\"B\")","DisplayName":"KeyNotExists_Return_StatusCode_404(\"B\")","ExecutorUri":"executor://NUnit3TestExecutor","Source":"C:\\Users\\shish\\source\\repos\\Kloudscript.Quiz\\Tests\\Kloudscript.Quiz.Cache.Capability.Test\\bin\\Debug\\netcoreapp3.1\\fine-code-coverage\\build-output\\Kloudscript.Quiz.Cache.Capability.Test.dll","CodeFilePath":null,"LineNumber":0,"Properties":[{"Key":{"Id":"NUnit.Seed","Label":"Seed","Category":"","Description":"","Attributes":0,"ValueType":"System.String"},"Value":"1651601677"}]},"Attachments":[],"Outcome":1,"ErrorMessage":null,"ErrorStackTrace":null,"DisplayName":"KeyNotExists_Return_StatusCode_404(\"B\")","Messages":[],"ComputerName":"MSI","Duration":"00:00:00.0000330","StartTime":"2022-09-12T04:15:37.4001721+00:00","EndTime":"2022-09-12T04:15:37.4002046+00:00","Properties":[{"Key":{"Id":"NUnit.Seed","Label":"Seed","Category":"","Description":"","Attributes":0,"ValueType":"System.String"},"Value":"1651601677"}]},{"TestCase":{"Id":"a5f46b27-e38b-89ab-a49c-4b7a6748c87d","FullyQualifiedName":"Kloudscript.Quiz.Cache.Capability.Test.KeyValueTests.KeyNotExists_Return_StatusCode_404(\"C\")","DisplayName":"KeyNotExists_Return_StatusCode_404(\"C\")","ExecutorUri":"executor://NUnit3TestExecutor","Source":"C:\\Users\\shish\\source\\repos\\Kloudscript.Quiz\\Tests\\Kloudscript.Quiz.Cache.Capability.Test\\bin\\Debug\\netcoreapp3.1\\fine-code-coverage\\build-output\\Kloudscript.Quiz.Cache.Capability.Test.dll","CodeFilePath":null,"LineNumber":0,"Properties":[{"Key":{"Id":"NUnit.Seed","Label":"Seed","Category":"","Description":"","Attributes":0,"ValueType":"System.String"},"Value":"1246999575"}]},"Attachments":[],"Outcome":1,"ErrorMessage":null,"ErrorStackTrace":null,"DisplayName":"KeyNotExists_Return_StatusCode_404(\"C\")","Messages":[],"ComputerName":"MSI","Duration":"00:00:00.0000250","StartTime":"2022-09-12T04:15:37.4002097+00:00","EndTime":"2022-09-12T04:15:37.4002343+00:00","Properties":[{"Key":{"Id":"NUnit.Seed","Label":"Seed","Category":"","Description":"","Attributes":0,"ValueType":"System.String"},"Value":"1246999575"}]},{"TestCase":{"Id":"584121ad-bf42-e4c9-ccd5-9c67bec0e5e1","FullyQualifiedName":"Kloudscript.Quiz.Cache.Capability.Test.KeyValueTests.SettingValueByKey1_Return_StatusCode_201","DisplayName":"SettingValueByKey1_Return_StatusCode_201","ExecutorUri":"executor://NUnit3TestExecutor","Source":"C:\\Users\\shish\\source\\repos\\Kloudscript.Quiz\\Tests\\Kloudscript.Quiz.Cache.Capability.Test\\bin\\Debug\\netcoreapp3.1\\fine-code-coverage\\build-output\\Kloudscript.Quiz.Cache.Capability.Test.dll","CodeFilePath":null,"LineNumber":0,"Properties":[{"Key":{"Id":"NUnit.Seed","Label":"Seed","Category":"","Description":"","Attributes":0,"ValueType":"System.String"},"Value":"1502418211"}]},"Attachments":[],"Outcome":1,"ErrorMessage":null,"ErrorStackTrace":null,"DisplayName":"SettingValueByKey1_Return_StatusCode_201","Messages":[],"ComputerName":"MSI","Duration":"00:00:00.0019670","StartTime":"2022-09-12T04:15:37.4002455+00:00","EndTime":"2022-09-12T04:15:37.4022119+00:00","Properties":[{"Key":{"Id":"NUnit.Seed","Label":"Seed","Category":"","Description":"","Attributes":0,"ValueType":"System.String"},"Value":"1502418211"}]},{"TestCase":{"Id":"9b61430a-94ab-00b4-657e-e3293ddab12a","FullyQualifiedName":"Kloudscript.Quiz.Cache.Capability.Test.KeyValueTests.SettingValueByKey2_Return_StatusCode_201","DisplayName":"SettingValueByKey2_Return_StatusCode_201","ExecutorUri":"executor://NUnit3TestExecutor","Source":"C:\\Users\\shish\\source\\repos\\Kloudscript.Quiz\\Tests\\Kloudscript.Quiz.Cache.Capability.Test\\bin\\Debug\\netcoreapp3.1\\fine-code-coverage\\build-output\\Kloudscript.Quiz.Cache.Capability.Test.dll","CodeFilePath":null,"LineNumber":0,"Properties":[{"Key":{"Id":"NUnit.Seed","Label":"Seed","Category":"","Description":"","Attributes":0,"ValueType":"System.String"},"Value":"1217129601"}]},"Attachments":[],"Outcome":1,"ErrorMessage":null,"ErrorStackTrace":null,"DisplayName":"SettingValueByKey2_Return_StatusCode_201","Messages":[],"ComputerName":"MSI","Duration":"00:00:00.0002010","StartTime":"2022-09-12T04:15:37.4022198+00:00","EndTime":"2022-09-12T04:15:37.4024201+00:00","Properties":[{"Key":{"Id":"NUnit.Seed","Label":"Seed","Category":"","Description":"","Attributes":0,"ValueType":"System.String"},"Value":"1217129601"}]}],"TestRunStatistics":{"ExecutedTests":9,"Stats":{"Passed":9}},"ActiveTests":[]},"RunAttachments":[],"ExecutorUris":["executor://nunit3testexecutor/"]}}
TpTrace Verbose: 0 : 48348, 14, 2022/09/12, 09:45:37.475, 27149758577131, vstest.console.dll, TestRequestSender.EndSession: Sending end session.
TpTrace Verbose: 0 : 48348, 14, 2022/09/12, 09:45:37.475, 27149758578320, vstest.console.dll, ProxyOperationManager.Close: waiting for test host to exit for 100 ms
TpTrace Warning: 0 : 48348, 13, 2022/09/12, 09:45:37.508, 27149758908777, vstest.console.dll, TestHostManagerCallbacks.ErrorReceivedCallback Test host standard error line: 
TpTrace Verbose: 0 : 48348, 13, 2022/09/12, 09:45:37.520, 27149759030139, vstest.console.dll, TestHostProvider.ExitCallBack: Host exited starting callback.
TpTrace Information: 0 : 48348, 13, 2022/09/12, 09:45:37.521, 27149759033662, vstest.console.dll, TestHostManagerCallbacks.ExitCallBack: Testhost processId: 24748 exited with exitcode: 0 error: ''
TpTrace Verbose: 0 : 48348, 13, 2022/09/12, 09:45:37.521, 27149759034114, vstest.console.dll, DotnetTestHostManager.OnHostExited: invoking OnHostExited callback
TpTrace Verbose: 0 : 48348, 13, 2022/09/12, 09:45:37.521, 27149759034549, vstest.console.dll, CrossPlatEngine.TestHostManagerHostExited: calling on client process exit callback.
TpTrace Information: 0 : 48348, 13, 2022/09/12, 09:45:37.521, 27149759034921, vstest.console.dll, TestRequestSender.OnClientProcessExit: Test host process exited. Standard error: 
TpTrace Information: 0 : 48348, 14, 2022/09/12, 09:45:37.521, 27149759035165, vstest.console.dll, SocketServer.Stop: Stop server endPoint: 127.0.0.1:63354
TpTrace Information: 0 : 48348, 13, 2022/09/12, 09:45:37.521, 27149759035205, vstest.console.dll, SocketServer.Stop: Stop server endPoint: 127.0.0.1:63354
TpTrace Information: 0 : 48348, 14, 2022/09/12, 09:45:37.521, 27149759035632, vstest.console.dll, SocketServer.Stop: Cancellation requested. Stopping message loop.
TpTrace Information: 0 : 48348, 13, 2022/09/12, 09:45:37.521, 27149759036306, vstest.console.dll, SocketServer.Stop: Cancellation requested. Stopping message loop.
TpTrace Information: 0 : 48348, 14, 2022/09/12, 09:45:37.521, 27149759038076, vstest.console.dll, Closing the connection
TpTrace Verbose: 0 : 48348, 13, 2022/09/12, 09:45:37.521, 27149759038213, vstest.console.dll, MulticastDelegateUtilities.SafeInvoke: HostProviderEvents.OnHostExited: Invoking callback 1/1 for Microsoft.VisualStudio.TestPlatform.CrossPlatEngine.Client.ProxyOperationManager.TestHostManagerHostExited, took 0 ms.
TpTrace Verbose: 0 : 48348, 14, 2022/09/12, 09:45:37.522, 27149759043377, vstest.console.dll, ProxyDataCollectionManager.InvokeDataCollectionServiceAction: Starting.
TpTrace Information: 0 : 48348, 14, 2022/09/12, 09:45:37.522, 27149759043792, vstest.console.dll, ProxyDataCollectionManager.AfterTestRunEnd: Get attachment set and invoked data collectors processId: 18736 port: 63351
TpTrace Verbose: 0 : 48348, 14, 2022/09/12, 09:45:37.522, 27149759044152, vstest.console.dll, DataCollectionRequestSender.SendAfterTestRunStartAndGetResult: Send AfterTestRunEnd message with isCancelled: False
TpTrace Verbose: 0 : 48348, 14, 2022/09/12, 09:45:37.526, 27149759091136, vstest.console.dll, DataCollectionRequestSender.SendAfterTestRunStartAndGetResult: Received message: (DataCollection.AfterTestRunEndResult) -> {
  "AttachmentSets": [],
  "InvokedDataCollectors": [
    {
      "Uri": "datacollector://Microsoft/TestPlatform/Extensions/Blame/v1",
      "FriendlyName": "Blame",
      "AssemblyQualifiedName": "Microsoft.TestPlatform.Extensions.BlameDataCollector.BlameCollector, Microsoft.TestPlatform.Extensions.BlameDataCollector, Version=15.0.0.0, Culture=neutral, PublicKeyToken=b03f5f7f11d50a3a",
      "FilePath": "C:\\Program Files\\dotnet\\sdk\\6.0.301\\Extensions\\Microsoft.TestPlatform.Extensions.BlameDataCollector.dll",
      "HasAttachmentProcessor": false
    }
  ],
  "Metrics": {}
}
TpTrace Warning: 0 : 48348, 10, 2022/09/12, 09:45:37.531, 27149759135443, vstest.console.dll, DataCollectionLauncher.ErrorReceivedCallback datacollector standard error line: 
TpTrace Information: 0 : 48348, 14, 2022/09/12, 09:45:37.531, 27149759140141, vstest.console.dll, ProxyDataCollectionManager.InvokeDataCollectionServiceAction: Completed.
TpTrace Information: 0 : 48348, 10, 2022/09/12, 09:45:37.534, 27149759168292, vstest.console.dll, DataCollectionLauncher.ExitCallBack: Data collector exited with exitcode: 0 error: ''
TpTrace Verbose: 0 : 48348, 14, 2022/09/12, 09:45:37.575, 27149759574378, vstest.console.dll, TestRunRequest:SendTestRunStatsChange: Starting.
TpTrace Verbose: 0 : 48348, 14, 2022/09/12, 09:45:37.575, 27149759578209, vstest.console.dll, MulticastDelegateUtilities.SafeInvoke: TestRun.RunStatsChanged: Invoking callbacks was skipped because there are no subscribers.
TpTrace Information: 0 : 48348, 14, 2022/09/12, 09:45:37.575, 27149759579367, vstest.console.dll, TestRunRequest:SendTestRunStatsChange: Completed.
TpTrace Verbose: 0 : 48348, 14, 2022/09/12, 09:45:37.576, 27149759581560, vstest.console.dll, ParallelProxyExecutionManager: HandlePartialRunComplete: Total completed clients = 1, Run complete = True, Run canceled: False.
TpTrace Verbose: 0 : 48348, 4, 2022/09/12, 09:45:37.578, 27149759603385, vstest.console.dll, MulticastDelegateUtilities.SafeInvoke: InternalTestLoggerEvents.SendTestResult: Invoking callback 1/1 for Microsoft.VisualStudio.TestPlatform.CommandLine.Internal.ConsoleLogger.TestResultHandler, took 2 ms.
TpTrace Verbose: 0 : 48348, 4, 2022/09/12, 09:45:37.578, 27149759604109, vstest.console.dll, MulticastDelegateUtilities.SafeInvoke: InternalTestLoggerEvents.SendTestResult: Invoking callback 1/1 for Microsoft.VisualStudio.TestPlatform.CommandLine.Internal.ConsoleLogger.TestResultHandler, took 0 ms.
TpTrace Verbose: 0 : 48348, 4, 2022/09/12, 09:45:37.578, 27149759604514, vstest.console.dll, MulticastDelegateUtilities.SafeInvoke: InternalTestLoggerEvents.SendTestResult: Invoking callback 1/1 for Microsoft.VisualStudio.TestPlatform.CommandLine.Internal.ConsoleLogger.TestResultHandler, took 0 ms.
TpTrace Verbose: 0 : 48348, 4, 2022/09/12, 09:45:37.578, 27149759604845, vstest.console.dll, MulticastDelegateUtilities.SafeInvoke: InternalTestLoggerEvents.SendTestResult: Invoking callback 1/1 for Microsoft.VisualStudio.TestPlatform.CommandLine.Internal.ConsoleLogger.TestResultHandler, took 0 ms.
TpTrace Verbose: 0 : 48348, 4, 2022/09/12, 09:45:37.578, 27149759605429, vstest.console.dll, MulticastDelegateUtilities.SafeInvoke: InternalTestLoggerEvents.SendTestResult: Invoking callback 1/1 for Microsoft.VisualStudio.TestPlatform.CommandLine.Internal.ConsoleLogger.TestResultHandler, took 0 ms.
TpTrace Verbose: 0 : 48348, 4, 2022/09/12, 09:45:37.578, 27149759605929, vstest.console.dll, MulticastDelegateUtilities.SafeInvoke: InternalTestLoggerEvents.SendTestResult: Invoking callback 1/1 for Microsoft.VisualStudio.TestPlatform.CommandLine.Internal.ConsoleLogger.TestResultHandler, took 0 ms.
TpTrace Verbose: 0 : 48348, 4, 2022/09/12, 09:45:37.579, 27149759619204, vstest.console.dll, MulticastDelegateUtilities.SafeInvoke: InternalTestLoggerEvents.SendTestResult: Invoking callback 1/1 for Microsoft.VisualStudio.TestPlatform.CommandLine.Internal.ConsoleLogger.TestResultHandler, took 1 ms.
TpTrace Verbose: 0 : 48348, 4, 2022/09/12, 09:45:37.579, 27149759619771, vstest.console.dll, MulticastDelegateUtilities.SafeInvoke: InternalTestLoggerEvents.SendTestResult: Invoking callback 1/1 for Microsoft.VisualStudio.TestPlatform.CommandLine.Internal.ConsoleLogger.TestResultHandler, took 0 ms.
TpTrace Verbose: 0 : 48348, 4, 2022/09/12, 09:45:37.579, 27149759620137, vstest.console.dll, MulticastDelegateUtilities.SafeInvoke: InternalTestLoggerEvents.SendTestResult: Invoking callback 1/1 for Microsoft.VisualStudio.TestPlatform.CommandLine.Internal.ConsoleLogger.TestResultHandler, took 0 ms.
TpTrace Verbose: 0 : 48348, 4, 2022/09/12, 09:45:37.583, 27149759652537, vstest.console.dll, MulticastDelegateUtilities.SafeInvoke: InternalTestLoggerEvents.SendTestRunComplete: Invoking callback 1/2 for Microsoft.TestPlatform.Extensions.BlameDataCollector.BlameLogger.TestRunCompleteHandler, took 0 ms.
TpTrace Verbose: 0 : 48348, 4, 2022/09/12, 09:45:37.586, 27149759689091, vstest.console.dll, MulticastDelegateUtilities.SafeInvoke: InternalTestLoggerEvents.SendTestRunComplete: Invoking callback 2/2 for Microsoft.VisualStudio.TestPlatform.CommandLine.Internal.ConsoleLogger.TestRunCompleteHandler, took 3 ms.
TpTrace Verbose: 0 : 48348, 14, 2022/09/12, 09:45:37.587, 27149759692900, vstest.console.dll, TestRunRequest:TestRunComplete: Starting. IsAborted:False IsCanceled:False.
TpTrace Verbose: 0 : 48348, 14, 2022/09/12, 09:45:37.587, 27149759697024, vstest.console.dll, TestLoggerManager.HandleTestRunComplete: Ignoring as the object is disposed.
TpTrace Verbose: 0 : 48348, 14, 2022/09/12, 09:45:37.587, 27149759698158, vstest.console.dll, MulticastDelegateUtilities.SafeInvoke: TestRun.TestRunComplete: Invoking callback 1/2 for Microsoft.VisualStudio.TestPlatform.CommandLine.TestRunResultAggregator.TestRunCompletionHandler, took 0 ms.
TpTrace Verbose: 0 : 48348, 14, 2022/09/12, 09:45:37.587, 27149759698685, vstest.console.dll, MulticastDelegateUtilities.SafeInvoke: TestRun.TestRunComplete: Invoking callback 2/2 for Microsoft.VisualStudio.TestPlatform.CommandLine.Processors.RunTestsArgumentExecutor+TestRunRequestEventsRegistrar.TestRunRequest_OnRunCompletion, took 0 ms.
TpTrace Information: 0 : 48348, 14, 2022/09/12, 09:45:37.587, 27149759699280, vstest.console.dll, TestRunRequest:TestRunComplete: Completed.
TpTrace Verbose: 0 : 48348, 14, 2022/09/12, 09:45:37.587, 27149759699567, vstest.console.dll, TestRequestSender.SetOperationComplete: Setting operation complete.
TpTrace Information: 0 : 48348, 14, 2022/09/12, 09:45:37.587, 27149759699782, vstest.console.dll, SocketServer.Stop: Stop server endPoint: 127.0.0.1:63354
TpTrace Information: 0 : 48348, 14, 2022/09/12, 09:45:37.587, 27149759699979, vstest.console.dll, SocketServer.Stop: Cancellation requested. Stopping message loop.
TpTrace Verbose: 0 : 48348, 14, 2022/09/12, 09:45:37.587, 27149759700228, vstest.console.dll, MulticastDelegateUtilities.SafeInvoke: LengthPrefixCommunicationChannel: MessageReceived: Invoking callback 1/1 for Microsoft.VisualStudio.TestPlatform.CommunicationUtilities.TestRequestSender+<>c__DisplayClass30_0.<StartTestRun>b__1, took 113 ms.
TpTrace Information: 0 : 48348, 14, 2022/09/12, 09:45:37.587, 27149759700518, vstest.console.dll, SocketServer.PrivateStop: Stopping server endPoint: 127.0.0.1:63354 error: 
TpTrace Verbose: 0 : 48348, 1, 2022/09/12, 09:45:37.587, 27149759699775, vstest.console.dll, TestRunRequest.Dispose: Starting.
TpTrace Information: 0 : 48348, 1, 2022/09/12, 09:45:37.587, 27149759701268, vstest.console.dll, TestRunRequest.Dispose: Completed.
TpTrace Information: 0 : 48348, 1, 2022/09/12, 09:45:37.588, 27149759701643, vstest.console.dll, TestRequestManager.RunTests: run tests completed.
TpTrace Information: 0 : 48348, 1, 2022/09/12, 09:45:37.588, 27149759702185, vstest.console.dll, RunTestsArgumentProcessor:Execute: Test run is completed.
TpTrace Verbose: 0 : 48348, 1, 2022/09/12, 09:45:37.588, 27149759703279, vstest.console.dll, Executor.Execute: Exiting with exit code of 0
TpTrace Verbose: 0 : 48348, 14, 2022/09/12, 09:45:37.588, 27149759703347, vstest.console.dll, LengthPrefixCommunicationChannel.Dispose: Dispose reader and writer.
TpTrace Information: 0 : 48348, 14, 2022/09/12, 09:45:37.588, 27149759703894, vstest.console.dll, SocketServer.Stop: Raise disconnected event endPoint: 127.0.0.1:63354 error: 
TpTrace Verbose: 0 : 48348, 14, 2022/09/12, 09:45:37.588, 27149759704295, vstest.console.dll, TestRequestSender: OnTestRunAbort: Operation is already complete. Skip error message.
TpTrace Verbose: 0 : 48348, 14, 2022/09/12, 09:45:37.588, 27149759704587, vstest.console.dll, MulticastDelegateUtilities.SafeInvoke: SocketServer: ClientDisconnected: Invoking callback 1/1 for Microsoft.VisualStudio.TestPlatform.CommunicationUtilities.TestRequestSender.<InitializeCommunication>b__23_1, took 0 ms.
TpTrace Verbose: 0 : 48348, 14, 2022/09/12, 09:45:37.588, 27149759704814, vstest.console.dll, TcpClientExtensions.MessageLoopAsync: exiting MessageLoopAsync remoteEndPoint: 127.0.0.1:63355 localEndPoint: 127.0.0.1:63354
